38.0 APEX_CODE,FINEST;APEX_PROFILING,INFO;CALLOUT,INFO;DB,INFO;SYSTEM,DEBUG;VALIDATION,INFO;VISUALFORCE,INFO;WORKFLOW,INFO
17:10:25.0 (570761)|EXECUTION_STARTED
17:10:25.0 (598509)|CODE_UNIT_STARTED|[EXTERNAL]|aura
17:10:25.0 (1065496)|HEAP_ALLOCATE|[72]|Bytes:3
17:10:25.0 (1114298)|HEAP_ALLOCATE|[77]|Bytes:152
17:10:25.0 (1126659)|HEAP_ALLOCATE|[342]|Bytes:408
17:10:25.0 (1144749)|HEAP_ALLOCATE|[355]|Bytes:408
17:10:25.0 (1162271)|HEAP_ALLOCATE|[467]|Bytes:48
17:10:25.0 (1185338)|HEAP_ALLOCATE|[139]|Bytes:6
17:10:25.0 (1202067)|HEAP_ALLOCATE|[EXTERNAL]|Bytes:18
17:10:25.0 (1225313)|HEAP_ALLOCATE|[EXTERNAL]|Bytes:18
17:10:25.0 (1303615)|HEAP_ALLOCATE|[EXTERNAL]|Bytes:62
17:10:25.0 (1307471)|HEAP_ALLOCATE|[EXTERNAL]|Bytes:62
17:10:25.0 (1338854)|HEAP_ALLOCATE|[EXTERNAL]|Bytes:50
17:10:25.0 (1342356)|HEAP_ALLOCATE|[EXTERNAL]|Bytes:50
17:10:25.2 (2809432)|ENTERING_MANAGED_PKG|accHierarchy
17:10:25.2 (3279280)|ENTERING_MANAGED_PKG|accHierarchy
17:10:25.2 (14312275)|ENTERING_MANAGED_PKG|accHierarchy
17:10:25.2 (14977359)|ENTERING_MANAGED_PKG|accHierarchy
17:10:25.2 (15361271)|ENTERING_MANAGED_PKG|accHierarchy
17:10:25.2 (16038493)|ENTERING_MANAGED_PKG|accHierarchy
17:10:25.2 (16176968)|ENTERING_MANAGED_PKG|accHierarchy
17:10:25.2 (16711855)|ENTERING_MANAGED_PKG|accHierarchy
17:10:25.2 (16829159)|ENTERING_MANAGED_PKG|accHierarchy
17:10:25.2 (16926059)|ENTERING_MANAGED_PKG|accHierarchy
17:10:25.2 (16974801)|ENTERING_MANAGED_PKG|accHierarchy
17:10:25.2 (17025178)|ENTERING_MANAGED_PKG|accHierarchy
17:10:25.2 (17074326)|ENTERING_MANAGED_PKG|accHierarchy
17:10:25.2 (17125150)|ENTERING_MANAGED_PKG|accHierarchy
17:10:25.2 (20181100)|ENTERING_MANAGED_PKG|accHierarchy
17:10:25.2 (20244303)|ENTERING_MANAGED_PKG|accHierarchy
17:10:25.2 (21166748)|SOQL_EXECUTE_BEGIN|[42]|Aggregations:0|SELECT Id, State, CronJobDetail.Id, CronJobDetail.Name, CronJobDetail.JobType FROM CronTrigger WHERE CronJobDetail.Name = :tmpVar1 LIMIT 1
17:10:25.2 (26333862)|SOQL_EXECUTE_END|[42]|Rows:0
17:10:25.2 (26683383)|ENTERING_MANAGED_PKG|accHierarchy
17:10:25.2 (26770224)|ENTERING_MANAGED_PKG|accHierarchy
17:10:25.2 (26799779)|ENTERING_MANAGED_PKG|accHierarchy
17:10:25.2 (26850140)|ENTERING_MANAGED_PKG|accHierarchy
17:10:25.2 (26949480)|ENTERING_MANAGED_PKG|accHierarchy
17:10:25.2 (26992950)|ENTERING_MANAGED_PKG|accHierarchy
17:10:25.2 (27106958)|ENTERING_MANAGED_PKG|accHierarchy
17:10:25.2 (27199393)|ENTERING_MANAGED_PKG|accHierarchy
17:10:25.2 (27250877)|ENTERING_MANAGED_PKG|accHierarchy
17:10:25.2 (27274227)|ENTERING_MANAGED_PKG|accHierarchy
17:10:25.2 (27305605)|ENTERING_MANAGED_PKG|accHierarchy
17:10:25.2 (27340889)|ENTERING_MANAGED_PKG|accHierarchy
17:10:25.2 (27357177)|ENTERING_MANAGED_PKG|accHierarchy
17:10:25.2 (27389317)|ENTERING_MANAGED_PKG|accHierarchy
17:10:25.2 (27949147)|SOQL_EXECUTE_BEGIN|[433]|Aggregations:0|SELECT Name,Phone,Ownership,BillingCity,NumberOfEmployees,Id,ParentId FROM Account  WHERE  id =:ids LIMIT 1
17:10:25.2 (33938418)|SOQL_EXECUTE_END|[433]|Rows:1
17:10:25.2 (34381796)|ENTERING_MANAGED_PKG|accHierarchy
17:10:25.2 (34787990)|SOQL_EXECUTE_BEGIN|[440]|Aggregations:0|SELECT Name,Phone,Ownership,BillingCity,NumberOfEmployees,Id,ParentId FROM Account  WHERE  topParentId__c =: fullId ORDER BY Name
17:10:25.2 (62991096)|SOQL_EXECUTE_END|[440]|Rows:0
17:10:25.2 (63321362)|ENTERING_MANAGED_PKG|accHierarchy
17:10:25.2 (63952936)|ENTERING_MANAGED_PKG|accHierarchy
17:10:25.2 (64036619)|ENTERING_MANAGED_PKG|accHierarchy
17:10:25.2 (64100428)|ENTERING_MANAGED_PKG|accHierarchy
17:10:25.2 (64209218)|ENTERING_MANAGED_PKG|accHierarchy
17:10:25.2 (64271903)|ENTERING_MANAGED_PKG|accHierarchy
17:10:25.2 (64321824)|ENTERING_MANAGED_PKG|accHierarchy
17:10:25.2 (64596524)|ENTERING_MANAGED_PKG|accHierarchy
17:10:25.2 (65042802)|ENTERING_MANAGED_PKG|accHierarchy
17:10:25.2 (65095881)|ENTERING_MANAGED_PKG|accHierarchy
17:10:25.2 (65518798)|ENTERING_MANAGED_PKG|accHierarchy
17:10:25.2 (65643698)|ENTERING_MANAGED_PKG|accHierarchy
17:10:25.2 (65714917)|ENTERING_MANAGED_PKG|accHierarchy
17:10:25.2 (65836595)|ENTERING_MANAGED_PKG|accHierarchy
17:10:25.2 (65903240)|ENTERING_MANAGED_PKG|accHierarchy
17:10:25.2 (73809168)|SOQL_EXECUTE_BEGIN|[20]|Aggregations:0|SELECT Profile.PermissionsViewAllData FROM User WHERE Id = :tmpVar1 LIMIT 1
17:10:25.2 (86108775)|SOQL_EXECUTE_END|[20]|Rows:1
17:10:25.2 (86501477)|ENTERING_MANAGED_PKG|accHierarchy
17:10:25.2 (86596526)|ENTERING_MANAGED_PKG|accHierarchy
17:10:25.2 (86649007)|ENTERING_MANAGED_PKG|accHierarchy
17:10:25.2 (86707180)|ENTERING_MANAGED_PKG|accHierarchy
17:10:25.2 (86746256)|ENTERING_MANAGED_PKG|accHierarchy
17:10:25.2 (86809778)|ENTERING_MANAGED_PKG|accHierarchy
17:10:25.2 (86834367)|ENTERING_MANAGED_PKG|accHierarchy
17:10:25.2 (86866456)|ENTERING_MANAGED_PKG|accHierarchy
17:10:25.2 (86888388)|ENTERING_MANAGED_PKG|accHierarchy
17:10:25.2 (86943532)|ENTERING_MANAGED_PKG|accHierarchy
17:10:25.2 (86974244)|ENTERING_MANAGED_PKG|accHierarchy
17:10:25.2 (87010026)|ENTERING_MANAGED_PKG|accHierarchy
17:10:25.2 (87037922)|ENTERING_MANAGED_PKG|accHierarchy
17:10:25.2 (87068743)|ENTERING_MANAGED_PKG|accHierarchy
17:10:25.2 (87089870)|ENTERING_MANAGED_PKG|accHierarchy
17:10:25.2 (87120194)|ENTERING_MANAGED_PKG|accHierarchy
17:10:25.2 (87219330)|ENTERING_MANAGED_PKG|accHierarchy
17:10:25.2 (87406788)|ENTERING_MANAGED_PKG|accHierarchy
17:10:25.2 (87442516)|ENTERING_MANAGED_PKG|accHierarchy
17:10:25.2 (87727718)|ENTERING_MANAGED_PKG|accHierarchy
17:10:25.2 (87790999)|ENTERING_MANAGED_PKG|accHierarchy
17:10:25.2 (87840492)|ENTERING_MANAGED_PKG|accHierarchy
17:10:25.2 (87884052)|ENTERING_MANAGED_PKG|accHierarchy
17:10:25.2 (87929700)|ENTERING_MANAGED_PKG|accHierarchy
17:10:25.2 (87972821)|ENTERING_MANAGED_PKG|accHierarchy
17:10:25.2 (88014338)|ENTERING_MANAGED_PKG|accHierarchy
17:10:25.2 (89462326)|ENTERING_MANAGED_PKG|accHierarchy
17:10:25.2 (89504946)|ENTERING_MANAGED_PKG|accHierarchy
17:10:25.2 (89547524)|ENTERING_MANAGED_PKG|accHierarchy
17:10:25.2 (89611860)|ENTERING_MANAGED_PKG|accHierarchy
17:10:25.2 (89656385)|ENTERING_MANAGED_PKG|accHierarchy
17:10:25.2 (89756855)|ENTERING_MANAGED_PKG|accHierarchy
17:10:25.2 (89820065)|ENTERING_MANAGED_PKG|accHierarchy
17:10:25.2 (89851003)|ENTERING_MANAGED_PKG|accHierarchy
17:10:25.2 (89947885)|ENTERING_MANAGED_PKG|accHierarchy
17:10:25.2 (89971956)|ENTERING_MANAGED_PKG|accHierarchy
17:10:25.2 (89986165)|ENTERING_MANAGED_PKG|accHierarchy
17:10:25.2 (89998804)|ENTERING_MANAGED_PKG|accHierarchy
17:10:25.2 (90011335)|ENTERING_MANAGED_PKG|accHierarchy
17:10:25.2 (90025324)|ENTERING_MANAGED_PKG|accHierarchy
17:10:25.2 (90037288)|ENTERING_MANAGED_PKG|accHierarchy
17:10:25.2 (92621800)|ENTERING_MANAGED_PKG|accHierarchy
17:10:25.2 (92669162)|ENTERING_MANAGED_PKG|accHierarchy
17:10:25.2 (92703873)|ENTERING_MANAGED_PKG|accHierarchy
17:10:25.2 (92740731)|ENTERING_MANAGED_PKG|accHierarchy
17:10:25.2 (92786666)|ENTERING_MANAGED_PKG|accHierarchy
17:10:25.2 (92817730)|ENTERING_MANAGED_PKG|accHierarchy
17:10:25.2 (92899121)|ENTERING_MANAGED_PKG|accHierarchy
17:10:25.2 (92963713)|ENTERING_MANAGED_PKG|accHierarchy
17:10:25.2 (92987948)|ENTERING_MANAGED_PKG|accHierarchy
17:10:25.2 (93071619)|ENTERING_MANAGED_PKG|accHierarchy
17:10:25.2 (93097597)|ENTERING_MANAGED_PKG|accHierarchy
17:10:25.2 (93116270)|ENTERING_MANAGED_PKG|accHierarchy
17:10:25.2 (93129788)|ENTERING_MANAGED_PKG|accHierarchy
17:10:25.2 (93142670)|ENTERING_MANAGED_PKG|accHierarchy
17:10:25.2 (93155274)|ENTERING_MANAGED_PKG|accHierarchy
17:10:25.2 (93167805)|ENTERING_MANAGED_PKG|accHierarchy
17:10:25.2 (93443491)|ENTERING_MANAGED_PKG|accHierarchy
17:10:25.2 (93466334)|ENTERING_MANAGED_PKG|accHierarchy
17:10:25.2 (93483399)|ENTERING_MANAGED_PKG|accHierarchy
17:10:25.2 (93504461)|ENTERING_MANAGED_PKG|accHierarchy
17:10:25.2 (93524238)|ENTERING_MANAGED_PKG|accHierarchy
17:10:25.2 (93535329)|ENTERING_MANAGED_PKG|accHierarchy
17:10:25.2 (93610442)|ENTERING_MANAGED_PKG|accHierarchy
17:10:25.2 (93653682)|ENTERING_MANAGED_PKG|accHierarchy
17:10:25.2 (93669371)|ENTERING_MANAGED_PKG|accHierarchy
17:10:25.2 (93741859)|ENTERING_MANAGED_PKG|accHierarchy
17:10:25.2 (93765277)|ENTERING_MANAGED_PKG|accHierarchy
17:10:25.2 (93779405)|ENTERING_MANAGED_PKG|accHierarchy
17:10:25.2 (93791856)|ENTERING_MANAGED_PKG|accHierarchy
17:10:25.2 (93807214)|ENTERING_MANAGED_PKG|accHierarchy
17:10:25.2 (93820129)|ENTERING_MANAGED_PKG|accHierarchy
17:10:25.2 (93832210)|ENTERING_MANAGED_PKG|accHierarchy
17:10:25.2 (94093297)|ENTERING_MANAGED_PKG|accHierarchy
17:10:25.2 (94116508)|ENTERING_MANAGED_PKG|accHierarchy
17:10:25.2 (94133382)|ENTERING_MANAGED_PKG|accHierarchy
17:10:25.2 (94154048)|ENTERING_MANAGED_PKG|accHierarchy
17:10:25.2 (94169890)|ENTERING_MANAGED_PKG|accHierarchy
17:10:25.2 (94180035)|ENTERING_MANAGED_PKG|accHierarchy
17:10:25.2 (94251218)|ENTERING_MANAGED_PKG|accHierarchy
17:10:25.2 (94293220)|ENTERING_MANAGED_PKG|accHierarchy
17:10:25.2 (94308626)|ENTERING_MANAGED_PKG|accHierarchy
17:10:25.2 (94380184)|ENTERING_MANAGED_PKG|accHierarchy
17:10:25.2 (94403619)|ENTERING_MANAGED_PKG|accHierarchy
17:10:25.2 (94417590)|ENTERING_MANAGED_PKG|accHierarchy
17:10:25.2 (94429904)|ENTERING_MANAGED_PKG|accHierarchy
17:10:25.2 (94441928)|ENTERING_MANAGED_PKG|accHierarchy
17:10:25.2 (94453950)|ENTERING_MANAGED_PKG|accHierarchy
17:10:25.2 (94465794)|ENTERING_MANAGED_PKG|accHierarchy
17:10:25.2 (94731511)|ENTERING_MANAGED_PKG|accHierarchy
17:10:25.2 (94754637)|ENTERING_MANAGED_PKG|accHierarchy
17:10:25.2 (94771561)|ENTERING_MANAGED_PKG|accHierarchy
17:10:25.2 (94792250)|ENTERING_MANAGED_PKG|accHierarchy
17:10:25.2 (94808210)|ENTERING_MANAGED_PKG|accHierarchy
17:10:25.2 (94818292)|ENTERING_MANAGED_PKG|accHierarchy
17:10:25.2 (94888754)|ENTERING_MANAGED_PKG|accHierarchy
17:10:25.2 (94930016)|ENTERING_MANAGED_PKG|accHierarchy
17:10:25.2 (94945459)|ENTERING_MANAGED_PKG|accHierarchy
17:10:25.2 (94982088)|ENTERING_MANAGED_PKG|accHierarchy
17:10:25.2 (95023697)|ENTERING_MANAGED_PKG|accHierarchy
17:10:25.2 (95063408)|ENTERING_MANAGED_PKG|accHierarchy
17:10:25.2 (95128925)|ENTERING_MANAGED_PKG|accHierarchy
17:10:25.2 (95153069)|ENTERING_MANAGED_PKG|accHierarchy
17:10:25.2 (95172627)|ENTERING_MANAGED_PKG|accHierarchy
17:10:25.2 (95263411)|ENTERING_MANAGED_PKG|accHierarchy
17:10:25.2 (95292270)|ENTERING_MANAGED_PKG|accHierarchy
17:10:25.2 (95433834)|ENTERING_MANAGED_PKG|accHierarchy
17:10:25.2 (95453895)|ENTERING_MANAGED_PKG|accHierarchy
17:10:25.2 (95489321)|ENTERING_MANAGED_PKG|accHierarchy
17:10:25.2 (95507157)|ENTERING_MANAGED_PKG|accHierarchy
17:10:25.2 (95531724)|ENTERING_MANAGED_PKG|accHierarchy
12050)|ENTERING_MANAGED_PKG|accHierarchy
17:10:25.2 (112533879)|ENTERING_MANAGED_PKG|accHierarchy
