40.0 APEX_CODE,FINEST;APEX_PROFILING,INFO;CALLOUT,INFO;DB,INFO;SYSTEM,DEBUG;VALIDATION,INFO;VISUALFORCE,INFO;WAVE,INFO;WORKFLOW,INFO
21:10:44.0 (53768)|USER_INFO|[EXTERNAL]|00528000001JBjQ|ramu.veligeti@yahoo.co.in|Pacific Standard Time|GMT-07:00
21:10:44.0 (83856)|EXECUTION_STARTED
21:10:44.0 (87592)|CODE_UNIT_STARTED|[EXTERNAL]|aura
21:10:44.0 (359201)|HEAP_ALLOCATE|[72]|Bytes:3
21:10:44.0 (395511)|HEAP_ALLOCATE|[77]|Bytes:152
21:10:44.0 (410178)|HEAP_ALLOCATE|[342]|Bytes:408
21:10:44.0 (424580)|HEAP_ALLOCATE|[355]|Bytes:408
21:10:44.0 (437455)|HEAP_ALLOCATE|[467]|Bytes:48
21:10:44.0 (459958)|HEAP_ALLOCATE|[139]|Bytes:6
21:10:44.0 (477527)|HEAP_ALLOCATE|[EXTERNAL]|Bytes:8
21:10:44.0 (484364)|HEAP_ALLOCATE|[EXTERNAL]|Bytes:8
21:10:44.0 (496361)|CODE_UNIT_FINISHED|aura
21:10:44.0 (1228021)|EXECUTION_FINISHED
21:10:44.1 (1880538)|USER_INFO|[EXTERNAL]|00528000001JBjQ|ramu.veligeti@yahoo.co.in|Pacific Standard Time|GMT-07:00
21:10:44.1 (1892373)|EXECUTION_STARTED
21:10:44.1 (1894569)|CODE_UNIT_STARTED|[EXTERNAL]|01p2800000FZDMn|AdhocLightningScheduler.getObjFields
21:10:44.1 (1931927)|VARIABLE_SCOPE_BEGIN|[3]|AdhocLightningScheduler.showFields|Boolean|false|true
21:10:44.1 (1989024)|HEAP_ALLOCATE|[EXTERNAL]|Bytes:26
21:10:44.1 (1995148)|HEAP_ALLOCATE|[EXTERNAL]|Bytes:88
21:10:44.1 (1998505)|HEAP_ALLOCATE|[EXTERNAL]|Bytes:26
21:10:44.1 (2001797)|HEAP_ALLOCATE|[EXTERNAL]|Bytes:28
21:10:44.1 (2013125)|METHOD_ENTRY|[1]|01p2800000FZDMn|AdhocLightningScheduler.AdhocLightningScheduler()
21:10:44.1 (2018789)|STATEMENT_EXECUTE|[1]
21:10:44.1 (2023049)|STATEMENT_EXECUTE|[1]
21:10:44.1 (2023951)|STATEMENT_EXECUTE|[182]
21:10:44.1 (2025072)|STATEMENT_EXECUTE|[198]
21:10:44.1 (2029525)|METHOD_EXIT|[1]|AdhocLightningScheduler
21:10:44.1 (2033726)|HEAP_ALLOCATE|[EXTERNAL]|Bytes:8
21:10:44.1 (2042601)|SYSTEM_MODE_ENTER|false
21:10:44.1 (2048970)|VARIABLE_SCOPE_BEGIN|[51]|so|String|false|false
21:10:44.1 (2069131)|VARIABLE_ASSIGNMENT|[51]|so|"Contract"
21:10:44.1 (2078533)|STATEMENT_EXECUTE|[51]
21:10:44.1 (2079630)|STATEMENT_EXECUTE|[52]
21:10:44.1 (2082202)|HEAP_ALLOCATE|[52]|Bytes:3
21:10:44.1 (2096876)|HEAP_ALLOCATE|[52]|Bytes:11
21:10:44.1 (2127484)|HEAP_ALLOCATE|[50]|Bytes:5
21:10:44.1 (2148738)|HEAP_ALLOCATE|[56]|Bytes:5
21:10:44.1 (2154984)|HEAP_ALLOCATE|[64]|Bytes:7
21:10:44.1 (2199436)|USER_DEBUG|[52]|DEBUG|s==Contract
21:10:44.1 (2209170)|STATEMENT_EXECUTE|[53]
21:10:44.1 (13153052)|HEAP_ALLOCATE|[53]|Bytes:1628
21:10:44.1 (13197317)|VARIABLE_SCOPE_BEGIN|[53]|objSchema|Schema.SObjectType|true|false
21:10:44.1 (13301880)|VARIABLE_ASSIGNMENT|[53]|objSchema|"common.apex.runtime.impl.ApexSObjectTypeToken@2617a26e"|0x2617a26e
21:10:44.1 (13310389)|STATEMENT_EXECUTE|[54]
21:10:44.1 (13509500)|HEAP_ALLOCATE|[54]|Bytes:4
21:10:44.1 (13938368)|HEAP_ALLOCATE|[54]|Bytes:200
21:10:44.1 (13949991)|VARIABLE_SCOPE_BEGIN|[54]|fieldMap|Map<String,Schema.SObjectField>|true|false
21:10:44.1 (14072020)|VARIABLE_ASSIGNMENT|[54]|fieldMap|"{accountid=AccountId, activatedbyid=ActivatedById, activateddate=ActivatedDate, billingaddress=BillingAddress, billingcity=BillingCity, billingcountry=BillingCountry, billinggeocodeaccuracy=BillingGeocodeAccuracy, billinglatitude=BillingLatitude, billinglongitude=BillingLongitude, billingpostalcode=BillingPostalCode, ...}"|0x788a0cb
21:10:44.1 (14084199)|STATEMENT_EXECUTE|[55]
21:10:44.1 (14127367)|HEAP_ALLOCATE|[55]|Bytes:4
21:10:44.1 (14158615)|VARIABLE_SCOPE_BEGIN|[55]|options|List<List<String>>|true|false
21:10:44.1 (14190808)|HEAP_ALLOCATE|[EXTERNAL]|Bytes:4
21:10:44.1 (14201581)|VARIABLE_ASSIGNMENT|[55]|options|[]|0x57c6d84d
21:10:44.1 (14207342)|STATEMENT_EXECUTE|[56]
21:10:44.1 (14211453)|HEAP_ALLOCATE|[56]|Bytes:4
21:10:44.1 (14226111)|VARIABLE_SCOPE_BEGIN|[56]|l1|List<String>|true|false
21:10:44.1 (14244153)|HEAP_ALLOCATE|[EXTERNAL]|Bytes:4
21:10:44.1 (14249241)|VARIABLE_ASSIGNMENT|[56]|l1|[]|0x30d78d42
21:10:44.1 (14254124)|STATEMENT_EXECUTE|[57]
21:10:44.1 (14257828)|HEAP_ALLOCATE|[57]|Bytes:8
21:10:44.1 (14289889)|HEAP_ALLOCATE|[EXTERNAL]|Bytes:4
21:10:44.1 (14296859)|STATEMENT_EXECUTE|[58]
21:10:44.1 (14309797)|HEAP_ALLOCATE|[EXTERNAL]|Bytes:4
21:10:44.1 (14314490)|STATEMENT_EXECUTE|[59]
21:10:44.1 (14342760)|HEAP_ALLOCATE|[EXTERNAL]|Bytes:4
21:10:44.1 (14377917)|STATEMENT_EXECUTE|[60]
21:10:44.1 (14411557)|HEAP_ALLOCATE|[EXTERNAL]|Bytes:200
21:10:44.1 (14429755)|HEAP_ALLOCATE|[64]|Bytes:200
21:10:44.1 (14481712)|HEAP_ALLOCATE|[64]|Bytes:5
21:10:44.1 (14503302)|VARIABLE_SCOPE_BEGIN|[64]|s1|Schema.SObjectField|true|false
21:10:44.1 (14556670)|VARIABLE_ASSIGNMENT|[64]|s1|"common.apex.runtime.impl.ApexFieldToken@2c4fd22d"|0x2c4fd22d
21:10:44.1 (14564084)|STATEMENT_EXECUTE|[64]
21:10:44.1 (14565068)|STATEMENT_EXECUTE|[65]
21:10:44.1 (14568603)|HEAP_ALLOCATE|[65]|Bytes:4
21:10:44.1 (14585415)|VARIABLE_SCOPE_BEGIN|[65]|l|List<String>|true|false
21:10:44.1 (14603221)|HEAP_ALLOCATE|[EXTERNAL]|Bytes:4
21:10:44.1 (14609794)|VARIABLE_ASSIGNMENT|[65]|l|[]|0x373e90e1
21:10:44.1 (14614752)|STATEMENT_EXECUTE|[66]
21:10:44.1 (14656152)|HEAP_ALLOCATE|[66]|Bytes:2
21:10:44.1 (14667862)|VARIABLE_SCOPE_BEGIN|[66]|field|String|false|false
21:10:44.1 (14678345)|VARIABLE_ASSIGNMENT|[66]|field|"Id"
21:10:44.1 (14683726)|STATEMENT_EXECUTE|[68]
21:10:44.1 (14916741)|HEAP_ALLOCATE|[68]|Bytes:8
21:10:44.1 (14938867)|HEAP_ALLOCATE|[68]|Bytes:2
21:10:44.1 (14955275)|HEAP_ALLOCATE|[68]|Bytes:2
21:10:44.1 (14966976)|HEAP_ALLOCATE|[EXTERNAL]|Bytes:4
21:10:44.1 (14972525)|STATEMENT_EXECUTE|[70]
21:10:44.1 (15019941)|HEAP_ALLOCATE|[70]|Bytes:8
21:10:44.1 (15725110)|HEAP_ALLOCATE|[70]|Bytes:12
21:10:44.1 (15760122)|HEAP_ALLOCATE|[70]|Bytes:2
21:10:44.1 (15771288)|VARIABLE_SCOPE_BEGIN|[70]|dataType|String|false|false
21:10:44.1 (15783067)|VARIABLE_ASSIGNMENT|[70]|dataType|"ID"
21:10:44.1 (15787864)|STATEMENT_EXECUTE|[71]
21:10:44.1 (15790551)|VARIABLE_SCOPE_BEGIN|[71]|objName|String|false|false
21:10:44.1 (15797704)|VARIABLE_ASSIGNMENT|[71]|objName|""
21:10:44.1 (15821586)|STATEMENT_EXECUTE|[78]
21:10:44.1 (15824526)|HEAP_ALLOCATE|[78]|Bytes:2
21:10:44.1 (15828373)|HEAP_ALLOCATE|[78]|Bytes:3
21:10:44.1 (15837295)|HEAP_ALLOCATE|[78]|Bytes:9
21:10:44.1 (15863041)|HEAP_ALLOCATE|[EXTERNAL]|Bytes:4
21:10:44.1 (15869389)|STATEMENT_EXECUTE|[79]
21:10:44.1 (15896482)|HEAP_ALLOCATE|[EXTERNAL]|Bytes:4
21:10:44.1 (15911186)|HEAP_ALLOCATE|[64]|Bytes:5
21:10:44.1 (15925513)|VARIABLE_SCOPE_BEGIN|[64]|s1|Schema.SObjectField|true|false
21:10:44.1 (15978425)|VARIABLE_ASSIGNMENT|[64]|s1|"common.apex.runtime.impl.ApexFieldToken@4daa7359"|0x4daa7359
21:10:44.1 (15986194)|STATEMENT_EXECUTE|[64]
21:10:44.1 (15987225)|STATEMENT_EXECUTE|[65]
21:10:44.1 (15990472)|HEAP_ALLOCATE|[65]|Bytes:4
21:10:44.1 (16001479)|VARIABLE_SCOPE_BEGIN|[65]|l|List<String>|true|false
21:10:44.1 (16019825)|HEAP_ALLOCATE|[EXTERNAL]|Bytes:4
21:10:44.1 (16026939)|VARIABLE_ASSIGNMENT|[65]|l|[]|0x42800747
21:10:44.1 (16032543)|STATEMENT_EXECUTE|[66]
21:10:44.1 (16060231)|HEAP_ALLOCATE|[66]|Bytes:9
21:10:44.1 (16071411)|VARIABLE_SCOPE_BEGIN|[66]|field|String|false|false
21:10:44.1 (16081148)|VARIABLE_ASSIGNMENT|[66]|field|"AccountId"
21:10:44.1 (16084889)|STATEMENT_EXECUTE|[68]
21:10:44.1 (16218591)|HEAP_ALLOCATE|[68]|Bytes:8
21:10:44.1 (16231888)|HEAP_ALLOCATE|[68]|Bytes:9
21:10:44.1 (16245436)|HEAP_ALLOCATE|[68]|Bytes:9
21:10:44.1 (16255543)|HEAP_ALLOCATE|[EXTERNAL]|Bytes:4
21:10:44.1 (16260085)|STATEMENT_EXECUTE|[70]
21:10:44.1 (16283864)|HEAP_ALLOCATE|[70]|Bytes:8
21:10:44.1 (16306659)|HEAP_ALLOCATE|[70]|Bytes:12
21:10:44.1 (16321771)|HEAP_ALLOCATE|[70]|Bytes:9
21:10:44.1 (16329730)|VARIABLE_SCOPE_BEGIN|[70]|dataType|String|false|false
21:10:44.1 (16340092)|VARIABLE_ASSIGNMENT|[70]|dataType|"REFERENCE"
21:10:44.1 (16344568)|STATEMENT_EXECUTE|[71]
21:10:44.1 (16346707)|VARIABLE_SCOPE_BEGIN|[71]|objName|String|false|false
21:10:44.1 (16354306)|VARIABLE_ASSIGNMENT|[71]|objName|""
21:10:44.1 (16366133)|STATEMENT_EXECUTE|[73]
21:10:44.1 (16367267)|STATEMENT_EXECUTE|[74]
21:10:44.1 (16413848)|HEAP_ALLOCATE|[74]|Bytes:8
21:10:44.1 (16439340)|HEAP_ALLOCATE|[EXTERNAL]|Bytes:8
21:10:44.1 (16453433)|HEAP_ALLOCATE|[74]|Bytes:8
21:10:44.1 (16556318)|HEAP_ALLOCATE|[74]|Bytes:4
21:10:44.1 (16572543)|HEAP_ALLOCATE|[74]|Bytes:7
21:10:44.1 (16586395)|HEAP_ALLOCATE|[74]|Bytes:7
21:10:44.1 (16596789)|VARIABLE_ASSIGNMENT|[74]|objName|"Account"
21:10:44.1 (16601163)|STATEMENT_EXECUTE|[75]
21:10:44.1 (16606508)|HEAP_ALLOCATE|[75]|Bytes:30
21:10:44.1 (16628968)|HEAP_ALLOCATE|[EXTERNAL]|Bytes:4
21:10:44.1 (16634911)|STATEMENT_EXECUTE|[79]
21:10:44.1 (16652757)|HEAP_ALLOCATE|[EXTERNAL]|Bytes:4
21:10:44.1 (16664425)|HEAP_ALLOCATE|[64]|Bytes:5
21:10:44.1 (16677809)|VARIABLE_SCOPE_BEGIN|[64]|s1|Schema.SObjectField|true|false
21:10:44.1 (16730186)|VARIABLE_ASSIGNMENT|[64]|s1|"common.apex.runtime.impl.ApexFieldToken@411b5a33"|0x411b5a33
21:10:44.1 (16741037)|STATEMENT_EXECUTE|[64]
21:10:44.1 (16742067)|STATEMENT_EXECUTE|[65]
21:10:44.1 (16745344)|HEAP_ALLOCATE|[65]|Bytes:4
21:10:44.1 (16755625)|VARIABLE_SCOPE_BEGIN|[65]|l|List<String>|true|false
21:10:44.1 (16773021)|HEAP_ALLOCATE|[EXTERNAL]|Bytes:4
21:10:44.1 (16780240)|VARIABLE_ASSIGNMENT|[65]|l|[]|0x493a945a
21:10:44.1 (16785389)|STATEMENT_EXECUTE|[66]
21:10:44.1 (16819554)|HEAP_ALLOCATE|[66]|Bytes:12
21:10:44.1 (16830985)|VARIABLE_SCOPE_BEGIN|[66]|field|String|false|false
21:10:44.1 (16840624)|VARIABLE_ASSIGNMENT|[66]|field|"Pricebook2Id"
21:10:44.1 (16844678)|STATEMENT_EXECUTE|[68]
21:10:44.1 (17084528)|HEAP_ALLOCATE|[68]|Bytes:8
21:10:44.1 (17104302)|HEAP_ALLOCATE|[68]|Bytes:12
21:10:44.1 (17123274)|HEAP_ALLOCATE|[68]|Bytes:12
21:10:44.1 (17134513)|HEAP_ALLOCATE|[EXTERNAL]|Bytes:4
21:10:44.1 (17139505)|STATEMENT_EXECUTE|[70]
21:10:44.1 (17166148)|HEAP_ALLOCATE|[70]|Bytes:8
21:10:44.1 (17188245)|HEAP_ALLOCATE|[70]|Bytes:12
21:10:44.1 (17203455)|HEAP_ALLOCATE|[70]|Bytes:9
21:10:44.1 (17211759)|VARIABLE_SCOPE_BEGIN|[70]|dataType|String|false|false
21:10:44.1 (17221673)|VARIABLE_ASSIGNMENT|[70]|dataType|"REFERENCE"
21:10:44.1 (17225731)|STATEMENT_EXECUTE|[71]
21:10:44.1 (17227858)|VARIABLE_SCOPE_BEGIN|[71]|objName|String|false|false
21:10:44.1 (17235487)|VARIABLE_ASSIGNMENT|[71]|objName|""
21:10:44.1 (17247517)|STATEMENT_EXECUTE|[73]
21:10:44.1 (17248500)|STATEMENT_EXECUTE|[74]
21:10:44.1 (17274062)|HEAP_ALLOCATE|[74]|Bytes:8
21:10:44.1 (17294069)|HEAP_ALLOCATE|[EXTERNAL]|Bytes:8
21:10:44.1 (17305166)|HEAP_ALLOCATE|[74]|Bytes:8
21:10:44.1 (17389757)|HEAP_ALLOCATE|[74]|Bytes:4
21:10:44.1 (17401124)|HEAP_ALLOCATE|[74]|Bytes:10
21:10:44.1 (17413995)|HEAP_ALLOCATE|[74]|Bytes:10
21:10:44.1 (17424344)|VARIABLE_ASSIGNMENT|[74]|objName|"Pricebook2"
21:10:44.1 (17428648)|STATEMENT_EXECUTE|[75]
21:10:44.1 (17433463)|HEAP_ALLOCATE|[75]|Bytes:36
21:10:44.1 (17440083)|HEAP_ALLOCATE|[EXTERNAL]|Bytes:4
21:10:44.1 (17444758)|STATEMENT_EXECUTE|[79]
21:10:44.1 (17461736)|HEAP_ALLOCATE|[EXTERNAL]|Bytes:4
21:10:44.1 (17473189)|HEAP_ALLOCATE|[64]|Bytes:5
21:10:44.1 (17486669)|VARIABLE_SCOPE_BEGIN|[64]|s1|Schema.SObjectField|true|false
21:10:44.1 (17539231)|VARIABLE_ASSIGNMENT|[64]|s1|"common.apex.runtime.impl.ApexFieldToken@32a5d617"|0x32a5d617
21:10:44.1 (17545953)|STATEMENT_EXECUTE|[64]
21:10:44.1 (17547070)|STATEMENT_EXECUTE|[65]
21:10:44.1 (17550554)|HEAP_ALLOCATE|[65]|Bytes:4
21:10:44.1 (17560976)|VARIABLE_SCOPE_BEGIN|[65]|l|List<String>|true|false
21:10:44.1 (17577635)|HEAP_ALLOCATE|[EXTERNAL]|Bytes:4
21:10:44.1 (17584326)|VARIABLE_ASSIGNMENT|[65]|l|[]|0x3307a0ef
21:10:44.1 (17589310)|STATEMENT_EXECUTE|[66]
21:10:44.1 (17613503)|HEAP_ALLOCATE|[66]|Bytes:21
21:10:44.1 (17623917)|VARIABLE_SCOPE_BEGIN|[66]|field|String|false|false
21:10:44.1 (17634713)|VARIABLE_ASSIGNMENT|[66]|field|"OwnerExpirationNotic (1 more) ..."
21:10:44.1 (17641879)|STATEMENT_EXECUTE|[68]
21:10:44.1 (17869186)|HEAP_ALLOCATE|[68]|Bytes:8
21:10:44.1 (17882714)|HEAP_ALLOCATE|[68]|Bytes:21
21:10:44.1 (17896351)|HEAP_ALLOCATE|[68]|Bytes:21
21:10:44.1 (17907332)|HEAP_ALLOCATE|[EXTERNAL]|Bytes:4
21:10:44.1 (17912139)|STATEMENT_EXECUTE|[70]
21:10:44.1 (17935754)|HEAP_ALLOCATE|[70]|Bytes:8
21:10:44.1 (17957849)|HEAP_ALLOCATE|[70]|Bytes:12
21:10:44.1 (17973029)|HEAP_ALLOCATE|[70]|Bytes:8
21:10:44.1 (17981537)|VARIABLE_SCOPE_BEGIN|[70]|dataType|String|false|false
21:10:44.1 (17991592)|VARIABLE_ASSIGNMENT|[70]|dataType|"PICKLIST"
21:10:44.1 (17995743)|STATEMENT_EXECUTE|[71]
21:10:44.1 (17997859)|VARIABLE_SCOPE_BEGIN|[71]|objName|String|false|false
21:10:44.1 (18004461)|VARIABLE_ASSIGNMENT|[71]|objName|""
21:10:44.1 (18016352)|STATEMENT_EXECUTE|[78]
21:10:44.1 (18020822)|HEAP_ALLOCATE|[78]|Bytes:34
21:10:44.1 (18028581)|HEAP_ALLOCATE|[EXTERNAL]|Bytes:4
21:10:44.1 (18033004)|STATEMENT_EXECUTE|[79]
21:10:44.1 (18050612)|HEAP_ALLOCATE|[EXTERNAL]|Bytes:4
21:10:44.1 (18062171)|HEAP_ALLOCATE|[64]|Bytes:5
21:10:44.1 (18074279)|VARIABLE_SCOPE_BEGIN|[64]|s1|Schema.SObjectField|true|false
21:10:44.1 (18126025)|VARIABLE_ASSIGNMENT|[64]|s1|"common.apex.runtime.impl.ApexFieldToken@60a9a4d4"|0x60a9a4d4
21:10:44.1 (18132838)|STATEMENT_EXECUTE|[64]
21:10:44.1 (18133755)|STATEMENT_EXECUTE|[65]
21:10:44.1 (18137203)|HEAP_ALLOCATE|[65]|Bytes:4
21:10:44.1 (18147844)|VARIABLE_SCOPE_BEGIN|[65]|l|List<String>|true|false
21:10:44.1 (18165298)|HEAP_ALLOCATE|[EXTERNAL]|Bytes:4
21:10:44.1 (18172267)|VARIABLE_ASSIGNMENT|[65]|l|[]|0x4f9f59f3
21:10:44.1 (18176897)|STATEMENT_EXECUTE|[66]
21:10:44.1 (18200641)|HEAP_ALLOCATE|[66]|Bytes:9
21:10:44.1 (18210469)|VARIABLE_SCOPE_BEGIN|[66]|field|String|false|false
21:10:44.1 (18219114)|VARIABLE_ASSIGNMENT|[66]|field|"StartDate"
21:10:44.1 (18223040)|STATEMENT_EXECUTE|[68]
21:10:44.1 (18329923)|HEAP_ALLOCATE|[68]|Bytes:8
21:10:44.1 (18343377)|HEAP_ALLOCATE|[68]|Bytes:9
21:10:44.1 (18355934)|HEAP_ALLOCATE|[68]|Bytes:9
21:10:44.1 (18366192)|HEAP_ALLOCATE|[EXTERNAL]|Bytes:4
21:10:44.1 (18370889)|STATEMENT_EXECUTE|[70]
21:10:44.1 (18393465)|HEAP_ALLOCATE|[70]|Bytes:8
21:10:44.1 (18415339)|HEAP_ALLOCATE|[70]|Bytes:12
21:10:44.1 (18430071)|HEAP_ALLOCATE|[70]|Bytes:4
21:10:44.1 (18437734)|VARIABLE_SCOPE_BEGIN|[70]|dataType|String|false|false
21:10:44.1 (18446857)|VARIABLE_ASSIGNMENT|[70]|dataType|"DATE"
21:10:44.1 (18450938)|STATEMENT_EXECUTE|[71]
21:10:44.1 (18453048)|VARIABLE_SCOPE_BEGIN|[71]|objName|String|false|false
21:10:44.1 (18459917)|VARIABLE_ASSIGNMENT|[71]|objName|""
21:10:44.1 (18469597)|STATEMENT_EXECUTE|[78]
21:10:44.1 (18473767)|HEAP_ALLOCATE|[78]|Bytes:18
21:10:44.1 (18480970)|HEAP_ALLOCATE|[EXTERNAL]|Bytes:4
21:10:44.1 (18485344)|STATEMENT_EXECUTE|[79]
21:10:44.1 (18502114)|HEAP_ALLOCATE|[EXTERNAL]|Bytes:4
21:10:44.1 (18513183)|HEAP_ALLOCATE|[64]|Bytes:5
21:10:44.1 (18524826)|VARIABLE_SCOPE_BEGIN|[64]|s1|Schema.SObjectField|true|false
21:10:44.1 (18575254)|VARIABLE_ASSIGNMENT|[64]|s1|"common.apex.runtime.impl.ApexFieldToken@7e872323"|0x7e872323
21:10:44.1 (18582318)|STATEMENT_EXECUTE|[64]
21:10:44.1 (18583267)|STATEMENT_EXECUTE|[65]
21:10:44.1 (18586431)|HEAP_ALLOCATE|[65]|Bytes:4
21:10:44.1 (18595506)|VARIABLE_SCOPE_BEGIN|[65]|l|List<String>|true|false
21:10:44.1 (18612288)|HEAP_ALLOCATE|[EXTERNAL]|Bytes:4
21:10:44.1 (18618891)|VARIABLE_ASSIGNMENT|[65]|l|[]|0x37fb413e
21:10:44.1 (18623689)|STATEMENT_EXECUTE|[66]
21:10:44.1 (18646519)|HEAP_ALLOCATE|[66]|Bytes:7
21:10:44.1 (18656560)|VARIABLE_SCOPE_BEGIN|[66]|field|String|false|false
21:10:44.1 (18665567)|VARIABLE_ASSIGNMENT|[66]|field|"EndDate"
21:10:44.1 (18669239)|STATEMENT_EXECUTE|[68]
21:10:44.1 (18759002)|HEAP_ALLOCATE|[68]|Bytes:8
21:10:44.1 (18771159)|HEAP_ALLOCATE|[68]|Bytes:7
21:10:44.1 (18783516)|HEAP_ALLOCATE|[68]|Bytes:7
21:10:44.1 (18793625)|HEAP_ALLOCATE|[EXTERNAL]|Bytes:4
21:10:44.1 (18798622)|STATEMENT_EXECUTE|[70]
21:10:44.1 (18823232)|HEAP_ALLOCATE|[70]|Bytes:8
21:10:44.1 (18843867)|HEAP_ALLOCATE|[70]|Bytes:12
21:10:44.1 (18858658)|HEAP_ALLOCATE|[70]|Bytes:4
21:10:44.1 (18866048)|VARIABLE_SCOPE_BEGIN|[70]|dataType|String|false|false
21:10:44.1 (18875826)|VARIABLE_ASSIGNMENT|[70]|dataType|"DATE"
21:10:44.1 (18879743)|STATEMENT_EXECUTE|[71]
21:10:44.1 (18881983)|VARIABLE_SCOPE_BEGIN|[71]|objName|String|false|false
21:10:44.1 (18888601)|VARIABLE_ASSIGNMENT|[71]|objName|""
21:10:44.1 (18897979)|STATEMENT_EXECUTE|[78]
21:10:44.1 (18902164)|HEAP_ALLOCATE|[78]|Bytes:16
21:10:44.1 (18908963)|HEAP_ALLOCATE|[EXTERNAL]|Bytes:4
21:10:44.1 (18913317)|STATEMENT_EXECUTE|[79]
21:10:44.1 (18929796)|HEAP_ALLOCATE|[EXTERNAL]|Bytes:4
21:10:44.1 (18941296)|HEAP_ALLOCATE|[64]|Bytes:5
21:10:44.1 (18953433)|VARIABLE_SCOPE_BEGIN|[64]|s1|Schema.SObjectField|true|false
21:10:44.1 (19004017)|VARIABLE_ASSIGNMENT|[64]|s1|"common.apex.runtime.impl.ApexFieldToken@65d62402"|0x65d62402
21:10:44.1 (19012121)|STATEMENT_EXECUTE|[64]
21:10:44.1 (19013041)|STATEMENT_EXECUTE|[65]
21:10:44.1 (19016321)|HEAP_ALLOCATE|[65]|Bytes:4
21:10:44.1 (19026081)|VARIABLE_SCOPE_BEGIN|[65]|l|List<String>|true|false
21:10:44.1 (19042891)|HEAP_ALLOCATE|[EXTERNAL]|Bytes:4
21:10:44.1 (19049404)|VARIABLE_ASSIGNMENT|[65]|l|[]|0x1794bca6
21:10:44.1 (19054660)|STATEMENT_EXECUTE|[66]
21:10:44.1 (19076109)|HEAP_ALLOCATE|[66]|Bytes:13
21:10:44.1 (19085426)|VARIABLE_SCOPE_BEGIN|[66]|field|String|false|false
21:10:44.1 (19094635)|VARIABLE_ASSIGNMENT|[66]|field|"BillingStreet"
21:10:44.1 (19098564)|STATEMENT_EXECUTE|[68]
21:10:44.1 (19606384)|HEAP_ALLOCATE|[68]|Bytes:8
21:10:44.1 (19621857)|HEAP_ALLOCATE|[68]|Bytes:13
21:10:44.1 (19637491)|HEAP_ALLOCATE|[68]|Bytes:13
21:10:44.1 (19648863)|HEAP_ALLOCATE|[EXTERNAL]|Bytes:4
21:10:44.1 (19653818)|STATEMENT_EXECUTE|[70]
21:10:44.1 (19678831)|HEAP_ALLOCATE|[70]|Bytes:8
21:10:44.1 (19701610)|HEAP_ALLOCATE|[70]|Bytes:12
21:10:44.1 (19717052)|HEAP_ALLOCATE|[70]|Bytes:8
21:10:44.1 (19724841)|VARIABLE_SCOPE_BEGIN|[70]|dataType|String|false|false
21:10:44.1 (19738931)|VARIABLE_ASSIGNMENT|[70]|dataType|"TEXTAREA"
21:10:44.1 (19743884)|STATEMENT_EXECUTE|[71]
21:10:44.1 (19746368)|VARIABLE_SCOPE_BEGIN|[71]|objName|String|false|false
21:10:44.1 (19753239)|VARIABLE_ASSIGNMENT|[71]|objName|""
21:10:44.1 (19763482)|STATEMENT_EXECUTE|[78]
21:10:44.1 (19767913)|HEAP_ALLOCATE|[78]|Bytes:26
21:10:44.1 (19774871)|HEAP_ALLOCATE|[EXTERNAL]|Bytes:4
21:10:44.1 (19778975)|STATEMENT_EXECUTE|[79]
21:10:44.1 (19797476)|HEAP_ALLOCATE|[EXTERNAL]|Bytes:4
21:10:44.1 (19809609)|HEAP_ALLOCATE|[64]|Bytes:5
21:10:44.1 (19823963)|VARIABLE_SCOPE_BEGIN|[64]|s1|Schema.SObjectField|true|false
21:10:44.1 (19876835)|VARIABLE_ASSIGNMENT|[64]|s1|"common.apex.runtime.impl.ApexFieldToken@795f43c1"|0x795f43c1
21:10:44.1 (19884594)|STATEMENT_EXECUTE|[64]
21:10:44.1 (19885591)|STATEMENT_EXECUTE|[65]
21:10:44.1 (19889535)|HEAP_ALLOCATE|[65]|Bytes:4
21:10:44.1 (19899794)|VARIABLE_SCOPE_BEGIN|[65]|l|List<String>|true|false
21:10:44.1 (19917461)|HEAP_ALLOCATE|[EXTERNAL]|Bytes:4
21:10:44.1 (19924159)|VARIABLE_ASSIGNMENT|[65]|l|[]|0x59a05cd2
21:10:44.1 (19929069)|STATEMENT_EXECUTE|[66]
21:10:44.1 (19951792)|HEAP_ALLOCATE|[66]|Bytes:11
21:10:44.1 (19961577)|VARIABLE_SCOPE_BEGIN|[66]|field|String|false|false
21:10:44.1 (19971002)|VARIABLE_ASSIGNMENT|[66]|field|"BillingCity"
21:10:44.1 (19974927)|STATEMENT_EXECUTE|[68]
21:10:44.1 (20075815)|HEAP_ALLOCATE|[68]|Bytes:8
21:10:44.1 (20092981)|HEAP_ALLOCATE|[68]|Bytes:11
21:10:44.1 (20112334)|HEAP_ALLOCATE|[68]|Bytes:11
21:10:44.1 (20129008)|HEAP_ALLOCATE|[EXTERNAL]|Bytes:4
21:10:44.1 (20134763)|STATEMENT_EXECUTE|[70]
21:10:44.1 (20160220)|HEAP_ALLOCATE|[70]|Bytes:8
21:10:44.1 (20185104)|HEAP_ALLOCATE|[70]|Bytes:12
21:10:44.1 (20199995)|HEAP_ALLOCATE|[70]|Bytes:6
21:10:44.1 (20207636)|VARIABLE_SCOPE_BEGIN|[70]|dataType|String|false|false
21:10:44.1 (20217853)|VARIABLE_ASSIGNMENT|[70]|dataType|"STRING"
21:10:44.1 (20222015)|STATEMENT_EXECUTE|[71]
21:10:44.1 (20224013)|VARIABLE_SCOPE_BEGIN|[71]|objName|String|false|false
21:10:44.1 (20230956)|VARIABLE_ASSIGNMENT|[71]|objName|""
21:10:44.1 (20240811)|STATEMENT_EXECUTE|[78]
21:10:44.1 (20245105)|HEAP_ALLOCATE|[78]|Bytes:22
21:10:44.1 (20252701)|HEAP_ALLOCATE|[EXTERNAL]|Bytes:4
21:10:44.1 (20257973)|STATEMENT_EXECUTE|[79]
21:10:44.1 (20277072)|HEAP_ALLOCATE|[EXTERNAL]|Bytes:4
21:10:44.1 (20288928)|HEAP_ALLOCATE|[64]|Bytes:5
21:10:44.1 (20300834)|VARIABLE_SCOPE_BEGIN|[64]|s1|Schema.SObjectField|true|false
21:10:44.1 (20354846)|VARIABLE_ASSIGNMENT|[64]|s1|"common.apex.runtime.impl.ApexFieldToken@54fdc73a"|0x54fdc73a
21:10:44.1 (20362232)|STATEMENT_EXECUTE|[64]
21:10:44.1 (20363143)|STATEMENT_EXECUTE|[65]
21:10:44.1 (20366525)|HEAP_ALLOCATE|[65]|Bytes:4
21:10:44.1 (20376882)|VARIABLE_SCOPE_BEGIN|[65]|l|List<String>|true|false
21:10:44.1 (20394569)|HEAP_ALLOCATE|[EXTERNAL]|Bytes:4
21:10:44.1 (20402137)|VARIABLE_ASSIGNMENT|[65]|l|[]|0x4aa64b73
21:10:44.1 (20407179)|STATEMENT_EXECUTE|[66]
21:10:44.1 (20429813)|HEAP_ALLOCATE|[66]|Bytes:12
21:10:44.1 (20439499)|VARIABLE_SCOPE_BEGIN|[66]|field|String|false|false
21:10:44.1 (20448919)|VARIABLE_ASSIGNMENT|[66]|field|"BillingState"
21:10:44.1 (20453706)|STATEMENT_EXECUTE|[68]
21:10:44.1 (20550336)|HEAP_ALLOCATE|[68]|Bytes:8
21:10:44.1 (20562895)|HEAP_ALLOCATE|[68]|Bytes:12
21:10:44.1 (20575461)|HEAP_ALLOCATE|[68]|Bytes:12
21:10:44.1 (20585109)|HEAP_ALLOCATE|[EXTERNAL]|Bytes:4
21:10:44.1 (20589499)|STATEMENT_EXECUTE|[70]
21:10:44.1 (20611592)|HEAP_ALLOCATE|[70]|Bytes:8
21:10:44.1 (20632308)|HEAP_ALLOCATE|[70]|Bytes:12
21:10:44.1 (20647118)|HEAP_ALLOCATE|[70]|Bytes:6
21:10:44.1 (20654549)|VARIABLE_SCOPE_BEGIN|[70]|dataType|String|false|false
21:10:44.1 (20664669)|VARIABLE_ASSIGNMENT|[70]|dataType|"STRING"
21:10:44.1 (20669051)|STATEMENT_EXECUTE|[71]
21:10:44.1 (20671347)|VARIABLE_SCOPE_BEGIN|[71]|objName|String|false|false
21:10:44.1 (20680966)|VARIABLE_ASSIGNMENT|[71]|objName|""
21:10:44.1 (20691160)|STATEMENT_EXECUTE|[78]
21:10:44.1 (20695601)|HEAP_ALLOCATE|[78]|Bytes:23
21:10:44.1 (20702537)|HEAP_ALLOCATE|[EXTERNAL]|Bytes:4
21:10:44.1 (20706460)|STATEMENT_EXECUTE|[79]
21:10:44.1 (20723676)|HEAP_ALLOCATE|[EXTERNAL]|Bytes:4
21:10:44.1 (20739229)|HEAP_ALLOCATE|[64]|Bytes:5
21:10:44.1 (20751744)|VARIABLE_SCOPE_BEGIN|[64]|s1|Schema.SObjectField|true|false
21:10:44.1 (20803082)|VARIABLE_ASSIGNMENT|[64]|s1|"common.apex.runtime.impl.ApexFieldToken@132468bd"|0x132468bd
21:10:44.1 (20811177)|STATEMENT_EXECUTE|[64]
21:10:44.1 (20812469)|STATEMENT_EXECUTE|[65]
21:10:44.1 (20816139)|HEAP_ALLOCATE|[65]|Bytes:4
21:10:44.1 (20827027)|VARIABLE_SCOPE_BEGIN|[65]|l|List<String>|true|false
21:10:44.1 (20844134)|HEAP_ALLOCATE|[EXTERNAL]|Bytes:4
21:10:44.1 (20851078)|VARIABLE_ASSIGNMENT|[65]|l|[]|0x4777bc5
21:10:44.1 (20855850)|STATEMENT_EXECUTE|[66]
21:10:44.1 (20878853)|HEAP_ALLOCATE|[66]|Bytes:17
21:10:44.1 (20888716)|VARIABLE_SCOPE_BEGIN|[66]|field|String|false|false
21:10:44.1 (20897731)|VARIABLE_ASSIGNMENT|[66]|field|"BillingPostalCode"
21:10:44.1 (20901432)|STATEMENT_EXECUTE|[68]
21:10:44.1 (21105296)|HEAP_ALLOCATE|[68]|Bytes:8
21:10:44.1 (21125109)|HEAP_ALLOCATE|[68]|Bytes:17
21:10:44.1 (21143171)|HEAP_ALLOCATE|[68]|Bytes:17
21:10:44.1 (21153937)|HEAP_ALLOCATE|[EXTERNAL]|Bytes:4
21:10:44.1 (21158782)|STATEMENT_EXECUTE|[70]
21:10:44.1 (21186042)|HEAP_ALLOCATE|[70]|Bytes:8
21:10:44.1 (21216576)|HEAP_ALLOCATE|[70]|Bytes:12
21:10:44.1 (21239143)|HEAP_ALLOCATE|[70]|Bytes:6
21:10:44.1 (21253358)|VARIABLE_SCOPE_BEGIN|[70]|dataType|String|false|false
21:10:44.1 (21265909)|VARIABLE_ASSIGNMENT|[70]|dataType|"STRING"
21:10:44.1 (21270800)|STATEMENT_EXECUTE|[71]
21:10:44.1 (21273001)|VARIABLE_SCOPE_BEGIN|[71]|objName|String|false|false
21:10:44.1 (21279418)|VARIABLE_ASSIGNMENT|[71]|objName|""
21:10:44.1 (21289883)|STATEMENT_EXECUTE|[78]
21:10:44.1 (21294797)|HEAP_ALLOCATE|[78]|Bytes:28
21:10:44.1 (21302474)|HEAP_ALLOCATE|[EXTERNAL]|Bytes:4
21:10:44.1 (21306899)|STATEMENT_EXECUTE|[79]
21:10:44.1 (21324935)|HEAP_ALLOCATE|[EXTERNAL]|Bytes:4
21:10:44.1 (21336748)|HEAP_ALLOCATE|[64]|Bytes:5
21:10:44.1 (21348976)|VARIABLE_SCOPE_BEGIN|[64]|s1|Schema.SObjectField|true|false
21:10:44.1 (21400673)|VARIABLE_ASSIGNMENT|[64]|s1|"common.apex.runtime.impl.ApexFieldToken@4786a8ef"|0x4786a8ef
21:10:44.1 (21407961)|STATEMENT_EXECUTE|[64]
21:10:44.1 (21408885)|STATEMENT_EXECUTE|[65]
21:10:44.1 (21412356)|HEAP_ALLOCATE|[65]|Bytes:4
21:10:44.1 (21422535)|VARIABLE_SCOPE_BEGIN|[65]|l|List<String>|true|false
21:10:44.1 (21440139)|HEAP_ALLOCATE|[EXTERNAL]|Bytes:4
21:10:44.1 (21447534)|VARIABLE_ASSIGNMENT|[65]|l|[]|0x44a36728
21:10:44.1 (21452772)|STATEMENT_EXECUTE|[66]
21:10:44.1 (21475609)|HEAP_ALLOCATE|[66]|Bytes:14
21:10:44.1 (21485554)|VARIABLE_SCOPE_BEGIN|[66]|field|String|false|false
21:10:44.1 (21494787)|VARIABLE_ASSIGNMENT|[66]|field|"BillingCountry"
21:10:44.1 (21498702)|STATEMENT_EXECUTE|[68]
21:10:44.1 (21718348)|HEAP_ALLOCATE|[68]|Bytes:8
21:10:44.1 (21732779)|HEAP_ALLOCATE|[68]|Bytes:14
21:10:44.1 (21751888)|HEAP_ALLOCATE|[68]|Bytes:14
21:10:44.1 (21762294)|HEAP_ALLOCATE|[EXTERNAL]|Bytes:4
21:10:44.1 (21767145)|STATEMENT_EXECUTE|[70]
21:10:44.1 (21791507)|HEAP_ALLOCATE|[70]|Bytes:8
21:10:44.1 (21815319)|HEAP_ALLOCATE|[70]|Bytes:12
21:10:44.1 (21830740)|HEAP_ALLOCATE|[70]|Bytes:6
21:10:44.1 (21838742)|VARIABLE_SCOPE_BEGIN|[70]|dataType|String|false|false
21:10:44.1 (21848921)|VARIABLE_ASSIGNMENT|[70]|dataType|"STRING"
21:10:44.1 (21852916)|STATEMENT_EXECUTE|[71]
21:10:44.1 (21855046)|VARIABLE_SCOPE_BEGIN|[71]|objName|String|false|false
21:10:44.1 (21861742)|VARIABLE_ASSIGNMENT|[71]|objName|""
21:10:44.1 (21871916)|STATEMENT_EXECUTE|[78]
21:10:44.1 (21876283)|HEAP_ALLOCATE|[78]|Bytes:25
21:10:44.1 (21883321)|HEAP_ALLOCATE|[EXTERNAL]|Bytes:4
21:10:44.1 (21887476)|STATEMENT_EXECUTE|[79]
21:10:44.1 (21905324)|HEAP_ALLOCATE|[EXTERNAL]|Bytes:4
21:10:44.1 (21917016)|HEAP_ALLOCATE|[64]|Bytes:5
21:10:44.1 (21929711)|VARIABLE_SCOPE_BEGIN|[64]|s1|Schema.SObjectField|true|false
21:10:44.1 (21981415)|VARIABLE_ASSIGNMENT|[64]|s1|"common.apex.runtime.impl.ApexFieldToken@4444aa95"|0x4444aa95
21:10:44.1 (21988474)|STATEMENT_EXECUTE|[64]
21:10:44.1 (21989380)|STATEMENT_EXECUTE|[65]
21:10:44.1 (21992595)|HEAP_ALLOCATE|[65]|Bytes:4
21:10:44.1 (22002282)|VARIABLE_SCOPE_BEGIN|[65]|l|List<String>|true|false
21:10:44.1 (22020100)|HEAP_ALLOCATE|[EXTERNAL]|Bytes:4
21:10:44.1 (22027107)|VARIABLE_ASSIGNMENT|[65]|l|[]|0x278f3217
21:10:44.1 (22032501)|STATEMENT_EXECUTE|[66]
21:10:44.1 (22055287)|HEAP_ALLOCATE|[66]|Bytes:15
21:10:44.1 (22065170)|VARIABLE_SCOPE_BEGIN|[66]|field|String|false|false
21:10:44.1 (22074524)|VARIABLE_ASSIGNMENT|[66]|field|"BillingLatitude"
21:10:44.1 (22078981)|STATEMENT_EXECUTE|[68]
21:10:44.1 (22176739)|HEAP_ALLOCATE|[68]|Bytes:8
21:10:44.1 (22189526)|HEAP_ALLOCATE|[68]|Bytes:15
21:10:44.1 (22202074)|HEAP_ALLOCATE|[68]|Bytes:15
21:10:44.1 (22211643)|HEAP_ALLOCATE|[EXTERNAL]|Bytes:4
21:10:44.1 (22216439)|STATEMENT_EXECUTE|[70]
21:10:44.1 (22238625)|HEAP_ALLOCATE|[70]|Bytes:8
21:10:44.1 (22258725)|HEAP_ALLOCATE|[70]|Bytes:12
21:10:44.1 (22272392)|HEAP_ALLOCATE|[70]|Bytes:6
21:10:44.1 (22280259)|VARIABLE_SCOPE_BEGIN|[70]|dataType|String|false|false
21:10:44.1 (22289785)|VARIABLE_ASSIGNMENT|[70]|dataType|"DOUBLE"
21:10:44.1 (22294084)|STATEMENT_EXECUTE|[71]
21:10:44.1 (22296292)|VARIABLE_SCOPE_BEGIN|[71]|objName|String|false|false
21:10:44.1 (22302642)|VARIABLE_ASSIGNMENT|[71]|objName|""
21:10:44.1 (22312703)|STATEMENT_EXECUTE|[78]
21:10:44.1 (22317018)|HEAP_ALLOCATE|[78]|Bytes:26
21:10:44.1 (22323618)|HEAP_ALLOCATE|[EXTERNAL]|Bytes:4
21:10:44.1 (22327992)|STATEMENT_EXECUTE|[79]
21:10:44.1 (22344649)|HEAP_ALLOCATE|[EXTERNAL]|Bytes:4
21:10:44.1 (22355797)|HEAP_ALLOCATE|[64]|Bytes:5
21:10:44.1 (22367229)|VARIABLE_SCOPE_BEGIN|[64]|s1|Schema.SObjectField|true|false
21:10:44.1 (22417071)|VARIABLE_ASSIGNMENT|[64]|s1|"common.apex.runtime.impl.ApexFieldToken@7e3a6130"|0x7e3a6130
21:10:44.1 (22424288)|STATEMENT_EXECUTE|[64]
21:10:44.1 (22425345)|STATEMENT_EXECUTE|[65]
21:10:44.1 (22428656)|HEAP_ALLOCATE|[65]|Bytes:4
21:10:44.1 (22438315)|VARIABLE_SCOPE_BEGIN|[65]|l|List<String>|true|false
21:10:44.1 (22454961)|HEAP_ALLOCATE|[EXTERNAL]|Bytes:4
21:10:44.1 (22461538)|VARIABLE_ASSIGNMENT|[65]|l|[]|0xc89fa48
21:10:44.1 (22466625)|STATEMENT_EXECUTE|[66]
21:10:44.1 (22488684)|HEAP_ALLOCATE|[66]|Bytes:16
21:10:44.1 (22498109)|VARIABLE_SCOPE_BEGIN|[66]|field|String|false|false
21:10:44.1 (22506820)|VARIABLE_ASSIGNMENT|[66]|field|"BillingLongitude"
21:10:44.1 (22510576)|STATEMENT_EXECUTE|[68]
21:10:44.1 (22606693)|HEAP_ALLOCATE|[68]|Bytes:8
21:10:44.1 (22619090)|HEAP_ALLOCATE|[68]|Bytes:16
21:10:44.1 (22631888)|HEAP_ALLOCATE|[68]|Bytes:16
21:10:44.1 (22641218)|HEAP_ALLOCATE|[EXTERNAL]|Bytes:4
21:10:44.1 (22646023)|STATEMENT_EXECUTE|[70]
21:10:44.1 (22668138)|HEAP_ALLOCATE|[70]|Bytes:8
21:10:44.1 (22688083)|HEAP_ALLOCATE|[70]|Bytes:12
21:10:44.1 (22702316)|HEAP_ALLOCATE|[70]|Bytes:6
21:10:44.1 (22710130)|VARIABLE_SCOPE_BEGIN|[70]|dataType|String|false|false
21:10:44.1 (22720180)|VARIABLE_ASSIGNMENT|[70]|dataType|"DOUBLE"
21:10:44.1 (22723927)|STATEMENT_EXECUTE|[71]
21:10:44.1 (22726061)|VARIABLE_SCOPE_BEGIN|[71]|objName|String|false|false
21:10:44.1 (22732854)|VARIABLE_ASSIGNMENT|[71]|objName|""
21:10:44.1 (22747485)|STATEMENT_EXECUTE|[78]
21:10:44.1 (22751941)|HEAP_ALLOCATE|[78]|Bytes:27
21:10:44.1 (22759207)|HEAP_ALLOCATE|[EXTERNAL]|Bytes:4
21:10:44.1 (22763550)|STATEMENT_EXECUTE|[79]
21:10:44.1 (22780572)|HEAP_ALLOCATE|[EXTERNAL]|Bytes:4
21:10:44.1 (22791458)|HEAP_ALLOCATE|[64]|Bytes:5
21:10:44.1 (22803404)|VARIABLE_SCOPE_BEGIN|[64]|s1|Schema.SObjectField|true|false
21:10:44.1 (22856038)|VARIABLE_ASSIGNMENT|[64]|s1|"common.apex.runtime.impl.ApexFieldToken@4e6b8fca"|0x4e6b8fca
21:10:44.1 (22862950)|STATEMENT_EXECUTE|[64]
21:10:44.1 (22863963)|STATEMENT_EXECUTE|[65]
21:10:44.1 (22867337)|HEAP_ALLOCATE|[65]|Bytes:4
21:10:44.1 (22877055)|VARIABLE_SCOPE_BEGIN|[65]|l|List<String>|true|false
21:10:44.1 (22893787)|HEAP_ALLOCATE|[EXTERNAL]|Bytes:4
21:10:44.1 (22901103)|VARIABLE_ASSIGNMENT|[65]|l|[]|0x1c682316
21:10:44.1 (22906792)|STATEMENT_EXECUTE|[66]
21:10:44.1 (22928065)|HEAP_ALLOCATE|[66]|Bytes:22
21:10:44.1 (22937692)|VARIABLE_SCOPE_BEGIN|[66]|field|String|false|false
21:10:44.1 (22948185)|VARIABLE_ASSIGNMENT|[66]|field|"BillingGeocodeAccura (2 more) ..."
21:10:44.1 (22952726)|STATEMENT_EXECUTE|[68]
21:10:44.1 (23042208)|HEAP_ALLOCATE|[68]|Bytes:8
21:10:44.1 (23054985)|HEAP_ALLOCATE|[68]|Bytes:22
21:10:44.1 (23066760)|HEAP_ALLOCATE|[68]|Bytes:22
21:10:44.1 (23076495)|HEAP_ALLOCATE|[EXTERNAL]|Bytes:4
21:10:44.1 (23081039)|STATEMENT_EXECUTE|[70]
21:10:44.1 (23103508)|HEAP_ALLOCATE|[70]|Bytes:8
21:10:44.1 (23124830)|HEAP_ALLOCATE|[70]|Bytes:12
21:10:44.1 (23141582)|HEAP_ALLOCATE|[70]|Bytes:8
21:10:44.1 (23149261)|VARIABLE_SCOPE_BEGIN|[70]|dataType|String|false|false
21:10:44.1 (23159148)|VARIABLE_ASSIGNMENT|[70]|dataType|"PICKLIST"
21:10:44.1 (23163447)|STATEMENT_EXECUTE|[71]
21:10:44.1 (23165417)|VARIABLE_SCOPE_BEGIN|[71]|objName|String|false|false
21:10:44.1 (23173112)|VARIABLE_ASSIGNMENT|[71]|objName|""
21:10:44.1 (23183619)|STATEMENT_EXECUTE|[78]
21:10:44.1 (23187985)|HEAP_ALLOCATE|[78]|Bytes:35
21:10:44.1 (23194737)|HEAP_ALLOCATE|[EXTERNAL]|Bytes:4
21:10:44.1 (23198521)|STATEMENT_EXECUTE|[79]
21:10:44.1 (23216169)|HEAP_ALLOCATE|[EXTERNAL]|Bytes:4
21:10:44.1 (23227106)|HEAP_ALLOCATE|[64]|Bytes:5
21:10:44.1 (23238052)|VARIABLE_SCOPE_BEGIN|[64]|s1|Schema.SObjectField|true|false
21:10:44.1 (23288966)|VARIABLE_ASSIGNMENT|[64]|s1|"common.apex.runtime.impl.ApexFieldToken@3cd89738"|0x3cd89738
21:10:44.1 (23296234)|STATEMENT_EXECUTE|[64]
21:10:44.1 (23297201)|STATEMENT_EXECUTE|[65]
21:10:44.1 (23300474)|HEAP_ALLOCATE|[65]|Bytes:4
21:10:44.1 (23309910)|VARIABLE_SCOPE_BEGIN|[65]|l|List<String>|true|false
21:10:44.1 (23326530)|HEAP_ALLOCATE|[EXTERNAL]|Bytes:4
21:10:44.1 (23332949)|VARIABLE_ASSIGNMENT|[65]|l|[]|0x24185081
21:10:44.1 (23337556)|STATEMENT_EXECUTE|[66]
21:10:44.1 (23359221)|HEAP_ALLOCATE|[66]|Bytes:14
21:10:44.1 (23368697)|VARIABLE_SCOPE_BEGIN|[66]|field|String|false|false
21:10:44.1 (23377918)|VARIABLE_ASSIGNMENT|[66]|field|"BillingAddress"
21:10:44.1 (23381748)|STATEMENT_EXECUTE|[68]
21:10:44.1 (23457214)|HEAP_ALLOCATE|[68]|Bytes:8
21:10:44.1 (23468325)|HEAP_ALLOCATE|[68]|Bytes:14
21:10:44.1 (23479669)|HEAP_ALLOCATE|[68]|Bytes:14
21:10:44.1 (23489312)|HEAP_ALLOCATE|[EXTERNAL]|Bytes:4
21:10:44.1 (23493874)|STATEMENT_EXECUTE|[70]
21:10:44.1 (23515326)|HEAP_ALLOCATE|[70]|Bytes:8
21:10:44.1 (23535279)|HEAP_ALLOCATE|[70]|Bytes:12
21:10:44.1 (23549115)|HEAP_ALLOCATE|[70]|Bytes:7
21:10:44.1 (23556392)|VARIABLE_SCOPE_BEGIN|[70]|dataType|String|false|false
21:10:44.1 (23565630)|VARIABLE_ASSIGNMENT|[70]|dataType|"ADDRESS"
21:10:44.1 (23569907)|STATEMENT_EXECUTE|[71]
21:10:44.1 (23572044)|VARIABLE_SCOPE_BEGIN|[71]|objName|String|false|false
21:10:44.1 (23578709)|VARIABLE_ASSIGNMENT|[71]|objName|""
21:10:44.1 (23588462)|STATEMENT_EXECUTE|[78]
21:10:44.1 (23592670)|HEAP_ALLOCATE|[78]|Bytes:26
21:10:44.1 (23599677)|HEAP_ALLOCATE|[EXTERNAL]|Bytes:4
21:10:44.1 (23603600)|STATEMENT_EXECUTE|[79]
21:10:44.1 (23619465)|HEAP_ALLOCATE|[EXTERNAL]|Bytes:4
21:10:44.1 (23631117)|HEAP_ALLOCATE|[64]|Bytes:5
21:10:44.1 (23642245)|VARIABLE_SCOPE_BEGIN|[64]|s1|Schema.SObjectField|true|false
21:10:44.1 (23691889)|VARIABLE_ASSIGNMENT|[64]|s1|"common.apex.runtime.impl.ApexFieldToken@5d298234"|0x5d298234
21:10:44.1 (23698672)|STATEMENT_EXECUTE|[64]
21:10:44.1 (23699733)|STATEMENT_EXECUTE|[65]
21:10:44.1 (23703113)|HEAP_ALLOCATE|[65]|Bytes:4
21:10:44.1 (23712614)|VARIABLE_SCOPE_BEGIN|[65]|l|List<String>|true|false
21:10:44.1 (23728826)|HEAP_ALLOCATE|[EXTERNAL]|Bytes:4
21:10:44.1 (23739529)|VARIABLE_ASSIGNMENT|[65]|l|[]|0x30dc2cd9
21:10:44.1 (23744510)|STATEMENT_EXECUTE|[66]
21:10:44.1 (23768471)|HEAP_ALLOCATE|[66]|Bytes:14
21:10:44.1 (23778376)|VARIABLE_SCOPE_BEGIN|[66]|field|String|false|false
21:10:44.1 (23787554)|VARIABLE_ASSIGNMENT|[66]|field|"ShippingStreet"
21:10:44.1 (23791201)|STATEMENT_EXECUTE|[68]
21:10:44.1 (24119247)|HEAP_ALLOCATE|[68]|Bytes:8
21:10:44.1 (24134779)|HEAP_ALLOCATE|[68]|Bytes:14
21:10:44.1 (24149532)|HEAP_ALLOCATE|[68]|Bytes:14
21:10:44.1 (24160466)|HEAP_ALLOCATE|[EXTERNAL]|Bytes:4
21:10:44.1 (24165084)|STATEMENT_EXECUTE|[70]
21:10:44.1 (24189033)|HEAP_ALLOCATE|[70]|Bytes:8
21:10:44.1 (24211349)|HEAP_ALLOCATE|[70]|Bytes:12
21:10:44.1 (24226166)|HEAP_ALLOCATE|[70]|Bytes:8
21:10:44.1 (24233830)|VARIABLE_SCOPE_BEGIN|[70]|dataType|String|false|false
21:10:44.1 (24243980)|VARIABLE_ASSIGNMENT|[70]|dataType|"TEXTAREA"
21:10:44.1 (24248801)|STATEMENT_EXECUTE|[71]
21:10:44.1 (24252029)|VARIABLE_SCOPE_BEGIN|[71]|objName|String|false|false
21:10:44.1 (24258752)|VARIABLE_ASSIGNMENT|[71]|objName|""
21:10:44.1 (24269819)|STATEMENT_EXECUTE|[78]
21:10:44.1 (24274505)|HEAP_ALLOCATE|[78]|Bytes:27
21:10:44.1 (24282043)|HEAP_ALLOCATE|[EXTERNAL]|Bytes:4
21:10:44.1 (24286057)|STATEMENT_EXECUTE|[79]
21:10:44.1 (24303790)|HEAP_ALLOCATE|[EXTERNAL]|Bytes:4
21:10:44.1 (24315251)|HEAP_ALLOCATE|[64]|Bytes:5
21:10:44.1 (24327602)|VARIABLE_SCOPE_BEGIN|[64]|s1|Schema.SObjectField|true|false
21:10:44.1 (24379651)|VARIABLE_ASSIGNMENT|[64]|s1|"common.apex.runtime.impl.ApexFieldToken@70b74b40"|0x70b74b40
21:10:44.1 (24386769)|STATEMENT_EXECUTE|[64]
21:10:44.1 (24387682)|STATEMENT_EXECUTE|[65]
21:10:44.1 (24390970)|HEAP_ALLOCATE|[65]|Bytes:4
21:10:44.1 (24400869)|VARIABLE_SCOPE_BEGIN|[65]|l|List<String>|true|false
21:10:44.1 (24419149)|HEAP_ALLOCATE|[EXTERNAL]|Bytes:4
21:10:44.1 (24425979)|VARIABLE_ASSIGNMENT|[65]|l|[]|0x7011af38
21:10:44.1 (24430524)|STATEMENT_EXECUTE|[66]
21:10:44.1 (24453154)|HEAP_ALLOCATE|[66]|Bytes:12
21:10:44.1 (24462441)|VARIABLE_SCOPE_BEGIN|[66]|field|String|false|false
21:10:44.1 (24471281)|VARIABLE_ASSIGNMENT|[66]|field|"ShippingCity"
21:10:44.1 (24475584)|STATEMENT_EXECUTE|[68]
21:10:44.1 (24556529)|HEAP_ALLOCATE|[68]|Bytes:8
21:10:44.1 (24567843)|HEAP_ALLOCATE|[68]|Bytes:12
21:10:44.1 (24580489)|HEAP_ALLOCATE|[68]|Bytes:12
21:10:44.1 (24590254)|HEAP_ALLOCATE|[EXTERNAL]|Bytes:4
21:10:44.1 (24594371)|STATEMENT_EXECUTE|[70]
21:10:44.1 (24618287)|HEAP_ALLOCATE|[70]|Bytes:8
21:10:44.1 (24639398)|HEAP_ALLOCATE|[70]|Bytes:12
21:10:44.1 (24653816)|HEAP_ALLOCATE|[70]|Bytes:6
21:10:44.1 (24661542)|VARIABLE_SCOPE_BEGIN|[70]|dataType|String|false|false
21:10:44.1 (24671698)|VARIABLE_ASSIGNMENT|[70]|dataType|"STRING"
21:10:44.1 (24675700)|STATEMENT_EXECUTE|[71]
21:10:44.1 (24677875)|VARIABLE_SCOPE_BEGIN|[71]|objName|String|false|false
21:10:44.1 (24686847)|VARIABLE_ASSIGNMENT|[71]|objName|""
21:10:44.1 (24697190)|STATEMENT_EXECUTE|[78]
21:10:44.1 (24701789)|HEAP_ALLOCATE|[78]|Bytes:23
21:10:44.1 (24711282)|HEAP_ALLOCATE|[EXTERNAL]|Bytes:4
21:10:44.1 (24717601)|STATEMENT_EXECUTE|[79]
21:10:44.1 (24745322)|HEAP_ALLOCATE|[EXTERNAL]|Bytes:4
21:10:44.1 (24762323)|HEAP_ALLOCATE|[64]|Bytes:5
21:10:44.1 (24781647)|VARIABLE_SCOPE_BEGIN|[64]|s1|Schema.SObjectField|true|false
21:10:44.1 (24837184)|VARIABLE_ASSIGNMENT|[64]|s1|"common.apex.runtime.impl.ApexFieldToken@62b08f43"|0x62b08f43
21:10:44.1 (24844692)|STATEMENT_EXECUTE|[64]
21:10:44.1 (24845693)|STATEMENT_EXECUTE|[65]
21:10:44.1 (24849306)|HEAP_ALLOCATE|[65]|Bytes:4
21:10:44.1 (24859305)|VARIABLE_SCOPE_BEGIN|[65]|l|List<String>|true|false
21:10:44.1 (24879035)|HEAP_ALLOCATE|[EXTERNAL]|Bytes:4
21:10:44.1 (24886000)|VARIABLE_ASSIGNMENT|[65]|l|[]|0xeb61756
21:10:44.1 (24890911)|STATEMENT_EXECUTE|[66]
21:10:44.1 (24914880)|HEAP_ALLOCATE|[66]|Bytes:13
21:10:44.1 (24924784)|VARIABLE_SCOPE_BEGIN|[66]|field|String|false|false
21:10:44.1 (24934064)|VARIABLE_ASSIGNMENT|[66]|field|"ShippingState"
21:10:44.1 (24937925)|STATEMENT_EXECUTE|[68]
21:10:44.1 (25019001)|HEAP_ALLOCATE|[68]|Bytes:8
21:10:44.1 (25031797)|HEAP_ALLOCATE|[68]|Bytes:13
21:10:44.1 (25044366)|HEAP_ALLOCATE|[68]|Bytes:13
21:10:44.1 (25054332)|HEAP_ALLOCATE|[EXTERNAL]|Bytes:4
21:10:44.1 (25058468)|STATEMENT_EXECUTE|[70]
21:10:44.1 (25090528)|HEAP_ALLOCATE|[70]|Bytes:8
21:10:44.1 (25121119)|HEAP_ALLOCATE|[70]|Bytes:12
21:10:44.1 (25138183)|HEAP_ALLOCATE|[70]|Bytes:6
21:10:44.1 (25146324)|VARIABLE_SCOPE_BEGIN|[70]|dataType|String|false|false
21:10:44.1 (25155974)|VARIABLE_ASSIGNMENT|[70]|dataType|"STRING"
21:10:44.1 (25159832)|STATEMENT_EXECUTE|[71]
21:10:44.1 (25162184)|VARIABLE_SCOPE_BEGIN|[71]|objName|String|false|false
21:10:44.1 (25168858)|VARIABLE_ASSIGNMENT|[71]|objName|""
21:10:44.1 (25179281)|STATEMENT_EXECUTE|[78]
21:10:44.1 (25183747)|HEAP_ALLOCATE|[78]|Bytes:24
21:10:44.1 (25190765)|HEAP_ALLOCATE|[EXTERNAL]|Bytes:4
21:10:44.1 (25194994)|STATEMENT_EXECUTE|[79]
21:10:44.1 (25212648)|HEAP_ALLOCATE|[EXTERNAL]|Bytes:4
21:10:44.1 (25225619)|HEAP_ALLOCATE|[64]|Bytes:5
21:10:44.1 (25238627)|VARIABLE_SCOPE_BEGIN|[64]|s1|Schema.SObjectField|true|false
21:10:44.1 (25291032)|VARIABLE_ASSIGNMENT|[64]|s1|"common.apex.runtime.impl.ApexFieldToken@1a29b57a"|0x1a29b57a
21:10:44.1 (25298181)|STATEMENT_EXECUTE|[64]
21:10:44.1 (25299128)|STATEMENT_EXECUTE|[65]
21:10:44.1 (25302628)|HEAP_ALLOCATE|[65]|Bytes:4
21:10:44.1 (25312555)|VARIABLE_SCOPE_BEGIN|[65]|l|List<String>|true|false
21:10:44.1 (25329342)|HEAP_ALLOCATE|[EXTERNAL]|Bytes:4
21:10:44.1 (25336812)|VARIABLE_ASSIGNMENT|[65]|l|[]|0x508ca7da
21:10:44.1 (25342103)|STATEMENT_EXECUTE|[66]
21:10:44.1 (25367207)|HEAP_ALLOCATE|[66]|Bytes:18
21:10:44.1 (25377377)|VARIABLE_SCOPE_BEGIN|[66]|field|String|false|false
21:10:44.1 (25386627)|VARIABLE_ASSIGNMENT|[66]|field|"ShippingPostalCode"
21:10:44.1 (25390307)|STATEMENT_EXECUTE|[68]
21:10:44.1 (25470855)|HEAP_ALLOCATE|[68]|Bytes:8
21:10:44.1 (25482208)|HEAP_ALLOCATE|[68]|Bytes:18
21:10:44.1 (25494532)|HEAP_ALLOCATE|[68]|Bytes:18
21:10:44.1 (25504139)|HEAP_ALLOCATE|[EXTERNAL]|Bytes:4
21:10:44.1 (25508755)|STATEMENT_EXECUTE|[70]
21:10:44.1 (25531376)|HEAP_ALLOCATE|[70]|Bytes:8
21:10:44.1 (25551685)|HEAP_ALLOCATE|[70]|Bytes:12
21:10:44.1 (25566330)|HEAP_ALLOCATE|[70]|Bytes:6
21:10:44.1 (25573873)|VARIABLE_SCOPE_BEGIN|[70]|dataType|String|false|false
21:10:44.1 (25583146)|VARIABLE_ASSIGNMENT|[70]|dataType|"STRING"
21:10:44.1 (25586751)|STATEMENT_EXECUTE|[71]
21:10:44.1 (25588891)|VARIABLE_SCOPE_BEGIN|[71]|objName|String|false|false
21:10:44.1 (25595424)|VARIABLE_ASSIGNMENT|[71]|objName|""
21:10:44.1 (25606033)|STATEMENT_EXECUTE|[78]
21:10:44.1 (25610305)|HEAP_ALLOCATE|[78]|Bytes:29
21:10:44.1 (25617337)|HEAP_ALLOCATE|[EXTERNAL]|Bytes:4
21:10:44.1 (25621213)|STATEMENT_EXECUTE|[79]
21:10:44.1 (25637578)|HEAP_ALLOCATE|[EXTERNAL]|Bytes:4
21:10:44.1 (25648689)|HEAP_ALLOCATE|[64]|Bytes:5
21:10:44.1 (25660387)|VARIABLE_SCOPE_BEGIN|[64]|s1|Schema.SObjectField|true|false
21:10:44.1 (25710962)|VARIABLE_ASSIGNMENT|[64]|s1|"common.apex.runtime.impl.ApexFieldToken@b80bc29"|0xb80bc29
21:10:44.1 (25717357)|STATEMENT_EXECUTE|[64]
21:10:44.1 (25718255)|STATEMENT_EXECUTE|[65]
21:10:44.1 (25721655)|HEAP_ALLOCATE|[65]|Bytes:4
21:10:44.1 (25731683)|VARIABLE_SCOPE_BEGIN|[65]|l|List<String>|true|false
21:10:44.1 (25756468)|HEAP_ALLOCATE|[EXTERNAL]|Bytes:4
21:10:44.1 (25763552)|VARIABLE_ASSIGNMENT|[65]|l|[]|0xae95aae
21:10:44.1 (25768444)|STATEMENT_EXECUTE|[66]
21:10:44.1 (25791369)|HEAP_ALLOCATE|[66]|Bytes:15
21:10:44.1 (25800858)|VARIABLE_SCOPE_BEGIN|[66]|field|String|false|false
21:10:44.1 (25810446)|VARIABLE_ASSIGNMENT|[66]|field|"ShippingCountry"
21:10:44.1 (25815905)|STATEMENT_EXECUTE|[68]
21:10:44.1 (25893451)|HEAP_ALLOCATE|[68]|Bytes:8
21:10:44.1 (25905152)|HEAP_ALLOCATE|[68]|Bytes:15
21:10:44.1 (25917180)|HEAP_ALLOCATE|[68]|Bytes:15
21:10:44.1 (25926964)|HEAP_ALLOCATE|[EXTERNAL]|Bytes:4
21:10:44.1 (25931638)|STATEMENT_EXECUTE|[70]
21:10:44.1 (25953199)|HEAP_ALLOCATE|[70]|Bytes:8
21:10:44.1 (25974231)|HEAP_ALLOCATE|[70]|Bytes:12
21:10:44.1 (25988527)|HEAP_ALLOCATE|[70]|Bytes:6
21:10:44.1 (25995921)|VARIABLE_SCOPE_BEGIN|[70]|dataType|String|false|false
21:10:44.1 (26005514)|VARIABLE_ASSIGNMENT|[70]|dataType|"STRING"
21:10:44.1 (26010262)|STATEMENT_EXECUTE|[71]
21:10:44.1 (26012395)|VARIABLE_SCOPE_BEGIN|[71]|objName|String|false|false
21:10:44.1 (26018840)|VARIABLE_ASSIGNMENT|[71]|objName|""
21:10:44.1 (26028546)|STATEMENT_EXECUTE|[78]
21:10:44.1 (26032828)|HEAP_ALLOCATE|[78]|Bytes:26
21:10:44.1 (26039865)|HEAP_ALLOCATE|[EXTERNAL]|Bytes:4
21:10:44.1 (26044402)|STATEMENT_EXECUTE|[79]
21:10:44.1 (26061252)|HEAP_ALLOCATE|[EXTERNAL]|Bytes:4
21:10:44.1 (26072596)|HEAP_ALLOCATE|[64]|Bytes:5
21:10:44.1 (26083974)|VARIABLE_SCOPE_BEGIN|[64]|s1|Schema.SObjectField|true|false
21:10:44.1 (26133691)|VARIABLE_ASSIGNMENT|[64]|s1|"common.apex.runtime.impl.ApexFieldToken@41a71b52"|0x41a71b52
21:10:44.1 (26141110)|STATEMENT_EXECUTE|[64]
21:10:44.1 (26142021)|STATEMENT_EXECUTE|[65]
21:10:44.1 (26145428)|HEAP_ALLOCATE|[65]|Bytes:4
21:10:44.1 (26155172)|VARIABLE_SCOPE_BEGIN|[65]|l|List<String>|true|false
21:10:44.1 (26171910)|HEAP_ALLOCATE|[EXTERNAL]|Bytes:4
21:10:44.1 (26178558)|VARIABLE_ASSIGNMENT|[65]|l|[]|0x1668e8cb
21:10:44.1 (26183462)|STATEMENT_EXECUTE|[66]
21:10:44.1 (26204507)|HEAP_ALLOCATE|[66]|Bytes:16
21:10:44.1 (26214188)|VARIABLE_SCOPE_BEGIN|[66]|field|String|false|false
21:10:44.1 (26223293)|VARIABLE_ASSIGNMENT|[66]|field|"ShippingLatitude"
21:10:44.1 (26227011)|STATEMENT_EXECUTE|[68]
21:10:44.1 (26304119)|HEAP_ALLOCATE|[68]|Bytes:8
21:10:44.1 (26315346)|HEAP_ALLOCATE|[68]|Bytes:16
21:10:44.1 (26327834)|HEAP_ALLOCATE|[68]|Bytes:16
21:10:44.1 (26337577)|HEAP_ALLOCATE|[EXTERNAL]|Bytes:4
21:10:44.1 (26342594)|STATEMENT_EXECUTE|[70]
21:10:44.1 (26363669)|HEAP_ALLOCATE|[70]|Bytes:8
21:10:44.1 (26383619)|HEAP_ALLOCATE|[70]|Bytes:12
21:10:44.1 (26397636)|HEAP_ALLOCATE|[70]|Bytes:6
21:10:44.1 (26405171)|VARIABLE_SCOPE_BEGIN|[70]|dataType|String|false|false
21:10:44.1 (26414161)|VARIABLE_ASSIGNMENT|[70]|dataType|"DOUBLE"
21:10:44.1 (26418466)|STATEMENT_EXECUTE|[71]
21:10:44.1 (26420675)|VARIABLE_SCOPE_BEGIN|[71]|objName|String|false|false
21:10:44.1 (26427589)|VARIABLE_ASSIGNMENT|[71]|objName|""
21:10:44.1 (26436914)|STATEMENT_EXECUTE|[78]
21:10:44.1 (26441316)|HEAP_ALLOCATE|[78]|Bytes:27
21:10:44.1 (26447939)|HEAP_ALLOCATE|[EXTERNAL]|Bytes:4
21:10:44.1 (26452197)|STATEMENT_EXECUTE|[79]
21:10:44.1 (26468069)|HEAP_ALLOCATE|[EXTERNAL]|Bytes:4
21:10:44.1 (26478652)|HEAP_ALLOCATE|[64]|Bytes:5
21:10:44.1 (26490356)|VARIABLE_SCOPE_BEGIN|[64]|s1|Schema.SObjectField|true|false
21:10:44.1 (26539376)|VARIABLE_ASSIGNMENT|[64]|s1|"common.apex.runtime.impl.ApexFieldToken@278b5eb2"|0x278b5eb2
21:10:44.1 (26546288)|STATEMENT_EXECUTE|[64]
21:10:44.1 (26547205)|STATEMENT_EXECUTE|[65]
21:10:44.1 (26550564)|HEAP_ALLOCATE|[65]|Bytes:4
21:10:44.1 (26559987)|VARIABLE_SCOPE_BEGIN|[65]|l|List<String>|true|false
21:10:44.1 (26576724)|HEAP_ALLOCATE|[EXTERNAL]|Bytes:4
21:10:44.1 (26583190)|VARIABLE_ASSIGNMENT|[65]|l|[]|0x5c185de8
21:10:44.1 (26588031)|STATEMENT_EXECUTE|[66]
21:10:44.1 (26609018)|HEAP_ALLOCATE|[66]|Bytes:17
21:10:44.1 (26618292)|VARIABLE_SCOPE_BEGIN|[66]|field|String|false|false
21:10:44.1 (26627119)|VARIABLE_ASSIGNMENT|[66]|field|"ShippingLongitude"
21:10:44.1 (26631671)|STATEMENT_EXECUTE|[68]
21:10:44.1 (26816457)|HEAP_ALLOCATE|[68]|Bytes:8
21:10:44.1 (26830108)|HEAP_ALLOCATE|[68]|Bytes:17
21:10:44.1 (26844022)|HEAP_ALLOCATE|[68]|Bytes:17
21:10:44.1 (26854164)|HEAP_ALLOCATE|[EXTERNAL]|Bytes:4
21:10:44.1 (26858958)|STATEMENT_EXECUTE|[70]
21:10:44.1 (26882614)|HEAP_ALLOCATE|[70]|Bytes:8
21:10:44.1 (26903687)|HEAP_ALLOCATE|[70]|Bytes:12
21:10:44.1 (26918067)|HEAP_ALLOCATE|[70]|Bytes:6
21:10:44.1 (26926102)|VARIABLE_SCOPE_BEGIN|[70]|dataType|String|false|false
21:10:44.1 (26935887)|VARIABLE_ASSIGNMENT|[70]|dataType|"DOUBLE"
21:10:44.1 (26939772)|STATEMENT_EXECUTE|[71]
21:10:44.1 (26941911)|VARIABLE_SCOPE_BEGIN|[71]|objName|String|false|false
21:10:44.1 (26948514)|VARIABLE_ASSIGNMENT|[71]|objName|""
21:10:44.1 (26958255)|STATEMENT_EXECUTE|[78]
21:10:44.1 (26962814)|HEAP_ALLOCATE|[78]|Bytes:28
21:10:44.1 (26969957)|HEAP_ALLOCATE|[EXTERNAL]|Bytes:4
21:10:44.1 (26974145)|STATEMENT_EXECUTE|[79]
21:10:44.1 (26990965)|HEAP_ALLOCATE|[EXTERNAL]|Bytes:4
21:10:44.1 (27002475)|HEAP_ALLOCATE|[64]|Bytes:5
21:10:44.1 (27015686)|VARIABLE_SCOPE_BEGIN|[64]|s1|Schema.SObjectField|true|false
21:10:44.1 (27065569)|VARIABLE_ASSIGNMENT|[64]|s1|"common.apex.runtime.impl.ApexFieldToken@70debd5c"|0x70debd5c
21:10:44.1 (27072447)|STATEMENT_EXECUTE|[64]
21:10:44.1 (27073367)|STATEMENT_EXECUTE|[65]
21:10:44.1 (27076719)|HEAP_ALLOCATE|[65]|Bytes:4
21:10:44.1 (27086643)|VARIABLE_SCOPE_BEGIN|[65]|l|List<String>|true|false
21:10:44.1 (27104430)|HEAP_ALLOCATE|[EXTERNAL]|Bytes:4
21:10:44.1 (27111113)|VARIABLE_ASSIGNMENT|[65]|l|[]|0x5861abf
21:10:44.1 (27116542)|STATEMENT_EXECUTE|[66]
21:10:44.1 (27138681)|HEAP_ALLOCATE|[66]|Bytes:23
21:10:44.1 (27148039)|VARIABLE_SCOPE_BEGIN|[66]|field|String|false|false
21:10:44.1 (27158314)|VARIABLE_ASSIGNMENT|[66]|field|"ShippingGeocodeAccur (3 more) ..."
21:10:44.1 (27162458)|STATEMENT_EXECUTE|[68]
21:10:44.1 (27234896)|HEAP_ALLOCATE|[68]|Bytes:8
21:10:44.1 (27246612)|HEAP_ALLOCATE|[68]|Bytes:23
21:10:44.1 (27258627)|HEAP_ALLOCATE|[68]|Bytes:23
21:10:44.1 (27268562)|HEAP_ALLOCATE|[EXTERNAL]|Bytes:4
21:10:44.1 (27273338)|STATEMENT_EXECUTE|[70]
21:10:44.1 (27294283)|HEAP_ALLOCATE|[70]|Bytes:8
21:10:44.1 (27314578)|HEAP_ALLOCATE|[70]|Bytes:12
21:10:44.1 (27328467)|HEAP_ALLOCATE|[70]|Bytes:8
21:10:44.1 (27336356)|VARIABLE_SCOPE_BEGIN|[70]|dataType|String|false|false
21:10:44.1 (27345603)|VARIABLE_ASSIGNMENT|[70]|dataType|"PICKLIST"
21:10:44.1 (27350158)|STATEMENT_EXECUTE|[71]
21:10:44.1 (27352195)|VARIABLE_SCOPE_BEGIN|[71]|objName|String|false|false
21:10:44.1 (27359257)|VARIABLE_ASSIGNMENT|[71]|objName|""
21:10:44.1 (27368839)|STATEMENT_EXECUTE|[78]
21:10:44.1 (27373305)|HEAP_ALLOCATE|[78]|Bytes:36
21:10:44.1 (27379561)|HEAP_ALLOCATE|[EXTERNAL]|Bytes:4
21:10:44.1 (27383468)|STATEMENT_EXECUTE|[79]
21:10:44.1 (27399721)|HEAP_ALLOCATE|[EXTERNAL]|Bytes:4
21:10:44.1 (27410999)|HEAP_ALLOCATE|[64]|Bytes:5
21:10:44.1 (27421997)|VARIABLE_SCOPE_BEGIN|[64]|s1|Schema.SObjectField|true|false
21:10:44.1 (27471944)|VARIABLE_ASSIGNMENT|[64]|s1|"common.apex.runtime.impl.ApexFieldToken@7eb1369a"|0x7eb1369a
21:10:44.1 (27479065)|STATEMENT_EXECUTE|[64]
21:10:44.1 (27480002)|STATEMENT_EXECUTE|[65]
21:10:44.1 (27483237)|HEAP_ALLOCATE|[65]|Bytes:4
21:10:44.1 (27492997)|VARIABLE_SCOPE_BEGIN|[65]|l|List<String>|true|false
21:10:44.1 (27509568)|HEAP_ALLOCATE|[EXTERNAL]|Bytes:4
21:10:44.1 (27516545)|VARIABLE_ASSIGNMENT|[65]|l|[]|0x2cbe2adf
21:10:44.1 (27521660)|STATEMENT_EXECUTE|[66]
21:10:44.1 (27543330)|HEAP_ALLOCATE|[66]|Bytes:15
21:10:44.1 (27552219)|VARIABLE_SCOPE_BEGIN|[66]|field|String|false|false
21:10:44.1 (27561232)|VARIABLE_ASSIGNMENT|[66]|field|"ShippingAddress"
21:10:44.1 (27564845)|STATEMENT_EXECUTE|[68]
21:10:44.1 (27637178)|HEAP_ALLOCATE|[68]|Bytes:8
21:10:44.1 (27648205)|HEAP_ALLOCATE|[68]|Bytes:15
21:10:44.1 (27659801)|HEAP_ALLOCATE|[68]|Bytes:15
21:10:44.1 (27668859)|HEAP_ALLOCATE|[EXTERNAL]|Bytes:4
21:10:44.1 (27673608)|STATEMENT_EXECUTE|[70]
21:10:44.1 (27695093)|HEAP_ALLOCATE|[70]|Bytes:8
21:10:44.1 (27715226)|HEAP_ALLOCATE|[70]|Bytes:12
21:10:44.1 (27729308)|HEAP_ALLOCATE|[70]|Bytes:7
21:10:44.1 (27740635)|VARIABLE_SCOPE_BEGIN|[70]|dataType|String|false|false
21:10:44.1 (27750169)|VARIABLE_ASSIGNMENT|[70]|dataType|"ADDRESS"
21:10:44.1 (27754126)|STATEMENT_EXECUTE|[71]
21:10:44.1 (27756203)|VARIABLE_SCOPE_BEGIN|[71]|objName|String|false|false
21:10:44.1 (27763092)|VARIABLE_ASSIGNMENT|[71]|objName|""
21:10:44.1 (27772180)|STATEMENT_EXECUTE|[78]
21:10:44.1 (27776891)|HEAP_ALLOCATE|[78]|Bytes:27
21:10:44.1 (27783530)|HEAP_ALLOCATE|[EXTERNAL]|Bytes:4
21:10:44.1 (27787492)|STATEMENT_EXECUTE|[79]
21:10:44.1 (27806456)|HEAP_ALLOCATE|[EXTERNAL]|Bytes:4
21:10:44.1 (27822273)|HEAP_ALLOCATE|[64]|Bytes:5
21:10:44.1 (27834944)|VARIABLE_SCOPE_BEGIN|[64]|s1|Schema.SObjectField|true|false
21:10:44.1 (27885684)|VARIABLE_ASSIGNMENT|[64]|s1|"common.apex.runtime.impl.ApexFieldToken@735df95"|0x735df95
21:10:44.1 (27892601)|STATEMENT_EXECUTE|[64]
21:10:44.1 (27893756)|STATEMENT_EXECUTE|[65]
21:10:44.1 (27896917)|HEAP_ALLOCATE|[65]|Bytes:4
21:10:44.1 (27906633)|VARIABLE_SCOPE_BEGIN|[65]|l|List<String>|true|false
21:10:44.1 (27923993)|HEAP_ALLOCATE|[EXTERNAL]|Bytes:4
21:10:44.1 (27930868)|VARIABLE_ASSIGNMENT|[65]|l|[]|0x2e191878
21:10:44.1 (27935927)|STATEMENT_EXECUTE|[66]
21:10:44.1 (27959847)|HEAP_ALLOCATE|[66]|Bytes:12
21:10:44.1 (27969430)|VARIABLE_SCOPE_BEGIN|[66]|field|String|false|false
21:10:44.1 (27978898)|VARIABLE_ASSIGNMENT|[66]|field|"ContractTerm"
21:10:44.1 (27982944)|STATEMENT_EXECUTE|[68]
21:10:44.1 (28186373)|HEAP_ALLOCATE|[68]|Bytes:8
21:10:44.1 (28201767)|HEAP_ALLOCATE|[68]|Bytes:12
21:10:44.1 (28215688)|HEAP_ALLOCATE|[68]|Bytes:12
21:10:44.1 (28226221)|HEAP_ALLOCATE|[EXTERNAL]|Bytes:4
21:10:44.1 (28231096)|STATEMENT_EXECUTE|[70]
21:10:44.1 (28254505)|HEAP_ALLOCATE|[70]|Bytes:8
21:10:44.1 (28275717)|HEAP_ALLOCATE|[70]|Bytes:12
21:10:44.1 (28289648)|HEAP_ALLOCATE|[70]|Bytes:7
21:10:44.1 (28298182)|VARIABLE_SCOPE_BEGIN|[70]|dataType|String|false|false
21:10:44.1 (28308012)|VARIABLE_ASSIGNMENT|[70]|dataType|"INTEGER"
21:10:44.1 (28312983)|STATEMENT_EXECUTE|[71]
21:10:44.1 (28315925)|VARIABLE_SCOPE_BEGIN|[71]|objName|String|false|false
21:10:44.1 (28324142)|VARIABLE_ASSIGNMENT|[71]|objName|""
21:10:44.1 (28334463)|STATEMENT_EXECUTE|[78]
21:10:44.1 (28339008)|HEAP_ALLOCATE|[78]|Bytes:24
21:10:44.1 (28346022)|HEAP_ALLOCATE|[EXTERNAL]|Bytes:4
21:10:44.1 (28349903)|STATEMENT_EXECUTE|[79]
21:10:44.1 (28366966)|HEAP_ALLOCATE|[EXTERNAL]|Bytes:4
21:10:44.1 (28381257)|HEAP_ALLOCATE|[64]|Bytes:5
21:10:44.1 (28393995)|VARIABLE_SCOPE_BEGIN|[64]|s1|Schema.SObjectField|true|false
21:10:44.1 (28444507)|VARIABLE_ASSIGNMENT|[64]|s1|"common.apex.runtime.impl.ApexFieldToken@7a366f0f"|0x7a366f0f
21:10:44.1 (28452341)|STATEMENT_EXECUTE|[64]
21:10:44.1 (28453281)|STATEMENT_EXECUTE|[65]
21:10:44.1 (28456601)|HEAP_ALLOCATE|[65]|Bytes:4
21:10:44.1 (28466003)|VARIABLE_SCOPE_BEGIN|[65]|l|List<String>|true|false
21:10:44.1 (28483099)|HEAP_ALLOCATE|[EXTERNAL]|Bytes:4
21:10:44.1 (28490032)|VARIABLE_ASSIGNMENT|[65]|l|[]|0x7fc32726
21:10:44.1 (28495233)|STATEMENT_EXECUTE|[66]
21:10:44.1 (28518600)|HEAP_ALLOCATE|[66]|Bytes:7
21:10:44.1 (28528646)|VARIABLE_SCOPE_BEGIN|[66]|field|String|false|false
21:10:44.1 (28537860)|VARIABLE_ASSIGNMENT|[66]|field|"OwnerId"
21:10:44.1 (28541623)|STATEMENT_EXECUTE|[68]
21:10:44.1 (28644916)|HEAP_ALLOCATE|[68]|Bytes:8
21:10:44.1 (28657127)|HEAP_ALLOCATE|[68]|Bytes:7
21:10:44.1 (28669549)|HEAP_ALLOCATE|[68]|Bytes:7
21:10:44.1 (28679007)|HEAP_ALLOCATE|[EXTERNAL]|Bytes:4
21:10:44.1 (28684281)|STATEMENT_EXECUTE|[70]
21:10:44.1 (28707599)|HEAP_ALLOCATE|[70]|Bytes:8
21:10:44.1 (28729381)|HEAP_ALLOCATE|[70]|Bytes:12
21:10:44.1 (28749155)|HEAP_ALLOCATE|[70]|Bytes:9
21:10:44.1 (28757619)|VARIABLE_SCOPE_BEGIN|[70]|dataType|String|false|false
21:10:44.1 (28767324)|VARIABLE_ASSIGNMENT|[70]|dataType|"REFERENCE"
21:10:44.1 (28772169)|STATEMENT_EXECUTE|[71]
21:10:44.1 (28774219)|VARIABLE_SCOPE_BEGIN|[71]|objName|String|false|false
21:10:44.1 (28781236)|VARIABLE_ASSIGNMENT|[71]|objName|""
21:10:44.1 (28793265)|STATEMENT_EXECUTE|[73]
21:10:44.1 (28794235)|STATEMENT_EXECUTE|[74]
21:10:44.1 (28820062)|HEAP_ALLOCATE|[74]|Bytes:8
21:10:44.1 (28841613)|HEAP_ALLOCATE|[EXTERNAL]|Bytes:8
21:10:44.1 (28853005)|HEAP_ALLOCATE|[74]|Bytes:8
21:10:44.1 (28916904)|HEAP_ALLOCATE|[74]|Bytes:4
21:10:44.1 (28927828)|HEAP_ALLOCATE|[74]|Bytes:4
21:10:44.1 (28939498)|HEAP_ALLOCATE|[74]|Bytes:4
21:10:44.1 (28949230)|VARIABLE_ASSIGNMENT|[74]|objName|"User"
21:10:44.1 (28953390)|STATEMENT_EXECUTE|[75]
21:10:44.1 (28958035)|HEAP_ALLOCATE|[75]|Bytes:25
21:10:44.1 (28965076)|HEAP_ALLOCATE|[EXTERNAL]|Bytes:4
21:10:44.1 (28969455)|STATEMENT_EXECUTE|[79]
21:10:44.1 (28985373)|HEAP_ALLOCATE|[EXTERNAL]|Bytes:4
21:10:44.1 (28996911)|HEAP_ALLOCATE|[64]|Bytes:5
21:10:44.1 (29009213)|VARIABLE_SCOPE_BEGIN|[64]|s1|Schema.SObjectField|true|false
21:10:44.1 (29061601)|VARIABLE_ASSIGNMENT|[64]|s1|"common.apex.runtime.impl.ApexFieldToken@7f070948"|0x7f070948
21:10:44.1 (29069071)|STATEMENT_EXECUTE|[64]
21:10:44.1 (29069995)|STATEMENT_EXECUTE|[65]
21:10:44.1 (29073491)|HEAP_ALLOCATE|[65]|Bytes:4
21:10:44.1 (29083549)|VARIABLE_SCOPE_BEGIN|[65]|l|List<String>|true|false
21:10:44.1 (29100484)|HEAP_ALLOCATE|[EXTERNAL]|Bytes:4
21:10:44.1 (29107654)|VARIABLE_ASSIGNMENT|[65]|l|[]|0x6bcbe795
21:10:44.1 (29113452)|STATEMENT_EXECUTE|[66]
21:10:44.1 (29137315)|HEAP_ALLOCATE|[66]|Bytes:6
21:10:44.1 (29146832)|VARIABLE_SCOPE_BEGIN|[66]|field|String|false|false
21:10:44.1 (29155276)|VARIABLE_ASSIGNMENT|[66]|field|"Status"
21:10:44.1 (29158842)|STATEMENT_EXECUTE|[68]
21:10:44.1 (29263555)|HEAP_ALLOCATE|[68]|Bytes:8
21:10:44.1 (29276491)|HEAP_ALLOCATE|[68]|Bytes:6
21:10:44.1 (29289268)|HEAP_ALLOCATE|[68]|Bytes:6
21:10:44.1 (29299009)|HEAP_ALLOCATE|[EXTERNAL]|Bytes:4
21:10:44.1 (29303512)|STATEMENT_EXECUTE|[70]
21:10:44.1 (29326317)|HEAP_ALLOCATE|[70]|Bytes:8
21:10:44.1 (29347563)|HEAP_ALLOCATE|[70]|Bytes:12
21:10:44.1 (29361580)|HEAP_ALLOCATE|[70]|Bytes:8
21:10:44.1 (29369162)|VARIABLE_SCOPE_BEGIN|[70]|dataType|String|false|false
21:10:44.1 (29378557)|VARIABLE_ASSIGNMENT|[70]|dataType|"PICKLIST"
21:10:44.1 (29382418)|STATEMENT_EXECUTE|[71]
21:10:44.1 (29384506)|VARIABLE_SCOPE_BEGIN|[71]|objName|String|false|false
21:10:44.1 (29391018)|VARIABLE_ASSIGNMENT|[71]|objName|""
21:10:44.1 (29401689)|STATEMENT_EXECUTE|[78]
21:10:44.1 (29406065)|HEAP_ALLOCATE|[78]|Bytes:19
21:10:44.1 (29413189)|HEAP_ALLOCATE|[EXTERNAL]|Bytes:4
21:10:44.1 (29417248)|STATEMENT_EXECUTE|[79]
21:10:44.1 (29433467)|HEAP_ALLOCATE|[EXTERNAL]|Bytes:4
21:10:44.1 (29443963)|HEAP_ALLOCATE|[64]|Bytes:5
21:10:44.1 (29456158)|VARIABLE_SCOPE_BEGIN|[64]|s1|Schema.SObjectField|true|false
21:10:44.1 (29506640)|VARIABLE_ASSIGNMENT|[64]|s1|"common.apex.runtime.impl.ApexFieldToken@875e5d4"|0x875e5d4
21:10:44.1 (29513829)|STATEMENT_EXECUTE|[64]
21:10:44.1 (29514759)|STATEMENT_EXECUTE|[65]
21:10:44.1 (29518190)|HEAP_ALLOCATE|[65]|Bytes:4
21:10:44.1 (29527681)|VARIABLE_SCOPE_BEGIN|[65]|l|List<String>|true|false
21:10:44.1 (29544195)|HEAP_ALLOCATE|[EXTERNAL]|Bytes:4
21:10:44.1 (29551076)|VARIABLE_ASSIGNMENT|[65]|l|[]|0xad28df7
21:10:44.1 (29555780)|STATEMENT_EXECUTE|[66]
21:10:44.1 (29586177)|HEAP_ALLOCATE|[66]|Bytes:15
21:10:44.1 (29596694)|VARIABLE_SCOPE_BEGIN|[66]|field|String|false|false
21:10:44.1 (29605830)|VARIABLE_ASSIGNMENT|[66]|field|"CompanySignedId"
21:10:44.1 (29609439)|STATEMENT_EXECUTE|[68]
21:10:44.1 (29754073)|HEAP_ALLOCATE|[68]|Bytes:8
21:10:44.1 (29767239)|HEAP_ALLOCATE|[68]|Bytes:15
21:10:44.1 (29780190)|HEAP_ALLOCATE|[68]|Bytes:15
21:10:44.1 (29789888)|HEAP_ALLOCATE|[EXTERNAL]|Bytes:4
21:10:44.1 (29795035)|STATEMENT_EXECUTE|[70]
21:10:44.1 (29820076)|HEAP_ALLOCATE|[70]|Bytes:8
21:10:44.1 (29841556)|HEAP_ALLOCATE|[70]|Bytes:12
21:10:44.1 (29855652)|HEAP_ALLOCATE|[70]|Bytes:9
21:10:44.1 (29863596)|VARIABLE_SCOPE_BEGIN|[70]|dataType|String|false|false
21:10:44.1 (29873087)|VARIABLE_ASSIGNMENT|[70]|dataType|"REFERENCE"
21:10:44.1 (29877317)|STATEMENT_EXECUTE|[71]
21:10:44.1 (29879458)|VARIABLE_SCOPE_BEGIN|[71]|objName|String|false|false
21:10:44.1 (29886072)|VARIABLE_ASSIGNMENT|[71]|objName|""
21:10:44.1 (29897811)|STATEMENT_EXECUTE|[73]
21:10:44.1 (29898742)|STATEMENT_EXECUTE|[74]
21:10:44.1 (29922715)|HEAP_ALLOCATE|[74]|Bytes:8
21:10:44.1 (29941649)|HEAP_ALLOCATE|[EXTERNAL]|Bytes:8
21:10:44.1 (29951612)|HEAP_ALLOCATE|[74]|Bytes:8
21:10:44.1 (29967963)|HEAP_ALLOCATE|[74]|Bytes:4
21:10:44.1 (29975790)|HEAP_ALLOCATE|[74]|Bytes:4
21:10:44.1 (29987143)|HEAP_ALLOCATE|[74]|Bytes:4
21:10:44.1 (29995689)|VARIABLE_ASSIGNMENT|[74]|objName|"User"
21:10:44.1 (29999922)|STATEMENT_EXECUTE|[75]
21:10:44.1 (30004319)|HEAP_ALLOCATE|[75]|Bytes:33
21:10:44.1 (30011865)|HEAP_ALLOCATE|[EXTERNAL]|Bytes:4
21:10:44.1 (30016399)|STATEMENT_EXECUTE|[79]
21:10:44.1 (30031624)|HEAP_ALLOCATE|[EXTERNAL]|Bytes:4
21:10:44.1 (30043125)|HEAP_ALLOCATE|[64]|Bytes:5
21:10:44.1 (30054474)|VARIABLE_SCOPE_BEGIN|[64]|s1|Schema.SObjectField|true|false
21:10:44.1 (30105511)|VARIABLE_ASSIGNMENT|[64]|s1|"common.apex.runtime.impl.ApexFieldToken@21155a38"|0x21155a38
21:10:44.1 (30112924)|STATEMENT_EXECUTE|[64]
21:10:44.1 (30113800)|STATEMENT_EXECUTE|[65]
21:10:44.1 (30117342)|HEAP_ALLOCATE|[65]|Bytes:4
21:10:44.1 (30127466)|VARIABLE_SCOPE_BEGIN|[65]|l|List<String>|true|false
21:10:44.1 (30143566)|HEAP_ALLOCATE|[EXTERNAL]|Bytes:4
21:10:44.1 (30150115)|VARIABLE_ASSIGNMENT|[65]|l|[]|0x391c48c9
21:10:44.1 (30154788)|STATEMENT_EXECUTE|[66]
21:10:44.1 (30178576)|HEAP_ALLOCATE|[66]|Bytes:17
21:10:44.1 (30188194)|VARIABLE_SCOPE_BEGIN|[66]|field|String|false|false
21:10:44.1 (30197600)|VARIABLE_ASSIGNMENT|[66]|field|"CompanySignedDate"
21:10:44.1 (30201294)|STATEMENT_EXECUTE|[68]
21:10:44.1 (30304716)|HEAP_ALLOCATE|[68]|Bytes:8
21:10:44.1 (30316952)|HEAP_ALLOCATE|[68]|Bytes:17
21:10:44.1 (30329700)|HEAP_ALLOCATE|[68]|Bytes:17
21:10:44.1 (30339348)|HEAP_ALLOCATE|[EXTERNAL]|Bytes:4
21:10:44.1 (30344111)|STATEMENT_EXECUTE|[70]
21:10:44.1 (30366027)|HEAP_ALLOCATE|[70]|Bytes:8
21:10:44.1 (30386574)|HEAP_ALLOCATE|[70]|Bytes:12
21:10:44.1 (30401107)|HEAP_ALLOCATE|[70]|Bytes:4
21:10:44.1 (30408996)|VARIABLE_SCOPE_BEGIN|[70]|dataType|String|false|false
21:10:44.1 (30418357)|VARIABLE_ASSIGNMENT|[70]|dataType|"DATE"
21:10:44.1 (30422116)|STATEMENT_EXECUTE|[71]
21:10:44.1 (30424188)|VARIABLE_SCOPE_BEGIN|[71]|objName|String|false|false
21:10:44.1 (30430619)|VARIABLE_ASSIGNMENT|[71]|objName|""
21:10:44.1 (30440659)|STATEMENT_EXECUTE|[78]
21:10:44.1 (30444815)|HEAP_ALLOCATE|[78]|Bytes:26
21:10:44.1 (30452324)|HEAP_ALLOCATE|[EXTERNAL]|Bytes:4
21:10:44.1 (30456823)|STATEMENT_EXECUTE|[79]
21:10:44.1 (30473358)|HEAP_ALLOCATE|[EXTERNAL]|Bytes:4
21:10:44.1 (30484083)|HEAP_ALLOCATE|[64]|Bytes:5
21:10:44.1 (30496313)|VARIABLE_SCOPE_BEGIN|[64]|s1|Schema.SObjectField|true|false
21:10:44.1 (30548803)|VARIABLE_ASSIGNMENT|[64]|s1|"common.apex.runtime.impl.ApexFieldToken@68921702"|0x68921702
21:10:44.1 (30556104)|STATEMENT_EXECUTE|[64]
21:10:44.1 (30557041)|STATEMENT_EXECUTE|[65]
21:10:44.1 (30560100)|HEAP_ALLOCATE|[65]|Bytes:4
21:10:44.1 (30569584)|VARIABLE_SCOPE_BEGIN|[65]|l|List<String>|true|false
21:10:44.1 (30585919)|HEAP_ALLOCATE|[EXTERNAL]|Bytes:4
21:10:44.1 (30592911)|VARIABLE_ASSIGNMENT|[65]|l|[]|0x7e1c3dee
21:10:44.1 (30597983)|STATEMENT_EXECUTE|[66]
21:10:44.1 (30630390)|HEAP_ALLOCATE|[66]|Bytes:16
21:10:44.1 (30640946)|VARIABLE_SCOPE_BEGIN|[66]|field|String|false|false
21:10:44.1 (30650587)|VARIABLE_ASSIGNMENT|[66]|field|"CustomerSignedId"
21:10:44.1 (30654456)|STATEMENT_EXECUTE|[68]
21:10:44.1 (30791296)|HEAP_ALLOCATE|[68]|Bytes:8
21:10:44.1 (30804498)|HEAP_ALLOCATE|[68]|Bytes:16
21:10:44.1 (30820061)|HEAP_ALLOCATE|[68]|Bytes:16
21:10:44.1 (30831044)|HEAP_ALLOCATE|[EXTERNAL]|Bytes:4
21:10:44.1 (30836057)|STATEMENT_EXECUTE|[70]
21:10:44.1 (30859490)|HEAP_ALLOCATE|[70]|Bytes:8
21:10:44.1 (30880501)|HEAP_ALLOCATE|[70]|Bytes:12
21:10:44.1 (30894811)|HEAP_ALLOCATE|[70]|Bytes:9
21:10:44.1 (30903010)|VARIABLE_SCOPE_BEGIN|[70]|dataType|String|false|false
21:10:44.1 (30917134)|VARIABLE_ASSIGNMENT|[70]|dataType|"REFERENCE"
21:10:44.1 (30923142)|STATEMENT_EXECUTE|[71]
21:10:44.1 (30926171)|VARIABLE_SCOPE_BEGIN|[71]|objName|String|false|false
21:10:44.1 (30936813)|VARIABLE_ASSIGNMENT|[71]|objName|""
21:10:44.1 (30953082)|STATEMENT_EXECUTE|[73]
21:10:44.1 (30954142)|STATEMENT_EXECUTE|[74]
21:10:44.1 (30982268)|HEAP_ALLOCATE|[74]|Bytes:8
21:10:44.1 (31002293)|HEAP_ALLOCATE|[EXTERNAL]|Bytes:8
21:10:44.1 (31013644)|HEAP_ALLOCATE|[74]|Bytes:8
21:10:44.1 (31109423)|HEAP_ALLOCATE|[74]|Bytes:4
21:10:44.1 (31120848)|HEAP_ALLOCATE|[74]|Bytes:7
21:10:44.1 (31133448)|HEAP_ALLOCATE|[74]|Bytes:7
21:10:44.1 (31144040)|VARIABLE_ASSIGNMENT|[74]|objName|"Contact"
21:10:44.1 (31148474)|STATEMENT_EXECUTE|[75]
21:10:44.1 (31153019)|HEAP_ALLOCATE|[75]|Bytes:37
21:10:44.1 (31160230)|HEAP_ALLOCATE|[EXTERNAL]|Bytes:4
21:10:44.1 (31165082)|STATEMENT_EXECUTE|[79]
21:10:44.1 (31181816)|HEAP_ALLOCATE|[EXTERNAL]|Bytes:4
21:10:44.1 (31193408)|HEAP_ALLOCATE|[64]|Bytes:5
21:10:44.1 (31206514)|VARIABLE_SCOPE_BEGIN|[64]|s1|Schema.SObjectField|true|false
21:10:44.1 (31259151)|VARIABLE_ASSIGNMENT|[64]|s1|"common.apex.runtime.impl.ApexFieldToken@2f981e11"|0x2f981e11
21:10:44.1 (31266414)|STATEMENT_EXECUTE|[64]
21:10:44.1 (31267644)|STATEMENT_EXECUTE|[65]
21:10:44.1 (31271024)|HEAP_ALLOCATE|[65]|Bytes:4
21:10:44.1 (31280813)|VARIABLE_SCOPE_BEGIN|[65]|l|List<String>|true|false
21:10:44.1 (31297258)|HEAP_ALLOCATE|[EXTERNAL]|Bytes:4
21:10:44.1 (31303920)|VARIABLE_ASSIGNMENT|[65]|l|[]|0x14011596
21:10:44.1 (31309360)|STATEMENT_EXECUTE|[66]
21:10:44.1 (31333374)|HEAP_ALLOCATE|[66]|Bytes:19
21:10:44.1 (31343414)|VARIABLE_SCOPE_BEGIN|[66]|field|String|false|false
21:10:44.1 (31352910)|VARIABLE_ASSIGNMENT|[66]|field|"CustomerSignedTitle"
21:10:44.1 (31356445)|STATEMENT_EXECUTE|[68]
21:10:44.1 (31460572)|HEAP_ALLOCATE|[68]|Bytes:8
21:10:44.1 (31473069)|HEAP_ALLOCATE|[68]|Bytes:19
21:10:44.1 (31486084)|HEAP_ALLOCATE|[68]|Bytes:19
21:10:44.1 (31495694)|HEAP_ALLOCATE|[EXTERNAL]|Bytes:4
21:10:44.1 (31500456)|STATEMENT_EXECUTE|[70]
21:10:44.1 (31523432)|HEAP_ALLOCATE|[70]|Bytes:8
21:10:44.1 (31544783)|HEAP_ALLOCATE|[70]|Bytes:12
21:10:44.1 (31559038)|HEAP_ALLOCATE|[70]|Bytes:6
21:10:44.1 (31566708)|VARIABLE_SCOPE_BEGIN|[70]|dataType|String|false|false
21:10:44.1 (31576628)|VARIABLE_ASSIGNMENT|[70]|dataType|"STRING"
21:10:44.1 (31580753)|STATEMENT_EXECUTE|[71]
21:10:44.1 (31582807)|VARIABLE_SCOPE_BEGIN|[71]|objName|String|false|false
21:10:44.1 (31590277)|VARIABLE_ASSIGNMENT|[71]|objName|""
21:10:44.1 (31600017)|STATEMENT_EXECUTE|[78]
21:10:44.1 (31604108)|HEAP_ALLOCATE|[78]|Bytes:30
21:10:44.1 (31610918)|HEAP_ALLOCATE|[EXTERNAL]|Bytes:4
21:10:44.1 (31615055)|STATEMENT_EXECUTE|[79]
21:10:44.1 (31631787)|HEAP_ALLOCATE|[EXTERNAL]|Bytes:4
21:10:44.1 (31643070)|HEAP_ALLOCATE|[64]|Bytes:5
21:10:44.1 (31654754)|VARIABLE_SCOPE_BEGIN|[64]|s1|Schema.SObjectField|true|false
21:10:44.1 (31717762)|VARIABLE_ASSIGNMENT|[64]|s1|"common.apex.runtime.impl.ApexFieldToken@8640573"|0x8640573
21:10:44.1 (31725165)|STATEMENT_EXECUTE|[64]
21:10:44.1 (31726101)|STATEMENT_EXECUTE|[65]
21:10:44.1 (31729590)|HEAP_ALLOCATE|[65]|Bytes:4
21:10:44.1 (31744670)|VARIABLE_SCOPE_BEGIN|[65]|l|List<String>|true|false
21:10:44.1 (31763010)|HEAP_ALLOCATE|[EXTERNAL]|Bytes:4
21:10:44.1 (31770202)|VARIABLE_ASSIGNMENT|[65]|l|[]|0x54e38d
21:10:44.1 (31775880)|STATEMENT_EXECUTE|[66]
21:10:44.1 (31801492)|HEAP_ALLOCATE|[66]|Bytes:18
21:10:44.1 (31812725)|VARIABLE_SCOPE_BEGIN|[66]|field|String|false|false
21:10:44.1 (31824145)|VARIABLE_ASSIGNMENT|[66]|field|"CustomerSignedDate"
21:10:44.1 (31828025)|STATEMENT_EXECUTE|[68]
21:10:44.1 (31932530)|HEAP_ALLOCATE|[68]|Bytes:8
21:10:44.1 (31944859)|HEAP_ALLOCATE|[68]|Bytes:18
21:10:44.1 (31957910)|HEAP_ALLOCATE|[68]|Bytes:18
21:10:44.1 (31967489)|HEAP_ALLOCATE|[EXTERNAL]|Bytes:4
21:10:44.1 (31973039)|STATEMENT_EXECUTE|[70]
21:10:44.1 (31996997)|HEAP_ALLOCATE|[70]|Bytes:8
21:10:44.1 (32017732)|HEAP_ALLOCATE|[70]|Bytes:12
21:10:44.1 (32032304)|HEAP_ALLOCATE|[70]|Bytes:4
21:10:44.1 (32039854)|VARIABLE_SCOPE_BEGIN|[70]|dataType|String|false|false
21:10:44.1 (32049785)|VARIABLE_ASSIGNMENT|[70]|dataType|"DATE"
21:10:44.1 (32054771)|STATEMENT_EXECUTE|[71]
21:10:44.1 (32057167)|VARIABLE_SCOPE_BEGIN|[71]|objName|String|false|false
21:10:44.1 (32064269)|VARIABLE_ASSIGNMENT|[71]|objName|""
21:10:44.1 (32074689)|STATEMENT_EXECUTE|[78]
21:10:44.1 (32078998)|HEAP_ALLOCATE|[78]|Bytes:27
21:10:44.1 (32085887)|HEAP_ALLOCATE|[EXTERNAL]|Bytes:4
21:10:44.1 (32090460)|STATEMENT_EXECUTE|[79]
21:10:44.1 (32106972)|HEAP_ALLOCATE|[EXTERNAL]|Bytes:4
21:10:44.1 (32118454)|HEAP_ALLOCATE|[64]|Bytes:5
21:10:44.1 (32130133)|VARIABLE_SCOPE_BEGIN|[64]|s1|Schema.SObjectField|true|false
21:10:44.1 (32181147)|VARIABLE_ASSIGNMENT|[64]|s1|"common.apex.runtime.impl.ApexFieldToken@3ab4add"|0x3ab4add
21:10:44.1 (32188146)|STATEMENT_EXECUTE|[64]
21:10:44.1 (32189485)|STATEMENT_EXECUTE|[65]
21:10:44.1 (32192819)|HEAP_ALLOCATE|[65]|Bytes:4
21:10:44.1 (32203274)|VARIABLE_SCOPE_BEGIN|[65]|l|List<String>|true|false
21:10:44.1 (32220153)|HEAP_ALLOCATE|[EXTERNAL]|Bytes:4
21:10:44.1 (32226679)|VARIABLE_ASSIGNMENT|[65]|l|[]|0x10adad85
21:10:44.1 (32231457)|STATEMENT_EXECUTE|[66]
21:10:44.1 (32254648)|HEAP_ALLOCATE|[66]|Bytes:12
21:10:44.1 (32264287)|VARIABLE_SCOPE_BEGIN|[66]|field|String|false|false
21:10:44.1 (32273395)|VARIABLE_ASSIGNMENT|[66]|field|"SpecialTerms"
21:10:44.1 (32277449)|STATEMENT_EXECUTE|[68]
21:10:44.1 (32379496)|HEAP_ALLOCATE|[68]|Bytes:8
21:10:44.1 (32391754)|HEAP_ALLOCATE|[68]|Bytes:12
21:10:44.1 (32404172)|HEAP_ALLOCATE|[68]|Bytes:12
21:10:44.1 (32414302)|HEAP_ALLOCATE|[EXTERNAL]|Bytes:4
21:10:44.1 (32418736)|STATEMENT_EXECUTE|[70]
21:10:44.1 (32440802)|HEAP_ALLOCATE|[70]|Bytes:8
21:10:44.1 (32462039)|HEAP_ALLOCATE|[70]|Bytes:12
21:10:44.1 (32476442)|HEAP_ALLOCATE|[70]|Bytes:8
21:10:44.1 (32483963)|VARIABLE_SCOPE_BEGIN|[70]|dataType|String|false|false
21:10:44.1 (32494093)|VARIABLE_ASSIGNMENT|[70]|dataType|"TEXTAREA"
21:10:44.1 (32498058)|STATEMENT_EXECUTE|[71]
21:10:44.1 (32500079)|VARIABLE_SCOPE_BEGIN|[71]|objName|String|false|false
21:10:44.1 (32506420)|VARIABLE_ASSIGNMENT|[71]|objName|""
21:10:44.1 (32516230)|STATEMENT_EXECUTE|[78]
21:10:44.1 (32520387)|HEAP_ALLOCATE|[78]|Bytes:25
21:10:44.1 (32527140)|HEAP_ALLOCATE|[EXTERNAL]|Bytes:4
21:10:44.1 (32531080)|STATEMENT_EXECUTE|[79]
21:10:44.1 (32547540)|HEAP_ALLOCATE|[EXTERNAL]|Bytes:4
21:10:44.1 (32558809)|HEAP_ALLOCATE|[64]|Bytes:5
21:10:44.1 (32570122)|VARIABLE_SCOPE_BEGIN|[64]|s1|Schema.SObjectField|true|false
21:10:44.1 (32620525)|VARIABLE_ASSIGNMENT|[64]|s1|"common.apex.runtime.impl.ApexFieldToken@7b7977ad"|0x7b7977ad
21:10:44.1 (32628045)|STATEMENT_EXECUTE|[64]
21:10:44.1 (32628959)|STATEMENT_EXECUTE|[65]
21:10:44.1 (32632289)|HEAP_ALLOCATE|[65]|Bytes:4
21:10:44.1 (32641931)|VARIABLE_SCOPE_BEGIN|[65]|l|List<String>|true|false
21:10:44.1 (32658886)|HEAP_ALLOCATE|[EXTERNAL]|Bytes:4
21:10:44.1 (32665661)|VARIABLE_ASSIGNMENT|[65]|l|[]|0x3e7becb6
21:10:44.1 (32670655)|STATEMENT_EXECUTE|[66]
21:10:44.1 (32692893)|HEAP_ALLOCATE|[66]|Bytes:13
21:10:44.1 (32703185)|VARIABLE_SCOPE_BEGIN|[66]|field|String|false|false
21:10:44.1 (32712771)|VARIABLE_ASSIGNMENT|[66]|field|"ActivatedById"
21:10:44.1 (32716541)|STATEMENT_EXECUTE|[68]
21:10:44.1 (32836868)|HEAP_ALLOCATE|[68]|Bytes:8
21:10:44.1 (32849382)|HEAP_ALLOCATE|[68]|Bytes:13
21:10:44.1 (32862681)|HEAP_ALLOCATE|[68]|Bytes:13
21:10:44.1 (32872446)|HEAP_ALLOCATE|[EXTERNAL]|Bytes:4
21:10:44.1 (32876877)|STATEMENT_EXECUTE|[70]
21:10:44.1 (32900036)|HEAP_ALLOCATE|[70]|Bytes:8
21:10:44.1 (32920682)|HEAP_ALLOCATE|[70]|Bytes:12
21:10:44.1 (32934989)|HEAP_ALLOCATE|[70]|Bytes:9
21:10:44.1 (32942995)|VARIABLE_SCOPE_BEGIN|[70]|dataType|String|false|false
21:10:44.1 (32952543)|VARIABLE_ASSIGNMENT|[70]|dataType|"REFERENCE"
21:10:44.1 (32956917)|STATEMENT_EXECUTE|[71]
21:10:44.1 (32958953)|VARIABLE_SCOPE_BEGIN|[71]|objName|String|false|false
21:10:44.1 (32966020)|VARIABLE_ASSIGNMENT|[71]|objName|""
21:10:44.1 (32977870)|STATEMENT_EXECUTE|[73]
21:10:44.1 (32978910)|STATEMENT_EXECUTE|[74]
21:10:44.1 (33003049)|HEAP_ALLOCATE|[74]|Bytes:8
21:10:44.1 (33023003)|HEAP_ALLOCATE|[EXTERNAL]|Bytes:8
21:10:44.1 (33033504)|HEAP_ALLOCATE|[74]|Bytes:8
21:10:44.1 (33051637)|HEAP_ALLOCATE|[74]|Bytes:4
21:10:44.1 (33062943)|HEAP_ALLOCATE|[74]|Bytes:4
21:10:44.1 (33078998)|HEAP_ALLOCATE|[74]|Bytes:4
21:10:44.1 (33089300)|VARIABLE_ASSIGNMENT|[74]|objName|"User"
21:10:44.1 (33093505)|STATEMENT_EXECUTE|[75]
21:10:44.1 (33097736)|HEAP_ALLOCATE|[75]|Bytes:31
21:10:44.1 (33104222)|HEAP_ALLOCATE|[EXTERNAL]|Bytes:4
21:10:44.1 (33108512)|STATEMENT_EXECUTE|[79]
21:10:44.1 (33124352)|HEAP_ALLOCATE|[EXTERNAL]|Bytes:4
21:10:44.1 (33135390)|HEAP_ALLOCATE|[64]|Bytes:5
21:10:44.1 (33147203)|VARIABLE_SCOPE_BEGIN|[64]|s1|Schema.SObjectField|true|false
21:10:44.1 (33198832)|VARIABLE_ASSIGNMENT|[64]|s1|"common.apex.runtime.impl.ApexFieldToken@14fe8645"|0x14fe8645
21:10:44.1 (33206046)|STATEMENT_EXECUTE|[64]
21:10:44.1 (33206976)|STATEMENT_EXECUTE|[65]
21:10:44.1 (33210510)|HEAP_ALLOCATE|[65]|Bytes:4
21:10:44.1 (33220455)|VARIABLE_SCOPE_BEGIN|[65]|l|List<String>|true|false
21:10:44.1 (33237088)|HEAP_ALLOCATE|[EXTERNAL]|Bytes:4
21:10:44.1 (33243423)|VARIABLE_ASSIGNMENT|[65]|l|[]|0x648fc249
21:10:44.1 (33248329)|STATEMENT_EXECUTE|[66]
21:10:44.1 (33270711)|HEAP_ALLOCATE|[66]|Bytes:13
21:10:44.1 (33281167)|VARIABLE_SCOPE_BEGIN|[66]|field|String|false|false
21:10:44.1 (33292169)|VARIABLE_ASSIGNMENT|[66]|field|"ActivatedDate"
21:10:44.1 (33296240)|STATEMENT_EXECUTE|[68]
21:10:44.1 (33383245)|HEAP_ALLOCATE|[68]|Bytes:8
21:10:44.1 (33394420)|HEAP_ALLOCATE|[68]|Bytes:13
21:10:44.1 (33406911)|HEAP_ALLOCATE|[68]|Bytes:13
21:10:44.1 (33416274)|HEAP_ALLOCATE|[EXTERNAL]|Bytes:4
21:10:44.1 (33420917)|STATEMENT_EXECUTE|[70]
21:10:44.1 (33443147)|HEAP_ALLOCATE|[70]|Bytes:8
21:10:44.1 (33464641)|HEAP_ALLOCATE|[70]|Bytes:12
21:10:44.1 (33478785)|HEAP_ALLOCATE|[70]|Bytes:8
21:10:44.1 (33486410)|VARIABLE_SCOPE_BEGIN|[70]|dataType|String|false|false
21:10:44.1 (33495646)|VARIABLE_ASSIGNMENT|[70]|dataType|"DATETIME"
21:10:44.1 (33499808)|STATEMENT_EXECUTE|[71]
21:10:44.1 (33501796)|VARIABLE_SCOPE_BEGIN|[71]|objName|String|false|false
21:10:44.1 (33508417)|VARIABLE_ASSIGNMENT|[71]|objName|""
21:10:44.1 (33518363)|STATEMENT_EXECUTE|[78]
21:10:44.1 (33522430)|HEAP_ALLOCATE|[78]|Bytes:26
21:10:44.1 (33528803)|HEAP_ALLOCATE|[EXTERNAL]|Bytes:4
21:10:44.1 (33532961)|STATEMENT_EXECUTE|[79]
21:10:44.1 (33549102)|HEAP_ALLOCATE|[EXTERNAL]|Bytes:4
21:10:44.1 (33559682)|HEAP_ALLOCATE|[64]|Bytes:5
21:10:44.1 (33571188)|VARIABLE_SCOPE_BEGIN|[64]|s1|Schema.SObjectField|true|false
21:10:44.1 (33624643)|VARIABLE_ASSIGNMENT|[64]|s1|"common.apex.runtime.impl.ApexFieldToken@3c194634"|0x3c194634
21:10:44.1 (33631658)|STATEMENT_EXECUTE|[64]
21:10:44.1 (33632569)|STATEMENT_EXECUTE|[65]
21:10:44.1 (33636178)|HEAP_ALLOCATE|[65]|Bytes:4
21:10:44.1 (33645959)|VARIABLE_SCOPE_BEGIN|[65]|l|List<String>|true|false
21:10:44.1 (33662745)|HEAP_ALLOCATE|[EXTERNAL]|Bytes:4
21:10:44.1 (33669852)|VARIABLE_ASSIGNMENT|[65]|l|[]|0x7ecff333
21:10:44.1 (33674739)|STATEMENT_EXECUTE|[66]
21:10:44.1 (33699477)|HEAP_ALLOCATE|[66]|Bytes:10
21:10:44.1 (33709354)|VARIABLE_SCOPE_BEGIN|[66]|field|String|false|false
21:10:44.1 (33718793)|VARIABLE_ASSIGNMENT|[66]|field|"StatusCode"
21:10:44.1 (33722554)|STATEMENT_EXECUTE|[68]
21:10:44.1 (33827716)|HEAP_ALLOCATE|[68]|Bytes:8
21:10:44.1 (33839561)|HEAP_ALLOCATE|[68]|Bytes:10
21:10:44.1 (33851922)|HEAP_ALLOCATE|[68]|Bytes:10
21:10:44.1 (33861913)|HEAP_ALLOCATE|[EXTERNAL]|Bytes:4
21:10:44.1 (33866509)|STATEMENT_EXECUTE|[70]
21:10:44.1 (33888825)|HEAP_ALLOCATE|[70]|Bytes:8
21:10:44.1 (33910100)|HEAP_ALLOCATE|[70]|Bytes:12
21:10:44.1 (33924385)|HEAP_ALLOCATE|[70]|Bytes:8
21:10:44.1 (33932108)|VARIABLE_SCOPE_BEGIN|[70]|dataType|String|false|false
21:10:44.1 (33942231)|VARIABLE_ASSIGNMENT|[70]|dataType|"PICKLIST"
21:10:44.1 (33946398)|STATEMENT_EXECUTE|[71]
21:10:44.1 (33948378)|VARIABLE_SCOPE_BEGIN|[71]|objName|String|false|false
21:10:44.1 (33956087)|VARIABLE_ASSIGNMENT|[71]|objName|""
21:10:44.1 (33965551)|STATEMENT_EXECUTE|[78]
21:10:44.1 (33969817)|HEAP_ALLOCATE|[78]|Bytes:23
21:10:44.1 (33976712)|HEAP_ALLOCATE|[EXTERNAL]|Bytes:4
21:10:44.1 (33980700)|STATEMENT_EXECUTE|[79]
21:10:44.1 (33997319)|HEAP_ALLOCATE|[EXTERNAL]|Bytes:4
21:10:44.1 (34008500)|HEAP_ALLOCATE|[64]|Bytes:5
21:10:44.1 (34021234)|VARIABLE_SCOPE_BEGIN|[64]|s1|Schema.SObjectField|true|false
21:10:44.1 (34072725)|VARIABLE_ASSIGNMENT|[64]|s1|"common.apex.runtime.impl.ApexFieldToken@653d1ec8"|0x653d1ec8
21:10:44.1 (34079607)|STATEMENT_EXECUTE|[64]
21:10:44.1 (34080634)|STATEMENT_EXECUTE|[65]
21:10:44.1 (34083842)|HEAP_ALLOCATE|[65]|Bytes:4
21:10:44.1 (34093803)|VARIABLE_SCOPE_BEGIN|[65]|l|List<String>|true|false
21:10:44.1 (34110151)|HEAP_ALLOCATE|[EXTERNAL]|Bytes:4
21:10:44.1 (34116456)|VARIABLE_ASSIGNMENT|[65]|l|[]|0x607bbc90
21:10:44.1 (34121652)|STATEMENT_EXECUTE|[66]
21:10:44.1 (34145707)|HEAP_ALLOCATE|[66]|Bytes:11
21:10:44.1 (34155310)|VARIABLE_SCOPE_BEGIN|[66]|field|String|false|false
21:10:44.1 (34164367)|VARIABLE_ASSIGNMENT|[66]|field|"Description"
21:10:44.1 (34167983)|STATEMENT_EXECUTE|[68]
21:10:44.1 (34270579)|HEAP_ALLOCATE|[68]|Bytes:8
21:10:44.1 (34282935)|HEAP_ALLOCATE|[68]|Bytes:11
21:10:44.1 (34295811)|HEAP_ALLOCATE|[68]|Bytes:11
21:10:44.1 (34305775)|HEAP_ALLOCATE|[EXTERNAL]|Bytes:4
21:10:44.1 (34310049)|STATEMENT_EXECUTE|[70]
21:10:44.1 (34332252)|HEAP_ALLOCATE|[70]|Bytes:8
21:10:44.1 (34353672)|HEAP_ALLOCATE|[70]|Bytes:12
21:10:44.1 (34368027)|HEAP_ALLOCATE|[70]|Bytes:8
21:10:44.1 (34375859)|VARIABLE_SCOPE_BEGIN|[70]|dataType|String|false|false
21:10:44.1 (34385300)|VARIABLE_ASSIGNMENT|[70]|dataType|"TEXTAREA"
21:10:44.1 (34389083)|STATEMENT_EXECUTE|[71]
21:10:44.1 (34391303)|VARIABLE_SCOPE_BEGIN|[71]|objName|String|false|false
21:10:44.1 (34397921)|VARIABLE_ASSIGNMENT|[71]|objName|""
21:10:44.1 (34408109)|STATEMENT_EXECUTE|[78]
21:10:44.1 (34412290)|HEAP_ALLOCATE|[78]|Bytes:24
21:10:44.1 (34418986)|HEAP_ALLOCATE|[EXTERNAL]|Bytes:4
21:10:44.1 (34423797)|STATEMENT_EXECUTE|[79]
21:10:44.1 (34439977)|HEAP_ALLOCATE|[EXTERNAL]|Bytes:4
21:10:44.1 (34450319)|HEAP_ALLOCATE|[64]|Bytes:5
21:10:44.1 (34462055)|VARIABLE_SCOPE_BEGIN|[64]|s1|Schema.SObjectField|true|false
21:10:44.1 (34514116)|VARIABLE_ASSIGNMENT|[64]|s1|"common.apex.runtime.impl.ApexFieldToken@5549d9dd"|0x5549d9dd
21:10:44.1 (34521548)|STATEMENT_EXECUTE|[64]
21:10:44.1 (34522476)|STATEMENT_EXECUTE|[65]
21:10:44.1 (34525873)|HEAP_ALLOCATE|[65]|Bytes:4
21:10:44.1 (34535471)|VARIABLE_SCOPE_BEGIN|[65]|l|List<String>|true|false
21:10:44.1 (34551818)|HEAP_ALLOCATE|[EXTERNAL]|Bytes:4
21:10:44.1 (34558086)|VARIABLE_ASSIGNMENT|[65]|l|[]|0x1c85c313
21:10:44.1 (34562990)|STATEMENT_EXECUTE|[66]
21:10:44.1 (34586740)|HEAP_ALLOCATE|[66]|Bytes:4
21:10:44.1 (34596344)|VARIABLE_SCOPE_BEGIN|[66]|field|String|false|false
21:10:44.1 (34604708)|VARIABLE_ASSIGNMENT|[66]|field|"Name"
21:10:44.1 (34608142)|STATEMENT_EXECUTE|[68]
21:10:44.1 (34692974)|HEAP_ALLOCATE|[68]|Bytes:8
21:10:44.1 (34704844)|HEAP_ALLOCATE|[68]|Bytes:4
21:10:44.1 (34718814)|HEAP_ALLOCATE|[68]|Bytes:4
21:10:44.1 (34729416)|HEAP_ALLOCATE|[EXTERNAL]|Bytes:4
21:10:44.1 (34734302)|STATEMENT_EXECUTE|[70]
21:10:44.1 (34761271)|HEAP_ALLOCATE|[70]|Bytes:8
21:10:44.1 (34782543)|HEAP_ALLOCATE|[70]|Bytes:12
21:10:44.1 (34796396)|HEAP_ALLOCATE|[70]|Bytes:6
21:10:44.1 (34803947)|VARIABLE_SCOPE_BEGIN|[70]|dataType|String|false|false
21:10:44.1 (34815511)|VARIABLE_ASSIGNMENT|[70]|dataType|"STRING"
21:10:44.1 (34820911)|STATEMENT_EXECUTE|[71]
21:10:44.1 (34823584)|VARIABLE_SCOPE_BEGIN|[71]|objName|String|false|false
21:10:44.1 (34830856)|VARIABLE_ASSIGNMENT|[71]|objName|""
21:10:44.1 (34840521)|STATEMENT_EXECUTE|[78]
21:10:44.1 (34844594)|HEAP_ALLOCATE|[78]|Bytes:15
21:10:44.1 (34851704)|HEAP_ALLOCATE|[EXTERNAL]|Bytes:4
21:10:44.1 (34855897)|STATEMENT_EXECUTE|[79]
21:10:44.1 (34872467)|HEAP_ALLOCATE|[EXTERNAL]|Bytes:4
21:10:44.1 (34883433)|HEAP_ALLOCATE|[64]|Bytes:5
21:10:44.1 (34895672)|VARIABLE_SCOPE_BEGIN|[64]|s1|Schema.SObjectField|true|false
21:10:44.1 (34948519)|VARIABLE_ASSIGNMENT|[64]|s1|"common.apex.runtime.impl.ApexFieldToken@35e5b19f"|0x35e5b19f
21:10:44.1 (34955759)|STATEMENT_EXECUTE|[64]
21:10:44.1 (34956666)|STATEMENT_EXECUTE|[65]
21:10:44.1 (34959850)|HEAP_ALLOCATE|[65]|Bytes:4
21:10:44.1 (34969489)|VARIABLE_SCOPE_BEGIN|[65]|l|List<String>|true|false
21:10:44.1 (34986450)|HEAP_ALLOCATE|[EXTERNAL]|Bytes:4
21:10:44.1 (34993055)|VARIABLE_ASSIGNMENT|[65]|l|[]|0x7fe2f180
21:10:44.1 (34997659)|STATEMENT_EXECUTE|[66]
21:10:44.1 (35022377)|HEAP_ALLOCATE|[66]|Bytes:9
21:10:44.1 (35033217)|VARIABLE_SCOPE_BEGIN|[66]|field|String|false|false
21:10:44.1 (35041966)|VARIABLE_ASSIGNMENT|[66]|field|"IsDeleted"
21:10:44.1 (35045806)|STATEMENT_EXECUTE|[68]
21:10:44.1 (35128504)|HEAP_ALLOCATE|[68]|Bytes:8
21:10:44.1 (35140715)|HEAP_ALLOCATE|[68]|Bytes:9
21:10:44.1 (35152611)|HEAP_ALLOCATE|[68]|Bytes:9
21:10:44.1 (35162817)|HEAP_ALLOCATE|[EXTERNAL]|Bytes:4
21:10:44.1 (35167052)|STATEMENT_EXECUTE|[70]
21:10:44.1 (35189986)|HEAP_ALLOCATE|[70]|Bytes:8
21:10:44.1 (35210592)|HEAP_ALLOCATE|[70]|Bytes:12
21:10:44.1 (35226000)|HEAP_ALLOCATE|[70]|Bytes:7
21:10:44.1 (35233708)|VARIABLE_SCOPE_BEGIN|[70]|dataType|String|false|false
21:10:44.1 (35243478)|VARIABLE_ASSIGNMENT|[70]|dataType|"BOOLEAN"
21:10:44.1 (35247455)|STATEMENT_EXECUTE|[71]
21:10:44.1 (35249595)|VARIABLE_SCOPE_BEGIN|[71]|objName|String|false|false
21:10:44.1 (35256344)|VARIABLE_ASSIGNMENT|[71]|objName|""
21:10:44.1 (35265290)|STATEMENT_EXECUTE|[78]
21:10:44.1 (35269506)|HEAP_ALLOCATE|[78]|Bytes:21
21:10:44.1 (35276677)|HEAP_ALLOCATE|[EXTERNAL]|Bytes:4
21:10:44.1 (35280783)|STATEMENT_EXECUTE|[79]
21:10:44.1 (35297436)|HEAP_ALLOCATE|[EXTERNAL]|Bytes:4
21:10:44.1 (35308206)|HEAP_ALLOCATE|[64]|Bytes:5
21:10:44.1 (35319897)|VARIABLE_SCOPE_BEGIN|[64]|s1|Schema.SObjectField|true|false
21:10:44.1 (35369434)|VARIABLE_ASSIGNMENT|[64]|s1|"common.apex.runtime.impl.ApexFieldToken@433b79f1"|0x433b79f1
21:10:44.1 (35376714)|STATEMENT_EXECUTE|[64]
21:10:44.1 (35377666)|STATEMENT_EXECUTE|[65]
21:10:44.1 (35380815)|HEAP_ALLOCATE|[65]|Bytes:4
21:10:44.1 (35390525)|VARIABLE_SCOPE_BEGIN|[65]|l|List<String>|true|false
21:10:44.1 (35406461)|HEAP_ALLOCATE|[EXTERNAL]|Bytes:4
21:10:44.1 (35412806)|VARIABLE_ASSIGNMENT|[65]|l|[]|0x40ae8849
21:10:44.1 (35417678)|STATEMENT_EXECUTE|[66]
21:10:44.1 (35441017)|HEAP_ALLOCATE|[66]|Bytes:14
21:10:44.1 (35450742)|VARIABLE_SCOPE_BEGIN|[66]|field|String|false|false
21:10:44.1 (35459849)|VARIABLE_ASSIGNMENT|[66]|field|"ContractNumber"
21:10:44.1 (35463627)|STATEMENT_EXECUTE|[68]
21:10:44.1 (35546525)|HEAP_ALLOCATE|[68]|Bytes:8
21:10:44.1 (35558361)|HEAP_ALLOCATE|[68]|Bytes:14
21:10:44.1 (35570694)|HEAP_ALLOCATE|[68]|Bytes:14
21:10:44.1 (35580486)|HEAP_ALLOCATE|[EXTERNAL]|Bytes:4
21:10:44.1 (35584955)|STATEMENT_EXECUTE|[70]
21:10:44.1 (35606616)|HEAP_ALLOCATE|[70]|Bytes:8
21:10:44.1 (35627117)|HEAP_ALLOCATE|[70]|Bytes:12
21:10:44.1 (35641136)|HEAP_ALLOCATE|[70]|Bytes:6
21:10:44.1 (35648771)|VARIABLE_SCOPE_BEGIN|[70]|dataType|String|false|false
21:10:44.1 (35657834)|VARIABLE_ASSIGNMENT|[70]|dataType|"STRING"
21:10:44.1 (35661979)|STATEMENT_EXECUTE|[71]
21:10:44.1 (35664003)|VARIABLE_SCOPE_BEGIN|[71]|objName|String|false|false
21:10:44.1 (35670805)|VARIABLE_ASSIGNMENT|[71]|objName|""
21:10:44.1 (35680157)|STATEMENT_EXECUTE|[78]
21:10:44.1 (35684399)|HEAP_ALLOCATE|[78]|Bytes:25
21:10:44.1 (35691684)|HEAP_ALLOCATE|[EXTERNAL]|Bytes:4
21:10:44.1 (35695679)|STATEMENT_EXECUTE|[79]
21:10:44.1 (35711898)|HEAP_ALLOCATE|[EXTERNAL]|Bytes:4
21:10:44.1 (35722456)|HEAP_ALLOCATE|[64]|Bytes:5
21:10:44.1 (35734143)|VARIABLE_SCOPE_BEGIN|[64]|s1|Schema.SObjectField|true|false
21:10:44.1 (35788435)|VARIABLE_ASSIGNMENT|[64]|s1|"common.apex.runtime.impl.ApexFieldToken@4efdf400"|0x4efdf400
21:10:44.1 (35795462)|STATEMENT_EXECUTE|[64]
21:10:44.1 (35796424)|STATEMENT_EXECUTE|[65]
21:10:44.1 (35799653)|HEAP_ALLOCATE|[65]|Bytes:4
21:10:44.1 (35809733)|VARIABLE_SCOPE_BEGIN|[65]|l|List<String>|true|false
21:10:44.1 (35827859)|HEAP_ALLOCATE|[EXTERNAL]|Bytes:4
21:10:44.1 (35834556)|VARIABLE_ASSIGNMENT|[65]|l|[]|0x398be5de
21:10:44.1 (35839266)|STATEMENT_EXECUTE|[66]
21:10:44.1 (35864433)|HEAP_ALLOCATE|[66]|Bytes:16
21:10:44.1 (35874218)|VARIABLE_SCOPE_BEGIN|[66]|field|String|false|false
21:10:44.1 (35883601)|VARIABLE_ASSIGNMENT|[66]|field|"LastApprovedDate"
21:10:44.1 (35887751)|STATEMENT_EXECUTE|[68]
21:10:44.1 (35979871)|HEAP_ALLOCATE|[68]|Bytes:8
21:10:44.1 (35992179)|HEAP_ALLOCATE|[68]|Bytes:16
21:10:44.1 (36004565)|HEAP_ALLOCATE|[68]|Bytes:16
21:10:44.1 (36015326)|HEAP_ALLOCATE|[EXTERNAL]|Bytes:4
21:10:44.1 (36019566)|STATEMENT_EXECUTE|[70]
21:10:44.1 (36042577)|HEAP_ALLOCATE|[70]|Bytes:8
21:10:44.1 (36062822)|HEAP_ALLOCATE|[70]|Bytes:12
21:10:44.1 (36077111)|HEAP_ALLOCATE|[70]|Bytes:8
21:10:44.1 (36084791)|VARIABLE_SCOPE_BEGIN|[70]|dataType|String|false|false
21:10:44.1 (36094209)|VARIABLE_ASSIGNMENT|[70]|dataType|"DATETIME"
21:10:44.1 (36098121)|STATEMENT_EXECUTE|[71]
21:10:44.1 (36100214)|VARIABLE_SCOPE_BEGIN|[71]|objName|String|false|false
21:10:44.1 (36106735)|VARIABLE_ASSIGNMENT|[71]|objName|""
21:10:44.1 (36117202)|STATEMENT_EXECUTE|[78]
21:10:44.1 (36121682)|HEAP_ALLOCATE|[78]|Bytes:29
21:10:44.1 (36128911)|HEAP_ALLOCATE|[EXTERNAL]|Bytes:4
21:10:44.1 (36133060)|STATEMENT_EXECUTE|[79]
21:10:44.1 (36149332)|HEAP_ALLOCATE|[EXTERNAL]|Bytes:4
21:10:44.1 (36160304)|HEAP_ALLOCATE|[64]|Bytes:5
21:10:44.1 (36172248)|VARIABLE_SCOPE_BEGIN|[64]|s1|Schema.SObjectField|true|false
21:10:44.1 (36222926)|VARIABLE_ASSIGNMENT|[64]|s1|"common.apex.runtime.impl.ApexFieldToken@55615b33"|0x55615b33
21:10:44.1 (36230084)|STATEMENT_EXECUTE|[64]
21:10:44.1 (36230981)|STATEMENT_EXECUTE|[65]
21:10:44.1 (36234344)|HEAP_ALLOCATE|[65]|Bytes:4
21:10:44.1 (36244014)|VARIABLE_SCOPE_BEGIN|[65]|l|List<String>|true|false
21:10:44.1 (36260521)|HEAP_ALLOCATE|[EXTERNAL]|Bytes:4
21:10:44.1 (36267127)|VARIABLE_ASSIGNMENT|[65]|l|[]|0x7cdcaf28
21:10:44.1 (36272089)|STATEMENT_EXECUTE|[66]
21:10:44.1 (36295353)|HEAP_ALLOCATE|[66]|Bytes:11
21:10:44.1 (36304879)|VARIABLE_SCOPE_BEGIN|[66]|field|String|false|false
21:10:44.1 (36312778)|VARIABLE_ASSIGNMENT|[66]|field|"CreatedDate"
21:10:44.1 (36316500)|STATEMENT_EXECUTE|[68]
21:10:44.1 (36409039)|HEAP_ALLOCATE|[68]|Bytes:8
21:10:44.1 (36420875)|HEAP_ALLOCATE|[68]|Bytes:11
21:10:44.1 (36432754)|HEAP_ALLOCATE|[68]|Bytes:11
21:10:44.1 (36442407)|HEAP_ALLOCATE|[EXTERNAL]|Bytes:4
21:10:44.1 (36447253)|STATEMENT_EXECUTE|[70]
21:10:44.1 (36469269)|HEAP_ALLOCATE|[70]|Bytes:8
21:10:44.1 (36489600)|HEAP_ALLOCATE|[70]|Bytes:12
21:10:44.1 (36503526)|HEAP_ALLOCATE|[70]|Bytes:8
21:10:44.1 (36510878)|VARIABLE_SCOPE_BEGIN|[70]|dataType|String|false|false
21:10:44.1 (36520692)|VARIABLE_ASSIGNMENT|[70]|dataType|"DATETIME"
21:10:44.1 (36525008)|STATEMENT_EXECUTE|[71]
21:10:44.1 (36527056)|VARIABLE_SCOPE_BEGIN|[71]|objName|String|false|false
21:10:44.1 (36533727)|VARIABLE_ASSIGNMENT|[71]|objName|""
21:10:44.1 (36543127)|STATEMENT_EXECUTE|[78]
21:10:44.1 (36547512)|HEAP_ALLOCATE|[78]|Bytes:24
21:10:44.1 (36554363)|HEAP_ALLOCATE|[EXTERNAL]|Bytes:4
21:10:44.1 (36558396)|STATEMENT_EXECUTE|[79]
21:10:44.1 (36574534)|HEAP_ALLOCATE|[EXTERNAL]|Bytes:4
21:10:44.1 (36585482)|HEAP_ALLOCATE|[64]|Bytes:5
21:10:44.1 (36597174)|VARIABLE_SCOPE_BEGIN|[64]|s1|Schema.SObjectField|true|false
21:10:44.1 (36647242)|VARIABLE_ASSIGNMENT|[64]|s1|"common.apex.runtime.impl.ApexFieldToken@4d106149"|0x4d106149
21:10:44.1 (36654178)|STATEMENT_EXECUTE|[64]
21:10:44.1 (36655217)|STATEMENT_EXECUTE|[65]
21:10:44.1 (36658340)|HEAP_ALLOCATE|[65]|Bytes:4
21:10:44.1 (36667782)|VARIABLE_SCOPE_BEGIN|[65]|l|List<String>|true|false
21:10:44.1 (36684432)|HEAP_ALLOCATE|[EXTERNAL]|Bytes:4
21:10:44.1 (36691406)|VARIABLE_ASSIGNMENT|[65]|l|[]|0x18aac9
21:10:44.1 (36696150)|STATEMENT_EXECUTE|[66]
21:10:44.1 (36719044)|HEAP_ALLOCATE|[66]|Bytes:11
21:10:44.1 (36728806)|VARIABLE_SCOPE_BEGIN|[66]|field|String|false|false
21:10:44.1 (36741995)|VARIABLE_ASSIGNMENT|[66]|field|"CreatedById"
21:10:44.1 (36746290)|STATEMENT_EXECUTE|[68]
21:10:44.1 (36849232)|HEAP_ALLOCATE|[68]|Bytes:8
21:10:44.1 (36861278)|HEAP_ALLOCATE|[68]|Bytes:11
21:10:44.1 (36873654)|HEAP_ALLOCATE|[68]|Bytes:11
21:10:44.1 (36883481)|HEAP_ALLOCATE|[EXTERNAL]|Bytes:4
21:10:44.1 (36888118)|STATEMENT_EXECUTE|[70]
21:10:44.1 (36911233)|HEAP_ALLOCATE|[70]|Bytes:8
21:10:44.1 (36931891)|HEAP_ALLOCATE|[70]|Bytes:12
21:10:44.1 (36946015)|HEAP_ALLOCATE|[70]|Bytes:9
21:10:44.1 (36953722)|VARIABLE_SCOPE_BEGIN|[70]|dataType|String|false|false
21:10:44.1 (36963729)|VARIABLE_ASSIGNMENT|[70]|dataType|"REFERENCE"
21:10:44.1 (36967644)|STATEMENT_EXECUTE|[71]
21:10:44.1 (36969770)|VARIABLE_SCOPE_BEGIN|[71]|objName|String|false|false
21:10:44.1 (36976236)|VARIABLE_ASSIGNMENT|[71]|objName|""
21:10:44.1 (36988031)|STATEMENT_EXECUTE|[73]
21:10:44.1 (36989252)|STATEMENT_EXECUTE|[74]
21:10:44.1 (37013315)|HEAP_ALLOCATE|[74]|Bytes:8
21:10:44.1 (37032622)|HEAP_ALLOCATE|[EXTERNAL]|Bytes:8
21:10:44.1 (37042704)|HEAP_ALLOCATE|[74]|Bytes:8
21:10:44.1 (37058629)|HEAP_ALLOCATE|[74]|Bytes:4
21:10:44.1 (37066323)|HEAP_ALLOCATE|[74]|Bytes:4
21:10:44.1 (37076633)|HEAP_ALLOCATE|[74]|Bytes:4
21:10:44.1 (37085793)|VARIABLE_ASSIGNMENT|[74]|objName|"User"
21:10:44.1 (37090090)|STATEMENT_EXECUTE|[75]
21:10:44.1 (37094401)|HEAP_ALLOCATE|[75]|Bytes:29
21:10:44.1 (37100204)|HEAP_ALLOCATE|[EXTERNAL]|Bytes:4
21:10:44.1 (37104244)|STATEMENT_EXECUTE|[79]
21:10:44.1 (37118724)|HEAP_ALLOCATE|[EXTERNAL]|Bytes:4
21:10:44.1 (37130249)|HEAP_ALLOCATE|[64]|Bytes:5
21:10:44.1 (37146449)|VARIABLE_SCOPE_BEGIN|[64]|s1|Schema.SObjectField|true|false
21:10:44.1 (37205276)|VARIABLE_ASSIGNMENT|[64]|s1|"common.apex.runtime.impl.ApexFieldToken@55fc7deb"|0x55fc7deb
21:10:44.1 (37213952)|STATEMENT_EXECUTE|[64]
21:10:44.1 (37215286)|STATEMENT_EXECUTE|[65]
21:10:44.1 (37219697)|HEAP_ALLOCATE|[65]|Bytes:4
21:10:44.1 (37234378)|VARIABLE_SCOPE_BEGIN|[65]|l|List<String>|true|false
21:10:44.1 (37259038)|HEAP_ALLOCATE|[EXTERNAL]|Bytes:4
21:10:44.1 (37266275)|VARIABLE_ASSIGNMENT|[65]|l|[]|0x3fcec72e
21:10:44.1 (37271263)|STATEMENT_EXECUTE|[66]
21:10:44.1 (37298963)|HEAP_ALLOCATE|[66]|Bytes:16
21:10:44.1 (37309163)|VARIABLE_SCOPE_BEGIN|[66]|field|String|false|false
21:10:44.1 (37318994)|VARIABLE_ASSIGNMENT|[66]|field|"LastModifiedDate"
21:10:44.1 (37322954)|STATEMENT_EXECUTE|[68]
21:10:44.1 (37420258)|HEAP_ALLOCATE|[68]|Bytes:8
21:10:44.1 (37432279)|HEAP_ALLOCATE|[68]|Bytes:16
21:10:44.1 (37444855)|HEAP_ALLOCATE|[68]|Bytes:16
21:10:44.1 (37454728)|HEAP_ALLOCATE|[EXTERNAL]|Bytes:4
21:10:44.1 (37459372)|STATEMENT_EXECUTE|[70]
21:10:44.1 (37482017)|HEAP_ALLOCATE|[70]|Bytes:8
21:10:44.1 (37502901)|HEAP_ALLOCATE|[70]|Bytes:12
21:10:44.1 (37517320)|HEAP_ALLOCATE|[70]|Bytes:8
21:10:44.1 (37524932)|VARIABLE_SCOPE_BEGIN|[70]|dataType|String|false|false
21:10:44.1 (37534621)|VARIABLE_ASSIGNMENT|[70]|dataType|"DATETIME"
21:10:44.1 (37539061)|STATEMENT_EXECUTE|[71]
21:10:44.1 (37541162)|VARIABLE_SCOPE_BEGIN|[71]|objName|String|false|false
21:10:44.1 (37548133)|VARIABLE_ASSIGNMENT|[71]|objName|""
21:10:44.1 (37558183)|STATEMENT_EXECUTE|[78]
21:10:44.1 (37562651)|HEAP_ALLOCATE|[78]|Bytes:29
21:10:44.1 (37569595)|HEAP_ALLOCATE|[EXTERNAL]|Bytes:4
21:10:44.1 (37573761)|STATEMENT_EXECUTE|[79]
21:10:44.1 (37590379)|HEAP_ALLOCATE|[EXTERNAL]|Bytes:4
21:10:44.1 (37602100)|HEAP_ALLOCATE|[64]|Bytes:5
21:10:44.1 (37614366)|VARIABLE_SCOPE_BEGIN|[64]|s1|Schema.SObjectField|true|false
21:10:44.1 (37665451)|VARIABLE_ASSIGNMENT|[64]|s1|"common.apex.runtime.impl.ApexFieldToken@7480cea0"|0x7480cea0
21:10:44.1 (37672492)|STATEMENT_EXECUTE|[64]
21:10:44.1 (37673413)|STATEMENT_EXECUTE|[65]
21:10:44.1 (37676849)|HEAP_ALLOCATE|[65]|Bytes:4
21:10:44.1 (37687529)|VARIABLE_SCOPE_BEGIN|[65]|l|List<String>|true|false
21:10:44.1 (37704183)|HEAP_ALLOCATE|[EXTERNAL]|Bytes:4
21:10:44.1 (37710800)|VARIABLE_ASSIGNMENT|[65]|l|[]|0x40ba9e5
21:10:44.1 (37715976)|STATEMENT_EXECUTE|[66]
21:10:44.1 (37745161)|HEAP_ALLOCATE|[66]|Bytes:16
21:10:44.1 (37757515)|VARIABLE_SCOPE_BEGIN|[66]|field|String|false|false
21:10:44.1 (37766343)|VARIABLE_ASSIGNMENT|[66]|field|"LastModifiedById"
21:10:44.1 (37769914)|STATEMENT_EXECUTE|[68]
21:10:44.1 (37872976)|HEAP_ALLOCATE|[68]|Bytes:8
21:10:44.1 (37885274)|HEAP_ALLOCATE|[68]|Bytes:16
21:10:44.1 (37898186)|HEAP_ALLOCATE|[68]|Bytes:16
21:10:44.1 (37907766)|HEAP_ALLOCATE|[EXTERNAL]|Bytes:4
21:10:44.1 (37912670)|STATEMENT_EXECUTE|[70]
21:10:44.1 (37935604)|HEAP_ALLOCATE|[70]|Bytes:8
21:10:44.1 (37956785)|HEAP_ALLOCATE|[70]|Bytes:12
21:10:44.1 (37971536)|HEAP_ALLOCATE|[70]|Bytes:9
21:10:44.1 (37979257)|VARIABLE_SCOPE_BEGIN|[70]|dataType|String|false|false
21:10:44.1 (37988525)|VARIABLE_ASSIGNMENT|[70]|dataType|"REFERENCE"
21:10:44.1 (37993056)|STATEMENT_EXECUTE|[71]
21:10:44.1 (37995154)|VARIABLE_SCOPE_BEGIN|[71]|objName|String|false|false
21:10:44.1 (38002253)|VARIABLE_ASSIGNMENT|[71]|objName|""
21:10:44.1 (38014190)|STATEMENT_EXECUTE|[73]
21:10:44.1 (38015173)|STATEMENT_EXECUTE|[74]
21:10:44.1 (38039756)|HEAP_ALLOCATE|[74]|Bytes:8
21:10:44.1 (38059389)|HEAP_ALLOCATE|[EXTERNAL]|Bytes:8
21:10:44.1 (38069604)|HEAP_ALLOCATE|[74]|Bytes:8
21:10:44.1 (38085200)|HEAP_ALLOCATE|[74]|Bytes:4
21:10:44.1 (38092244)|HEAP_ALLOCATE|[74]|Bytes:4
21:10:44.1 (38102685)|HEAP_ALLOCATE|[74]|Bytes:4
21:10:44.1 (38111097)|VARIABLE_ASSIGNMENT|[74]|objName|"User"
21:10:44.1 (38115604)|STATEMENT_EXECUTE|[75]
21:10:44.1 (38120044)|HEAP_ALLOCATE|[75]|Bytes:34
21:10:44.1 (38126476)|HEAP_ALLOCATE|[EXTERNAL]|Bytes:4
21:10:44.1 (38130725)|STATEMENT_EXECUTE|[79]
21:10:44.1 (38145447)|HEAP_ALLOCATE|[EXTERNAL]|Bytes:4
21:10:44.1 (38156052)|HEAP_ALLOCATE|[64]|Bytes:5
21:10:44.1 (38167977)|VARIABLE_SCOPE_BEGIN|[64]|s1|Schema.SObjectField|true|false
21:10:44.1 (38219208)|VARIABLE_ASSIGNMENT|[64]|s1|"common.apex.runtime.impl.ApexFieldToken@2be7abc0"|0x2be7abc0
21:10:44.1 (38226011)|STATEMENT_EXECUTE|[64]
21:10:44.1 (38226926)|STATEMENT_EXECUTE|[65]
21:10:44.1 (38230250)|HEAP_ALLOCATE|[65]|Bytes:4
21:10:44.1 (38240713)|VARIABLE_SCOPE_BEGIN|[65]|l|List<String>|true|false
21:10:44.1 (38257818)|HEAP_ALLOCATE|[EXTERNAL]|Bytes:4
21:10:44.1 (38264339)|VARIABLE_ASSIGNMENT|[65]|l|[]|0x52702b3a
21:10:44.1 (38269211)|STATEMENT_EXECUTE|[66]
21:10:44.1 (38291877)|HEAP_ALLOCATE|[66]|Bytes:14
21:10:44.1 (38301953)|VARIABLE_SCOPE_BEGIN|[66]|field|String|false|false
21:10:44.1 (38311181)|VARIABLE_ASSIGNMENT|[66]|field|"SystemModstamp"
21:10:44.1 (38315275)|STATEMENT_EXECUTE|[68]
21:10:44.1 (38396345)|HEAP_ALLOCATE|[68]|Bytes:8
21:10:44.1 (38408163)|HEAP_ALLOCATE|[68]|Bytes:14
21:10:44.1 (38420359)|HEAP_ALLOCATE|[68]|Bytes:14
21:10:44.1 (38430262)|HEAP_ALLOCATE|[EXTERNAL]|Bytes:4
21:10:44.1 (38434950)|STATEMENT_EXECUTE|[70]
21:10:44.1 (38456485)|HEAP_ALLOCATE|[70]|Bytes:8
21:10:44.1 (38477474)|HEAP_ALLOCATE|[70]|Bytes:12
21:10:44.1 (38491771)|HEAP_ALLOCATE|[70]|Bytes:8
21:10:44.1 (38499618)|VARIABLE_SCOPE_BEGIN|[70]|dataType|String|false|false
21:10:44.1 (38508658)|VARIABLE_ASSIGNMENT|[70]|dataType|"DATETIME"
21:10:44.1 (38512601)|STATEMENT_EXECUTE|[71]
21:10:44.1 (38514835)|VARIABLE_SCOPE_BEGIN|[71]|objName|String|false|false
21:10:44.1 (38521860)|VARIABLE_ASSIGNMENT|[71]|objName|""
21:10:44.1 (38531716)|STATEMENT_EXECUTE|[78]
21:10:44.1 (38535809)|HEAP_ALLOCATE|[78]|Bytes:27
21:10:44.1 (38543071)|HEAP_ALLOCATE|[EXTERNAL]|Bytes:4
21:10:44.1 (38547631)|STATEMENT_EXECUTE|[79]
21:10:44.1 (38563814)|HEAP_ALLOCATE|[EXTERNAL]|Bytes:4
21:10:44.1 (38575207)|HEAP_ALLOCATE|[64]|Bytes:5
21:10:44.1 (38586837)|VARIABLE_SCOPE_BEGIN|[64]|s1|Schema.SObjectField|true|false
21:10:44.1 (38636353)|VARIABLE_ASSIGNMENT|[64]|s1|"common.apex.runtime.impl.ApexFieldToken@65b39ddc"|0x65b39ddc
21:10:44.1 (38643385)|STATEMENT_EXECUTE|[64]
21:10:44.1 (38644294)|STATEMENT_EXECUTE|[65]
21:10:44.1 (38647433)|HEAP_ALLOCATE|[65]|Bytes:4
21:10:44.1 (38657318)|VARIABLE_SCOPE_BEGIN|[65]|l|List<String>|true|false
21:10:44.1 (38674397)|HEAP_ALLOCATE|[EXTERNAL]|Bytes:4
21:10:44.1 (38681067)|VARIABLE_ASSIGNMENT|[65]|l|[]|0x35111fd3
21:10:44.1 (38685991)|STATEMENT_EXECUTE|[66]
21:10:44.1 (38709392)|HEAP_ALLOCATE|[66]|Bytes:16
21:10:44.1 (38719001)|VARIABLE_SCOPE_BEGIN|[66]|field|String|false|false
21:10:44.1 (38727960)|VARIABLE_ASSIGNMENT|[66]|field|"LastActivityDate"
21:10:44.1 (38731799)|STATEMENT_EXECUTE|[68]
21:10:44.1 (38943788)|HEAP_ALLOCATE|[68]|Bytes:8
21:10:44.1 (38957778)|HEAP_ALLOCATE|[68]|Bytes:16
21:10:44.1 (38971484)|HEAP_ALLOCATE|[68]|Bytes:16
21:10:44.1 (38981334)|HEAP_ALLOCATE|[EXTERNAL]|Bytes:4
21:10:44.1 (38986698)|STATEMENT_EXECUTE|[70]
21:10:44.1 (39009526)|HEAP_ALLOCATE|[70]|Bytes:8
21:10:44.1 (39030911)|HEAP_ALLOCATE|[70]|Bytes:12
21:10:44.1 (39045539)|HEAP_ALLOCATE|[70]|Bytes:4
21:10:44.1 (39053709)|VARIABLE_SCOPE_BEGIN|[70]|dataType|String|false|false
21:10:44.1 (39063460)|VARIABLE_ASSIGNMENT|[70]|dataType|"DATE"
21:10:44.1 (39067843)|STATEMENT_EXECUTE|[71]
21:10:44.1 (39069861)|VARIABLE_SCOPE_BEGIN|[71]|objName|String|false|false
21:10:44.1 (39076300)|VARIABLE_ASSIGNMENT|[71]|objName|""
21:10:44.1 (39086367)|STATEMENT_EXECUTE|[78]
21:10:44.1 (39090765)|HEAP_ALLOCATE|[78]|Bytes:25
21:10:44.1 (39097556)|HEAP_ALLOCATE|[EXTERNAL]|Bytes:4
21:10:44.1 (39101495)|STATEMENT_EXECUTE|[79]
21:10:44.1 (39117979)|HEAP_ALLOCATE|[EXTERNAL]|Bytes:4
21:10:44.1 (39128868)|HEAP_ALLOCATE|[64]|Bytes:5
21:10:44.1 (39140778)|VARIABLE_SCOPE_BEGIN|[64]|s1|Schema.SObjectField|true|false
21:10:44.1 (39191089)|VARIABLE_ASSIGNMENT|[64]|s1|"common.apex.runtime.impl.ApexFieldToken@5396a7a4"|0x5396a7a4
21:10:44.1 (39198635)|STATEMENT_EXECUTE|[64]
21:10:44.1 (39199715)|STATEMENT_EXECUTE|[65]
21:10:44.1 (39203024)|HEAP_ALLOCATE|[65]|Bytes:4
21:10:44.1 (39212556)|VARIABLE_SCOPE_BEGIN|[65]|l|List<String>|true|false
21:10:44.1 (39229344)|HEAP_ALLOCATE|[EXTERNAL]|Bytes:4
21:10:44.1 (39236568)|VARIABLE_ASSIGNMENT|[65]|l|[]|0x430a76f3
21:10:44.1 (39241672)|STATEMENT_EXECUTE|[66]
21:10:44.1 (39265423)|HEAP_ALLOCATE|[66]|Bytes:14
21:10:44.1 (39275017)|VARIABLE_SCOPE_BEGIN|[66]|field|String|false|false
21:10:44.1 (39283378)|VARIABLE_ASSIGNMENT|[66]|field|"LastViewedDate"
21:10:44.1 (39287217)|STATEMENT_EXECUTE|[68]
21:10:44.1 (39365241)|HEAP_ALLOCATE|[68]|Bytes:8
21:10:44.1 (39376841)|HEAP_ALLOCATE|[68]|Bytes:14
21:10:44.1 (39388835)|HEAP_ALLOCATE|[68]|Bytes:14
21:10:44.1 (39398024)|HEAP_ALLOCATE|[EXTERNAL]|Bytes:4
21:10:44.1 (39402335)|STATEMENT_EXECUTE|[70]
21:10:44.1 (39423477)|HEAP_ALLOCATE|[70]|Bytes:8
21:10:44.1 (39443438)|HEAP_ALLOCATE|[70]|Bytes:12
21:10:44.1 (39457349)|HEAP_ALLOCATE|[70]|Bytes:8
21:10:44.1 (39465263)|VARIABLE_SCOPE_BEGIN|[70]|dataType|String|false|false
21:10:44.1 (39474913)|VARIABLE_ASSIGNMENT|[70]|dataType|"DATETIME"
21:10:44.1 (39478950)|STATEMENT_EXECUTE|[71]
21:10:44.1 (39481073)|VARIABLE_SCOPE_BEGIN|[71]|objName|String|false|false
21:10:44.1 (39487814)|VARIABLE_ASSIGNMENT|[71]|objName|""
21:10:44.1 (39497179)|STATEMENT_EXECUTE|[78]
21:10:44.1 (39501452)|HEAP_ALLOCATE|[78]|Bytes:27
21:10:44.1 (39508228)|HEAP_ALLOCATE|[EXTERNAL]|Bytes:4
21:10:44.1 (39512340)|STATEMENT_EXECUTE|[79]
21:10:44.1 (39528670)|HEAP_ALLOCATE|[EXTERNAL]|Bytes:4
21:10:44.1 (39539659)|HEAP_ALLOCATE|[64]|Bytes:5
21:10:44.1 (39551423)|VARIABLE_SCOPE_BEGIN|[64]|s1|Schema.SObjectField|true|false
21:10:44.1 (39601872)|VARIABLE_ASSIGNMENT|[64]|s1|"common.apex.runtime.impl.ApexFieldToken@219196b8"|0x219196b8
21:10:44.1 (39609114)|STATEMENT_EXECUTE|[64]
21:10:44.1 (39610018)|STATEMENT_EXECUTE|[65]
21:10:44.1 (39613302)|HEAP_ALLOCATE|[65]|Bytes:4
21:10:44.1 (39622711)|VARIABLE_SCOPE_BEGIN|[65]|l|List<String>|true|false
21:10:44.1 (39638689)|HEAP_ALLOCATE|[EXTERNAL]|Bytes:4
21:10:44.1 (39645256)|VARIABLE_ASSIGNMENT|[65]|l|[]|0x6593b503
21:10:44.1 (39650282)|STATEMENT_EXECUTE|[66]
21:10:44.1 (39673929)|HEAP_ALLOCATE|[66]|Bytes:18
21:10:44.1 (39683427)|VARIABLE_SCOPE_BEGIN|[66]|field|String|false|false
21:10:44.1 (39692558)|VARIABLE_ASSIGNMENT|[66]|field|"LastReferencedDate"
21:10:44.1 (39696249)|STATEMENT_EXECUTE|[68]
21:10:44.1 (39778127)|HEAP_ALLOCATE|[68]|Bytes:8
21:10:44.1 (39789325)|HEAP_ALLOCATE|[68]|Bytes:18
21:10:44.1 (39801276)|HEAP_ALLOCATE|[68]|Bytes:18
21:10:44.1 (39811609)|HEAP_ALLOCATE|[EXTERNAL]|Bytes:4
21:10:44.1 (39817278)|STATEMENT_EXECUTE|[70]
21:10:44.1 (39839496)|HEAP_ALLOCATE|[70]|Bytes:8
21:10:44.1 (39859239)|HEAP_ALLOCATE|[70]|Bytes:12
21:10:44.1 (39873542)|HEAP_ALLOCATE|[70]|Bytes:8
21:10:44.1 (39880974)|VARIABLE_SCOPE_BEGIN|[70]|dataType|String|false|false
21:10:44.1 (39890884)|VARIABLE_ASSIGNMENT|[70]|dataType|"DATETIME"
21:10:44.1 (39894630)|STATEMENT_EXECUTE|[71]
21:10:44.1 (39896745)|VARIABLE_SCOPE_BEGIN|[71]|objName|String|false|false
21:10:44.1 (39903861)|VARIABLE_ASSIGNMENT|[71]|objName|""
21:10:44.1 (39913305)|STATEMENT_EXECUTE|[78]
21:10:44.1 (39917463)|HEAP_ALLOCATE|[78]|Bytes:31
21:10:44.1 (39924110)|HEAP_ALLOCATE|[EXTERNAL]|Bytes:4
21:10:44.1 (39928163)|STATEMENT_EXECUTE|[79]
21:10:44.1 (39944697)|HEAP_ALLOCATE|[EXTERNAL]|Bytes:4
21:10:44.1 (39955832)|HEAP_ALLOCATE|[64]|Bytes:5
21:10:44.1 (39966682)|VARIABLE_ASSIGNMENT|[64]|s1|null|
21:10:44.1 (39970928)|STATEMENT_EXECUTE|[82]
21:10:44.1 (39977711)|SYSTEM_MODE_EXIT|false
21:10:44.40 (40001955)|CUMULATIVE_LIMIT_USAGE
21:10:44.40 (40001955)|LIMIT_USAGE_FOR_NS|(default)|
  Number of SOQL queries: 0 out of 100
  Number of query rows: 0 out of 50000
  Number of SOSL queries: 0 out of 20
  Number of DML statements: 0 out of 150
  Number of DML rows: 0 out of 10000
  Maximum CPU time: 0 out of 10000
  Maximum heap size: 0 out of 6000000
  Number of callouts: 0 out of 100
  Number of Email Invocations: 0 out of 10
  Number of future calls: 0 out of 50
  Number of queueable jobs added to the queue: 0 out of 50
  Number of Mobile Apex push calls: 0 out of 10

21:10:44.40 (40001955)|CUMULATIVE_LIMIT_USAGE_END

21:10:44.1 (40033213)|CODE_UNIT_FINISHED|AdhocLightningScheduler.getObjFields
21:10:44.1 (41194286)|EXECUTION_FINISHED
