40.0 APEX_CODE,FINEST;APEX_PROFILING,INFO;CALLOUT,INFO;DB,INFO;SYSTEM,DEBUG;VALIDATION,INFO;VISUALFORCE,INFO;WAVE,INFO;WORKFLOW,INFO
21:10:57.0 (57972)|USER_INFO|[EXTERNAL]|00528000001JBjQ|ramu.veligeti@yahoo.co.in|Pacific Standard Time|GMT-07:00
21:10:57.0 (91877)|EXECUTION_STARTED
21:10:57.0 (95624)|CODE_UNIT_STARTED|[EXTERNAL]|aura
21:10:57.0 (389503)|HEAP_ALLOCATE|[72]|Bytes:3
21:10:57.0 (427540)|HEAP_ALLOCATE|[77]|Bytes:152
21:10:57.0 (441939)|HEAP_ALLOCATE|[342]|Bytes:408
21:10:57.0 (456805)|HEAP_ALLOCATE|[355]|Bytes:408
21:10:57.0 (470059)|HEAP_ALLOCATE|[467]|Bytes:48
21:10:57.0 (493758)|HEAP_ALLOCATE|[139]|Bytes:6
21:10:57.0 (513418)|HEAP_ALLOCATE|[EXTERNAL]|Bytes:7
21:10:57.0 (520035)|HEAP_ALLOCATE|[EXTERNAL]|Bytes:7
21:10:57.0 (532096)|CODE_UNIT_FINISHED|aura
21:10:57.0 (1650802)|EXECUTION_FINISHED
21:10:57.2 (2312212)|USER_INFO|[EXTERNAL]|00528000001JBjQ|ramu.veligeti@yahoo.co.in|Pacific Standard Time|GMT-07:00
21:10:57.2 (2324773)|EXECUTION_STARTED
21:10:57.2 (2327053)|CODE_UNIT_STARTED|[EXTERNAL]|aura
21:10:57.2 (2357895)|HEAP_ALLOCATE|[EXTERNAL]|Bytes:6
21:10:57.2 (2364390)|HEAP_ALLOCATE|[EXTERNAL]|Bytes:6
21:10:57.2 (2373582)|CODE_UNIT_FINISHED|aura
21:10:57.2 (3155632)|EXECUTION_FINISHED
21:10:57.3 (3972544)|USER_INFO|[EXTERNAL]|00528000001JBjQ|ramu.veligeti@yahoo.co.in|Pacific Standard Time|GMT-07:00
21:10:57.3 (3989697)|EXECUTION_STARTED
21:10:57.3 (3992482)|CODE_UNIT_STARTED|[EXTERNAL]|01p2800000FZDMn|AdhocLightningScheduler.getPicklistValues
21:10:57.3 (4037622)|VARIABLE_SCOPE_BEGIN|[3]|AdhocLightningScheduler.showFields|Boolean|false|true
21:10:57.3 (4093416)|HEAP_ALLOCATE|[EXTERNAL]|Bytes:26
21:10:57.3 (4099975)|HEAP_ALLOCATE|[EXTERNAL]|Bytes:88
21:10:57.3 (4103389)|HEAP_ALLOCATE|[EXTERNAL]|Bytes:26
21:10:57.3 (4106935)|HEAP_ALLOCATE|[EXTERNAL]|Bytes:28
21:10:57.3 (4118733)|METHOD_ENTRY|[1]|01p2800000FZDMn|AdhocLightningScheduler.AdhocLightningScheduler()
21:10:57.3 (4124689)|STATEMENT_EXECUTE|[1]
21:10:57.3 (4129138)|STATEMENT_EXECUTE|[1]
21:10:57.3 (4130199)|STATEMENT_EXECUTE|[182]
21:10:57.3 (4131360)|STATEMENT_EXECUTE|[198]
21:10:57.3 (4135564)|METHOD_EXIT|[1]|AdhocLightningScheduler
21:10:57.3 (4140448)|HEAP_ALLOCATE|[EXTERNAL]|Bytes:7
21:10:57.3 (4143684)|HEAP_ALLOCATE|[EXTERNAL]|Bytes:6
21:10:57.3 (4151963)|SYSTEM_MODE_ENTER|false
21:10:57.3 (4157943)|VARIABLE_SCOPE_BEGIN|[111]|so|String|false|false
21:10:57.3 (4177209)|VARIABLE_ASSIGNMENT|[111]|so|"Account"
21:10:57.3 (4181847)|VARIABLE_SCOPE_BEGIN|[111]|fld|String|false|false
21:10:57.3 (4188340)|VARIABLE_ASSIGNMENT|[111]|fld|"Rating"
21:10:57.3 (4197429)|STATEMENT_EXECUTE|[111]
21:10:57.3 (4198426)|STATEMENT_EXECUTE|[112]
21:10:57.3 (4228710)|HEAP_ALLOCATE|[50]|Bytes:5
21:10:57.3 (4254102)|HEAP_ALLOCATE|[56]|Bytes:5
21:10:57.3 (4261096)|HEAP_ALLOCATE|[64]|Bytes:7
21:10:57.3 (15508963)|HEAP_ALLOCATE|[112]|Bytes:1628
21:10:57.3 (15569988)|VARIABLE_SCOPE_BEGIN|[112]|targetType|Schema.SObjectType|true|false
21:10:57.3 (15682344)|VARIABLE_ASSIGNMENT|[112]|targetType|"common.apex.runtime.impl.ApexSObjectTypeToken@66af6a1"|0x66af6a1
21:10:57.3 (15691714)|STATEMENT_EXECUTE|[113]
21:10:57.3 (15764274)|HEAP_ALLOCATE|[113]|Bytes:4
21:10:57.3 (15774440)|VARIABLE_SCOPE_BEGIN|[113]|Object_name|SObject|true|false
21:10:57.3 (15790943)|VARIABLE_ASSIGNMENT|[113]|Object_name|{}|0x58063608
21:10:57.3 (15796777)|STATEMENT_EXECUTE|[115]
21:10:57.3 (15862462)|VARIABLE_SCOPE_BEGIN|[115]|objType|Schema.SObjectType|true|false
21:10:57.3 (15929567)|VARIABLE_ASSIGNMENT|[115]|objType|"common.apex.runtime.impl.ApexSObjectTypeToken@66af6a1"|0x66af6a1
21:10:57.3 (15938615)|STATEMENT_EXECUTE|[117]
21:10:57.3 (16132650)|HEAP_ALLOCATE|[117]|Bytes:4
21:10:57.3 (16159444)|VARIABLE_SCOPE_BEGIN|[117]|objDescribe|Schema.DescribeSObjectResult|true|false
21:10:57.3 (16223830)|VARIABLE_ASSIGNMENT|[117]|objDescribe|"common.api.soap.wsdl.DescribeSObjectResult@e81ed298"|0x2ddbea39
21:10:57.3 (16230956)|STATEMENT_EXECUTE|[119]
21:10:57.3 (16825412)|HEAP_ALLOCATE|[119]|Bytes:296
21:10:57.3 (16838989)|VARIABLE_SCOPE_BEGIN|[119]|fieldMap1|Map<String,Schema.SObjectField>|true|false
21:10:57.3 (17001013)|VARIABLE_ASSIGNMENT|[119]|fieldMap1|"{acchierarchy__haschildwithchanges__c=accHierarchy__hasChildWithChanges__c, acchierarchy__hierarchy_parents__c=accHierarchy__Hierarchy_Parents__c, acchierarchy__on_previous_hierarchy_level__c=accHierarchy__On_Previous_Hierarchy_Level__c, acchierarchy__topparentid__c=accHierarchy__TopParentId__c, accountnumber=AccountNumber, accountsource=AccountSource, active__c=Active__c, annualrevenue=AnnualRevenue, billingaddress=BillingAddress, billingcity=BillingCity, ...}"|0x4f1806c1
21:10:57.3 (17016372)|STATEMENT_EXECUTE|[121]
21:10:57.3 (17419938)|HEAP_ALLOCATE|[121]|Bytes:8
21:10:57.3 (17724308)|HEAP_ALLOCATE|[EXTERNAL]|Bytes:16
21:10:57.3 (17826091)|HEAP_ALLOCATE|[121]|Bytes:16
21:10:57.3 (17839279)|VARIABLE_SCOPE_BEGIN|[121]|values|List<Schema.PicklistEntry>|true|false
21:10:57.3 (17860643)|VARIABLE_ASSIGNMENT|[121]|values|[Hot,Warm,Cold]|0x75fd8b88
21:10:57.3 (17867168)|STATEMENT_EXECUTE|[122]
21:10:57.3 (17875686)|HEAP_ALLOCATE|[122]|Bytes:4
21:10:57.3 (17903047)|VARIABLE_SCOPE_BEGIN|[122]|options|List<List<String>>|true|false
21:10:57.3 (17927344)|HEAP_ALLOCATE|[EXTERNAL]|Bytes:4
21:10:57.3 (17933965)|VARIABLE_ASSIGNMENT|[122]|options|[]|0x7adca5f8
21:10:57.3 (17939247)|STATEMENT_EXECUTE|[123]
21:10:57.3 (17942924)|HEAP_ALLOCATE|[123]|Bytes:4
21:10:57.3 (17957039)|VARIABLE_SCOPE_BEGIN|[123]|l1|List<String>|true|false
21:10:57.3 (17979966)|HEAP_ALLOCATE|[EXTERNAL]|Bytes:4
21:10:57.3 (17985639)|VARIABLE_ASSIGNMENT|[123]|l1|[]|0x2fb81da2
21:10:57.3 (17990411)|STATEMENT_EXECUTE|[124]
21:10:57.3 (17995113)|HEAP_ALLOCATE|[124]|Bytes:8
21:10:57.3 (18025779)|HEAP_ALLOCATE|[EXTERNAL]|Bytes:4
21:10:57.3 (18034538)|STATEMENT_EXECUTE|[125]
21:10:57.3 (18049109)|HEAP_ALLOCATE|[EXTERNAL]|Bytes:4
21:10:57.3 (18054301)|STATEMENT_EXECUTE|[126]
21:10:57.3 (18082134)|HEAP_ALLOCATE|[EXTERNAL]|Bytes:4
21:10:57.3 (18242018)|HEAP_ALLOCATE|[128]|Bytes:5
21:10:57.3 (18278335)|HEAP_ALLOCATE|[128]|Bytes:4
21:10:57.3 (18299587)|VARIABLE_SCOPE_BEGIN|[128]|a|Schema.PicklistEntry|true|false
21:10:57.3 (18311316)|VARIABLE_ASSIGNMENT|[128]|a|Hot|0x45585a8b
21:10:57.3 (18317299)|STATEMENT_EXECUTE|[128]
21:10:57.3 (18318300)|STATEMENT_EXECUTE|[129]
21:10:57.3 (18322754)|HEAP_ALLOCATE|[129]|Bytes:4
21:10:57.3 (18338446)|VARIABLE_SCOPE_BEGIN|[129]|l|List<String>|true|false
21:10:57.3 (18355504)|HEAP_ALLOCATE|[EXTERNAL]|Bytes:4
21:10:57.3 (18361395)|VARIABLE_ASSIGNMENT|[129]|l|[]|0x2ae21a8f
21:10:57.3 (18366717)|STATEMENT_EXECUTE|[130]
21:10:57.3 (18380837)|HEAP_ALLOCATE|[130]|Bytes:3
21:10:57.3 (18401731)|HEAP_ALLOCATE|[EXTERNAL]|Bytes:4
21:10:57.3 (18407305)|STATEMENT_EXECUTE|[131]
21:10:57.3 (18415002)|HEAP_ALLOCATE|[131]|Bytes:3
21:10:57.3 (18428473)|HEAP_ALLOCATE|[EXTERNAL]|Bytes:4
21:10:57.3 (18433936)|STATEMENT_EXECUTE|[132]
21:10:57.3 (18454365)|HEAP_ALLOCATE|[EXTERNAL]|Bytes:4
21:10:57.3 (18466716)|HEAP_ALLOCATE|[128]|Bytes:5
21:10:57.3 (18475972)|HEAP_ALLOCATE|[128]|Bytes:4
21:10:57.3 (18488415)|VARIABLE_SCOPE_BEGIN|[128]|a|Schema.PicklistEntry|true|false
21:10:57.3 (18498243)|VARIABLE_ASSIGNMENT|[128]|a|Warm|0xce39d84
21:10:57.3 (18503755)|STATEMENT_EXECUTE|[128]
21:10:57.3 (18504668)|STATEMENT_EXECUTE|[129]
21:10:57.3 (18507271)|HEAP_ALLOCATE|[129]|Bytes:4
21:10:57.3 (18515356)|VARIABLE_SCOPE_BEGIN|[129]|l|List<String>|true|false
21:10:57.3 (18528459)|HEAP_ALLOCATE|[EXTERNAL]|Bytes:4
21:10:57.3 (18533695)|VARIABLE_ASSIGNMENT|[129]|l|[]|0x7011c50f
21:10:57.3 (18538378)|STATEMENT_EXECUTE|[130]
21:10:57.3 (18543337)|HEAP_ALLOCATE|[130]|Bytes:4
21:10:57.3 (18550727)|HEAP_ALLOCATE|[EXTERNAL]|Bytes:4
21:10:57.3 (18554730)|STATEMENT_EXECUTE|[131]
21:10:57.3 (18558029)|HEAP_ALLOCATE|[131]|Bytes:4
21:10:57.3 (18562942)|HEAP_ALLOCATE|[EXTERNAL]|Bytes:4
21:10:57.3 (18566714)|STATEMENT_EXECUTE|[132]
21:10:57.3 (18577353)|HEAP_ALLOCATE|[EXTERNAL]|Bytes:4
21:10:57.3 (18586777)|HEAP_ALLOCATE|[128]|Bytes:5
21:10:57.3 (18594608)|HEAP_ALLOCATE|[128]|Bytes:4
21:10:57.3 (18603885)|VARIABLE_SCOPE_BEGIN|[128]|a|Schema.PicklistEntry|true|false
21:10:57.3 (18612763)|VARIABLE_ASSIGNMENT|[128]|a|Cold|0x779a4584
21:10:57.3 (18617915)|STATEMENT_EXECUTE|[128]
21:10:57.3 (18618841)|STATEMENT_EXECUTE|[129]
21:10:57.3 (18621101)|HEAP_ALLOCATE|[129]|Bytes:4
21:10:57.3 (18628327)|VARIABLE_SCOPE_BEGIN|[129]|l|List<String>|true|false
21:10:57.3 (18639894)|HEAP_ALLOCATE|[EXTERNAL]|Bytes:4
21:10:57.3 (18644544)|VARIABLE_ASSIGNMENT|[129]|l|[]|0x4d961f9a
21:10:57.3 (18649325)|STATEMENT_EXECUTE|[130]
21:10:57.3 (18653093)|HEAP_ALLOCATE|[130]|Bytes:4
21:10:57.3 (18659628)|HEAP_ALLOCATE|[EXTERNAL]|Bytes:4
21:10:57.3 (18663465)|STATEMENT_EXECUTE|[131]
21:10:57.3 (18666446)|HEAP_ALLOCATE|[131]|Bytes:4
21:10:57.3 (18671273)|HEAP_ALLOCATE|[EXTERNAL]|Bytes:4
21:10:57.3 (18674420)|STATEMENT_EXECUTE|[132]
21:10:57.3 (18683747)|HEAP_ALLOCATE|[EXTERNAL]|Bytes:4
21:10:57.3 (18692411)|HEAP_ALLOCATE|[128]|Bytes:5
21:10:57.3 (18701251)|VARIABLE_ASSIGNMENT|[128]|a|null|
21:10:57.3 (18706424)|STATEMENT_EXECUTE|[134]
21:10:57.3 (18714986)|SYSTEM_MODE_EXIT|false
21:10:57.18 (18739575)|CUMULATIVE_LIMIT_USAGE
21:10:57.18 (18739575)|LIMIT_USAGE_FOR_NS|(default)|
  Number of SOQL queries: 0 out of 100
  Number of query rows: 0 out of 50000
  Number of SOSL queries: 0 out of 20
  Number of DML statements: 0 out of 150
  Number of DML rows: 0 out of 10000
  Maximum CPU time: 0 out of 10000
  Maximum heap size: 0 out of 6000000
  Number of callouts: 0 out of 100
  Number of Email Invocations: 0 out of 10
  Number of future calls: 0 out of 50
  Number of queueable jobs added to the queue: 0 out of 50
  Number of Mobile Apex push calls: 0 out of 10

21:10:57.18 (18739575)|CUMULATIVE_LIMIT_USAGE_END

21:10:57.3 (18773039)|CODE_UNIT_FINISHED|AdhocLightningScheduler.getPicklistValues
21:10:57.3 (20171114)|EXECUTION_FINISHED
