40.0 APEX_CODE,FINEST;APEX_PROFILING,INFO;CALLOUT,INFO;DB,INFO;SYSTEM,DEBUG;VALIDATION,INFO;VISUALFORCE,INFO;WAVE,INFO;WORKFLOW,INFO
02:21:28.0 (52300)|USER_INFO|[EXTERNAL]|00528000001JBjQ|ramu.veligeti@yahoo.co.in|Pacific Standard Time|GMT-07:00
02:21:28.0 (83570)|EXECUTION_STARTED
02:21:28.0 (87399)|CODE_UNIT_STARTED|[EXTERNAL]|aura
02:21:28.0 (321396)|HEAP_ALLOCATE|[72]|Bytes:3
02:21:28.0 (358721)|HEAP_ALLOCATE|[77]|Bytes:152
02:21:28.0 (373133)|HEAP_ALLOCATE|[342]|Bytes:408
02:21:28.0 (387201)|HEAP_ALLOCATE|[355]|Bytes:408
02:21:28.0 (400457)|HEAP_ALLOCATE|[467]|Bytes:48
02:21:28.0 (422893)|HEAP_ALLOCATE|[139]|Bytes:6
02:21:28.0 (439885)|HEAP_ALLOCATE|[EXTERNAL]|Bytes:40
02:21:28.0 (446973)|HEAP_ALLOCATE|[EXTERNAL]|Bytes:40
02:21:28.0 (458211)|CODE_UNIT_FINISHED|aura
02:21:28.0 (1277705)|EXECUTION_FINISHED
02:21:28.1 (1946786)|USER_INFO|[EXTERNAL]|00528000001JBjQ|ramu.veligeti@yahoo.co.in|Pacific Standard Time|GMT-07:00
02:21:28.1 (1958150)|EXECUTION_STARTED
02:21:28.1 (1960093)|CODE_UNIT_STARTED|[EXTERNAL]|01p2800000FZDMn|AdhocLightningScheduler.getObjFields
02:21:28.1 (2006075)|VARIABLE_SCOPE_BEGIN|[3]|AdhocLightningScheduler.showFields|Boolean|false|true
02:21:28.1 (2065703)|HEAP_ALLOCATE|[EXTERNAL]|Bytes:26
02:21:28.1 (2072318)|HEAP_ALLOCATE|[EXTERNAL]|Bytes:88
02:21:28.1 (2075669)|HEAP_ALLOCATE|[EXTERNAL]|Bytes:27
02:21:28.1 (2079279)|HEAP_ALLOCATE|[EXTERNAL]|Bytes:32
02:21:28.1 (2090032)|METHOD_ENTRY|[1]|01p2800000FZDMn|AdhocLightningScheduler.AdhocLightningScheduler()
02:21:28.1 (2096104)|STATEMENT_EXECUTE|[1]
02:21:28.1 (2100114)|STATEMENT_EXECUTE|[1]
02:21:28.1 (2100944)|STATEMENT_EXECUTE|[196]
02:21:28.1 (2102276)|STATEMENT_EXECUTE|[212]
02:21:28.1 (2106298)|METHOD_EXIT|[1]|AdhocLightningScheduler
02:21:28.1 (2110483)|HEAP_ALLOCATE|[EXTERNAL]|Bytes:40
02:21:28.1 (2119405)|SYSTEM_MODE_ENTER|false
02:21:28.1 (2125782)|VARIABLE_SCOPE_BEGIN|[65]|so|String|false|false
02:21:28.1 (2147342)|VARIABLE_ASSIGNMENT|[65]|so|"accHierarchy__Accoun (20 more) ..."
02:21:28.1 (2157214)|STATEMENT_EXECUTE|[65]
02:21:28.1 (2158366)|STATEMENT_EXECUTE|[66]
02:21:28.1 (2160975)|HEAP_ALLOCATE|[66]|Bytes:3
02:21:28.1 (2176542)|HEAP_ALLOCATE|[66]|Bytes:43
02:21:28.1 (2207718)|HEAP_ALLOCATE|[50]|Bytes:5
02:21:28.1 (2229134)|HEAP_ALLOCATE|[56]|Bytes:5
02:21:28.1 (2235945)|HEAP_ALLOCATE|[64]|Bytes:7
02:21:28.1 (2280600)|USER_DEBUG|[66]|DEBUG|s==accHierarchy__Account_Hierarchy_Setup__c
02:21:28.1 (2290090)|STATEMENT_EXECUTE|[67]
02:21:28.1 (12138991)|HEAP_ALLOCATE|[67]|Bytes:1628
02:21:28.1 (12185580)|VARIABLE_SCOPE_BEGIN|[67]|objSchema|Schema.SObjectType|true|false
02:21:28.1 (12296359)|VARIABLE_ASSIGNMENT|[67]|objSchema|"common.apex.runtime.impl.ApexSObjectTypeToken@6f27a923"|0x6f27a923
02:21:28.1 (12304687)|STATEMENT_EXECUTE|[68]
02:21:28.1 (12570679)|HEAP_ALLOCATE|[68]|Bytes:4
02:21:28.1 (13433869)|HEAP_ALLOCATE|[68]|Bytes:56
02:21:28.1 (13448541)|VARIABLE_SCOPE_BEGIN|[68]|fieldMap|Map<String,Schema.SObjectField>|true|false
02:21:28.1 (13631592)|VARIABLE_ASSIGNMENT|[68]|fieldMap|"{acchierarchy__account_fields__c=accHierarchy__Account_fields__c, acchierarchy__cases_fields__c=accHierarchy__Cases_Fields__c, acchierarchy__opportunities_fields__c=accHierarchy__Opportunities_Fields__c, acchierarchy__related_list_fields__c=accHierarchy__Related_List_Fields__c, createdbyid=CreatedById, createddate=CreatedDate, id=Id, isdeleted=IsDeleted, lastmodifiedbyid=LastModifiedById, lastmodifieddate=LastModifiedDate, ...}"|0x1aa9f7f2
02:21:28.1 (13645496)|STATEMENT_EXECUTE|[69]
02:21:28.1 (13690565)|HEAP_ALLOCATE|[69]|Bytes:4
02:21:28.1 (13723325)|VARIABLE_SCOPE_BEGIN|[69]|options|List<List<String>>|true|false
02:21:28.1 (13756159)|HEAP_ALLOCATE|[EXTERNAL]|Bytes:4
02:21:28.1 (13767139)|VARIABLE_ASSIGNMENT|[69]|options|[]|0x243951ff
02:21:28.1 (13772782)|STATEMENT_EXECUTE|[70]
02:21:28.1 (13777285)|HEAP_ALLOCATE|[70]|Bytes:4
02:21:28.1 (13793146)|VARIABLE_SCOPE_BEGIN|[70]|l1|List<String>|true|false
02:21:28.1 (13811408)|HEAP_ALLOCATE|[EXTERNAL]|Bytes:4
02:21:28.1 (13816652)|VARIABLE_ASSIGNMENT|[70]|l1|[]|0x6a5443c4
02:21:28.1 (13821641)|STATEMENT_EXECUTE|[71]
02:21:28.1 (13825109)|HEAP_ALLOCATE|[71]|Bytes:8
02:21:28.1 (13861221)|HEAP_ALLOCATE|[EXTERNAL]|Bytes:4
02:21:28.1 (13871923)|STATEMENT_EXECUTE|[72]
02:21:28.1 (13894424)|HEAP_ALLOCATE|[EXTERNAL]|Bytes:4
02:21:28.1 (13903740)|STATEMENT_EXECUTE|[73]
02:21:28.1 (13937347)|HEAP_ALLOCATE|[EXTERNAL]|Bytes:4
02:21:28.1 (13989153)|STATEMENT_EXECUTE|[74]
02:21:28.1 (14023726)|HEAP_ALLOCATE|[EXTERNAL]|Bytes:56
02:21:28.1 (14035768)|HEAP_ALLOCATE|[78]|Bytes:56
02:21:28.1 (14091603)|HEAP_ALLOCATE|[78]|Bytes:5
02:21:28.1 (14112587)|VARIABLE_SCOPE_BEGIN|[78]|s1|Schema.SObjectField|true|false
02:21:28.1 (14167001)|VARIABLE_ASSIGNMENT|[78]|s1|"common.apex.runtime.impl.ApexFieldToken@5b4b3174"|0x5b4b3174
02:21:28.1 (14174642)|STATEMENT_EXECUTE|[78]
02:21:28.1 (14175630)|STATEMENT_EXECUTE|[79]
02:21:28.1 (14179520)|HEAP_ALLOCATE|[79]|Bytes:4
02:21:28.1 (14196693)|VARIABLE_SCOPE_BEGIN|[79]|l|List<String>|true|false
02:21:28.1 (14214731)|HEAP_ALLOCATE|[EXTERNAL]|Bytes:4
02:21:28.1 (14221257)|VARIABLE_ASSIGNMENT|[79]|l|[]|0x648fe617
02:21:28.1 (14226456)|STATEMENT_EXECUTE|[80]
02:21:28.1 (14279238)|HEAP_ALLOCATE|[80]|Bytes:2
02:21:28.1 (14291519)|VARIABLE_SCOPE_BEGIN|[80]|field|String|false|false
02:21:28.1 (14301793)|VARIABLE_ASSIGNMENT|[80]|field|"Id"
02:21:28.1 (14305516)|STATEMENT_EXECUTE|[82]
02:21:28.1 (14733183)|HEAP_ALLOCATE|[82]|Bytes:8
02:21:28.1 (14755988)|HEAP_ALLOCATE|[82]|Bytes:2
02:21:28.1 (14772417)|HEAP_ALLOCATE|[82]|Bytes:2
02:21:28.1 (14784544)|HEAP_ALLOCATE|[EXTERNAL]|Bytes:4
02:21:28.1 (14789882)|STATEMENT_EXECUTE|[84]
02:21:28.1 (14838268)|HEAP_ALLOCATE|[84]|Bytes:8
02:21:28.1 (15551151)|HEAP_ALLOCATE|[84]|Bytes:12
02:21:28.1 (15582168)|HEAP_ALLOCATE|[84]|Bytes:2
02:21:28.1 (15593400)|VARIABLE_SCOPE_BEGIN|[84]|dataType|String|false|false
02:21:28.1 (15605201)|VARIABLE_ASSIGNMENT|[84]|dataType|"ID"
02:21:28.1 (15609961)|STATEMENT_EXECUTE|[85]
02:21:28.1 (15612617)|VARIABLE_SCOPE_BEGIN|[85]|objName|String|false|false
02:21:28.1 (15619714)|VARIABLE_ASSIGNMENT|[85]|objName|""
02:21:28.1 (15643718)|STATEMENT_EXECUTE|[92]
02:21:28.1 (15646341)|HEAP_ALLOCATE|[92]|Bytes:2
02:21:28.1 (15650725)|HEAP_ALLOCATE|[92]|Bytes:3
02:21:28.1 (15659475)|HEAP_ALLOCATE|[92]|Bytes:9
02:21:28.1 (15684722)|HEAP_ALLOCATE|[EXTERNAL]|Bytes:4
02:21:28.1 (15691523)|STATEMENT_EXECUTE|[93]
02:21:28.1 (15718551)|HEAP_ALLOCATE|[EXTERNAL]|Bytes:4
02:21:28.1 (15732917)|HEAP_ALLOCATE|[78]|Bytes:5
02:21:28.1 (15746853)|VARIABLE_SCOPE_BEGIN|[78]|s1|Schema.SObjectField|true|false
02:21:28.1 (15799971)|VARIABLE_ASSIGNMENT|[78]|s1|"common.apex.runtime.impl.ApexFieldToken@3513354b"|0x3513354b
02:21:28.1 (15807127)|STATEMENT_EXECUTE|[78]
02:21:28.1 (15808089)|STATEMENT_EXECUTE|[79]
02:21:28.1 (15811472)|HEAP_ALLOCATE|[79]|Bytes:4
02:21:28.1 (15822884)|VARIABLE_SCOPE_BEGIN|[79]|l|List<String>|true|false
02:21:28.1 (15840977)|HEAP_ALLOCATE|[EXTERNAL]|Bytes:4
02:21:28.1 (15847829)|VARIABLE_ASSIGNMENT|[79]|l|[]|0x119c8ccb
02:21:28.1 (15853237)|STATEMENT_EXECUTE|[80]
02:21:28.1 (15893390)|HEAP_ALLOCATE|[80]|Bytes:7
02:21:28.1 (15905494)|VARIABLE_SCOPE_BEGIN|[80]|field|String|false|false
02:21:28.1 (15916633)|VARIABLE_ASSIGNMENT|[80]|field|"OwnerId"
02:21:28.1 (15921604)|STATEMENT_EXECUTE|[82]
02:21:28.1 (16068709)|HEAP_ALLOCATE|[82]|Bytes:8
02:21:28.1 (16083309)|HEAP_ALLOCATE|[82]|Bytes:7
02:21:28.1 (16097067)|HEAP_ALLOCATE|[82]|Bytes:7
02:21:28.1 (16107847)|HEAP_ALLOCATE|[EXTERNAL]|Bytes:4
02:21:28.1 (16112868)|STATEMENT_EXECUTE|[84]
02:21:28.1 (16137451)|HEAP_ALLOCATE|[84]|Bytes:8
02:21:28.1 (16160007)|HEAP_ALLOCATE|[84]|Bytes:12
02:21:28.1 (16175186)|HEAP_ALLOCATE|[84]|Bytes:9
02:21:28.1 (16183383)|VARIABLE_SCOPE_BEGIN|[84]|dataType|String|false|false
02:21:28.1 (16193287)|VARIABLE_ASSIGNMENT|[84]|dataType|"REFERENCE"
02:21:28.1 (16197230)|STATEMENT_EXECUTE|[85]
02:21:28.1 (16199234)|VARIABLE_SCOPE_BEGIN|[85]|objName|String|false|false
02:21:28.1 (16206038)|VARIABLE_ASSIGNMENT|[85]|objName|""
02:21:28.1 (16219050)|STATEMENT_EXECUTE|[87]
02:21:28.1 (16220103)|STATEMENT_EXECUTE|[88]
02:21:28.1 (16265110)|HEAP_ALLOCATE|[88]|Bytes:8
02:21:28.1 (16291952)|HEAP_ALLOCATE|[EXTERNAL]|Bytes:12
02:21:28.1 (16306471)|HEAP_ALLOCATE|[88]|Bytes:12
02:21:28.1 (16379974)|HEAP_ALLOCATE|[88]|Bytes:4
02:21:28.1 (16395487)|HEAP_ALLOCATE|[88]|Bytes:5
02:21:28.1 (16409077)|HEAP_ALLOCATE|[88]|Bytes:5
02:21:28.1 (16419812)|VARIABLE_ASSIGNMENT|[88]|objName|"Group"
02:21:28.1 (16425167)|STATEMENT_EXECUTE|[89]
02:21:28.1 (16430079)|HEAP_ALLOCATE|[89]|Bytes:26
02:21:28.1 (16451565)|HEAP_ALLOCATE|[EXTERNAL]|Bytes:4
02:21:28.1 (16457363)|STATEMENT_EXECUTE|[93]
02:21:28.1 (16474903)|HEAP_ALLOCATE|[EXTERNAL]|Bytes:4
02:21:28.1 (16486770)|HEAP_ALLOCATE|[78]|Bytes:5
02:21:28.1 (16499816)|VARIABLE_SCOPE_BEGIN|[78]|s1|Schema.SObjectField|true|false
02:21:28.1 (16552492)|VARIABLE_ASSIGNMENT|[78]|s1|"common.apex.runtime.impl.ApexFieldToken@7d911a4e"|0x7d911a4e
02:21:28.1 (16560144)|STATEMENT_EXECUTE|[78]
02:21:28.1 (16561074)|STATEMENT_EXECUTE|[79]
02:21:28.1 (16564939)|HEAP_ALLOCATE|[79]|Bytes:4
02:21:28.1 (16574775)|VARIABLE_SCOPE_BEGIN|[79]|l|List<String>|true|false
02:21:28.1 (16592094)|HEAP_ALLOCATE|[EXTERNAL]|Bytes:4
02:21:28.1 (16598925)|VARIABLE_ASSIGNMENT|[79]|l|[]|0x4a35565d
02:21:28.1 (16604249)|STATEMENT_EXECUTE|[80]
02:21:28.1 (16638406)|HEAP_ALLOCATE|[80]|Bytes:9
02:21:28.1 (16649644)|VARIABLE_SCOPE_BEGIN|[80]|field|String|false|false
02:21:28.1 (16658727)|VARIABLE_ASSIGNMENT|[80]|field|"IsDeleted"
02:21:28.1 (16662377)|STATEMENT_EXECUTE|[82]
02:21:28.1 (16764228)|HEAP_ALLOCATE|[82]|Bytes:8
02:21:28.1 (16776224)|HEAP_ALLOCATE|[82]|Bytes:9
02:21:28.1 (16788234)|HEAP_ALLOCATE|[82]|Bytes:9
02:21:28.1 (16798820)|HEAP_ALLOCATE|[EXTERNAL]|Bytes:4
02:21:28.1 (16803153)|STATEMENT_EXECUTE|[84]
02:21:28.1 (16826032)|HEAP_ALLOCATE|[84]|Bytes:8
02:21:28.1 (16847272)|HEAP_ALLOCATE|[84]|Bytes:12
02:21:28.1 (16861691)|HEAP_ALLOCATE|[84]|Bytes:7
02:21:28.1 (16870036)|VARIABLE_SCOPE_BEGIN|[84]|dataType|String|false|false
02:21:28.1 (16879822)|VARIABLE_ASSIGNMENT|[84]|dataType|"BOOLEAN"
02:21:28.1 (16883985)|STATEMENT_EXECUTE|[85]
02:21:28.1 (16886116)|VARIABLE_SCOPE_BEGIN|[85]|objName|String|false|false
02:21:28.1 (16893163)|VARIABLE_ASSIGNMENT|[85]|objName|""
02:21:28.1 (16902877)|STATEMENT_EXECUTE|[92]
02:21:28.1 (16907080)|HEAP_ALLOCATE|[92]|Bytes:21
02:21:28.1 (16915629)|HEAP_ALLOCATE|[EXTERNAL]|Bytes:4
02:21:28.1 (16921876)|STATEMENT_EXECUTE|[93]
02:21:28.1 (16938858)|HEAP_ALLOCATE|[EXTERNAL]|Bytes:4
02:21:28.1 (16949976)|HEAP_ALLOCATE|[78]|Bytes:5
02:21:28.1 (16962094)|VARIABLE_SCOPE_BEGIN|[78]|s1|Schema.SObjectField|true|false
02:21:28.1 (17019699)|VARIABLE_ASSIGNMENT|[78]|s1|"common.apex.runtime.impl.ApexFieldToken@31dcd58d"|0x31dcd58d
02:21:28.1 (17027894)|STATEMENT_EXECUTE|[78]
02:21:28.1 (17028787)|STATEMENT_EXECUTE|[79]
02:21:28.1 (17032487)|HEAP_ALLOCATE|[79]|Bytes:4
02:21:28.1 (17041980)|VARIABLE_SCOPE_BEGIN|[79]|l|List<String>|true|false
02:21:28.1 (17058117)|HEAP_ALLOCATE|[EXTERNAL]|Bytes:4
02:21:28.1 (17064556)|VARIABLE_ASSIGNMENT|[79]|l|[]|0x7b087426
02:21:28.1 (17069418)|STATEMENT_EXECUTE|[80]
02:21:28.1 (17101166)|HEAP_ALLOCATE|[80]|Bytes:4
02:21:28.1 (17111908)|VARIABLE_SCOPE_BEGIN|[80]|field|String|false|false
02:21:28.1 (17120721)|VARIABLE_ASSIGNMENT|[80]|field|"Name"
02:21:28.1 (17124203)|STATEMENT_EXECUTE|[82]
02:21:28.1 (17219219)|HEAP_ALLOCATE|[82]|Bytes:8
02:21:28.1 (17230861)|HEAP_ALLOCATE|[82]|Bytes:4
02:21:28.1 (17243499)|HEAP_ALLOCATE|[82]|Bytes:4
02:21:28.1 (17253343)|HEAP_ALLOCATE|[EXTERNAL]|Bytes:4
02:21:28.1 (17257697)|STATEMENT_EXECUTE|[84]
02:21:28.1 (17280265)|HEAP_ALLOCATE|[84]|Bytes:8
02:21:28.1 (17301828)|HEAP_ALLOCATE|[84]|Bytes:12
02:21:28.1 (17316040)|HEAP_ALLOCATE|[84]|Bytes:6
02:21:28.1 (17323857)|VARIABLE_SCOPE_BEGIN|[84]|dataType|String|false|false
02:21:28.1 (17332834)|VARIABLE_ASSIGNMENT|[84]|dataType|"STRING"
02:21:28.1 (17336674)|STATEMENT_EXECUTE|[85]
02:21:28.1 (17338775)|VARIABLE_SCOPE_BEGIN|[85]|objName|String|false|false
02:21:28.1 (17345391)|VARIABLE_ASSIGNMENT|[85]|objName|""
02:21:28.1 (17355433)|STATEMENT_EXECUTE|[92]
02:21:28.1 (17360047)|HEAP_ALLOCATE|[92]|Bytes:15
02:21:28.1 (17367183)|HEAP_ALLOCATE|[EXTERNAL]|Bytes:4
02:21:28.1 (17371814)|STATEMENT_EXECUTE|[93]
02:21:28.1 (17387886)|HEAP_ALLOCATE|[EXTERNAL]|Bytes:4
02:21:28.1 (17399194)|HEAP_ALLOCATE|[78]|Bytes:5
02:21:28.1 (17410446)|VARIABLE_SCOPE_BEGIN|[78]|s1|Schema.SObjectField|true|false
02:21:28.1 (17463328)|VARIABLE_ASSIGNMENT|[78]|s1|"common.apex.runtime.impl.ApexFieldToken@339e8253"|0x339e8253
02:21:28.1 (17470130)|STATEMENT_EXECUTE|[78]
02:21:28.1 (17471017)|STATEMENT_EXECUTE|[79]
02:21:28.1 (17474488)|HEAP_ALLOCATE|[79]|Bytes:4
02:21:28.1 (17484111)|VARIABLE_SCOPE_BEGIN|[79]|l|List<String>|true|false
02:21:28.1 (17501409)|HEAP_ALLOCATE|[EXTERNAL]|Bytes:4
02:21:28.1 (17508219)|VARIABLE_ASSIGNMENT|[79]|l|[]|0x4feccf80
02:21:28.1 (17512958)|STATEMENT_EXECUTE|[80]
02:21:28.1 (17542598)|HEAP_ALLOCATE|[80]|Bytes:11
02:21:28.1 (17553005)|VARIABLE_SCOPE_BEGIN|[80]|field|String|false|false
02:21:28.1 (17562128)|VARIABLE_ASSIGNMENT|[80]|field|"CreatedDate"
02:21:28.1 (17567916)|STATEMENT_EXECUTE|[82]
02:21:28.1 (17732295)|HEAP_ALLOCATE|[82]|Bytes:8
02:21:28.1 (17748638)|HEAP_ALLOCATE|[82]|Bytes:11
02:21:28.1 (17762467)|HEAP_ALLOCATE|[82]|Bytes:11
02:21:28.1 (17773170)|HEAP_ALLOCATE|[EXTERNAL]|Bytes:4
02:21:28.1 (17777941)|STATEMENT_EXECUTE|[84]
02:21:28.1 (17804700)|HEAP_ALLOCATE|[84]|Bytes:8
02:21:28.1 (17827054)|HEAP_ALLOCATE|[84]|Bytes:12
02:21:28.1 (17859269)|HEAP_ALLOCATE|[84]|Bytes:8
02:21:28.1 (17874870)|VARIABLE_SCOPE_BEGIN|[84]|dataType|String|false|false
02:21:28.1 (17885272)|VARIABLE_ASSIGNMENT|[84]|dataType|"DATETIME"
02:21:28.1 (17889510)|STATEMENT_EXECUTE|[85]
02:21:28.1 (17891734)|VARIABLE_SCOPE_BEGIN|[85]|objName|String|false|false
02:21:28.1 (17898680)|VARIABLE_ASSIGNMENT|[85]|objName|""
02:21:28.1 (17909037)|STATEMENT_EXECUTE|[92]
02:21:28.1 (17914087)|HEAP_ALLOCATE|[92]|Bytes:24
02:21:28.1 (17924995)|HEAP_ALLOCATE|[EXTERNAL]|Bytes:4
02:21:28.1 (17932230)|STATEMENT_EXECUTE|[93]
02:21:28.1 (17953392)|HEAP_ALLOCATE|[EXTERNAL]|Bytes:4
02:21:28.1 (17966507)|HEAP_ALLOCATE|[78]|Bytes:5
02:21:28.1 (17979222)|VARIABLE_SCOPE_BEGIN|[78]|s1|Schema.SObjectField|true|false
02:21:28.1 (18038212)|VARIABLE_ASSIGNMENT|[78]|s1|"common.apex.runtime.impl.ApexFieldToken@1f8b4006"|0x1f8b4006
02:21:28.1 (18046227)|STATEMENT_EXECUTE|[78]
02:21:28.1 (18047438)|STATEMENT_EXECUTE|[79]
02:21:28.1 (18051097)|HEAP_ALLOCATE|[79]|Bytes:4
02:21:28.1 (18061189)|VARIABLE_SCOPE_BEGIN|[79]|l|List<String>|true|false
02:21:28.1 (18079719)|HEAP_ALLOCATE|[EXTERNAL]|Bytes:4
02:21:28.1 (18086667)|VARIABLE_ASSIGNMENT|[79]|l|[]|0x8cee132
02:21:28.1 (18091589)|STATEMENT_EXECUTE|[80]
02:21:28.1 (18124879)|HEAP_ALLOCATE|[80]|Bytes:11
02:21:28.1 (18135759)|VARIABLE_SCOPE_BEGIN|[80]|field|String|false|false
02:21:28.1 (18144821)|VARIABLE_ASSIGNMENT|[80]|field|"CreatedById"
02:21:28.1 (18148667)|STATEMENT_EXECUTE|[82]
02:21:28.1 (18275395)|HEAP_ALLOCATE|[82]|Bytes:8
02:21:28.1 (18288260)|HEAP_ALLOCATE|[82]|Bytes:11
02:21:28.1 (18301940)|HEAP_ALLOCATE|[82]|Bytes:11
02:21:28.1 (18311750)|HEAP_ALLOCATE|[EXTERNAL]|Bytes:4
02:21:28.1 (18317248)|STATEMENT_EXECUTE|[84]
02:21:28.1 (18340657)|HEAP_ALLOCATE|[84]|Bytes:8
02:21:28.1 (18362026)|HEAP_ALLOCATE|[84]|Bytes:12
02:21:28.1 (18376821)|HEAP_ALLOCATE|[84]|Bytes:9
02:21:28.1 (18385142)|VARIABLE_SCOPE_BEGIN|[84]|dataType|String|false|false
02:21:28.1 (18394522)|VARIABLE_ASSIGNMENT|[84]|dataType|"REFERENCE"
02:21:28.1 (18398985)|STATEMENT_EXECUTE|[85]
02:21:28.1 (18401215)|VARIABLE_SCOPE_BEGIN|[85]|objName|String|false|false
02:21:28.1 (18407998)|VARIABLE_ASSIGNMENT|[85]|objName|""
02:21:28.1 (18419907)|STATEMENT_EXECUTE|[87]
02:21:28.1 (18420859)|STATEMENT_EXECUTE|[88]
02:21:28.1 (18444342)|HEAP_ALLOCATE|[88]|Bytes:8
02:21:28.1 (18463660)|HEAP_ALLOCATE|[EXTERNAL]|Bytes:8
02:21:28.1 (18473547)|HEAP_ALLOCATE|[88]|Bytes:8
02:21:28.1 (18537875)|HEAP_ALLOCATE|[88]|Bytes:4
02:21:28.1 (18548737)|HEAP_ALLOCATE|[88]|Bytes:4
02:21:28.1 (18560766)|HEAP_ALLOCATE|[88]|Bytes:4
02:21:28.1 (18570959)|VARIABLE_ASSIGNMENT|[88]|objName|"User"
02:21:28.1 (18574950)|STATEMENT_EXECUTE|[89]
02:21:28.1 (18579773)|HEAP_ALLOCATE|[89]|Bytes:29
02:21:28.1 (18586815)|HEAP_ALLOCATE|[EXTERNAL]|Bytes:4
02:21:28.1 (18591299)|STATEMENT_EXECUTE|[93]
02:21:28.1 (18607645)|HEAP_ALLOCATE|[EXTERNAL]|Bytes:4
02:21:28.1 (18619316)|HEAP_ALLOCATE|[78]|Bytes:5
02:21:28.1 (18631657)|VARIABLE_SCOPE_BEGIN|[78]|s1|Schema.SObjectField|true|false
02:21:28.1 (18683518)|VARIABLE_ASSIGNMENT|[78]|s1|"common.apex.runtime.impl.ApexFieldToken@6abd6ad3"|0x6abd6ad3
02:21:28.1 (18690353)|STATEMENT_EXECUTE|[78]
02:21:28.1 (18691316)|STATEMENT_EXECUTE|[79]
02:21:28.1 (18694778)|HEAP_ALLOCATE|[79]|Bytes:4
02:21:28.1 (18705135)|VARIABLE_SCOPE_BEGIN|[79]|l|List<String>|true|false
02:21:28.1 (18722174)|HEAP_ALLOCATE|[EXTERNAL]|Bytes:4
02:21:28.1 (18728915)|VARIABLE_ASSIGNMENT|[79]|l|[]|0x7fc8620b
02:21:28.1 (18733671)|STATEMENT_EXECUTE|[80]
02:21:28.1 (18765387)|HEAP_ALLOCATE|[80]|Bytes:16
02:21:28.1 (18775804)|VARIABLE_SCOPE_BEGIN|[80]|field|String|false|false
02:21:28.1 (18785004)|VARIABLE_ASSIGNMENT|[80]|field|"LastModifiedDate"
02:21:28.1 (18788945)|STATEMENT_EXECUTE|[82]
02:21:28.1 (18902804)|HEAP_ALLOCATE|[82]|Bytes:8
02:21:28.1 (18916119)|HEAP_ALLOCATE|[82]|Bytes:16
02:21:28.1 (18929899)|HEAP_ALLOCATE|[82]|Bytes:16
02:21:28.1 (18939691)|HEAP_ALLOCATE|[EXTERNAL]|Bytes:4
02:21:28.1 (18944399)|STATEMENT_EXECUTE|[84]
02:21:28.1 (18966948)|HEAP_ALLOCATE|[84]|Bytes:8
02:21:28.1 (18990889)|HEAP_ALLOCATE|[84]|Bytes:12
02:21:28.1 (19006042)|HEAP_ALLOCATE|[84]|Bytes:8
02:21:28.1 (19015331)|VARIABLE_SCOPE_BEGIN|[84]|dataType|String|false|false
02:21:28.1 (19025334)|VARIABLE_ASSIGNMENT|[84]|dataType|"DATETIME"
02:21:28.1 (19029102)|STATEMENT_EXECUTE|[85]
02:21:28.1 (19031105)|VARIABLE_SCOPE_BEGIN|[85]|objName|String|false|false
02:21:28.1 (19037916)|VARIABLE_ASSIGNMENT|[85]|objName|""
02:21:28.1 (19048455)|STATEMENT_EXECUTE|[92]
02:21:28.1 (19052486)|HEAP_ALLOCATE|[92]|Bytes:29
02:21:28.1 (19059989)|HEAP_ALLOCATE|[EXTERNAL]|Bytes:4
02:21:28.1 (19063882)|STATEMENT_EXECUTE|[93]
02:21:28.1 (19080557)|HEAP_ALLOCATE|[EXTERNAL]|Bytes:4
02:21:28.1 (19092036)|HEAP_ALLOCATE|[78]|Bytes:5
02:21:28.1 (19104044)|VARIABLE_SCOPE_BEGIN|[78]|s1|Schema.SObjectField|true|false
02:21:28.1 (19154960)|VARIABLE_ASSIGNMENT|[78]|s1|"common.apex.runtime.impl.ApexFieldToken@3d1aaab4"|0x3d1aaab4
02:21:28.1 (19162523)|STATEMENT_EXECUTE|[78]
02:21:28.1 (19163416)|STATEMENT_EXECUTE|[79]
02:21:28.1 (19167147)|HEAP_ALLOCATE|[79]|Bytes:4
02:21:28.1 (19176961)|VARIABLE_SCOPE_BEGIN|[79]|l|List<String>|true|false
02:21:28.1 (19193251)|HEAP_ALLOCATE|[EXTERNAL]|Bytes:4
02:21:28.1 (19200152)|VARIABLE_ASSIGNMENT|[79]|l|[]|0x1899784c
02:21:28.1 (19205231)|STATEMENT_EXECUTE|[80]
02:21:28.1 (19235593)|HEAP_ALLOCATE|[80]|Bytes:16
02:21:28.1 (19245776)|VARIABLE_SCOPE_BEGIN|[80]|field|String|false|false
02:21:28.1 (19255088)|VARIABLE_ASSIGNMENT|[80]|field|"LastModifiedById"
02:21:28.1 (19259672)|STATEMENT_EXECUTE|[82]
02:21:28.1 (19381756)|HEAP_ALLOCATE|[82]|Bytes:8
02:21:28.1 (19394073)|HEAP_ALLOCATE|[82]|Bytes:16
02:21:28.1 (19406586)|HEAP_ALLOCATE|[82]|Bytes:16
02:21:28.1 (19416655)|HEAP_ALLOCATE|[EXTERNAL]|Bytes:4
02:21:28.1 (19421519)|STATEMENT_EXECUTE|[84]
02:21:28.1 (19443825)|HEAP_ALLOCATE|[84]|Bytes:8
02:21:28.1 (19464849)|HEAP_ALLOCATE|[84]|Bytes:12
02:21:28.1 (19478713)|HEAP_ALLOCATE|[84]|Bytes:9
02:21:28.1 (19486698)|VARIABLE_SCOPE_BEGIN|[84]|dataType|String|false|false
02:21:28.1 (19496415)|VARIABLE_ASSIGNMENT|[84]|dataType|"REFERENCE"
02:21:28.1 (19500731)|STATEMENT_EXECUTE|[85]
02:21:28.1 (19502767)|VARIABLE_SCOPE_BEGIN|[85]|objName|String|false|false
02:21:28.1 (19509477)|VARIABLE_ASSIGNMENT|[85]|objName|""
02:21:28.1 (19520954)|STATEMENT_EXECUTE|[87]
02:21:28.1 (19521920)|STATEMENT_EXECUTE|[88]
02:21:28.1 (19545539)|HEAP_ALLOCATE|[88]|Bytes:8
02:21:28.1 (19563963)|HEAP_ALLOCATE|[EXTERNAL]|Bytes:8
02:21:28.1 (19574064)|HEAP_ALLOCATE|[88]|Bytes:8
02:21:28.1 (19589851)|HEAP_ALLOCATE|[88]|Bytes:4
02:21:28.1 (19597441)|HEAP_ALLOCATE|[88]|Bytes:4
02:21:28.1 (19607753)|HEAP_ALLOCATE|[88]|Bytes:4
02:21:28.1 (19616909)|VARIABLE_ASSIGNMENT|[88]|objName|"User"
02:21:28.1 (19621709)|STATEMENT_EXECUTE|[89]
02:21:28.1 (19625904)|HEAP_ALLOCATE|[89]|Bytes:34
02:21:28.1 (19631820)|HEAP_ALLOCATE|[EXTERNAL]|Bytes:4
02:21:28.1 (19636344)|STATEMENT_EXECUTE|[93]
02:21:28.1 (19651302)|HEAP_ALLOCATE|[EXTERNAL]|Bytes:4
02:21:28.1 (19662567)|HEAP_ALLOCATE|[78]|Bytes:5
02:21:28.1 (19673795)|VARIABLE_SCOPE_BEGIN|[78]|s1|Schema.SObjectField|true|false
02:21:28.1 (19724024)|VARIABLE_ASSIGNMENT|[78]|s1|"common.apex.runtime.impl.ApexFieldToken@7ad12b5e"|0x7ad12b5e
02:21:28.1 (19731447)|STATEMENT_EXECUTE|[78]
02:21:28.1 (19732337)|STATEMENT_EXECUTE|[79]
02:21:28.1 (19735565)|HEAP_ALLOCATE|[79]|Bytes:4
02:21:28.1 (19745937)|VARIABLE_SCOPE_BEGIN|[79]|l|List<String>|true|false
02:21:28.1 (19762311)|HEAP_ALLOCATE|[EXTERNAL]|Bytes:4
02:21:28.1 (19768997)|VARIABLE_ASSIGNMENT|[79]|l|[]|0x5c4a496d
02:21:28.1 (19773814)|STATEMENT_EXECUTE|[80]
02:21:28.1 (19805651)|HEAP_ALLOCATE|[80]|Bytes:14
02:21:28.1 (19816247)|VARIABLE_SCOPE_BEGIN|[80]|field|String|false|false
02:21:28.1 (19825381)|VARIABLE_ASSIGNMENT|[80]|field|"SystemModstamp"
02:21:28.1 (19829542)|STATEMENT_EXECUTE|[82]
02:21:28.1 (19926245)|HEAP_ALLOCATE|[82]|Bytes:8
02:21:28.1 (19938348)|HEAP_ALLOCATE|[82]|Bytes:14
02:21:28.1 (19950380)|HEAP_ALLOCATE|[82]|Bytes:14
02:21:28.1 (19960078)|HEAP_ALLOCATE|[EXTERNAL]|Bytes:4
02:21:28.1 (19964863)|STATEMENT_EXECUTE|[84]
02:21:28.1 (19990359)|HEAP_ALLOCATE|[84]|Bytes:8
02:21:28.1 (20011121)|HEAP_ALLOCATE|[84]|Bytes:12
02:21:28.1 (20026025)|HEAP_ALLOCATE|[84]|Bytes:8
02:21:28.1 (20033724)|VARIABLE_SCOPE_BEGIN|[84]|dataType|String|false|false
02:21:28.1 (20043160)|VARIABLE_ASSIGNMENT|[84]|dataType|"DATETIME"
02:21:28.1 (20047052)|STATEMENT_EXECUTE|[85]
02:21:28.1 (20049007)|VARIABLE_SCOPE_BEGIN|[85]|objName|String|false|false
02:21:28.1 (20055897)|VARIABLE_ASSIGNMENT|[85]|objName|""
02:21:28.1 (20065432)|STATEMENT_EXECUTE|[92]
02:21:28.1 (20069670)|HEAP_ALLOCATE|[92]|Bytes:27
02:21:28.1 (20076638)|HEAP_ALLOCATE|[EXTERNAL]|Bytes:4
02:21:28.1 (20080989)|STATEMENT_EXECUTE|[93]
02:21:28.1 (20097133)|HEAP_ALLOCATE|[EXTERNAL]|Bytes:4
02:21:28.1 (20108396)|HEAP_ALLOCATE|[78]|Bytes:5
02:21:28.1 (20119644)|VARIABLE_SCOPE_BEGIN|[78]|s1|Schema.SObjectField|true|false
02:21:28.1 (20171189)|VARIABLE_ASSIGNMENT|[78]|s1|"common.apex.runtime.impl.ApexFieldToken@3f1fcf72"|0x3f1fcf72
02:21:28.1 (20178124)|STATEMENT_EXECUTE|[78]
02:21:28.1 (20179020)|STATEMENT_EXECUTE|[79]
02:21:28.1 (20182328)|HEAP_ALLOCATE|[79]|Bytes:4
02:21:28.1 (20191796)|VARIABLE_SCOPE_BEGIN|[79]|l|List<String>|true|false
02:21:28.1 (20208336)|HEAP_ALLOCATE|[EXTERNAL]|Bytes:4
02:21:28.1 (20214977)|VARIABLE_ASSIGNMENT|[79]|l|[]|0x566ad0e8
02:21:28.1 (20220679)|STATEMENT_EXECUTE|[80]
02:21:28.1 (20258936)|HEAP_ALLOCATE|[80]|Bytes:31
02:21:28.1 (20269663)|VARIABLE_SCOPE_BEGIN|[80]|field|String|false|false
02:21:28.1 (20280618)|VARIABLE_ASSIGNMENT|[80]|field|"accHierarchy__Accoun (11 more) ..."
02:21:28.1 (20284107)|STATEMENT_EXECUTE|[82]
02:21:28.1 (28309030)|HEAP_ALLOCATE|[82]|Bytes:8
02:21:28.1 (28328040)|HEAP_ALLOCATE|[82]|Bytes:31
02:21:28.1 (28346350)|HEAP_ALLOCATE|[82]|Bytes:31
02:21:28.1 (28359588)|HEAP_ALLOCATE|[EXTERNAL]|Bytes:4
02:21:28.1 (28365304)|STATEMENT_EXECUTE|[84]
02:21:28.1 (28394709)|HEAP_ALLOCATE|[84]|Bytes:8
02:21:28.1 (28418940)|HEAP_ALLOCATE|[84]|Bytes:12
02:21:28.1 (28434703)|HEAP_ALLOCATE|[84]|Bytes:8
02:21:28.1 (28443692)|VARIABLE_SCOPE_BEGIN|[84]|dataType|String|false|false
02:21:28.1 (28455423)|VARIABLE_ASSIGNMENT|[84]|dataType|"TEXTAREA"
02:21:28.1 (28459958)|STATEMENT_EXECUTE|[85]
02:21:28.1 (28462394)|VARIABLE_SCOPE_BEGIN|[85]|objName|String|false|false
02:21:28.1 (28469812)|VARIABLE_ASSIGNMENT|[85]|objName|""
02:21:28.1 (28480709)|STATEMENT_EXECUTE|[92]
02:21:28.1 (28485235)|HEAP_ALLOCATE|[92]|Bytes:44
02:21:28.1 (28493327)|HEAP_ALLOCATE|[EXTERNAL]|Bytes:4
02:21:28.1 (28497459)|STATEMENT_EXECUTE|[93]
02:21:28.1 (28517653)|HEAP_ALLOCATE|[EXTERNAL]|Bytes:4
02:21:28.1 (28531272)|HEAP_ALLOCATE|[78]|Bytes:5
02:21:28.1 (28544362)|VARIABLE_SCOPE_BEGIN|[78]|s1|Schema.SObjectField|true|false
02:21:28.1 (28597769)|VARIABLE_ASSIGNMENT|[78]|s1|"common.apex.runtime.impl.ApexFieldToken@3e75c1b0"|0x3e75c1b0
02:21:28.1 (28605091)|STATEMENT_EXECUTE|[78]
02:21:28.1 (28606241)|STATEMENT_EXECUTE|[79]
02:21:28.1 (28609779)|HEAP_ALLOCATE|[79]|Bytes:4
02:21:28.1 (28620317)|VARIABLE_SCOPE_BEGIN|[79]|l|List<String>|true|false
02:21:28.1 (28638952)|HEAP_ALLOCATE|[EXTERNAL]|Bytes:4
02:21:28.1 (28645982)|VARIABLE_ASSIGNMENT|[79]|l|[]|0x6252c25a
02:21:28.1 (28651151)|STATEMENT_EXECUTE|[80]
02:21:28.1 (28691357)|HEAP_ALLOCATE|[80]|Bytes:29
02:21:28.1 (28703102)|VARIABLE_SCOPE_BEGIN|[80]|field|String|false|false
02:21:28.1 (28714533)|VARIABLE_ASSIGNMENT|[80]|field|"accHierarchy__Cases_ (9 more) ..."
02:21:28.1 (28718904)|STATEMENT_EXECUTE|[82]
02:21:28.1 (28844562)|HEAP_ALLOCATE|[82]|Bytes:8
02:21:28.1 (28857888)|HEAP_ALLOCATE|[82]|Bytes:29
02:21:28.1 (28870967)|HEAP_ALLOCATE|[82]|Bytes:29
02:21:28.1 (28880723)|HEAP_ALLOCATE|[EXTERNAL]|Bytes:4
02:21:28.1 (28885729)|STATEMENT_EXECUTE|[84]
02:21:28.1 (28914071)|HEAP_ALLOCATE|[84]|Bytes:8
02:21:28.1 (28938624)|HEAP_ALLOCATE|[84]|Bytes:12
02:21:28.1 (28954580)|HEAP_ALLOCATE|[84]|Bytes:8
02:21:28.1 (28962875)|VARIABLE_SCOPE_BEGIN|[84]|dataType|String|false|false
02:21:28.1 (28973128)|VARIABLE_ASSIGNMENT|[84]|dataType|"TEXTAREA"
02:21:28.1 (28977070)|STATEMENT_EXECUTE|[85]
02:21:28.1 (28979327)|VARIABLE_SCOPE_BEGIN|[85]|objName|String|false|false
02:21:28.1 (28990373)|VARIABLE_ASSIGNMENT|[85]|objName|""
02:21:28.1 (29000629)|STATEMENT_EXECUTE|[92]
02:21:28.1 (29005765)|HEAP_ALLOCATE|[92]|Bytes:42
02:21:28.1 (29013573)|HEAP_ALLOCATE|[EXTERNAL]|Bytes:4
02:21:28.1 (29017488)|STATEMENT_EXECUTE|[93]
02:21:28.1 (29035647)|HEAP_ALLOCATE|[EXTERNAL]|Bytes:4
02:21:28.1 (29047242)|HEAP_ALLOCATE|[78]|Bytes:5
02:21:28.1 (29059176)|VARIABLE_SCOPE_BEGIN|[78]|s1|Schema.SObjectField|true|false
02:21:28.1 (29110598)|VARIABLE_ASSIGNMENT|[78]|s1|"common.apex.runtime.impl.ApexFieldToken@565283c0"|0x565283c0
02:21:28.1 (29118371)|STATEMENT_EXECUTE|[78]
02:21:28.1 (29119244)|STATEMENT_EXECUTE|[79]
02:21:28.1 (29122874)|HEAP_ALLOCATE|[79]|Bytes:4
02:21:28.1 (29132926)|VARIABLE_SCOPE_BEGIN|[79]|l|List<String>|true|false
02:21:28.1 (29150583)|HEAP_ALLOCATE|[EXTERNAL]|Bytes:4
02:21:28.1 (29158129)|VARIABLE_ASSIGNMENT|[79]|l|[]|0x7fdb6900
02:21:28.1 (29162784)|STATEMENT_EXECUTE|[80]
02:21:28.1 (29200737)|HEAP_ALLOCATE|[80]|Bytes:37
02:21:28.1 (29212154)|VARIABLE_SCOPE_BEGIN|[80]|field|String|false|false
02:21:28.1 (29222964)|VARIABLE_ASSIGNMENT|[80]|field|"accHierarchy__Opport (17 more) ..."
02:21:28.1 (29227251)|STATEMENT_EXECUTE|[82]
02:21:28.1 (29356312)|HEAP_ALLOCATE|[82]|Bytes:8
02:21:28.1 (29368680)|HEAP_ALLOCATE|[82]|Bytes:37
02:21:28.1 (29382133)|HEAP_ALLOCATE|[82]|Bytes:37
02:21:28.1 (29392173)|HEAP_ALLOCATE|[EXTERNAL]|Bytes:4
02:21:28.1 (29397778)|STATEMENT_EXECUTE|[84]
02:21:28.1 (29422195)|HEAP_ALLOCATE|[84]|Bytes:8
02:21:28.1 (29443819)|HEAP_ALLOCATE|[84]|Bytes:12
02:21:28.1 (29458610)|HEAP_ALLOCATE|[84]|Bytes:8
02:21:28.1 (29466529)|VARIABLE_SCOPE_BEGIN|[84]|dataType|String|false|false
02:21:28.1 (29476329)|VARIABLE_ASSIGNMENT|[84]|dataType|"TEXTAREA"
02:21:28.1 (29480374)|STATEMENT_EXECUTE|[85]
02:21:28.1 (29482486)|VARIABLE_SCOPE_BEGIN|[85]|objName|String|false|false
02:21:28.1 (29489161)|VARIABLE_ASSIGNMENT|[85]|objName|""
02:21:28.1 (29499249)|STATEMENT_EXECUTE|[92]
02:21:28.1 (29503798)|HEAP_ALLOCATE|[92]|Bytes:50
02:21:28.1 (29511043)|HEAP_ALLOCATE|[EXTERNAL]|Bytes:4
02:21:28.1 (29515183)|STATEMENT_EXECUTE|[93]
02:21:28.1 (29532116)|HEAP_ALLOCATE|[EXTERNAL]|Bytes:4
02:21:28.1 (29543652)|HEAP_ALLOCATE|[78]|Bytes:5
02:21:28.1 (29555138)|VARIABLE_SCOPE_BEGIN|[78]|s1|Schema.SObjectField|true|false
02:21:28.1 (29606265)|VARIABLE_ASSIGNMENT|[78]|s1|"common.apex.runtime.impl.ApexFieldToken@25aad98f"|0x25aad98f
02:21:28.1 (29613088)|STATEMENT_EXECUTE|[78]
02:21:28.1 (29613974)|STATEMENT_EXECUTE|[79]
02:21:28.1 (29617338)|HEAP_ALLOCATE|[79]|Bytes:4
02:21:28.1 (29627170)|VARIABLE_SCOPE_BEGIN|[79]|l|List<String>|true|false
02:21:28.1 (29644184)|HEAP_ALLOCATE|[EXTERNAL]|Bytes:4
02:21:28.1 (29650841)|VARIABLE_ASSIGNMENT|[79]|l|[]|0x7011da30
02:21:28.1 (29655790)|STATEMENT_EXECUTE|[80]
02:21:28.1 (29692496)|HEAP_ALLOCATE|[80]|Bytes:36
02:21:28.1 (29703547)|VARIABLE_SCOPE_BEGIN|[80]|field|String|false|false
02:21:28.1 (29713944)|VARIABLE_ASSIGNMENT|[80]|field|"accHierarchy__Relate (16 more) ..."
02:21:28.1 (29717515)|STATEMENT_EXECUTE|[82]
02:21:28.1 (29846606)|HEAP_ALLOCATE|[82]|Bytes:8
02:21:28.1 (29859628)|HEAP_ALLOCATE|[82]|Bytes:36
02:21:28.1 (29872518)|HEAP_ALLOCATE|[82]|Bytes:36
02:21:28.1 (29882879)|HEAP_ALLOCATE|[EXTERNAL]|Bytes:4
02:21:28.1 (29887400)|STATEMENT_EXECUTE|[84]
02:21:28.1 (29911119)|HEAP_ALLOCATE|[84]|Bytes:8
02:21:28.1 (29944041)|HEAP_ALLOCATE|[84]|Bytes:12
02:21:28.1 (29959652)|HEAP_ALLOCATE|[84]|Bytes:8
02:21:28.1 (29967983)|VARIABLE_SCOPE_BEGIN|[84]|dataType|String|false|false
02:21:28.1 (29978584)|VARIABLE_ASSIGNMENT|[84]|dataType|"TEXTAREA"
02:21:28.1 (29983576)|STATEMENT_EXECUTE|[85]
02:21:28.1 (29989399)|VARIABLE_SCOPE_BEGIN|[85]|objName|String|false|false
02:21:28.1 (29996519)|VARIABLE_ASSIGNMENT|[85]|objName|""
02:21:28.1 (30006624)|STATEMENT_EXECUTE|[92]
02:21:28.1 (30011696)|HEAP_ALLOCATE|[92]|Bytes:49
02:21:28.1 (30019408)|HEAP_ALLOCATE|[EXTERNAL]|Bytes:4
02:21:28.1 (30024103)|STATEMENT_EXECUTE|[93]
02:21:28.1 (30041477)|HEAP_ALLOCATE|[EXTERNAL]|Bytes:4
02:21:28.1 (30053282)|HEAP_ALLOCATE|[78]|Bytes:5
02:21:28.1 (30064743)|VARIABLE_ASSIGNMENT|[78]|s1|null|
02:21:28.1 (30069780)|STATEMENT_EXECUTE|[96]
02:21:28.1 (30078092)|SYSTEM_MODE_EXIT|false
02:21:28.30 (30099543)|CUMULATIVE_LIMIT_USAGE
02:21:28.30 (30099543)|LIMIT_USAGE_FOR_NS|(default)|
  Number of SOQL queries: 0 out of 100
  Number of query rows: 0 out of 50000
  Number of SOSL queries: 0 out of 20
  Number of DML statements: 0 out of 150
  Number of DML rows: 0 out of 10000
  Maximum CPU time: 0 out of 10000
  Maximum heap size: 0 out of 6000000
  Number of callouts: 0 out of 100
  Number of Email Invocations: 0 out of 10
  Number of future calls: 0 out of 50
  Number of queueable jobs added to the queue: 0 out of 50
  Number of Mobile Apex push calls: 0 out of 10

02:21:28.30 (30099543)|CUMULATIVE_LIMIT_USAGE_END

02:21:28.1 (30127618)|CODE_UNIT_FINISHED|AdhocLightningScheduler.getObjFields
02:21:28.1 (31329194)|EXECUTION_FINISHED
