40.0 APEX_CODE,FINEST;APEX_PROFILING,INFO;CALLOUT,INFO;DB,INFO;SYSTEM,DEBUG;VALIDATION,INFO;VISUALFORCE,INFO;WAVE,INFO;WORKFLOW,INFO
00:42:25.0 (295014)|USER_INFO|[EXTERNAL]|00528000001JBjQ|ramu.veligeti@yahoo.co.in|Pacific Standard Time|GMT-07:00
00:42:25.0 (326929)|EXECUTION_STARTED
00:42:25.0 (330089)|CODE_UNIT_STARTED|[EXTERNAL]|01p2800000FZDMn|AdhocLightningScheduler.getSobjectNames
00:42:25.0 (416284)|VARIABLE_SCOPE_BEGIN|[3]|AdhocLightningScheduler.showFields|Boolean|false|true
00:42:25.0 (611361)|HEAP_ALLOCATE|[72]|Bytes:3
00:42:25.0 (655466)|HEAP_ALLOCATE|[77]|Bytes:152
00:42:25.0 (670126)|HEAP_ALLOCATE|[342]|Bytes:408
00:42:25.0 (684572)|HEAP_ALLOCATE|[355]|Bytes:408
00:42:25.0 (698607)|HEAP_ALLOCATE|[467]|Bytes:48
00:42:25.0 (747860)|HEAP_ALLOCATE|[139]|Bytes:6
00:42:25.0 (761538)|HEAP_ALLOCATE|[EXTERNAL]|Bytes:26
00:42:25.0 (778714)|HEAP_ALLOCATE|[EXTERNAL]|Bytes:88
00:42:25.0 (782607)|HEAP_ALLOCATE|[EXTERNAL]|Bytes:26
00:42:25.0 (786334)|HEAP_ALLOCATE|[EXTERNAL]|Bytes:28
00:42:25.0 (805455)|METHOD_ENTRY|[1]|01p2800000FZDMn|AdhocLightningScheduler.AdhocLightningScheduler()
00:42:25.0 (812267)|STATEMENT_EXECUTE|[1]
00:42:25.0 (816281)|STATEMENT_EXECUTE|[1]
00:42:25.0 (817654)|STATEMENT_EXECUTE|[189]
00:42:25.0 (818566)|STATEMENT_EXECUTE|[205]
00:42:25.0 (834167)|METHOD_EXIT|[1]|AdhocLightningScheduler
00:42:25.0 (843494)|SYSTEM_MODE_ENTER|false
00:42:25.0 (851219)|STATEMENT_EXECUTE|[11]
00:42:25.0 (852295)|STATEMENT_EXECUTE|[12]
00:42:25.0 (864349)|HEAP_ALLOCATE|[12]|Bytes:4
00:42:25.0 (953442)|VARIABLE_SCOPE_BEGIN|[12]|objNames|List<AdhocLightningScheduler.SelectOption>|true|false
00:42:25.0 (977036)|HEAP_ALLOCATE|[EXTERNAL]|Bytes:4
00:42:25.0 (997462)|VARIABLE_ASSIGNMENT|[12]|objNames|[]|0x402eec0b
00:42:25.0 (1003276)|STATEMENT_EXECUTE|[13]
00:42:25.0 (1067957)|HEAP_ALLOCATE|[13]|Bytes:160
00:42:25.0 (1073354)|HEAP_ALLOCATE|[13]|Bytes:23
00:42:25.0 (1087030)|HEAP_ALLOCATE|[13]|Bytes:20
00:42:25.0 (1091932)|HEAP_ALLOCATE|[13]|Bytes:8
00:42:25.0 (1108842)|CONSTRUCTOR_ENTRY|[13]|01p2800000FZDMn|<init>(String,String)
00:42:25.0 (1131437)|VARIABLE_SCOPE_BEGIN|[206]|this|AdhocLightningScheduler.SelectOption|true|false
00:42:25.0 (1172154)|VARIABLE_ASSIGNMENT|[206]|this|{}|0x201c67fc
00:42:25.0 (1178609)|VARIABLE_SCOPE_BEGIN|[206]|value|String|false|false
00:42:25.0 (1187369)|VARIABLE_ASSIGNMENT|[206]|value|""
00:42:25.0 (1191453)|VARIABLE_SCOPE_BEGIN|[206]|label|String|false|false
00:42:25.0 (1198900)|VARIABLE_ASSIGNMENT|[206]|label|"--None--"
00:42:25.0 (1203694)|STATEMENT_EXECUTE|[205]
00:42:25.0 (1204917)|STATEMENT_EXECUTE|[221]
00:42:25.0 (1205987)|STATEMENT_EXECUTE|[223]
00:42:25.0 (1207098)|STATEMENT_EXECUTE|[225]
00:42:25.0 (1208161)|STATEMENT_EXECUTE|[227]
00:42:25.0 (1213263)|HEAP_ALLOCATE|[207]|Bytes:6
00:42:25.0 (1249465)|STATEMENT_EXECUTE|[206]
00:42:25.0 (1250705)|STATEMENT_EXECUTE|[207]
00:42:25.0 (1328282)|VARIABLE_ASSIGNMENT|[EXTERNAL]|this|{}|0x201c67fc
00:42:25.0 (1337061)|VARIABLE_ASSIGNMENT|[EXTERNAL]|value|""
00:42:25.0 (1347663)|VARIABLE_ASSIGNMENT|[223]|this.value|""|0x201c67fc
00:42:25.0 (1375495)|STATEMENT_EXECUTE|[208]
00:42:25.0 (1407932)|VARIABLE_ASSIGNMENT|[EXTERNAL]|this|{"value":""}|0x201c67fc
00:42:25.0 (1416374)|VARIABLE_ASSIGNMENT|[EXTERNAL]|value|"--None--"
00:42:25.0 (1423755)|VARIABLE_ASSIGNMENT|[221]|this.label|"--None--"|0x201c67fc
00:42:25.0 (1431550)|STATEMENT_EXECUTE|[209]
00:42:25.0 (1440633)|HEAP_ALLOCATE|[50]|Bytes:5
00:42:25.0 (1453906)|HEAP_ALLOCATE|[56]|Bytes:5
00:42:25.0 (1460492)|HEAP_ALLOCATE|[64]|Bytes:7
00:42:25.0 (1498715)|VARIABLE_ASSIGNMENT|[EXTERNAL]|this|{"label":"--None--","value":""}|0x201c67fc
00:42:25.0 (1511913)|VARIABLE_ASSIGNMENT|[EXTERNAL]|value|false
00:42:25.0 (1518771)|HEAP_ALLOCATE|[225]|Bytes:5
00:42:25.0 (1525024)|VARIABLE_ASSIGNMENT|[225]|this.disabled|false|0x201c67fc
00:42:25.0 (1532453)|STATEMENT_EXECUTE|[210]
00:42:25.0 (1559077)|VARIABLE_ASSIGNMENT|[EXTERNAL]|this|{"disabled":false,"label":"--None--","value":""}|0x201c67fc
00:42:25.0 (1566769)|VARIABLE_ASSIGNMENT|[EXTERNAL]|value|false
00:42:25.0 (1572199)|HEAP_ALLOCATE|[227]|Bytes:5
00:42:25.0 (1577301)|VARIABLE_ASSIGNMENT|[227]|this.escapeItem|false|0x201c67fc
00:42:25.0 (1587662)|CONSTRUCTOR_EXIT|[13]|01p2800000FZDMn|<init>(String,String)
00:42:25.0 (1599668)|HEAP_ALLOCATE|[EXTERNAL]|Bytes:4
00:42:25.0 (12243926)|HEAP_ALLOCATE|[14]|Bytes:1628
00:42:25.0 (12306843)|HEAP_ALLOCATE|[EXTERNAL]|Bytes:1628
00:42:25.0 (12397692)|HEAP_ALLOCATE|[14]|Bytes:1628
00:42:25.0 (12453886)|HEAP_ALLOCATE|[14]|Bytes:5
00:42:25.0 (12498119)|VARIABLE_SCOPE_BEGIN|[14]|o|Schema.SObjectType|true|false
00:42:25.0 (12605286)|VARIABLE_ASSIGNMENT|[14]|o|"common.apex.runtime.impl.ApexSObjectTypeToken@7915f167"|0x7915f167
00:42:25.0 (12614984)|STATEMENT_EXECUTE|[14]
00:42:25.0 (12616208)|STATEMENT_EXECUTE|[15]
00:42:25.0 (12805282)|HEAP_ALLOCATE|[15]|Bytes:4
00:42:25.0 (12829887)|VARIABLE_SCOPE_BEGIN|[15]|objResult|Schema.DescribeSObjectResult|true|false
00:42:25.0 (12892482)|VARIABLE_ASSIGNMENT|[15]|objResult|"common.api.soap.wsdl.DescribeSObjectResult@b5864e5c"|0x7a9e3eb0
00:42:25.0 (12899844)|STATEMENT_EXECUTE|[16]
00:42:25.0 (12917795)|HEAP_ALLOCATE|[16]|Bytes:8
00:42:25.0 (12924191)|VARIABLE_SCOPE_BEGIN|[16]|name|String|false|false
00:42:25.0 (12934300)|VARIABLE_ASSIGNMENT|[16]|name|"Contract"
00:42:25.0 (13737665)|HEAP_ALLOCATE|[EXTERNAL]|Bytes:8
00:42:25.0 (13782509)|HEAP_ALLOCATE|[17]|Bytes:8
00:42:25.0 (13865923)|HEAP_ALLOCATE|[18]|Bytes:7
00:42:25.0 (13916157)|HEAP_ALLOCATE|[18]|Bytes:3
00:42:25.0 (13931574)|HEAP_ALLOCATE|[18]|Bytes:5
00:42:25.0 (13943321)|HEAP_ALLOCATE|[19]|Bytes:4
00:42:25.0 (13960671)|STATEMENT_EXECUTE|[19]
00:42:25.0 (13962198)|STATEMENT_EXECUTE|[20]
00:42:25.0 (13967973)|HEAP_ALLOCATE|[20]|Bytes:20
00:42:25.0 (13979738)|HEAP_ALLOCATE|[20]|Bytes:8
00:42:25.0 (13991177)|CONSTRUCTOR_ENTRY|[20]|01p2800000FZDMn|<init>(String,String)
00:42:25.0 (14007897)|VARIABLE_SCOPE_BEGIN|[206]|this|AdhocLightningScheduler.SelectOption|true|false
00:42:25.0 (14039603)|VARIABLE_ASSIGNMENT|[206]|this|{}|0x31ae0594
00:42:25.0 (14046501)|VARIABLE_SCOPE_BEGIN|[206]|value|String|false|false
00:42:25.0 (14055424)|VARIABLE_ASSIGNMENT|[206]|value|"Contract"
00:42:25.0 (14059949)|VARIABLE_SCOPE_BEGIN|[206]|label|String|false|false
00:42:25.0 (14065726)|VARIABLE_ASSIGNMENT|[206]|label|"Contract"
00:42:25.0 (14070687)|STATEMENT_EXECUTE|[205]
00:42:25.0 (14071871)|STATEMENT_EXECUTE|[221]
00:42:25.0 (14072899)|STATEMENT_EXECUTE|[223]
00:42:25.0 (14073924)|STATEMENT_EXECUTE|[225]
00:42:25.0 (14074789)|STATEMENT_EXECUTE|[227]
00:42:25.0 (14087015)|STATEMENT_EXECUTE|[206]
00:42:25.0 (14088155)|STATEMENT_EXECUTE|[207]
00:42:25.0 (14106204)|VARIABLE_ASSIGNMENT|[EXTERNAL]|this|{}|0x31ae0594
00:42:25.0 (14112970)|VARIABLE_ASSIGNMENT|[EXTERNAL]|value|"Contract"
00:42:25.0 (14121747)|VARIABLE_ASSIGNMENT|[223]|this.value|"Contract"|0x31ae0594
00:42:25.0 (14129774)|STATEMENT_EXECUTE|[208]
00:42:25.0 (14142859)|VARIABLE_ASSIGNMENT|[EXTERNAL]|this|{"value":"Contract"}|0x31ae0594
00:42:25.0 (14152545)|VARIABLE_ASSIGNMENT|[EXTERNAL]|value|"Contract"
00:42:25.0 (14158816)|VARIABLE_ASSIGNMENT|[221]|this.label|"Contract"|0x31ae0594
00:42:25.0 (14165515)|STATEMENT_EXECUTE|[209]
00:42:25.0 (14178228)|VARIABLE_ASSIGNMENT|[EXTERNAL]|this|{"label":"Contract","value":"Contract"}|0x31ae0594
00:42:25.0 (14188981)|VARIABLE_ASSIGNMENT|[EXTERNAL]|value|false
00:42:25.0 (14194325)|HEAP_ALLOCATE|[225]|Bytes:5
00:42:25.0 (14199800)|VARIABLE_ASSIGNMENT|[225]|this.disabled|false|0x31ae0594
00:42:25.0 (14206557)|STATEMENT_EXECUTE|[210]
00:42:25.0 (14219638)|VARIABLE_ASSIGNMENT|[EXTERNAL]|this|{"disabled":false,"label":"Contract","value":"Contract"}|0x31ae0594
00:42:25.0 (14227477)|VARIABLE_ASSIGNMENT|[EXTERNAL]|value|false
00:42:25.0 (14232304)|HEAP_ALLOCATE|[227]|Bytes:5
00:42:25.0 (14236735)|VARIABLE_ASSIGNMENT|[227]|this.escapeItem|false|0x31ae0594
00:42:25.0 (14246289)|CONSTRUCTOR_EXIT|[20]|01p2800000FZDMn|<init>(String,String)
00:42:25.0 (14259459)|HEAP_ALLOCATE|[EXTERNAL]|Bytes:4
00:42:25.0 (14265208)|STATEMENT_EXECUTE|[22]
00:42:25.0 (14269360)|HEAP_ALLOCATE|[22]|Bytes:20
00:42:25.0 (14275402)|HEAP_ALLOCATE|[22]|Bytes:5
00:42:25.0 (14287012)|CONSTRUCTOR_ENTRY|[22]|01p2800000FZDMn|<init>(String,String)
00:42:25.0 (14300929)|VARIABLE_SCOPE_BEGIN|[206]|this|AdhocLightningScheduler.SelectOption|true|false
00:42:25.0 (14317063)|VARIABLE_ASSIGNMENT|[206]|this|{}|0x3a4ed6af
00:42:25.0 (14322410)|VARIABLE_SCOPE_BEGIN|[206]|value|String|false|false
00:42:25.0 (14328984)|VARIABLE_ASSIGNMENT|[206]|value|"Asset"
00:42:25.0 (14332716)|VARIABLE_SCOPE_BEGIN|[206]|label|String|false|false
00:42:25.0 (14338738)|VARIABLE_ASSIGNMENT|[206]|label|"Asset"
00:42:25.0 (14342675)|STATEMENT_EXECUTE|[205]
00:42:25.0 (14343665)|STATEMENT_EXECUTE|[221]
00:42:25.0 (14344651)|STATEMENT_EXECUTE|[223]
00:42:25.0 (14345493)|STATEMENT_EXECUTE|[225]
00:42:25.0 (14346294)|STATEMENT_EXECUTE|[227]
00:42:25.0 (14353594)|STATEMENT_EXECUTE|[206]
00:42:25.0 (14354513)|STATEMENT_EXECUTE|[207]
00:42:25.0 (14364803)|VARIABLE_ASSIGNMENT|[EXTERNAL]|this|{}|0x3a4ed6af
00:42:25.0 (14371765)|VARIABLE_ASSIGNMENT|[EXTERNAL]|value|"Asset"
00:42:25.0 (14378199)|VARIABLE_ASSIGNMENT|[223]|this.value|"Asset"|0x3a4ed6af
00:42:25.0 (14386169)|STATEMENT_EXECUTE|[208]
00:42:25.0 (14395318)|VARIABLE_ASSIGNMENT|[EXTERNAL]|this|{"value":"Asset"}|0x3a4ed6af
00:42:25.0 (14401812)|VARIABLE_ASSIGNMENT|[EXTERNAL]|value|"Asset"
00:42:25.0 (14407559)|VARIABLE_ASSIGNMENT|[221]|this.label|"Asset"|0x3a4ed6af
00:42:25.0 (14413692)|STATEMENT_EXECUTE|[209]
00:42:25.0 (14423652)|VARIABLE_ASSIGNMENT|[EXTERNAL]|this|{"label":"Asset","value":"Asset"}|0x3a4ed6af
00:42:25.0 (14431627)|VARIABLE_ASSIGNMENT|[EXTERNAL]|value|false
00:42:25.0 (14436121)|HEAP_ALLOCATE|[225]|Bytes:5
00:42:25.0 (14441487)|VARIABLE_ASSIGNMENT|[225]|this.disabled|false|0x3a4ed6af
00:42:25.0 (14447678)|STATEMENT_EXECUTE|[210]
00:42:25.0 (14458332)|VARIABLE_ASSIGNMENT|[EXTERNAL]|this|{"disabled":false,"label":"Asset","value":"Asset"}|0x3a4ed6af
00:42:25.0 (14466059)|VARIABLE_ASSIGNMENT|[EXTERNAL]|value|false
00:42:25.0 (14470729)|HEAP_ALLOCATE|[227]|Bytes:5
00:42:25.0 (14474550)|VARIABLE_ASSIGNMENT|[227]|this.escapeItem|false|0x3a4ed6af
00:42:25.0 (14483206)|CONSTRUCTOR_EXIT|[22]|01p2800000FZDMn|<init>(String,String)
00:42:25.0 (14491737)|HEAP_ALLOCATE|[EXTERNAL]|Bytes:4
00:42:25.0 (14496253)|STATEMENT_EXECUTE|[23]
00:42:25.0 (14624821)|HEAP_ALLOCATE|[23]|Bytes:60
00:42:25.0 (14705373)|FATAL_ERROR|System.ListException: One or more of the items in this list is not Comparable.

Class.AdhocLightningScheduler.getSobjectNames: line 23, column 1
00:42:25.0 (14716990)|FATAL_ERROR|System.ListException: One or more of the items in this list is not Comparable.

Class.AdhocLightningScheduler.getSobjectNames: line 23, column 1
00:42:25.14 (14722488)|CUMULATIVE_LIMIT_USAGE
00:42:25.14 (14722488)|LIMIT_USAGE_FOR_NS|(default)|
  Number of SOQL queries: 0 out of 100
  Number of query rows: 0 out of 50000
  Number of SOSL queries: 0 out of 20
  Number of DML statements: 0 out of 150
  Number of DML rows: 0 out of 10000
  Maximum CPU time: 0 out of 10000
  Maximum heap size: 0 out of 6000000
  Number of callouts: 0 out of 100
  Number of Email Invocations: 0 out of 10
  Number of future calls: 0 out of 50
  Number of queueable jobs added to the queue: 0 out of 50
  Number of Mobile Apex push calls: 0 out of 10

00:42:25.14 (14722488)|CUMULATIVE_LIMIT_USAGE_END

00:42:25.0 (14753692)|CODE_UNIT_FINISHED|AdhocLightningScheduler.getSobjectNames
00:42:25.0 (15501668)|EXECUTION_FINISHED
