40.0 APEX_CODE,FINEST;APEX_PROFILING,INFO;CALLOUT,INFO;DB,INFO;SYSTEM,DEBUG;VALIDATION,INFO;VISUALFORCE,INFO;WAVE,INFO;WORKFLOW,INFO
Execute Anonymous: Schema.SObjectType objSchema = Schema.getGlobalDescribe().get('Account');
Execute Anonymous: system.debug(objSchema);
Execute Anonymous: for (Schema.ChildRelationship cr:  objSchema.getDescribe().getChildRelationships()) 
Execute Anonymous: {
Execute Anonymous:   system.debug('====child object==='+cr.getChildSObject().getDescribe().getName()+'=='+cr.getRelationshipName());
Execute Anonymous: }
00:12:26.0 (980582)|USER_INFO|[EXTERNAL]|00528000001JBjQ|ramu.veligeti@yahoo.co.in|Pacific Standard Time|GMT-07:00
00:12:26.0 (997391)|EXECUTION_STARTED
00:12:26.0 (1000323)|CODE_UNIT_STARTED|[EXTERNAL]|execute_anonymous_apex
00:12:26.0 (1090621)|VARIABLE_SCOPE_BEGIN|[1]|objSchema|Schema.SObjectType|true|false
00:12:26.0 (1191984)|HEAP_ALLOCATE|[72]|Bytes:3
00:12:26.0 (1220792)|HEAP_ALLOCATE|[77]|Bytes:152
00:12:26.0 (1233574)|HEAP_ALLOCATE|[342]|Bytes:408
00:12:26.0 (1248053)|HEAP_ALLOCATE|[355]|Bytes:408
00:12:26.0 (1260462)|HEAP_ALLOCATE|[467]|Bytes:48
00:12:26.0 (1282803)|HEAP_ALLOCATE|[139]|Bytes:6
00:12:26.0 (1301750)|HEAP_ALLOCATE|[EXTERNAL]|Bytes:9
00:12:26.0 (1415251)|STATEMENT_EXECUTE|[1]
00:12:26.0 (1417485)|STATEMENT_EXECUTE|[1]
00:12:26.0 (1443436)|HEAP_ALLOCATE|[50]|Bytes:5
00:12:26.0 (1462448)|HEAP_ALLOCATE|[56]|Bytes:5
00:12:26.0 (1469602)|HEAP_ALLOCATE|[64]|Bytes:7
00:12:26.0 (26073533)|HEAP_ALLOCATE|[1]|Bytes:1504
00:12:26.0 (26099955)|HEAP_ALLOCATE|[1]|Bytes:7
00:12:26.0 (26260610)|VARIABLE_ASSIGNMENT|[1]|objSchema|"common.apex.runtime.impl.ApexSObjectTypeToken@7fd26a1f"|0x7fd26a1f
00:12:26.0 (26271136)|STATEMENT_EXECUTE|[2]
00:12:26.0 (26313846)|USER_DEBUG|[2]|DEBUG|Account
00:12:26.0 (26801050)|HEAP_ALLOCATE|[3]|Bytes:4
00:12:26.0 (45945691)|HEAP_ALLOCATE|[EXTERNAL]|Bytes:184
00:12:26.0 (46049834)|HEAP_ALLOCATE|[3]|Bytes:184
00:12:26.0 (46193991)|HEAP_ALLOCATE|[3]|Bytes:5
00:12:26.0 (46284393)|HEAP_ALLOCATE|[3]|Bytes:4
00:12:26.0 (46307594)|VARIABLE_SCOPE_BEGIN|[3]|cr|Schema.ChildRelationship|true|false
00:12:26.0 (46416911)|VARIABLE_ASSIGNMENT|[3]|cr|"common.api.soap.wsdl.ChildRelationship@c0008e61"|0x7d131d1
00:12:26.0 (46425939)|STATEMENT_EXECUTE|[4]
00:12:26.0 (46427542)|STATEMENT_EXECUTE|[5]
00:12:26.0 (46430847)|HEAP_ALLOCATE|[5]|Bytes:19
00:12:26.0 (46490173)|HEAP_ALLOCATE|[5]|Bytes:4
00:12:26.0 (46505394)|HEAP_ALLOCATE|[5]|Bytes:7
00:12:26.0 (46509307)|HEAP_ALLOCATE|[5]|Bytes:2
00:12:26.0 (46517980)|HEAP_ALLOCATE|[5]|Bytes:13
00:12:26.0 (46533068)|HEAP_ALLOCATE|[5]|Bytes:41
00:12:26.0 (46546105)|USER_DEBUG|[5]|DEBUG|====child object===Account==ChildAccounts
00:12:26.0 (46559320)|HEAP_ALLOCATE|[3]|Bytes:5
00:12:26.0 (46567734)|HEAP_ALLOCATE|[3]|Bytes:4
00:12:26.0 (46581538)|VARIABLE_SCOPE_BEGIN|[3]|cr|Schema.ChildRelationship|true|false
00:12:26.0 (46631114)|VARIABLE_ASSIGNMENT|[3]|cr|"common.api.soap.wsdl.ChildRelationship@c000bb61"|0x6ae4cd28
00:12:26.0 (46642542)|STATEMENT_EXECUTE|[4]
00:12:26.0 (46643665)|STATEMENT_EXECUTE|[5]
00:12:26.0 (46736437)|HEAP_ALLOCATE|[5]|Bytes:4
00:12:26.0 (46748041)|HEAP_ALLOCATE|[5]|Bytes:16
00:12:26.0 (46754188)|HEAP_ALLOCATE|[5]|Bytes:17
00:12:26.0 (46759457)|HEAP_ALLOCATE|[5]|Bytes:54
00:12:26.0 (46767037)|USER_DEBUG|[5]|DEBUG|====child object===AccountCleanInfo==AccountCleanInfos
00:12:26.0 (46778635)|HEAP_ALLOCATE|[3]|Bytes:5
00:12:26.0 (46786755)|HEAP_ALLOCATE|[3]|Bytes:4
00:12:26.0 (46800049)|VARIABLE_SCOPE_BEGIN|[3]|cr|Schema.ChildRelationship|true|false
00:12:26.0 (46848370)|VARIABLE_ASSIGNMENT|[3]|cr|"common.api.soap.wsdl.ChildRelationship@c0009861"|0x69182724
00:12:26.0 (46854928)|STATEMENT_EXECUTE|[4]
00:12:26.0 (46856075)|STATEMENT_EXECUTE|[5]
00:12:26.0 (46943767)|HEAP_ALLOCATE|[5]|Bytes:4
00:12:26.0 (46954904)|HEAP_ALLOCATE|[5]|Bytes:18
00:12:26.0 (46960559)|HEAP_ALLOCATE|[5]|Bytes:19
00:12:26.0 (46965309)|HEAP_ALLOCATE|[5]|Bytes:58
00:12:26.0 (46972167)|USER_DEBUG|[5]|DEBUG|====child object===AccountContactRole==AccountContactRoles
00:12:26.0 (46983872)|HEAP_ALLOCATE|[3]|Bytes:5
00:12:26.0 (46991504)|HEAP_ALLOCATE|[3]|Bytes:4
00:12:26.0 (47004318)|VARIABLE_SCOPE_BEGIN|[3]|cr|Schema.ChildRelationship|true|false
00:12:26.0 (47053515)|VARIABLE_ASSIGNMENT|[3]|cr|"common.api.soap.wsdl.ChildRelationship@de008761"|0x246918ad
00:12:26.0 (47060030)|STATEMENT_EXECUTE|[4]
00:12:26.0 (47061173)|STATEMENT_EXECUTE|[5]
00:12:26.0 (47120547)|HEAP_ALLOCATE|[5]|Bytes:4
00:12:26.0 (47130714)|HEAP_ALLOCATE|[5]|Bytes:11
00:12:26.0 (47136872)|HEAP_ALLOCATE|[5]|Bytes:5
00:12:26.0 (47141744)|HEAP_ALLOCATE|[5]|Bytes:37
00:12:26.0 (47148208)|USER_DEBUG|[5]|DEBUG|====child object===AccountFeed==Feeds
00:12:26.0 (47159134)|HEAP_ALLOCATE|[3]|Bytes:5
00:12:26.0 (47166560)|HEAP_ALLOCATE|[3]|Bytes:4
00:12:26.0 (47178237)|VARIABLE_SCOPE_BEGIN|[3]|cr|Schema.ChildRelationship|true|false
00:12:26.0 (47223564)|VARIABLE_ASSIGNMENT|[3]|cr|"common.api.soap.wsdl.ChildRelationship@c6008961"|0x9585982
00:12:26.0 (47230292)|STATEMENT_EXECUTE|[4]
00:12:26.0 (47231420)|STATEMENT_EXECUTE|[5]
00:12:26.0 (47282486)|HEAP_ALLOCATE|[5]|Bytes:4
00:12:26.0 (47291798)|HEAP_ALLOCATE|[5]|Bytes:14
00:12:26.0 (47297101)|HEAP_ALLOCATE|[5]|Bytes:9
00:12:26.0 (47301809)|HEAP_ALLOCATE|[5]|Bytes:44
00:12:26.0 (47308114)|USER_DEBUG|[5]|DEBUG|====child object===AccountHistory==Histories
00:12:26.0 (47318955)|HEAP_ALLOCATE|[3]|Bytes:5
00:12:26.0 (47326520)|HEAP_ALLOCATE|[3]|Bytes:4
00:12:26.0 (47338210)|VARIABLE_SCOPE_BEGIN|[3]|cr|Schema.ChildRelationship|true|false
00:12:26.0 (47386644)|VARIABLE_ASSIGNMENT|[3]|cr|"common.api.soap.wsdl.ChildRelationship@c00088c1"|0xc294a40
00:12:26.0 (47393507)|STATEMENT_EXECUTE|[4]
00:12:26.0 (47394569)|STATEMENT_EXECUTE|[5]
00:12:26.0 (47453702)|HEAP_ALLOCATE|[5]|Bytes:4
00:12:26.0 (47463095)|HEAP_ALLOCATE|[5]|Bytes:14
00:12:26.0 (47468747)|HEAP_ALLOCATE|[5]|Bytes:19
00:12:26.0 (47473397)|HEAP_ALLOCATE|[5]|Bytes:54
00:12:26.0 (47479771)|USER_DEBUG|[5]|DEBUG|====child object===AccountPartner==AccountPartnersFrom
00:12:26.0 (47490484)|HEAP_ALLOCATE|[3]|Bytes:5
00:12:26.0 (47497710)|HEAP_ALLOCATE|[3]|Bytes:4
00:12:26.0 (47508843)|VARIABLE_SCOPE_BEGIN|[3]|cr|Schema.ChildRelationship|true|false
00:12:26.0 (47553773)|VARIABLE_ASSIGNMENT|[3]|cr|"common.api.soap.wsdl.ChildRelationship@c00089c1"|0x225a5531
00:12:26.0 (47560273)|STATEMENT_EXECUTE|[4]
00:12:26.0 (47561307)|STATEMENT_EXECUTE|[5]
00:12:26.0 (47577299)|HEAP_ALLOCATE|[5]|Bytes:4
00:12:26.0 (47584373)|HEAP_ALLOCATE|[5]|Bytes:14
00:12:26.0 (47589519)|HEAP_ALLOCATE|[5]|Bytes:17
00:12:26.0 (47594599)|HEAP_ALLOCATE|[5]|Bytes:52
00:12:26.0 (47600156)|USER_DEBUG|[5]|DEBUG|====child object===AccountPartner==AccountPartnersTo
00:12:26.0 (47610383)|HEAP_ALLOCATE|[3]|Bytes:5
00:12:26.0 (47617011)|HEAP_ALLOCATE|[3]|Bytes:4
00:12:26.0 (47626573)|VARIABLE_SCOPE_BEGIN|[3]|cr|Schema.ChildRelationship|true|false
00:12:26.0 (47672730)|VARIABLE_ASSIGNMENT|[3]|cr|"common.api.soap.wsdl.ChildRelationship@c2008861"|0x64e76070
00:12:26.0 (47678577)|STATEMENT_EXECUTE|[4]
00:12:26.0 (47679681)|STATEMENT_EXECUTE|[5]
00:12:26.0 (47744728)|HEAP_ALLOCATE|[5]|Bytes:4
00:12:26.0 (47754098)|HEAP_ALLOCATE|[5]|Bytes:12
00:12:26.0 (47759164)|HEAP_ALLOCATE|[5]|Bytes:6
00:12:26.0 (47763780)|HEAP_ALLOCATE|[5]|Bytes:39
00:12:26.0 (47770179)|USER_DEBUG|[5]|DEBUG|====child object===AccountShare==Shares
00:12:26.0 (47780459)|HEAP_ALLOCATE|[3]|Bytes:5
00:12:26.0 (47787514)|HEAP_ALLOCATE|[3]|Bytes:4
00:12:26.0 (47798984)|VARIABLE_SCOPE_BEGIN|[3]|cr|Schema.ChildRelationship|true|false
00:12:26.0 (47844115)|VARIABLE_ASSIGNMENT|[3]|cr|"common.api.soap.wsdl.ChildRelationship@c000bb21"|0x61368215
00:12:26.0 (47850465)|STATEMENT_EXECUTE|[4]
00:12:26.0 (47851550)|STATEMENT_EXECUTE|[5]
00:12:26.0 (47916559)|HEAP_ALLOCATE|[5]|Bytes:4
00:12:26.0 (47926544)|HEAP_ALLOCATE|[5]|Bytes:15
00:12:26.0 (47931855)|HEAP_ALLOCATE|[5]|Bytes:17
00:12:26.0 (47936715)|HEAP_ALLOCATE|[5]|Bytes:53
00:12:26.0 (47942778)|USER_DEBUG|[5]|DEBUG|====child object===ActivityHistory==ActivityHistories
00:12:26.0 (47953323)|HEAP_ALLOCATE|[3]|Bytes:5
00:12:26.0 (47961143)|HEAP_ALLOCATE|[3]|Bytes:4
00:12:26.0 (47972525)|VARIABLE_SCOPE_BEGIN|[3]|cr|Schema.ChildRelationship|true|false
00:12:26.0 (48017507)|VARIABLE_ASSIGNMENT|[3]|cr|"common.api.soap.wsdl.ChildRelationship@c0000a21"|0x3414174
00:12:26.0 (48024726)|STATEMENT_EXECUTE|[4]
00:12:26.0 (48025779)|STATEMENT_EXECUTE|[5]
00:12:26.0 (48365723)|HEAP_ALLOCATE|[5]|Bytes:4
00:12:26.0 (48379257)|HEAP_ALLOCATE|[5]|Bytes:5
00:12:26.0 (48384974)|HEAP_ALLOCATE|[5]|Bytes:6
00:12:26.0 (48390268)|HEAP_ALLOCATE|[5]|Bytes:32
00:12:26.0 (48397898)|USER_DEBUG|[5]|DEBUG|====child object===Asset==Assets
00:12:26.0 (48409457)|HEAP_ALLOCATE|[3]|Bytes:5
00:12:26.0 (48417840)|HEAP_ALLOCATE|[3]|Bytes:4
00:12:26.0 (48430631)|VARIABLE_SCOPE_BEGIN|[3]|cr|Schema.ChildRelationship|true|false
00:12:26.0 (48479987)|VARIABLE_ASSIGNMENT|[3]|cr|"common.api.soap.wsdl.ChildRelationship@c0008081"|0x4d57284a
00:12:26.0 (48486973)|STATEMENT_EXECUTE|[4]
00:12:26.0 (48488122)|STATEMENT_EXECUTE|[5]
00:12:26.0 (48557857)|HEAP_ALLOCATE|[5]|Bytes:4
00:12:26.0 (48567781)|HEAP_ALLOCATE|[5]|Bytes:23
00:12:26.0 (48573647)|HEAP_ALLOCATE|[5]|Bytes:24
00:12:26.0 (48578682)|HEAP_ALLOCATE|[5]|Bytes:68
00:12:26.0 (48584950)|USER_DEBUG|[5]|DEBUG|====child object===AttachedContentDocument==AttachedContentDocuments
00:12:26.0 (48596021)|HEAP_ALLOCATE|[3]|Bytes:5
00:12:26.0 (48603780)|HEAP_ALLOCATE|[3]|Bytes:4
00:12:26.0 (48615428)|VARIABLE_SCOPE_BEGIN|[3]|cr|Schema.ChildRelationship|true|false
00:12:26.0 (48666223)|VARIABLE_ASSIGNMENT|[3]|cr|"common.api.soap.wsdl.ChildRelationship@c00081c1"|0x409d77e9
00:12:26.0 (48672982)|STATEMENT_EXECUTE|[4]
00:12:26.0 (48674150)|STATEMENT_EXECUTE|[5]
00:12:26.0 (48729827)|HEAP_ALLOCATE|[5]|Bytes:4
00:12:26.0 (48739289)|HEAP_ALLOCATE|[5]|Bytes:10
00:12:26.0 (48744566)|HEAP_ALLOCATE|[5]|Bytes:11
00:12:26.0 (48749658)|HEAP_ALLOCATE|[5]|Bytes:42
00:12:26.0 (48755817)|USER_DEBUG|[5]|DEBUG|====child object===Attachment==Attachments
00:12:26.0 (48766477)|HEAP_ALLOCATE|[3]|Bytes:5
00:12:26.0 (48773932)|HEAP_ALLOCATE|[3]|Bytes:4
00:12:26.0 (48785079)|VARIABLE_SCOPE_BEGIN|[3]|cr|Schema.ChildRelationship|true|false
00:12:26.0 (48829647)|VARIABLE_ASSIGNMENT|[3]|cr|"common.api.soap.wsdl.ChildRelationship@c0000fa1"|0xc6c001e
00:12:26.0 (48836024)|STATEMENT_EXECUTE|[4]
00:12:26.0 (48837025)|STATEMENT_EXECUTE|[5]
00:12:26.0 (48909217)|HEAP_ALLOCATE|[5]|Bytes:4
00:12:26.0 (48918763)|HEAP_ALLOCATE|[5]|Bytes:4
00:12:26.0 (48924004)|HEAP_ALLOCATE|[5]|Bytes:5
00:12:26.0 (48928945)|HEAP_ALLOCATE|[5]|Bytes:30
00:12:26.0 (48935286)|USER_DEBUG|[5]|DEBUG|====child object===Case==Cases
00:12:26.0 (48946483)|HEAP_ALLOCATE|[3]|Bytes:5
00:12:26.0 (48953711)|HEAP_ALLOCATE|[3]|Bytes:4
00:12:26.0 (48965283)|VARIABLE_SCOPE_BEGIN|[3]|cr|Schema.ChildRelationship|true|false
00:12:26.0 (49010651)|VARIABLE_ASSIGNMENT|[3]|cr|"common.api.soap.wsdl.ChildRelationship@c000a101"|0x78831c39
00:12:26.0 (49017609)|STATEMENT_EXECUTE|[4]
00:12:26.0 (49018686)|STATEMENT_EXECUTE|[5]
00:12:26.0 (49079410)|HEAP_ALLOCATE|[5]|Bytes:4
00:12:26.0 (49088579)|HEAP_ALLOCATE|[5]|Bytes:24
00:12:26.0 (49094014)|HEAP_ALLOCATE|[5]|Bytes:22
00:12:26.0 (49098712)|HEAP_ALLOCATE|[5]|Bytes:67
00:12:26.0 (49105215)|USER_DEBUG|[5]|DEBUG|====child object===CollaborationGroupRecord==RecordAssociatedGroups
00:12:26.0 (49115663)|HEAP_ALLOCATE|[3]|Bytes:5
00:12:26.0 (49122938)|HEAP_ALLOCATE|[3]|Bytes:4
00:12:26.0 (49134153)|VARIABLE_SCOPE_BEGIN|[3]|cr|Schema.ChildRelationship|true|false
00:12:26.0 (49178898)|VARIABLE_ASSIGNMENT|[3]|cr|"common.api.soap.wsdl.ChildRelationship@c00080e1"|0x317bdf5c
00:12:26.0 (49185605)|STATEMENT_EXECUTE|[4]
00:12:26.0 (49186812)|STATEMENT_EXECUTE|[5]
00:12:26.0 (49253729)|HEAP_ALLOCATE|[5]|Bytes:4
00:12:26.0 (49263290)|HEAP_ALLOCATE|[5]|Bytes:18
00:12:26.0 (49269464)|HEAP_ALLOCATE|[5]|Bytes:19
00:12:26.0 (49274085)|HEAP_ALLOCATE|[5]|Bytes:58
00:12:26.0 (49279967)|USER_DEBUG|[5]|DEBUG|====child object===CombinedAttachment==CombinedAttachments
00:12:26.0 (49290295)|HEAP_ALLOCATE|[3]|Bytes:5
00:12:26.0 (49297559)|HEAP_ALLOCATE|[3]|Bytes:4
00:12:26.0 (49308746)|VARIABLE_SCOPE_BEGIN|[3]|cr|Schema.ChildRelationship|true|false
00:12:26.0 (49353974)|VARIABLE_ASSIGNMENT|[3]|cr|"common.api.soap.wsdl.ChildRelationship@c0008b01"|0x1b34d0d8
00:12:26.0 (49360440)|STATEMENT_EXECUTE|[4]
00:12:26.0 (49361484)|STATEMENT_EXECUTE|[5]
00:12:26.0 (49746932)|HEAP_ALLOCATE|[5]|Bytes:4
00:12:26.0 (49762083)|HEAP_ALLOCATE|[5]|Bytes:7
00:12:26.0 (49768630)|HEAP_ALLOCATE|[5]|Bytes:8
00:12:26.0 (49773609)|HEAP_ALLOCATE|[5]|Bytes:36
00:12:26.0 (49781020)|USER_DEBUG|[5]|DEBUG|====child object===Contact==Contacts
00:12:26.0 (49793409)|HEAP_ALLOCATE|[3]|Bytes:5
00:12:26.0 (49802545)|HEAP_ALLOCATE|[3]|Bytes:4
00:12:26.0 (49816976)|VARIABLE_SCOPE_BEGIN|[3]|cr|Schema.ChildRelationship|true|false
00:12:26.0 (49868118)|VARIABLE_ASSIGNMENT|[3]|cr|"common.api.soap.wsdl.ChildRelationship@c0008a41"|0x528b21f9
00:12:26.0 (49875598)|STATEMENT_EXECUTE|[4]
00:12:26.0 (49876759)|STATEMENT_EXECUTE|[5]
00:12:26.0 (49941066)|HEAP_ALLOCATE|[5]|Bytes:4
00:12:26.0 (49950685)|HEAP_ALLOCATE|[5]|Bytes:19
00:12:26.0 (49958783)|HEAP_ALLOCATE|[5]|Bytes:44
00:12:26.0 (49966213)|USER_DEBUG|[5]|DEBUG|====child object===ContentDistribution==null
00:12:26.0 (49977469)|HEAP_ALLOCATE|[3]|Bytes:5
00:12:26.0 (49984747)|HEAP_ALLOCATE|[3]|Bytes:4
00:12:26.0 (49997356)|VARIABLE_SCOPE_BEGIN|[3]|cr|Schema.ChildRelationship|true|false
00:12:26.0 (50043347)|VARIABLE_ASSIGNMENT|[3]|cr|"common.api.soap.wsdl.ChildRelationship@c00080a1"|0xddde24c
00:12:26.0 (50050877)|STATEMENT_EXECUTE|[4]
00:12:26.0 (50052062)|STATEMENT_EXECUTE|[5]
00:12:26.0 (50106792)|HEAP_ALLOCATE|[5]|Bytes:4
00:12:26.0 (50117091)|HEAP_ALLOCATE|[5]|Bytes:19
00:12:26.0 (50122774)|HEAP_ALLOCATE|[5]|Bytes:20
00:12:26.0 (50127638)|HEAP_ALLOCATE|[5]|Bytes:60
00:12:26.0 (50133794)|USER_DEBUG|[5]|DEBUG|====child object===ContentDocumentLink==ContentDocumentLinks
00:12:26.0 (50144465)|HEAP_ALLOCATE|[3]|Bytes:5
00:12:26.0 (50151839)|HEAP_ALLOCATE|[3]|Bytes:4
00:12:26.0 (50163685)|VARIABLE_SCOPE_BEGIN|[3]|cr|Schema.ChildRelationship|true|false
00:12:26.0 (50208831)|VARIABLE_ASSIGNMENT|[3]|cr|"common.api.soap.wsdl.ChildRelationship@c000af01"|0x3c9e9dd3
00:12:26.0 (50215532)|STATEMENT_EXECUTE|[4]
00:12:26.0 (50216535)|STATEMENT_EXECUTE|[5]
00:12:26.0 (50268858)|HEAP_ALLOCATE|[5]|Bytes:4
00:12:26.0 (50277620)|HEAP_ALLOCATE|[5]|Bytes:14
00:12:26.0 (50284227)|HEAP_ALLOCATE|[5]|Bytes:39
00:12:26.0 (50290376)|USER_DEBUG|[5]|DEBUG|====child object===ContentVersion==null
00:12:26.0 (50300897)|HEAP_ALLOCATE|[3]|Bytes:5
00:12:26.0 (50308153)|HEAP_ALLOCATE|[3]|Bytes:4
00:12:26.0 (50319232)|VARIABLE_SCOPE_BEGIN|[3]|cr|Schema.ChildRelationship|true|false
00:12:26.0 (50364087)|VARIABLE_ASSIGNMENT|[3]|cr|"common.api.soap.wsdl.ChildRelationship@c0008e81"|0x376fbea5
00:12:26.0 (50370925)|STATEMENT_EXECUTE|[4]
00:12:26.0 (50371930)|STATEMENT_EXECUTE|[5]
00:12:26.0 (50744524)|HEAP_ALLOCATE|[5]|Bytes:4
00:12:26.0 (50759182)|HEAP_ALLOCATE|[5]|Bytes:8
00:12:26.0 (50765820)|HEAP_ALLOCATE|[5]|Bytes:9
00:12:26.0 (50771061)|HEAP_ALLOCATE|[5]|Bytes:38
00:12:26.0 (50778509)|USER_DEBUG|[5]|DEBUG|====child object===Contract==Contracts
00:12:26.0 (50790735)|HEAP_ALLOCATE|[3]|Bytes:5
00:12:26.0 (50798969)|HEAP_ALLOCATE|[3]|Bytes:4
00:12:26.0 (50812212)|VARIABLE_SCOPE_BEGIN|[3]|cr|Schema.ChildRelationship|true|false
00:12:26.0 (50863192)|VARIABLE_ASSIGNMENT|[3]|cr|"common.api.soap.wsdl.ChildRelationship@e0000aa1"|0x558e0620
00:12:26.0 (50870359)|STATEMENT_EXECUTE|[4]
00:12:26.0 (50871535)|STATEMENT_EXECUTE|[5]
00:12:26.0 (50998313)|HEAP_ALLOCATE|[5]|Bytes:4
00:12:26.0 (51009458)|HEAP_ALLOCATE|[5]|Bytes:35
00:12:26.0 (51016026)|HEAP_ALLOCATE|[5]|Bytes:36
00:12:26.0 (51021407)|HEAP_ALLOCATE|[5]|Bytes:92
00:12:26.0 (51028140)|USER_DEBUG|[5]|DEBUG|====child object===DelightedInc__Delighted_Response__c==DelightedInc__Delighted_Responses__r
00:12:26.0 (51040594)|HEAP_ALLOCATE|[3]|Bytes:5
00:12:26.0 (51048706)|HEAP_ALLOCATE|[3]|Bytes:4
00:12:26.0 (51061451)|VARIABLE_SCOPE_BEGIN|[3]|cr|Schema.ChildRelationship|true|false
00:12:26.0 (51109539)|VARIABLE_ASSIGNMENT|[3]|cr|"common.api.soap.wsdl.ChildRelationship@c00117c1"|0x2292d661
00:12:26.0 (51116145)|STATEMENT_EXECUTE|[4]
00:12:26.0 (51117275)|STATEMENT_EXECUTE|[5]
00:12:26.0 (51199681)|HEAP_ALLOCATE|[5]|Bytes:4
00:12:26.0 (51210008)|HEAP_ALLOCATE|[5]|Bytes:19
00:12:26.0 (51216049)|HEAP_ALLOCATE|[5]|Bytes:20
00:12:26.0 (51221407)|HEAP_ALLOCATE|[5]|Bytes:60
00:12:26.0 (51227890)|USER_DEBUG|[5]|DEBUG|====child object===DuplicateRecordItem==DuplicateRecordItems
00:12:26.0 (51239381)|HEAP_ALLOCATE|[3]|Bytes:5
00:12:26.0 (51247729)|HEAP_ALLOCATE|[3]|Bytes:4
00:12:26.0 (51260291)|VARIABLE_SCOPE_BEGIN|[3]|cr|Schema.ChildRelationship|true|false
00:12:26.0 (51307927)|VARIABLE_ASSIGNMENT|[3]|cr|"common.api.soap.wsdl.ChildRelationship@c0003721"|0x124d636e
00:12:26.0 (51314265)|STATEMENT_EXECUTE|[4]
00:12:26.0 (51315284)|STATEMENT_EXECUTE|[5]
00:12:26.0 (51376645)|HEAP_ALLOCATE|[5]|Bytes:4
00:12:26.0 (51386256)|HEAP_ALLOCATE|[5]|Bytes:12
00:12:26.0 (51391638)|HEAP_ALLOCATE|[5]|Bytes:6
00:12:26.0 (51396742)|HEAP_ALLOCATE|[5]|Bytes:39
00:12:26.0 (51403329)|USER_DEBUG|[5]|DEBUG|====child object===EmailMessage==Emails
00:12:26.0 (51414148)|HEAP_ALLOCATE|[3]|Bytes:5
00:12:26.0 (51421743)|HEAP_ALLOCATE|[3]|Bytes:4
00:12:26.0 (51433245)|VARIABLE_SCOPE_BEGIN|[3]|cr|Schema.ChildRelationship|true|false
00:12:26.0 (51479283)|VARIABLE_ASSIGNMENT|[3]|cr|"common.api.soap.wsdl.ChildRelationship@c0001b61"|0x6b7bbb9a
00:12:26.0 (51485803)|STATEMENT_EXECUTE|[4]
00:12:26.0 (51486863)|STATEMENT_EXECUTE|[5]
00:12:26.0 (51537595)|HEAP_ALLOCATE|[5]|Bytes:4
00:12:26.0 (51546582)|HEAP_ALLOCATE|[5]|Bytes:18
00:12:26.0 (51552488)|HEAP_ALLOCATE|[5]|Bytes:26
00:12:26.0 (51557747)|HEAP_ALLOCATE|[5]|Bytes:65
00:12:26.0 (51564040)|USER_DEBUG|[5]|DEBUG|====child object===EntitySubscription==FeedSubscriptionsForEntity
00:12:26.0 (51574529)|HEAP_ALLOCATE|[3]|Bytes:5
00:12:26.0 (51581600)|HEAP_ALLOCATE|[3]|Bytes:4
00:12:26.0 (51592607)|VARIABLE_SCOPE_BEGIN|[3]|cr|Schema.ChildRelationship|true|false
00:12:26.0 (51640474)|VARIABLE_ASSIGNMENT|[3]|cr|"common.api.soap.wsdl.ChildRelationship@c000cce1"|0x7298bc33
00:12:26.0 (51646629)|STATEMENT_EXECUTE|[4]
00:12:26.0 (51647755)|STATEMENT_EXECUTE|[5]
00:12:26.0 (51929436)|HEAP_ALLOCATE|[5]|Bytes:4
00:12:26.0 (51942363)|HEAP_ALLOCATE|[5]|Bytes:5
00:12:26.0 (51950983)|HEAP_ALLOCATE|[5]|Bytes:30
00:12:26.0 (51958392)|USER_DEBUG|[5]|DEBUG|====child object===Event==null
00:12:26.0 (51970041)|HEAP_ALLOCATE|[3]|Bytes:5
00:12:26.0 (51978324)|HEAP_ALLOCATE|[3]|Bytes:4
00:12:26.0 (51991684)|VARIABLE_SCOPE_BEGIN|[3]|cr|Schema.ChildRelationship|true|false
00:12:26.0 (52040493)|VARIABLE_ASSIGNMENT|[3]|cr|"common.api.soap.wsdl.ChildRelationship@c000bfe1"|0x51d62222
00:12:26.0 (52048282)|STATEMENT_EXECUTE|[4]
00:12:26.0 (52049469)|STATEMENT_EXECUTE|[5]
00:12:26.0 (52067203)|HEAP_ALLOCATE|[5]|Bytes:4
00:12:26.0 (52074567)|HEAP_ALLOCATE|[5]|Bytes:5
00:12:26.0 (52080098)|HEAP_ALLOCATE|[5]|Bytes:6
00:12:26.0 (52084647)|HEAP_ALLOCATE|[5]|Bytes:32
00:12:26.0 (52090827)|USER_DEBUG|[5]|DEBUG|====child object===Event==Events
00:12:26.0 (52101040)|HEAP_ALLOCATE|[3]|Bytes:5
00:12:26.0 (52108407)|HEAP_ALLOCATE|[3]|Bytes:4
00:12:26.0 (52118780)|VARIABLE_SCOPE_BEGIN|[3]|cr|Schema.ChildRelationship|true|false
00:12:26.0 (52162117)|VARIABLE_ASSIGNMENT|[3]|cr|"common.api.soap.wsdl.ChildRelationship@c0001f01"|0x6618750f
00:12:26.0 (52167866)|STATEMENT_EXECUTE|[4]
00:12:26.0 (52168860)|STATEMENT_EXECUTE|[5]
00:12:26.0 (52230115)|HEAP_ALLOCATE|[5]|Bytes:4
00:12:26.0 (52240253)|HEAP_ALLOCATE|[5]|Bytes:11
00:12:26.0 (52247043)|HEAP_ALLOCATE|[5]|Bytes:36
00:12:26.0 (52253928)|USER_DEBUG|[5]|DEBUG|====child object===FeedComment==null
00:12:26.0 (52265019)|HEAP_ALLOCATE|[3]|Bytes:5
00:12:26.0 (52272719)|HEAP_ALLOCATE|[3]|Bytes:4
00:12:26.0 (52284449)|VARIABLE_SCOPE_BEGIN|[3]|cr|Schema.ChildRelationship|true|false
00:12:26.0 (52329169)|VARIABLE_ASSIGNMENT|[3]|cr|"common.api.soap.wsdl.ChildRelationship@c0001f01"|0x5c85456c
00:12:26.0 (52336002)|STATEMENT_EXECUTE|[4]
00:12:26.0 (52337055)|STATEMENT_EXECUTE|[5]
00:12:26.0 (52404015)|HEAP_ALLOCATE|[5]|Bytes:4
00:12:26.0 (52413911)|HEAP_ALLOCATE|[5]|Bytes:8
00:12:26.0 (52421192)|HEAP_ALLOCATE|[5]|Bytes:33
00:12:26.0 (52427771)|USER_DEBUG|[5]|DEBUG|====child object===FeedItem==null
00:12:26.0 (52438897)|HEAP_ALLOCATE|[3]|Bytes:5
00:12:26.0 (52446517)|HEAP_ALLOCATE|[3]|Bytes:4
00:12:26.0 (52457998)|VARIABLE_SCOPE_BEGIN|[3]|cr|Schema.ChildRelationship|true|false
00:12:26.0 (52503938)|VARIABLE_ASSIGNMENT|[3]|cr|"common.api.soap.wsdl.ChildRelationship@c000a8c1"|0x6ee54b28
00:12:26.0 (52510320)|STATEMENT_EXECUTE|[4]
00:12:26.0 (52511386)|STATEMENT_EXECUTE|[5]
00:12:26.0 (52820299)|HEAP_ALLOCATE|[5]|Bytes:4
00:12:26.0 (52834200)|HEAP_ALLOCATE|[5]|Bytes:4
00:12:26.0 (52842320)|HEAP_ALLOCATE|[5]|Bytes:29
00:12:26.0 (52849949)|USER_DEBUG|[5]|DEBUG|====child object===Lead==null
00:12:26.0 (52861992)|HEAP_ALLOCATE|[3]|Bytes:5
00:12:26.0 (52870876)|HEAP_ALLOCATE|[3]|Bytes:4
00:12:26.0 (52884252)|VARIABLE_SCOPE_BEGIN|[3]|cr|Schema.ChildRelationship|true|false
00:12:26.0 (52933380)|VARIABLE_ASSIGNMENT|[3]|cr|"common.api.soap.wsdl.ChildRelationship@c00086a1"|0x2c990082
00:12:26.0 (52940605)|STATEMENT_EXECUTE|[4]
00:12:26.0 (52941731)|STATEMENT_EXECUTE|[5]
00:12:26.0 (52991799)|HEAP_ALLOCATE|[5]|Bytes:4
00:12:26.0 (53000543)|HEAP_ALLOCATE|[5]|Bytes:4
00:12:26.0 (53007303)|HEAP_ALLOCATE|[5]|Bytes:5
00:12:26.0 (53012278)|HEAP_ALLOCATE|[5]|Bytes:30
00:12:26.0 (53019251)|USER_DEBUG|[5]|DEBUG|====child object===Note==Notes
00:12:26.0 (53029903)|HEAP_ALLOCATE|[3]|Bytes:5
00:12:26.0 (53036952)|HEAP_ALLOCATE|[3]|Bytes:4
00:12:26.0 (53048729)|VARIABLE_SCOPE_BEGIN|[3]|cr|Schema.ChildRelationship|true|false
00:12:26.0 (53093795)|VARIABLE_ASSIGNMENT|[3]|cr|"common.api.soap.wsdl.ChildRelationship@c00087c1"|0x1e99edd3
00:12:26.0 (53100106)|STATEMENT_EXECUTE|[4]
00:12:26.0 (53101252)|STATEMENT_EXECUTE|[5]
00:12:26.0 (53163715)|HEAP_ALLOCATE|[5]|Bytes:4
00:12:26.0 (53173223)|HEAP_ALLOCATE|[5]|Bytes:17
00:12:26.0 (53179152)|HEAP_ALLOCATE|[5]|Bytes:19
00:12:26.0 (53183998)|HEAP_ALLOCATE|[5]|Bytes:57
00:12:26.0 (53190926)|USER_DEBUG|[5]|DEBUG|====child object===NoteAndAttachment==NotesAndAttachments
00:12:26.0 (53202253)|HEAP_ALLOCATE|[3]|Bytes:5
00:12:26.0 (53209777)|HEAP_ALLOCATE|[3]|Bytes:4
00:12:26.0 (53221571)|VARIABLE_SCOPE_BEGIN|[3]|cr|Schema.ChildRelationship|true|false
00:12:26.0 (53266691)|VARIABLE_ASSIGNMENT|[3]|cr|"common.api.soap.wsdl.ChildRelationship@c000bd61"|0x3f47c56c
00:12:26.0 (53273156)|STATEMENT_EXECUTE|[4]
00:12:26.0 (53274169)|STATEMENT_EXECUTE|[5]
00:12:26.0 (53350395)|HEAP_ALLOCATE|[5]|Bytes:4
00:12:26.0 (53360443)|HEAP_ALLOCATE|[5]|Bytes:12
00:12:26.0 (53366315)|HEAP_ALLOCATE|[5]|Bytes:14
00:12:26.0 (53371293)|HEAP_ALLOCATE|[5]|Bytes:47
00:12:26.0 (53378418)|USER_DEBUG|[5]|DEBUG|====child object===OpenActivity==OpenActivities
00:12:26.0 (53390290)|HEAP_ALLOCATE|[3]|Bytes:5
00:12:26.0 (53397760)|HEAP_ALLOCATE|[3]|Bytes:4
00:12:26.0 (53409270)|VARIABLE_SCOPE_BEGIN|[3]|cr|Schema.ChildRelationship|true|false
00:12:26.0 (53454723)|VARIABLE_ASSIGNMENT|[3]|cr|"common.api.soap.wsdl.ChildRelationship@c0002e21"|0x21d18d63
00:12:26.0 (53461041)|STATEMENT_EXECUTE|[4]
00:12:26.0 (53462122)|STATEMENT_EXECUTE|[5]
00:12:26.0 (53783652)|HEAP_ALLOCATE|[5]|Bytes:4
00:12:26.0 (53797616)|HEAP_ALLOCATE|[5]|Bytes:11
00:12:26.0 (53803951)|HEAP_ALLOCATE|[5]|Bytes:13
00:12:26.0 (53808966)|HEAP_ALLOCATE|[5]|Bytes:45
00:12:26.0 (53815995)|USER_DEBUG|[5]|DEBUG|====child object===Opportunity==Opportunities
00:12:26.0 (53828593)|HEAP_ALLOCATE|[3]|Bytes:5
00:12:26.0 (53836671)|HEAP_ALLOCATE|[3]|Bytes:4
00:12:26.0 (53849843)|VARIABLE_SCOPE_BEGIN|[3]|cr|Schema.ChildRelationship|true|false
00:12:26.0 (53899131)|VARIABLE_ASSIGNMENT|[3]|cr|"common.api.soap.wsdl.ChildRelationship@c0002f01"|0x71fda6d7
00:12:26.0 (53906158)|STATEMENT_EXECUTE|[4]
00:12:26.0 (53907306)|STATEMENT_EXECUTE|[5]
00:12:26.0 (53967090)|HEAP_ALLOCATE|[5]|Bytes:4
00:12:26.0 (53976720)|HEAP_ALLOCATE|[5]|Bytes:18
00:12:26.0 (53981828)|HEAP_ALLOCATE|[5]|Bytes:21
00:12:26.0 (53986787)|HEAP_ALLOCATE|[5]|Bytes:60
00:12:26.0 (53993304)|USER_DEBUG|[5]|DEBUG|====child object===OpportunityPartner==OpportunityPartnersTo
00:12:26.0 (54004476)|HEAP_ALLOCATE|[3]|Bytes:5
00:12:26.0 (54013077)|HEAP_ALLOCATE|[3]|Bytes:4
00:12:26.0 (54024056)|VARIABLE_SCOPE_BEGIN|[3]|cr|Schema.ChildRelationship|true|false
00:12:26.0 (54068658)|VARIABLE_ASSIGNMENT|[3]|cr|"common.api.soap.wsdl.ChildRelationship@c0008261"|0x19082438
00:12:26.0 (54075168)|STATEMENT_EXECUTE|[4]
00:12:26.0 (54076217)|STATEMENT_EXECUTE|[5]
00:12:26.0 (54378219)|HEAP_ALLOCATE|[5]|Bytes:4
00:12:26.0 (54391904)|HEAP_ALLOCATE|[5]|Bytes:5
00:12:26.0 (54398116)|HEAP_ALLOCATE|[5]|Bytes:6
00:12:26.0 (54403372)|HEAP_ALLOCATE|[5]|Bytes:32
00:12:26.0 (54410578)|USER_DEBUG|[5]|DEBUG|====child object===Order==Orders
00:12:26.0 (54422653)|HEAP_ALLOCATE|[3]|Bytes:5
00:12:26.0 (54430818)|HEAP_ALLOCATE|[3]|Bytes:4
00:12:26.0 (54444084)|VARIABLE_SCOPE_BEGIN|[3]|cr|Schema.ChildRelationship|true|false
00:12:26.0 (54493864)|VARIABLE_ASSIGNMENT|[3]|cr|"common.api.soap.wsdl.ChildRelationship@c0010381"|0x10ae0c9d
00:12:26.0 (54500441)|STATEMENT_EXECUTE|[4]
00:12:26.0 (54501473)|STATEMENT_EXECUTE|[5]
00:12:26.0 (54563897)|HEAP_ALLOCATE|[5]|Bytes:4
00:12:26.0 (54573606)|HEAP_ALLOCATE|[5]|Bytes:13
00:12:26.0 (54581789)|HEAP_ALLOCATE|[5]|Bytes:38
00:12:26.0 (54588328)|USER_DEBUG|[5]|DEBUG|====child object===OutgoingEmail==null
00:12:26.0 (54599777)|HEAP_ALLOCATE|[3]|Bytes:5
00:12:26.0 (54607063)|HEAP_ALLOCATE|[3]|Bytes:4
00:12:26.0 (54618293)|VARIABLE_SCOPE_BEGIN|[3]|cr|Schema.ChildRelationship|true|false
00:12:26.0 (54669506)|VARIABLE_ASSIGNMENT|[3]|cr|"common.api.soap.wsdl.ChildRelationship@c0008a21"|0x11f28df5
00:12:26.0 (54675921)|STATEMENT_EXECUTE|[4]
00:12:26.0 (54677234)|STATEMENT_EXECUTE|[5]
00:12:26.0 (54735593)|HEAP_ALLOCATE|[5]|Bytes:4
00:12:26.0 (54745274)|HEAP_ALLOCATE|[5]|Bytes:7
00:12:26.0 (54751401)|HEAP_ALLOCATE|[5]|Bytes:12
00:12:26.0 (54756309)|HEAP_ALLOCATE|[5]|Bytes:40
00:12:26.0 (54762698)|USER_DEBUG|[5]|DEBUG|====child object===Partner==PartnersFrom
00:12:26.0 (54772802)|HEAP_ALLOCATE|[3]|Bytes:5
00:12:26.0 (54779699)|HEAP_ALLOCATE|[3]|Bytes:4
00:12:26.0 (54790725)|VARIABLE_SCOPE_BEGIN|[3]|cr|Schema.ChildRelationship|true|false
00:12:26.0 (54835306)|VARIABLE_ASSIGNMENT|[3]|cr|"common.api.soap.wsdl.ChildRelationship@c0008b21"|0x121deb2f
00:12:26.0 (54841452)|STATEMENT_EXECUTE|[4]
00:12:26.0 (54842536)|STATEMENT_EXECUTE|[5]
00:12:26.0 (54858390)|HEAP_ALLOCATE|[5]|Bytes:4
00:12:26.0 (54865665)|HEAP_ALLOCATE|[5]|Bytes:7
00:12:26.0 (54870191)|HEAP_ALLOCATE|[5]|Bytes:10
00:12:26.0 (54875263)|HEAP_ALLOCATE|[5]|Bytes:38
00:12:26.0 (54880782)|USER_DEBUG|[5]|DEBUG|====child object===Partner==PartnersTo
00:12:26.0 (54890029)|HEAP_ALLOCATE|[3]|Bytes:5
00:12:26.0 (54896797)|HEAP_ALLOCATE|[3]|Bytes:4
00:12:26.0 (54906738)|VARIABLE_SCOPE_BEGIN|[3]|cr|Schema.ChildRelationship|true|false
00:12:26.0 (54949450)|VARIABLE_ASSIGNMENT|[3]|cr|"common.api.soap.wsdl.ChildRelationship@c00033c1"|0x178551bc
00:12:26.0 (54955910)|STATEMENT_EXECUTE|[4]
00:12:26.0 (54956839)|STATEMENT_EXECUTE|[5]
00:12:26.0 (55017941)|HEAP_ALLOCATE|[5]|Bytes:4
00:12:26.0 (55027783)|HEAP_ALLOCATE|[5]|Bytes:15
00:12:26.0 (55033930)|HEAP_ALLOCATE|[5]|Bytes:16
00:12:26.0 (55038702)|HEAP_ALLOCATE|[5]|Bytes:52
00:12:26.0 (55044934)|USER_DEBUG|[5]|DEBUG|====child object===ProcessInstance==ProcessInstances
00:12:26.0 (55054976)|HEAP_ALLOCATE|[3]|Bytes:5
00:12:26.0 (55061732)|HEAP_ALLOCATE|[3]|Bytes:4
00:12:26.0 (55072195)|VARIABLE_SCOPE_BEGIN|[3]|cr|Schema.ChildRelationship|true|false
00:12:26.0 (55116481)|VARIABLE_ASSIGNMENT|[3]|cr|"common.api.soap.wsdl.ChildRelationship@c00034e1"|0x41a47c5b
00:12:26.0 (55122328)|STATEMENT_EXECUTE|[4]
00:12:26.0 (55123394)|STATEMENT_EXECUTE|[5]
00:12:26.0 (55177797)|HEAP_ALLOCATE|[5]|Bytes:4
00:12:26.0 (55187077)|HEAP_ALLOCATE|[5]|Bytes:22
00:12:26.0 (55192612)|HEAP_ALLOCATE|[5]|Bytes:12
00:12:26.0 (55197209)|HEAP_ALLOCATE|[5]|Bytes:55
00:12:26.0 (55203397)|USER_DEBUG|[5]|DEBUG|====child object===ProcessInstanceHistory==ProcessSteps
00:12:26.0 (55213202)|HEAP_ALLOCATE|[3]|Bytes:5
00:12:26.0 (55220596)|HEAP_ALLOCATE|[3]|Bytes:4
00:12:26.0 (55231088)|VARIABLE_SCOPE_BEGIN|[3]|cr|Schema.ChildRelationship|true|false
00:12:26.0 (55275270)|VARIABLE_ASSIGNMENT|[3]|cr|"common.api.soap.wsdl.ChildRelationship@c000ce41"|0x2fe6bad1
00:12:26.0 (55281392)|STATEMENT_EXECUTE|[4]
00:12:26.0 (55282438)|STATEMENT_EXECUTE|[5]
00:12:26.0 (55547479)|HEAP_ALLOCATE|[5]|Bytes:4
00:12:26.0 (55560922)|HEAP_ALLOCATE|[5]|Bytes:4
00:12:26.0 (55568769)|HEAP_ALLOCATE|[5]|Bytes:29
00:12:26.0 (55575859)|USER_DEBUG|[5]|DEBUG|====child object===Task==null
00:12:26.0 (55587227)|HEAP_ALLOCATE|[3]|Bytes:5
00:12:26.0 (55595004)|HEAP_ALLOCATE|[3]|Bytes:4
00:12:26.0 (55607158)|VARIABLE_SCOPE_BEGIN|[3]|cr|Schema.ChildRelationship|true|false
00:12:26.0 (55659457)|VARIABLE_ASSIGNMENT|[3]|cr|"common.api.soap.wsdl.ChildRelationship@c000bf41"|0xb08450b
00:12:26.0 (55666609)|STATEMENT_EXECUTE|[4]
00:12:26.0 (55668106)|STATEMENT_EXECUTE|[5]
00:12:26.0 (55686806)|HEAP_ALLOCATE|[5]|Bytes:4
00:12:26.0 (55694609)|HEAP_ALLOCATE|[5]|Bytes:4
00:12:26.0 (55699440)|HEAP_ALLOCATE|[5]|Bytes:5
00:12:26.0 (55703948)|HEAP_ALLOCATE|[5]|Bytes:30
00:12:26.0 (55710117)|USER_DEBUG|[5]|DEBUG|====child object===Task==Tasks
00:12:26.0 (55721631)|HEAP_ALLOCATE|[3]|Bytes:5
00:12:26.0 (55729226)|HEAP_ALLOCATE|[3]|Bytes:4
00:12:26.0 (55739440)|VARIABLE_SCOPE_BEGIN|[3]|cr|Schema.ChildRelationship|true|false
00:12:26.0 (55781984)|VARIABLE_ASSIGNMENT|[3]|cr|"common.api.soap.wsdl.ChildRelationship@c000f561"|0x11a24689
00:12:26.0 (55788399)|STATEMENT_EXECUTE|[4]
00:12:26.0 (55789379)|STATEMENT_EXECUTE|[5]
00:12:26.0 (55850032)|HEAP_ALLOCATE|[5]|Bytes:4
00:12:26.0 (55859259)|HEAP_ALLOCATE|[5]|Bytes:15
00:12:26.0 (55864474)|HEAP_ALLOCATE|[5]|Bytes:16
00:12:26.0 (55868906)|HEAP_ALLOCATE|[5]|Bytes:52
00:12:26.0 (55875595)|USER_DEBUG|[5]|DEBUG|====child object===TopicAssignment==TopicAssignments
00:12:26.0 (55885892)|HEAP_ALLOCATE|[3]|Bytes:5
00:12:26.0 (55893461)|HEAP_ALLOCATE|[3]|Bytes:4
00:12:26.0 (55904620)|VARIABLE_SCOPE_BEGIN|[3]|cr|Schema.ChildRelationship|true|false
00:12:26.0 (55949296)|VARIABLE_ASSIGNMENT|[3]|cr|"common.api.soap.wsdl.ChildRelationship@c00099a1"|0x6f041a3d
00:12:26.0 (55955540)|STATEMENT_EXECUTE|[4]
00:12:26.0 (55956592)|STATEMENT_EXECUTE|[5]
00:12:26.0 (56004824)|HEAP_ALLOCATE|[5]|Bytes:4
00:12:26.0 (56014058)|HEAP_ALLOCATE|[5]|Bytes:4
00:12:26.0 (56020816)|HEAP_ALLOCATE|[5]|Bytes:29
00:12:26.0 (56027189)|USER_DEBUG|[5]|DEBUG|====child object===User==null
00:12:26.0 (56036726)|HEAP_ALLOCATE|[3]|Bytes:5
00:12:26.0 (56043599)|HEAP_ALLOCATE|[3]|Bytes:4
00:12:26.0 (56054095)|VARIABLE_SCOPE_BEGIN|[3]|cr|Schema.ChildRelationship|true|false
00:12:26.0 (56098251)|VARIABLE_ASSIGNMENT|[3]|cr|"common.api.soap.wsdl.ChildRelationship@c000a7e1"|0x6093af4f
00:12:26.0 (56104348)|STATEMENT_EXECUTE|[4]
00:12:26.0 (56105691)|STATEMENT_EXECUTE|[5]
00:12:26.0 (56159761)|HEAP_ALLOCATE|[5]|Bytes:4
00:12:26.0 (56169221)|HEAP_ALLOCATE|[5]|Bytes:8
00:12:26.0 (56175663)|HEAP_ALLOCATE|[5]|Bytes:33
00:12:26.0 (56181810)|USER_DEBUG|[5]|DEBUG|====child object===UserRole==null
00:12:26.0 (56191851)|HEAP_ALLOCATE|[3]|Bytes:5
00:12:26.0 (56201787)|VARIABLE_ASSIGNMENT|[3]|cr|null|
00:12:26.56 (56236050)|CUMULATIVE_LIMIT_USAGE
00:12:26.56 (56236050)|LIMIT_USAGE_FOR_NS|(default)|
  Number of SOQL queries: 0 out of 100
  Number of query rows: 0 out of 50000
  Number of SOSL queries: 0 out of 20
  Number of DML statements: 0 out of 150
  Number of DML rows: 0 out of 10000
  Maximum CPU time: 0 out of 10000
  Maximum heap size: 0 out of 6000000
  Number of callouts: 0 out of 100
  Number of Email Invocations: 0 out of 10
  Number of future calls: 0 out of 50
  Number of queueable jobs added to the queue: 0 out of 50
  Number of Mobile Apex push calls: 0 out of 10

00:12:26.56 (56236050)|CUMULATIVE_LIMIT_USAGE_END

00:12:26.0 (56269991)|CODE_UNIT_FINISHED|execute_anonymous_apex
00:12:26.0 (57292831)|EXECUTION_FINISHED
