40.0 APEX_CODE,FINEST;APEX_PROFILING,INFO;CALLOUT,INFO;DB,INFO;SYSTEM,DEBUG;VALIDATION,INFO;VISUALFORCE,INFO;WAVE,INFO;WORKFLOW,INFO
21:08:27.0 (55312)|USER_INFO|[EXTERNAL]|00528000001JBjQ|ramu.veligeti@yahoo.co.in|Pacific Standard Time|GMT-07:00
21:08:27.0 (204374)|EXECUTION_STARTED
21:08:27.0 (208292)|CODE_UNIT_STARTED|[EXTERNAL]|aura
21:08:27.0 (563661)|HEAP_ALLOCATE|[72]|Bytes:3
21:08:27.0 (624367)|HEAP_ALLOCATE|[77]|Bytes:152
21:08:27.0 (645355)|HEAP_ALLOCATE|[342]|Bytes:408
21:08:27.0 (660211)|HEAP_ALLOCATE|[355]|Bytes:408
21:08:27.0 (674570)|HEAP_ALLOCATE|[467]|Bytes:48
21:08:27.0 (723055)|HEAP_ALLOCATE|[139]|Bytes:6
21:08:27.0 (768423)|CODE_UNIT_FINISHED|aura
21:08:27.0 (1877147)|EXECUTION_FINISHED
21:08:27.2 (2601253)|USER_INFO|[EXTERNAL]|00528000001JBjQ|ramu.veligeti@yahoo.co.in|Pacific Standard Time|GMT-07:00
21:08:27.2 (2613432)|EXECUTION_STARTED
21:08:27.2 (2615627)|CODE_UNIT_STARTED|[EXTERNAL]|aura
21:08:27.2 (2645907)|HEAP_ALLOCATE|[EXTERNAL]|Bytes:6
21:08:27.2 (2668746)|HEAP_ALLOCATE|[EXTERNAL]|Bytes:6
21:08:27.2 (2695713)|CODE_UNIT_FINISHED|aura
21:08:27.2 (3326002)|EXECUTION_FINISHED
21:08:27.3 (3981908)|USER_INFO|[EXTERNAL]|00528000001JBjQ|ramu.veligeti@yahoo.co.in|Pacific Standard Time|GMT-07:00
21:08:27.3 (3992832)|EXECUTION_STARTED
21:08:27.3 (3994686)|CODE_UNIT_STARTED|[EXTERNAL]|01p2800000FZDMn|AdhocLightningScheduler.getPicklistValues
21:08:27.3 (4024738)|VARIABLE_SCOPE_BEGIN|[3]|AdhocLightningScheduler.showFields|Boolean|false|true
21:08:27.3 (4208601)|HEAP_ALLOCATE|[EXTERNAL]|Bytes:26
21:08:27.3 (4215784)|HEAP_ALLOCATE|[EXTERNAL]|Bytes:88
21:08:27.3 (4219218)|HEAP_ALLOCATE|[EXTERNAL]|Bytes:26
21:08:27.3 (4222456)|HEAP_ALLOCATE|[EXTERNAL]|Bytes:28
21:08:27.3 (4248009)|METHOD_ENTRY|[1]|01p2800000FZDMn|AdhocLightningScheduler.AdhocLightningScheduler()
21:08:27.3 (4254209)|STATEMENT_EXECUTE|[1]
21:08:27.3 (4258401)|STATEMENT_EXECUTE|[1]
21:08:27.3 (4259267)|STATEMENT_EXECUTE|[182]
21:08:27.3 (4260369)|STATEMENT_EXECUTE|[198]
21:08:27.3 (4272446)|METHOD_EXIT|[1]|AdhocLightningScheduler
21:08:27.3 (4277586)|HEAP_ALLOCATE|[EXTERNAL]|Bytes:6
21:08:27.3 (4289417)|SYSTEM_MODE_ENTER|false
21:08:27.3 (4298790)|VARIABLE_SCOPE_BEGIN|[111]|so|String|false|false
21:08:27.3 (4317850)|VARIABLE_ASSIGNMENT|[111]|so|""
21:08:27.3 (4322053)|VARIABLE_SCOPE_BEGIN|[111]|fld|String|false|false
21:08:27.3 (4330114)|VARIABLE_ASSIGNMENT|[111]|fld|"Rating"
21:08:27.3 (4338186)|STATEMENT_EXECUTE|[111]
21:08:27.3 (4339421)|STATEMENT_EXECUTE|[112]
21:08:27.3 (4373745)|HEAP_ALLOCATE|[50]|Bytes:5
21:08:27.3 (4394340)|HEAP_ALLOCATE|[56]|Bytes:5
21:08:27.3 (4401330)|HEAP_ALLOCATE|[64]|Bytes:7
21:08:27.3 (15799262)|HEAP_ALLOCATE|[112]|Bytes:1628
21:08:27.3 (15882235)|VARIABLE_SCOPE_BEGIN|[112]|targetType|Schema.SObjectType|true|false
21:08:27.3 (15905273)|VARIABLE_ASSIGNMENT|[112]|targetType|null|
21:08:27.3 (15913304)|STATEMENT_EXECUTE|[113]
21:08:27.3 (15955865)|HEAP_ALLOCATE|[113]|Bytes:41
21:08:27.3 (16064935)|FATAL_ERROR|System.NullPointerException: Attempt to de-reference a null object

Class.AdhocLightningScheduler.getPicklistValues: line 113, column 1
21:08:27.3 (16076967)|FATAL_ERROR|System.NullPointerException: Attempt to de-reference a null object

Class.AdhocLightningScheduler.getPicklistValues: line 113, column 1
21:08:27.16 (16082184)|CUMULATIVE_LIMIT_USAGE
21:08:27.16 (16082184)|LIMIT_USAGE_FOR_NS|(default)|
  Number of SOQL queries: 0 out of 100
  Number of query rows: 0 out of 50000
  Number of SOSL queries: 0 out of 20
  Number of DML statements: 0 out of 150
  Number of DML rows: 0 out of 10000
  Maximum CPU time: 0 out of 10000
  Maximum heap size: 0 out of 6000000
  Number of callouts: 0 out of 100
  Number of Email Invocations: 0 out of 10
  Number of future calls: 0 out of 50
  Number of queueable jobs added to the queue: 0 out of 50
  Number of Mobile Apex push calls: 0 out of 10

21:08:27.16 (16082184)|CUMULATIVE_LIMIT_USAGE_END

21:08:27.3 (16109353)|CODE_UNIT_FINISHED|AdhocLightningScheduler.getPicklistValues
21:08:27.3 (17150151)|EXECUTION_FINISHED
