40.0 APEX_CODE,FINEST;APEX_PROFILING,INFO;CALLOUT,INFO;DB,INFO;SYSTEM,DEBUG;VALIDATION,INFO;VISUALFORCE,INFO;WAVE,INFO;WORKFLOW,INFO
Execute Anonymous: system.debug(Schema.getGlobalDescribe().get('Contract').getDescribe().fields.getMap().get('AccountId').getDescribe().getReferenceTo()[0].getDescribe().getName());
20:35:50.1 (1227091)|USER_INFO|[EXTERNAL]|00528000001JBjQ|ramu.veligeti@yahoo.co.in|Pacific Standard Time|GMT-07:00
20:35:50.1 (1247525)|EXECUTION_STARTED
20:35:50.1 (1251047)|CODE_UNIT_STARTED|[EXTERNAL]|execute_anonymous_apex
20:35:50.1 (1470145)|HEAP_ALLOCATE|[72]|Bytes:3
20:35:50.1 (1531207)|HEAP_ALLOCATE|[77]|Bytes:152
20:35:50.1 (1548097)|HEAP_ALLOCATE|[342]|Bytes:408
20:35:50.1 (1566651)|HEAP_ALLOCATE|[355]|Bytes:408
20:35:50.1 (1583888)|HEAP_ALLOCATE|[467]|Bytes:48
20:35:50.1 (1637019)|HEAP_ALLOCATE|[139]|Bytes:6
20:35:50.1 (1661996)|HEAP_ALLOCATE|[EXTERNAL]|Bytes:1
20:35:50.1 (1784615)|STATEMENT_EXECUTE|[1]
20:35:50.1 (1787283)|STATEMENT_EXECUTE|[1]
20:35:50.1 (1835747)|HEAP_ALLOCATE|[50]|Bytes:5
20:35:50.1 (1861612)|HEAP_ALLOCATE|[56]|Bytes:5
20:35:50.1 (1868880)|HEAP_ALLOCATE|[64]|Bytes:7
20:35:50.1 (34466031)|HEAP_ALLOCATE|[1]|Bytes:1504
20:35:50.1 (34535973)|HEAP_ALLOCATE|[1]|Bytes:8
20:35:50.1 (35202625)|HEAP_ALLOCATE|[1]|Bytes:4
20:35:50.1 (37159248)|HEAP_ALLOCATE|[1]|Bytes:160
20:35:50.1 (37178211)|HEAP_ALLOCATE|[1]|Bytes:9
20:35:50.1 (38025447)|HEAP_ALLOCATE|[1]|Bytes:8
20:35:50.1 (38075097)|HEAP_ALLOCATE|[EXTERNAL]|Bytes:8
20:35:50.1 (38119098)|HEAP_ALLOCATE|[1]|Bytes:8
20:35:50.1 (38602710)|HEAP_ALLOCATE|[1]|Bytes:4
20:35:50.1 (38628861)|HEAP_ALLOCATE|[1]|Bytes:7
20:35:50.1 (38662184)|USER_DEBUG|[1]|DEBUG|Account
20:35:50.38 (38723317)|CUMULATIVE_LIMIT_USAGE
20:35:50.38 (38723317)|LIMIT_USAGE_FOR_NS|(default)|
  Number of SOQL queries: 0 out of 100
  Number of query rows: 0 out of 50000
  Number of SOSL queries: 0 out of 20
  Number of DML statements: 0 out of 150
  Number of DML rows: 0 out of 10000
  Maximum CPU time: 0 out of 10000
  Maximum heap size: 0 out of 6000000
  Number of callouts: 0 out of 100
  Number of Email Invocations: 0 out of 10
  Number of future calls: 0 out of 50
  Number of queueable jobs added to the queue: 0 out of 50
  Number of Mobile Apex push calls: 0 out of 10

20:35:50.38 (38723317)|CUMULATIVE_LIMIT_USAGE_END

20:35:50.1 (38756788)|CODE_UNIT_FINISHED|execute_anonymous_apex
20:35:50.1 (39672845)|EXECUTION_FINISHED
