40.0 APEX_CODE,FINEST;APEX_PROFILING,INFO;CALLOUT,INFO;DB,INFO;SYSTEM,DEBUG;VALIDATION,INFO;VISUALFORCE,INFO;WAVE,INFO;WORKFLOW,INFO
21:04:56.0 (54058)|USER_INFO|[EXTERNAL]|00528000001JBjQ|ramu.veligeti@yahoo.co.in|Pacific Standard Time|GMT-07:00
21:04:56.0 (87101)|EXECUTION_STARTED
21:04:56.0 (90210)|CODE_UNIT_STARTED|[EXTERNAL]|aura
21:04:56.0 (297092)|HEAP_ALLOCATE|[72]|Bytes:3
21:04:56.0 (334973)|HEAP_ALLOCATE|[77]|Bytes:152
21:04:56.0 (353547)|HEAP_ALLOCATE|[342]|Bytes:408
21:04:56.0 (368604)|HEAP_ALLOCATE|[355]|Bytes:408
21:04:56.0 (382491)|HEAP_ALLOCATE|[467]|Bytes:48
21:04:56.0 (403978)|HEAP_ALLOCATE|[139]|Bytes:6
21:04:56.0 (421225)|HEAP_ALLOCATE|[EXTERNAL]|Bytes:8
21:04:56.0 (450834)|HEAP_ALLOCATE|[EXTERNAL]|Bytes:8
21:04:56.0 (478623)|CODE_UNIT_FINISHED|aura
21:04:56.0 (1421680)|EXECUTION_FINISHED
21:04:56.2 (2274812)|USER_INFO|[EXTERNAL]|00528000001JBjQ|ramu.veligeti@yahoo.co.in|Pacific Standard Time|GMT-07:00
21:04:56.2 (2286654)|EXECUTION_STARTED
21:04:56.2 (2288670)|CODE_UNIT_STARTED|[EXTERNAL]|01p2800000FZDMn|AdhocLightningScheduler.getObjFields
21:04:56.2 (2317015)|VARIABLE_SCOPE_BEGIN|[3]|AdhocLightningScheduler.showFields|Boolean|false|true
21:04:56.2 (2405028)|HEAP_ALLOCATE|[EXTERNAL]|Bytes:26
21:04:56.2 (2412064)|HEAP_ALLOCATE|[EXTERNAL]|Bytes:88
21:04:56.2 (2415752)|HEAP_ALLOCATE|[EXTERNAL]|Bytes:26
21:04:56.2 (2419354)|HEAP_ALLOCATE|[EXTERNAL]|Bytes:28
21:04:56.2 (2430147)|METHOD_ENTRY|[1]|01p2800000FZDMn|AdhocLightningScheduler.AdhocLightningScheduler()
21:04:56.2 (2435410)|STATEMENT_EXECUTE|[1]
21:04:56.2 (2439765)|STATEMENT_EXECUTE|[1]
21:04:56.2 (2440911)|STATEMENT_EXECUTE|[179]
21:04:56.2 (2442220)|STATEMENT_EXECUTE|[195]
21:04:56.2 (2446444)|METHOD_EXIT|[1]|AdhocLightningScheduler
21:04:56.2 (2450472)|HEAP_ALLOCATE|[EXTERNAL]|Bytes:8
21:04:56.2 (2459294)|SYSTEM_MODE_ENTER|false
21:04:56.2 (2467400)|VARIABLE_SCOPE_BEGIN|[51]|so|String|false|false
21:04:56.2 (2486690)|VARIABLE_ASSIGNMENT|[51]|so|"Contract"
21:04:56.2 (2496393)|STATEMENT_EXECUTE|[51]
21:04:56.2 (2497577)|STATEMENT_EXECUTE|[52]
21:04:56.2 (2500355)|HEAP_ALLOCATE|[52]|Bytes:3
21:04:56.2 (2515342)|HEAP_ALLOCATE|[52]|Bytes:11
21:04:56.2 (2545904)|HEAP_ALLOCATE|[50]|Bytes:5
21:04:56.2 (2566701)|HEAP_ALLOCATE|[56]|Bytes:5
21:04:56.2 (2573226)|HEAP_ALLOCATE|[64]|Bytes:7
21:04:56.2 (2618101)|USER_DEBUG|[52]|DEBUG|s==Contract
21:04:56.2 (2627514)|STATEMENT_EXECUTE|[53]
21:04:56.2 (13960315)|HEAP_ALLOCATE|[53]|Bytes:1628
21:04:56.2 (14001373)|VARIABLE_SCOPE_BEGIN|[53]|objSchema|Schema.SObjectType|true|false
21:04:56.2 (14101602)|VARIABLE_ASSIGNMENT|[53]|objSchema|"common.apex.runtime.impl.ApexSObjectTypeToken@7738809e"|0x7738809e
21:04:56.2 (14109621)|STATEMENT_EXECUTE|[54]
21:04:56.2 (14310066)|HEAP_ALLOCATE|[54]|Bytes:4
21:04:56.2 (14745423)|HEAP_ALLOCATE|[54]|Bytes:200
21:04:56.2 (14758160)|VARIABLE_SCOPE_BEGIN|[54]|fieldMap|Map<String,Schema.SObjectField>|true|false
21:04:56.2 (14887626)|VARIABLE_ASSIGNMENT|[54]|fieldMap|"{accountid=AccountId, activatedbyid=ActivatedById, activateddate=ActivatedDate, billingaddress=BillingAddress, billingcity=BillingCity, billingcountry=BillingCountry, billinggeocodeaccuracy=BillingGeocodeAccuracy, billinglatitude=BillingLatitude, billinglongitude=BillingLongitude, billingpostalcode=BillingPostalCode, ...}"|0x1c0585b
21:04:56.2 (14898947)|STATEMENT_EXECUTE|[55]
21:04:56.2 (14905378)|HEAP_ALLOCATE|[55]|Bytes:4
21:04:56.2 (14936020)|VARIABLE_SCOPE_BEGIN|[55]|options|List<List<String>>|true|false
21:04:56.2 (14968354)|HEAP_ALLOCATE|[EXTERNAL]|Bytes:4
21:04:56.2 (14978761)|VARIABLE_ASSIGNMENT|[55]|options|[]|0x7dfefc80
21:04:56.2 (14984205)|STATEMENT_EXECUTE|[56]
21:04:56.2 (14988629)|HEAP_ALLOCATE|[56]|Bytes:4
21:04:56.2 (15003961)|VARIABLE_SCOPE_BEGIN|[56]|l1|List<String>|true|false
21:04:56.2 (15023512)|HEAP_ALLOCATE|[EXTERNAL]|Bytes:4
21:04:56.2 (15028658)|VARIABLE_ASSIGNMENT|[56]|l1|[]|0x441c2c8f
21:04:56.2 (15033747)|STATEMENT_EXECUTE|[57]
21:04:56.2 (15037437)|HEAP_ALLOCATE|[57]|Bytes:8
21:04:56.2 (15069586)|HEAP_ALLOCATE|[EXTERNAL]|Bytes:4
21:04:56.2 (15076458)|STATEMENT_EXECUTE|[58]
21:04:56.2 (15089652)|HEAP_ALLOCATE|[EXTERNAL]|Bytes:4
21:04:56.2 (15094574)|STATEMENT_EXECUTE|[59]
21:04:56.2 (15122176)|HEAP_ALLOCATE|[EXTERNAL]|Bytes:4
21:04:56.2 (15154339)|STATEMENT_EXECUTE|[60]
21:04:56.2 (15186655)|HEAP_ALLOCATE|[EXTERNAL]|Bytes:200
21:04:56.2 (15205239)|HEAP_ALLOCATE|[64]|Bytes:200
21:04:56.2 (15260546)|HEAP_ALLOCATE|[64]|Bytes:5
21:04:56.2 (15281328)|VARIABLE_SCOPE_BEGIN|[64]|s1|Schema.SObjectField|true|false
21:04:56.2 (15335793)|VARIABLE_ASSIGNMENT|[64]|s1|"common.apex.runtime.impl.ApexFieldToken@4da58a26"|0x4da58a26
21:04:56.2 (15343379)|STATEMENT_EXECUTE|[64]
21:04:56.2 (15344355)|STATEMENT_EXECUTE|[65]
21:04:56.2 (15348089)|HEAP_ALLOCATE|[65]|Bytes:4
21:04:56.2 (15365101)|VARIABLE_SCOPE_BEGIN|[65]|l|List<String>|true|false
21:04:56.2 (15383306)|HEAP_ALLOCATE|[EXTERNAL]|Bytes:4
21:04:56.2 (15389739)|VARIABLE_ASSIGNMENT|[65]|l|[]|0x6906a1d
21:04:56.2 (15395324)|STATEMENT_EXECUTE|[66]
21:04:56.2 (15437161)|HEAP_ALLOCATE|[66]|Bytes:2
21:04:56.2 (15449083)|VARIABLE_SCOPE_BEGIN|[66]|field|String|false|false
21:04:56.2 (15458855)|VARIABLE_ASSIGNMENT|[66]|field|"Id"
21:04:56.2 (15462952)|STATEMENT_EXECUTE|[68]
21:04:56.2 (15693879)|HEAP_ALLOCATE|[68]|Bytes:8
21:04:56.2 (15715579)|HEAP_ALLOCATE|[68]|Bytes:2
21:04:56.2 (15736182)|HEAP_ALLOCATE|[68]|Bytes:2
21:04:56.2 (15749379)|HEAP_ALLOCATE|[EXTERNAL]|Bytes:4
21:04:56.2 (15754563)|STATEMENT_EXECUTE|[70]
21:04:56.2 (15802814)|HEAP_ALLOCATE|[70]|Bytes:8
21:04:56.2 (16503344)|HEAP_ALLOCATE|[70]|Bytes:12
21:04:56.2 (16532987)|HEAP_ALLOCATE|[70]|Bytes:2
21:04:56.2 (16544029)|VARIABLE_SCOPE_BEGIN|[70]|dataType|String|false|false
21:04:56.2 (16555249)|VARIABLE_ASSIGNMENT|[70]|dataType|"ID"
21:04:56.2 (16560080)|STATEMENT_EXECUTE|[71]
21:04:56.2 (16614823)|HEAP_ALLOCATE|[71]|Bytes:8
21:04:56.2 (16641919)|HEAP_ALLOCATE|[EXTERNAL]|Bytes:4
21:04:56.2 (16655158)|HEAP_ALLOCATE|[71]|Bytes:4
21:04:56.2 (16694934)|HEAP_ALLOCATE|[71]|Bytes:31
21:04:56.2 (16767179)|FATAL_ERROR|System.ListException: List index out of bounds: 0

Class.AdhocLightningScheduler.getObjFields: line 71, column 1
21:04:56.2 (16778005)|FATAL_ERROR|System.ListException: List index out of bounds: 0

Class.AdhocLightningScheduler.getObjFields: line 71, column 1
21:04:56.16 (16783668)|CUMULATIVE_LIMIT_USAGE
21:04:56.16 (16783668)|LIMIT_USAGE_FOR_NS|(default)|
  Number of SOQL queries: 0 out of 100
  Number of query rows: 0 out of 50000
  Number of SOSL queries: 0 out of 20
  Number of DML statements: 0 out of 150
  Number of DML rows: 0 out of 10000
  Maximum CPU time: 0 out of 10000
  Maximum heap size: 0 out of 6000000
  Number of callouts: 0 out of 100
  Number of Email Invocations: 0 out of 10
  Number of future calls: 0 out of 50
  Number of queueable jobs added to the queue: 0 out of 50
  Number of Mobile Apex push calls: 0 out of 10

21:04:56.16 (16783668)|CUMULATIVE_LIMIT_USAGE_END

21:04:56.2 (16811610)|CODE_UNIT_FINISHED|AdhocLightningScheduler.getObjFields
21:04:56.2 (17626666)|EXECUTION_FINISHED
