39.0 APEX_CODE,FINEST;APEX_PROFILING,INFO;CALLOUT,INFO;DB,INFO;SYSTEM,DEBUG;VALIDATION,INFO;VISUALFORCE,INFO;WAVE,INFO;WORKFLOW,INFO
02:04:19.0 (424525)|USER_INFO|[EXTERNAL]|00528000001JBjQ|ramu.veligeti@yahoo.co.in|Pacific Standard Time|GMT-07:00
02:04:19.0 (449009)|EXECUTION_STARTED
02:04:19.0 (452015)|CODE_UNIT_STARTED|[EXTERNAL]|06628000008N9Wm|VF: /apex/AdhocSchedulerVF
02:04:19.0 (4268925)|VF_DESERIALIZE_VIEWSTATE_BEGIN|06628000008N9Wm
02:04:19.0 (14356131)|HEAP_ALLOCATE|[72]|Bytes:3
02:04:19.0 (14378518)|HEAP_ALLOCATE|[77]|Bytes:152
02:04:19.0 (14388250)|HEAP_ALLOCATE|[342]|Bytes:408
02:04:19.0 (14403960)|HEAP_ALLOCATE|[355]|Bytes:408
02:04:19.0 (14420033)|HEAP_ALLOCATE|[467]|Bytes:48
02:04:19.0 (14441131)|HEAP_ALLOCATE|[139]|Bytes:6
02:04:19.0 (14469133)|HEAP_ALLOCATE|[50]|Bytes:5
02:04:19.0 (14485451)|HEAP_ALLOCATE|[56]|Bytes:5
02:04:19.0 (14490560)|HEAP_ALLOCATE|[64]|Bytes:7
02:04:19.0 (28619145)|VF_DESERIALIZE_VIEWSTATE_END
02:04:19.32 (32763808)|SYSTEM_MODE_ENTER|true
02:04:19.32 (32824901)|HEAP_ALLOCATE|[EXTERNAL]|Bytes:38
02:04:19.32 (32833848)|HEAP_ALLOCATE|[EXTERNAL]|Bytes:7
02:04:19.32 (32842418)|SYSTEM_METHOD_ENTRY|[1]|PageMessagesComponentController.PageMessagesComponentController()
02:04:19.32 (32846510)|STATEMENT_EXECUTE|[1]
02:04:19.33 (33616063)|SYSTEM_MODE_ENTER|true
02:04:19.33 (33657939)|HEAP_ALLOCATE|[EXTERNAL]|Bytes:8
02:04:19.33 (33663604)|VARIABLE_SCOPE_BEGIN|[88]|this|ApexPage.PageMessagesComponentController|true|false
02:04:19.33 (33699372)|VARIABLE_ASSIGNMENT|[88]|this|{}|0x23ab9fb
02:04:19.33 (33702833)|VARIABLE_SCOPE_BEGIN|[88]|escape|Boolean|false|false
02:04:19.33 (33706914)|VARIABLE_ASSIGNMENT|[88]|escape|null
02:04:19.0 (33898826)|SYSTEM_MODE_ENTER|true
02:04:19.0 (33919707)|HEAP_ALLOCATE|[EXTERNAL]|Bytes:13
02:04:19.0 (33927869)|HEAP_ALLOCATE|[EXTERNAL]|Bytes:344
02:04:19.0 (33930492)|HEAP_ALLOCATE|[EXTERNAL]|Bytes:93
02:04:19.0 (33932483)|HEAP_ALLOCATE|[EXTERNAL]|Bytes:16
02:04:19.0 (33938408)|METHOD_ENTRY|[1]|01p2800000FV1zj|AdhocScheduler.AdhocScheduler()
02:04:19.0 (33941386)|STATEMENT_EXECUTE|[1]
02:04:19.0 (33944251)|STATEMENT_EXECUTE|[1]
02:04:19.0 (33945252)|STATEMENT_EXECUTE|[407]
02:04:19.0 (33948467)|METHOD_EXIT|[1]|AdhocScheduler
02:04:19.0 (34007107)|SYSTEM_MODE_ENTER|true
02:04:19.0 (34175544)|SYSTEM_MODE_ENTER|true
02:04:19.0 (34508338)|HEAP_ALLOCATE|[EXTERNAL]|Bytes:332
02:04:19.0 (34518897)|HEAP_ALLOCATE|[EXTERNAL]|Bytes:51
02:04:19.0 (34863975)|SYSTEM_MODE_ENTER|true
02:04:19.0 (38801021)|SYSTEM_MODE_ENTER|true
02:04:19.0 (39057220)|SYSTEM_MODE_ENTER|true
02:04:19.0 (39327681)|SYSTEM_MODE_ENTER|true
02:04:19.39 (39973445)|SYSTEM_MODE_ENTER|true
02:04:19.39 (40020761)|HEAP_ALLOCATE|[EXTERNAL]|Bytes:8
02:04:19.39 (40028453)|VARIABLE_SCOPE_BEGIN|[88]|this|ApexPage.PageMessagesComponentController|true|false
02:04:19.39 (40059268)|VARIABLE_ASSIGNMENT|[88]|this|{}|0x23ab9fb
02:04:19.39 (40062379)|VARIABLE_SCOPE_BEGIN|[88]|escape|Boolean|false|false
02:04:19.39 (40066187)|VARIABLE_ASSIGNMENT|[88]|escape|null
02:04:19.0 (40113123)|SYSTEM_MODE_ENTER|true
02:04:19.0 (40134997)|HEAP_ALLOCATE|[EXTERNAL]|Bytes:7
02:04:19.0 (40147071)|HEAP_ALLOCATE|[EXTERNAL]|Bytes:76
02:04:19.0 (40161211)|VARIABLE_ASSIGNMENT|[EXTERNAL]|this.selectedObj|"Contact"|0x2f335cf
02:04:19.0 (40191911)|SYSTEM_MODE_ENTER|true
02:04:19.0 (40224150)|SYSTEM_MODE_ENTER|true
02:04:19.0 (40445278)|HEAP_ALLOCATE|[EXTERNAL]|Bytes:9
02:04:19.0 (40452435)|HEAP_ALLOCATE|[EXTERNAL]|Bytes:56
02:04:19.0 (40459426)|VARIABLE_ASSIGNMENT|[EXTERNAL]|this.filterOption|"Birthdate"|0x356631a0
02:04:19.0 (40487401)|HEAP_ALLOCATE|[EXTERNAL]|Bytes:56
02:04:19.0 (40492706)|VARIABLE_ASSIGNMENT|[EXTERNAL]|this.filterOperator|null|0x356631a0
02:04:19.0 (40578878)|SYSTEM_MODE_ENTER|true
02:04:19.0 (40696887)|SYSTEM_MODE_ENTER|true
02:04:19.0 (40755266)|SYSTEM_MODE_ENTER|true
02:04:19.0 (40767090)|HEAP_ALLOCATE|[EXTERNAL]|Bytes:8
02:04:19.0 (40769468)|HEAP_ALLOCATE|[EXTERNAL]|Bytes:76
02:04:19.0 (40775258)|VARIABLE_ASSIGNMENT|[EXTERNAL]|this.sequence|1|0x2f335cf
02:04:19.0 (41211677)|HEAP_ALLOCATE|[EXTERNAL]|Bytes:76
02:04:19.0 (41218656)|VARIABLE_SCOPE_BEGIN|[263]|this|AdhocScheduler|true|false
02:04:19.0 (41297359)|VARIABLE_ASSIGNMENT|[263]|this|{"applyFilterLogic":false,"applyFilters":true,"fieldMap":"0x47826677","filterLogic":"1","filterLogicList":"0x20991792","filterLogicSet":"0x62845da3","filterWrapperList":"0x2e2034e6","nullAllowedDataTypes":"Datetime,Date,Decima (16 more) ...","objFields":"0x529209b3","objNames":"0x63509580","schemaMap":"0x747f6fbe","selectedObj":"Contact","sequence":1,"showFields":true}|0x2f335cf
02:04:19.0 (41307985)|STATEMENT_EXECUTE|[263]
02:04:19.0 (41310082)|STATEMENT_EXECUTE|[264]
02:04:19.0 (41375570)|VARIABLE_ASSIGNMENT|[EXTERNAL]|this|{"applyFilterLogic":false,"applyFilters":true,"fieldMap":"0x47826677","filterLogic":"1","filterLogicList":"0x20991792","filterLogicSet":"0x62845da3","filterWrapperList":"0x2e2034e6","nullAllowedDataTypes":"Datetime,Date,Decima (16 more) ...","objFields":"0x529209b3","objNames":"0x63509580","schemaMap":"0x747f6fbe","selectedObj":"Contact","sequence":1,"showFields":true}|0x2f335cf
02:04:19.0 (41426081)|VARIABLE_ASSIGNMENT|[EXTERNAL]|this|{"applyFilterLogic":false,"applyFilters":true,"fieldMap":"0x47826677","filterLogic":"1","filterLogicList":"0x20991792","filterLogicSet":"0x62845da3","filterWrapperList":"0x2e2034e6","nullAllowedDataTypes":"Datetime,Date,Decima (16 more) ...","objFields":"0x529209b3","objNames":"0x63509580","schemaMap":"0x747f6fbe","selectedObj":"Contact","sequence":1,"showFields":true}|0x2f335cf
02:04:19.0 (41462288)|HEAP_ALLOCATE|[264]|Bytes:56
02:04:19.0 (41531531)|VARIABLE_ASSIGNMENT|[EXTERNAL]|this|{"filterOption":"Birthdate","sequence":1,"uniqueId":0}|0x356631a0
02:04:19.0 (41539180)|VARIABLE_SCOPE_BEGIN|[264]|fOption|String|false|false
02:04:19.0 (41544380)|VARIABLE_ASSIGNMENT|[264]|fOption|"Birthdate"
02:04:19.0 (41546630)|STATEMENT_EXECUTE|[265]
02:04:19.0 (41575860)|METHOD_ENTRY|[265]|01p2800000FV1zj|AdhocScheduler.resetFilterVariables()
02:04:19.0 (41591055)|VARIABLE_SCOPE_BEGIN|[332]|this|AdhocScheduler|true|false
02:04:19.0 (41625097)|VARIABLE_ASSIGNMENT|[332]|this|{"applyFilterLogic":false,"applyFilters":true,"fieldMap":"0x47826677","filterLogic":"1","filterLogicList":"0x20991792","filterLogicSet":"0x62845da3","filterWrapperList":"0x2e2034e6","nullAllowedDataTypes":"Datetime,Date,Decima (16 more) ...","objFields":"0x529209b3","objNames":"0x63509580","schemaMap":"0x747f6fbe","selectedObj":"Contact","sequence":1,"showFields":true}|0x2f335cf
02:04:19.0 (41630044)|STATEMENT_EXECUTE|[332]
02:04:19.0 (41631242)|STATEMENT_EXECUTE|[333]
02:04:19.0 (41636028)|HEAP_ALLOCATE|[333]|Bytes:4
02:04:19.0 (41692030)|VARIABLE_ASSIGNMENT|[EXTERNAL]|this|{"applyFilterLogic":false,"applyFilters":true,"fieldMap":"0x47826677","filterLogic":"1","filterLogicList":"0x20991792","filterLogicSet":"0x62845da3","filterWrapperList":"0x2e2034e6","nullAllowedDataTypes":"Datetime,Date,Decima (16 more) ...","objFields":"0x529209b3","objNames":"0x63509580","schemaMap":"0x747f6fbe","selectedObj":"Contact","sequence":1,"showFields":true}|0x2f335cf
02:04:19.0 (41728126)|VARIABLE_ASSIGNMENT|[EXTERNAL]|this|{"applyFilterLogic":false,"applyFilters":true,"fieldMap":"0x47826677","filterLogic":"1","filterLogicList":"0x20991792","filterLogicSet":"0x62845da3","filterWrapperList":"0x2e2034e6","nullAllowedDataTypes":"Datetime,Date,Decima (16 more) ...","objFields":"0x529209b3","objNames":"0x63509580","schemaMap":"0x747f6fbe","selectedObj":"Contact","sequence":1,"showFields":true}|0x2f335cf
02:04:19.0 (41738392)|HEAP_ALLOCATE|[333]|Bytes:56
02:04:19.0 (41767690)|VARIABLE_ASSIGNMENT|[EXTERNAL]|this|{"filterOption":"Birthdate","sequence":1,"uniqueId":0}|0x356631a0
02:04:19.0 (41789969)|HEAP_ALLOCATE|[EXTERNAL]|Bytes:4
02:04:19.0 (41799535)|VARIABLE_ASSIGNMENT|[EXTERNAL]|value|[]|0x20be45f
02:04:19.0 (41807671)|VARIABLE_ASSIGNMENT|[410]|this.operators|[]|0x356631a0
02:04:19.0 (41812278)|STATEMENT_EXECUTE|[334]
02:04:19.0 (41852335)|VARIABLE_ASSIGNMENT|[EXTERNAL]|this|{"applyFilterLogic":false,"applyFilters":true,"fieldMap":"0x47826677","filterLogic":"1","filterLogicList":"0x20991792","filterLogicSet":"0x62845da3","filterWrapperList":"0x2e2034e6","nullAllowedDataTypes":"Datetime,Date,Decima (16 more) ...","objFields":"0x529209b3","objNames":"0x63509580","schemaMap":"0x747f6fbe","selectedObj":"Contact","sequence":1,"showFields":true}|0x2f335cf
02:04:19.0 (41886015)|VARIABLE_ASSIGNMENT|[EXTERNAL]|this|{"applyFilterLogic":false,"applyFilters":true,"fieldMap":"0x47826677","filterLogic":"1","filterLogicList":"0x20991792","filterLogicSet":"0x62845da3","filterWrapperList":"0x2e2034e6","nullAllowedDataTypes":"Datetime,Date,Decima (16 more) ...","objFields":"0x529209b3","objNames":"0x63509580","schemaMap":"0x747f6fbe","selectedObj":"Contact","sequence":1,"showFields":true}|0x2f335cf
02:04:19.0 (41899263)|HEAP_ALLOCATE|[334]|Bytes:56
02:04:19.0 (41928190)|VARIABLE_ASSIGNMENT|[EXTERNAL]|this|{"filterOption":"Birthdate","operators":"0x20be45f","sequence":1,"uniqueId":0}|0x356631a0
02:04:19.0 (41932321)|VARIABLE_ASSIGNMENT|[EXTERNAL]|value|null
02:04:19.0 (41937430)|VARIABLE_ASSIGNMENT|[416]|this.dataType|null|0x356631a0
02:04:19.0 (41940753)|STATEMENT_EXECUTE|[335]
02:04:19.0 (41944450)|HEAP_ALLOCATE|[335]|Bytes:4
02:04:19.0 (41988392)|VARIABLE_ASSIGNMENT|[EXTERNAL]|this|{"applyFilterLogic":false,"applyFilters":true,"fieldMap":"0x47826677","filterLogic":"1","filterLogicList":"0x20991792","filterLogicSet":"0x62845da3","filterWrapperList":"0x2e2034e6","nullAllowedDataTypes":"Datetime,Date,Decima (16 more) ...","objFields":"0x529209b3","objNames":"0x63509580","schemaMap":"0x747f6fbe","selectedObj":"Contact","sequence":1,"showFields":true}|0x2f335cf
02:04:19.0 (42021550)|VARIABLE_ASSIGNMENT|[EXTERNAL]|this|{"applyFilterLogic":false,"applyFilters":true,"fieldMap":"0x47826677","filterLogic":"1","filterLogicList":"0x20991792","filterLogicSet":"0x62845da3","filterWrapperList":"0x2e2034e6","nullAllowedDataTypes":"Datetime,Date,Decima (16 more) ...","objFields":"0x529209b3","objNames":"0x63509580","schemaMap":"0x747f6fbe","selectedObj":"Contact","sequence":1,"showFields":true}|0x2f335cf
02:04:19.0 (42031634)|HEAP_ALLOCATE|[335]|Bytes:56
02:04:19.0 (42058423)|VARIABLE_ASSIGNMENT|[EXTERNAL]|this|{"filterOption":"Birthdate","operators":"0x20be45f","sequence":1,"uniqueId":0}|0x356631a0
02:04:19.0 (42068606)|HEAP_ALLOCATE|[EXTERNAL]|Bytes:4
02:04:19.0 (42072975)|VARIABLE_ASSIGNMENT|[EXTERNAL]|value|[]|0x7f780445
02:04:19.0 (42079049)|VARIABLE_ASSIGNMENT|[417]|this.picklistOptions|[]|0x356631a0
02:04:19.0 (42083089)|STATEMENT_EXECUTE|[336]
02:04:19.0 (42121452)|VARIABLE_ASSIGNMENT|[EXTERNAL]|this|{"applyFilterLogic":false,"applyFilters":true,"fieldMap":"0x47826677","filterLogic":"1","filterLogicList":"0x20991792","filterLogicSet":"0x62845da3","filterWrapperList":"0x2e2034e6","nullAllowedDataTypes":"Datetime,Date,Decima (16 more) ...","objFields":"0x529209b3","objNames":"0x63509580","schemaMap":"0x747f6fbe","selectedObj":"Contact","sequence":1,"showFields":true}|0x2f335cf
02:04:19.0 (42155316)|VARIABLE_ASSIGNMENT|[EXTERNAL]|this|{"applyFilterLogic":false,"applyFilters":true,"fieldMap":"0x47826677","filterLogic":"1","filterLogicList":"0x20991792","filterLogicSet":"0x62845da3","filterWrapperList":"0x2e2034e6","nullAllowedDataTypes":"Datetime,Date,Decima (16 more) ...","objFields":"0x529209b3","objNames":"0x63509580","schemaMap":"0x747f6fbe","selectedObj":"Contact","sequence":1,"showFields":true}|0x2f335cf
02:04:19.0 (42164027)|HEAP_ALLOCATE|[336]|Bytes:56
02:04:19.0 (42192360)|VARIABLE_ASSIGNMENT|[EXTERNAL]|this|{"filterOption":"Birthdate","operators":"0x20be45f","picklistOptions":"0x7f780445","sequence":1,"uniqueId":0}|0x356631a0
02:04:19.0 (42196943)|VARIABLE_ASSIGNMENT|[EXTERNAL]|value|null
02:04:19.0 (42201663)|VARIABLE_ASSIGNMENT|[411]|this.value|null|0x356631a0
02:04:19.0 (42205281)|STATEMENT_EXECUTE|[337]
02:04:19.0 (42240126)|VARIABLE_ASSIGNMENT|[EXTERNAL]|this|{"applyFilterLogic":false,"applyFilters":true,"fieldMap":"0x47826677","filterLogic":"1","filterLogicList":"0x20991792","filterLogicSet":"0x62845da3","filterWrapperList":"0x2e2034e6","nullAllowedDataTypes":"Datetime,Date,Decima (16 more) ...","objFields":"0x529209b3","objNames":"0x63509580","schemaMap":"0x747f6fbe","selectedObj":"Contact","sequence":1,"showFields":true}|0x2f335cf
02:04:19.0 (42273377)|VARIABLE_ASSIGNMENT|[EXTERNAL]|this|{"applyFilterLogic":false,"applyFilters":true,"fieldMap":"0x47826677","filterLogic":"1","filterLogicList":"0x20991792","filterLogicSet":"0x62845da3","filterWrapperList":"0x2e2034e6","nullAllowedDataTypes":"Datetime,Date,Decima (16 more) ...","objFields":"0x529209b3","objNames":"0x63509580","schemaMap":"0x747f6fbe","selectedObj":"Contact","sequence":1,"showFields":true}|0x2f335cf
02:04:19.0 (42281509)|HEAP_ALLOCATE|[337]|Bytes:56
02:04:19.0 (42309629)|VARIABLE_ASSIGNMENT|[EXTERNAL]|this|{"filterOption":"Birthdate","operators":"0x20be45f","picklistOptions":"0x7f780445","sequence":1,"uniqueId":0}|0x356631a0
02:04:19.0 (42318677)|VARIABLE_ASSIGNMENT|[EXTERNAL]|value|null
02:04:19.0 (42323372)|VARIABLE_ASSIGNMENT|[414]|this.dateValue|null|0x356631a0
02:04:19.0 (42327092)|STATEMENT_EXECUTE|[338]
02:04:19.0 (42366927)|VARIABLE_ASSIGNMENT|[EXTERNAL]|this|{"applyFilterLogic":false,"applyFilters":true,"fieldMap":"0x47826677","filterLogic":"1","filterLogicList":"0x20991792","filterLogicSet":"0x62845da3","filterWrapperList":"0x2e2034e6","nullAllowedDataTypes":"Datetime,Date,Decima (16 more) ...","objFields":"0x529209b3","objNames":"0x63509580","schemaMap":"0x747f6fbe","selectedObj":"Contact","sequence":1,"showFields":true}|0x2f335cf
02:04:19.0 (42412968)|VARIABLE_ASSIGNMENT|[EXTERNAL]|this|{"applyFilterLogic":false,"applyFilters":true,"fieldMap":"0x47826677","filterLogic":"1","filterLogicList":"0x20991792","filterLogicSet":"0x62845da3","filterWrapperList":"0x2e2034e6","nullAllowedDataTypes":"Datetime,Date,Decima (16 more) ...","objFields":"0x529209b3","objNames":"0x63509580","schemaMap":"0x747f6fbe","selectedObj":"Contact","sequence":1,"showFields":true}|0x2f335cf
02:04:19.0 (42427908)|HEAP_ALLOCATE|[338]|Bytes:56
02:04:19.0 (42461398)|VARIABLE_ASSIGNMENT|[EXTERNAL]|this|{"filterOption":"Birthdate","operators":"0x20be45f","picklistOptions":"0x7f780445","sequence":1,"uniqueId":0}|0x356631a0
02:04:19.0 (42469350)|VARIABLE_ASSIGNMENT|[EXTERNAL]|value|null
02:04:19.0 (42474585)|VARIABLE_ASSIGNMENT|[415]|this.datetimeValue|null|0x356631a0
02:04:19.0 (42479364)|METHOD_EXIT|[265]|01p2800000FV1zj|AdhocScheduler.resetFilterVariables()
02:04:19.0 (42519947)|STATEMENT_EXECUTE|[266]
02:04:19.0 (42521460)|STATEMENT_EXECUTE|[269]
02:04:19.0 (42525193)|HEAP_ALLOCATE|[269]|Bytes:4
02:04:19.0 (42573152)|VARIABLE_ASSIGNMENT|[EXTERNAL]|this|{"applyFilterLogic":false,"applyFilters":true,"fieldMap":"0x47826677","filterLogic":"1","filterLogicList":"0x20991792","filterLogicSet":"0x62845da3","filterWrapperList":"0x2e2034e6","nullAllowedDataTypes":"Datetime,Date,Decima (16 more) ...","objFields":"0x529209b3","objNames":"0x63509580","schemaMap":"0x747f6fbe","selectedObj":"Contact","sequence":1,"showFields":true}|0x2f335cf
02:04:19.0 (42608360)|VARIABLE_ASSIGNMENT|[EXTERNAL]|this|{"applyFilterLogic":false,"applyFilters":true,"fieldMap":"0x47826677","filterLogic":"1","filterLogicList":"0x20991792","filterLogicSet":"0x62845da3","filterWrapperList":"0x2e2034e6","nullAllowedDataTypes":"Datetime,Date,Decima (16 more) ...","objFields":"0x529209b3","objNames":"0x63509580","schemaMap":"0x747f6fbe","selectedObj":"Contact","sequence":1,"showFields":true}|0x2f335cf
02:04:19.0 (42617631)|HEAP_ALLOCATE|[269]|Bytes:56
02:04:19.0 (42640596)|VARIABLE_ASSIGNMENT|[EXTERNAL]|this|{"filterOption":"Birthdate","operators":"0x20be45f","picklistOptions":"0x7f780445","sequence":1,"uniqueId":0}|0x356631a0
02:04:19.0 (42651277)|HEAP_ALLOCATE|[EXTERNAL]|Bytes:4
02:04:19.0 (42656845)|VARIABLE_ASSIGNMENT|[EXTERNAL]|value|[]|0x71238d30
02:04:19.0 (42664859)|VARIABLE_ASSIGNMENT|[410]|this.operators|[]|0x356631a0
02:04:19.0 (42671116)|STATEMENT_EXECUTE|[270]
02:04:19.0 (42723343)|VARIABLE_ASSIGNMENT|[EXTERNAL]|this|{"applyFilterLogic":false,"applyFilters":true,"fieldMap":"0x47826677","filterLogic":"1","filterLogicList":"0x20991792","filterLogicSet":"0x62845da3","filterWrapperList":"0x2e2034e6","nullAllowedDataTypes":"Datetime,Date,Decima (16 more) ...","objFields":"0x529209b3","objNames":"0x63509580","schemaMap":"0x747f6fbe","selectedObj":"Contact","sequence":1,"showFields":true}|0x2f335cf
02:04:19.0 (42759641)|VARIABLE_ASSIGNMENT|[EXTERNAL]|this|{"applyFilterLogic":false,"applyFilters":true,"fieldMap":"0x47826677","filterLogic":"1","filterLogicList":"0x20991792","filterLogicSet":"0x62845da3","filterWrapperList":"0x2e2034e6","nullAllowedDataTypes":"Datetime,Date,Decima (16 more) ...","objFields":"0x529209b3","objNames":"0x63509580","schemaMap":"0x747f6fbe","selectedObj":"Contact","sequence":1,"showFields":true}|0x2f335cf
02:04:19.0 (42769148)|HEAP_ALLOCATE|[270]|Bytes:56
02:04:19.0 (42795148)|VARIABLE_ASSIGNMENT|[EXTERNAL]|this|{"filterOption":"Birthdate","operators":"0x71238d30","picklistOptions":"0x7f780445","sequence":1,"uniqueId":0}|0x356631a0
02:04:19.0 (42807559)|HEAP_ALLOCATE|[270]|Bytes:8
02:04:19.0 (42836221)|HEAP_ALLOCATE|[EXTERNAL]|Bytes:4
02:04:19.0 (42840382)|STATEMENT_EXECUTE|[271]
02:04:19.0 (42889525)|VARIABLE_ASSIGNMENT|[EXTERNAL]|this|{"applyFilterLogic":false,"applyFilters":true,"fieldMap":"0x47826677","filterLogic":"1","filterLogicList":"0x20991792","filterLogicSet":"0x62845da3","filterWrapperList":"0x2e2034e6","nullAllowedDataTypes":"Datetime,Date,Decima (16 more) ...","objFields":"0x529209b3","objNames":"0x63509580","schemaMap":"0x747f6fbe","selectedObj":"Contact","sequence":1,"showFields":true}|0x2f335cf
02:04:19.0 (42934030)|VARIABLE_ASSIGNMENT|[EXTERNAL]|this|{"applyFilterLogic":false,"applyFilters":true,"fieldMap":"0x47826677","filterLogic":"1","filterLogicList":"0x20991792","filterLogicSet":"0x62845da3","filterWrapperList":"0x2e2034e6","nullAllowedDataTypes":"Datetime,Date,Decima (16 more) ...","objFields":"0x529209b3","objNames":"0x63509580","schemaMap":"0x747f6fbe","selectedObj":"Contact","sequence":1,"showFields":true}|0x2f335cf
02:04:19.0 (42945039)|HEAP_ALLOCATE|[271]|Bytes:56
02:04:19.0 (42967734)|VARIABLE_ASSIGNMENT|[EXTERNAL]|this|{"filterOption":"Birthdate","operators":"0x71238d30","picklistOptions":"0x7f780445","sequence":1,"uniqueId":0}|0x356631a0
02:04:19.0 (42974453)|HEAP_ALLOCATE|[271]|Bytes:1
02:04:19.0 (42976752)|HEAP_ALLOCATE|[271]|Bytes:6
02:04:19.0 (42989757)|HEAP_ALLOCATE|[EXTERNAL]|Bytes:4
02:04:19.0 (42993376)|STATEMENT_EXECUTE|[272]
02:04:19.0 (43032316)|VARIABLE_ASSIGNMENT|[EXTERNAL]|this|{"applyFilterLogic":false,"applyFilters":true,"fieldMap":"0x47826677","filterLogic":"1","filterLogicList":"0x20991792","filterLogicSet":"0x62845da3","filterWrapperList":"0x2e2034e6","nullAllowedDataTypes":"Datetime,Date,Decima (16 more) ...","objFields":"0x529209b3","objNames":"0x63509580","schemaMap":"0x747f6fbe","selectedObj":"Contact","sequence":1,"showFields":true}|0x2f335cf
02:04:19.0 (43066212)|VARIABLE_ASSIGNMENT|[EXTERNAL]|this|{"applyFilterLogic":false,"applyFilters":true,"fieldMap":"0x47826677","filterLogic":"1","filterLogicList":"0x20991792","filterLogicSet":"0x62845da3","filterWrapperList":"0x2e2034e6","nullAllowedDataTypes":"Datetime,Date,Decima (16 more) ...","objFields":"0x529209b3","objNames":"0x63509580","schemaMap":"0x747f6fbe","selectedObj":"Contact","sequence":1,"showFields":true}|0x2f335cf
02:04:19.0 (43074879)|HEAP_ALLOCATE|[272]|Bytes:56
02:04:19.0 (43097014)|VARIABLE_ASSIGNMENT|[EXTERNAL]|this|{"filterOption":"Birthdate","operators":"0x71238d30","picklistOptions":"0x7f780445","sequence":1,"uniqueId":0}|0x356631a0
02:04:19.0 (43102804)|HEAP_ALLOCATE|[272]|Bytes:2
02:04:19.0 (43105261)|HEAP_ALLOCATE|[272]|Bytes:12
02:04:19.0 (43115467)|HEAP_ALLOCATE|[EXTERNAL]|Bytes:4
02:04:19.0 (43118891)|STATEMENT_EXECUTE|[288]
02:04:19.0 (45389242)|HEAP_ALLOCATE|[288]|Bytes:8
02:04:19.0 (46156072)|HEAP_ALLOCATE|[288]|Bytes:12
02:04:19.0 (46182321)|HEAP_ALLOCATE|[288]|Bytes:4
02:04:19.0 (46190327)|VARIABLE_SCOPE_BEGIN|[288]|fieldDataType|String|false|false
02:04:19.0 (46198536)|VARIABLE_ASSIGNMENT|[288]|fieldDataType|"DATE"
02:04:19.0 (46201790)|STATEMENT_EXECUTE|[289]
02:04:19.0 (46216462)|METHOD_ENTRY|[289]|01p2800000FV1zj|AdhocScheduler.assignFilterOperators(String)
02:04:19.0 (46231843)|VARIABLE_SCOPE_BEGIN|[343]|this|AdhocScheduler|true|false
02:04:19.0 (46281243)|VARIABLE_ASSIGNMENT|[343]|this|{"applyFilterLogic":false,"applyFilters":true,"fieldMap":"0x47826677","filterLogic":"1","filterLogicList":"0x20991792","filterLogicSet":"0x62845da3","filterWrapperList":"0x2e2034e6","nullAllowedDataTypes":"Datetime,Date,Decima (16 more) ...","objFields":"0x529209b3","objNames":"0x63509580","schemaMap":"0x747f6fbe","selectedObj":"Contact","sequence":1,"showFields":true}|0x2f335cf
02:04:19.0 (46285543)|VARIABLE_SCOPE_BEGIN|[343]|dataType|String|false|false
02:04:19.0 (46288482)|VARIABLE_ASSIGNMENT|[343]|dataType|"DATE"
02:04:19.0 (46292537)|STATEMENT_EXECUTE|[343]
02:04:19.0 (46293668)|STATEMENT_EXECUTE|[344]
02:04:19.0 (46297394)|HEAP_ALLOCATE|[344]|Bytes:4
02:04:19.0 (46313694)|VARIABLE_SCOPE_BEGIN|[344]|operatorList|List<System.SelectOption>|true|false
02:04:19.0 (46327306)|HEAP_ALLOCATE|[EXTERNAL]|Bytes:4
02:04:19.0 (46332746)|VARIABLE_ASSIGNMENT|[344]|operatorList|[]|0x6c1fab81
02:04:19.0 (46336057)|HEAP_ALLOCATE|[345]|Bytes:8
02:04:19.0 (46370889)|HEAP_ALLOCATE|[345]|Bytes:4
02:04:19.0 (46382776)|STATEMENT_EXECUTE|[345]
02:04:19.0 (46383968)|STATEMENT_EXECUTE|[346]
02:04:19.0 (46387509)|HEAP_ALLOCATE|[346]|Bytes:1
02:04:19.0 (46389718)|HEAP_ALLOCATE|[346]|Bytes:12
02:04:19.0 (46418419)|HEAP_ALLOCATE|[EXTERNAL]|Bytes:4
02:04:19.0 (46424357)|STATEMENT_EXECUTE|[347]
02:04:19.0 (46428315)|HEAP_ALLOCATE|[347]|Bytes:1
02:04:19.0 (46430518)|HEAP_ALLOCATE|[347]|Bytes:9
02:04:19.0 (46447818)|HEAP_ALLOCATE|[EXTERNAL]|Bytes:4
02:04:19.0 (46451043)|STATEMENT_EXECUTE|[348]
02:04:19.0 (46453575)|HEAP_ALLOCATE|[348]|Bytes:2
02:04:19.0 (46455607)|HEAP_ALLOCATE|[348]|Bytes:16
02:04:19.0 (46470743)|HEAP_ALLOCATE|[EXTERNAL]|Bytes:4
02:04:19.0 (46473660)|STATEMENT_EXECUTE|[349]
02:04:19.0 (46475974)|HEAP_ALLOCATE|[349]|Bytes:2
02:04:19.0 (46477935)|HEAP_ALLOCATE|[349]|Bytes:13
02:04:19.0 (46492621)|HEAP_ALLOCATE|[EXTERNAL]|Bytes:4
02:04:19.0 (46495596)|STATEMENT_EXECUTE|[350]
02:04:19.0 (46499057)|HEAP_ALLOCATE|[350]|Bytes:6
02:04:19.0 (46501225)|HEAP_ALLOCATE|[350]|Bytes:7
02:04:19.0 (46515060)|HEAP_ALLOCATE|[EXTERNAL]|Bytes:4
02:04:19.0 (46518390)|STATEMENT_EXECUTE|[351]
02:04:19.0 (46521510)|HEAP_ALLOCATE|[351]|Bytes:7
02:04:19.0 (46523809)|HEAP_ALLOCATE|[351]|Bytes:11
02:04:19.0 (46537489)|HEAP_ALLOCATE|[EXTERNAL]|Bytes:4
02:04:19.0 (46541258)|STATEMENT_EXECUTE|[360]
02:04:19.0 (46544893)|METHOD_EXIT|[289]|01p2800000FV1zj|AdhocScheduler.assignFilterOperators(String)
02:04:19.0 (46548294)|VARIABLE_SCOPE_BEGIN|[289]|filterOpertors|List<System.SelectOption>|true|false
02:04:19.0 (46557148)|VARIABLE_ASSIGNMENT|[289]|filterOpertors|"List of size 6 too large to display"|0x6c1fab81
02:04:19.0 (46571886)|STATEMENT_EXECUTE|[290]
02:04:19.0 (46573026)|STATEMENT_EXECUTE|[291]
02:04:19.0 (46621248)|VARIABLE_ASSIGNMENT|[EXTERNAL]|this|{"applyFilterLogic":false,"applyFilters":true,"fieldMap":"0x47826677","filterLogic":"1","filterLogicList":"0x20991792","filterLogicSet":"0x62845da3","filterWrapperList":"0x2e2034e6","nullAllowedDataTypes":"Datetime,Date,Decima (16 more) ...","objFields":"0x529209b3","objNames":"0x63509580","schemaMap":"0x747f6fbe","selectedObj":"Contact","sequence":1,"showFields":true}|0x2f335cf
02:04:19.0 (46661858)|VARIABLE_ASSIGNMENT|[EXTERNAL]|this|{"applyFilterLogic":false,"applyFilters":true,"fieldMap":"0x47826677","filterLogic":"1","filterLogicList":"0x20991792","filterLogicSet":"0x62845da3","filterWrapperList":"0x2e2034e6","nullAllowedDataTypes":"Datetime,Date,Decima (16 more) ...","objFields":"0x529209b3","objNames":"0x63509580","schemaMap":"0x747f6fbe","selectedObj":"Contact","sequence":1,"showFields":true}|0x2f335cf
02:04:19.0 (46673223)|HEAP_ALLOCATE|[291]|Bytes:56
02:04:19.0 (46699200)|VARIABLE_ASSIGNMENT|[EXTERNAL]|this|{"filterOption":"Birthdate","operators":"0x71238d30","picklistOptions":"0x7f780445","sequence":1,"uniqueId":0}|0x356631a0
02:04:19.0 (46713235)|HEAP_ALLOCATE|[291]|Bytes:13
02:04:19.0 (46718484)|HEAP_ALLOCATE|[291]|Bytes:13
02:04:19.0 (46721503)|HEAP_ALLOCATE|[EXTERNAL]|Bytes:4
02:04:19.0 (46724947)|HEAP_ALLOCATE|[291]|Bytes:10
02:04:19.0 (46727055)|HEAP_ALLOCATE|[EXTERNAL]|Bytes:4
02:04:19.0 (46729892)|HEAP_ALLOCATE|[291]|Bytes:18
02:04:19.0 (46731758)|HEAP_ALLOCATE|[EXTERNAL]|Bytes:4
02:04:19.0 (46734541)|HEAP_ALLOCATE|[291]|Bytes:15
02:04:19.0 (46736317)|HEAP_ALLOCATE|[EXTERNAL]|Bytes:4
02:04:19.0 (46739340)|HEAP_ALLOCATE|[291]|Bytes:13
02:04:19.0 (46741303)|HEAP_ALLOCATE|[EXTERNAL]|Bytes:4
02:04:19.0 (46744027)|HEAP_ALLOCATE|[291]|Bytes:18
02:04:19.0 (46746144)|HEAP_ALLOCATE|[EXTERNAL]|Bytes:4
02:04:19.0 (46747940)|HEAP_ALLOCATE|[291]|Bytes:24
02:04:19.0 (46754398)|STATEMENT_EXECUTE|[293]
02:04:19.0 (46758003)|HEAP_ALLOCATE|[293]|Bytes:15
02:04:19.0 (46768370)|HEAP_ALLOCATE|[293]|Bytes:19
02:04:19.0 (46805940)|USER_DEBUG|[293]|DEBUG|fieldDataType==DATE
02:04:19.0 (46812825)|HEAP_ALLOCATE|[294]|Bytes:6
02:04:19.0 (46837340)|HEAP_ALLOCATE|[294]|Bytes:8
02:04:19.0 (46848311)|HEAP_ALLOCATE|[296]|Bytes:7
02:04:19.0 (46861417)|HEAP_ALLOCATE|[296]|Bytes:7
02:04:19.0 (46870449)|HEAP_ALLOCATE|[298]|Bytes:6
02:04:19.0 (46882936)|HEAP_ALLOCATE|[301]|Bytes:7
02:04:19.0 (46904512)|STATEMENT_EXECUTE|[303]
02:04:19.0 (46905681)|STATEMENT_EXECUTE|[304]
02:04:19.0 (46953064)|VARIABLE_ASSIGNMENT|[EXTERNAL]|this|{"applyFilterLogic":false,"applyFilters":true,"fieldMap":"0x47826677","filterLogic":"1","filterLogicList":"0x20991792","filterLogicSet":"0x62845da3","filterWrapperList":"0x2e2034e6","nullAllowedDataTypes":"Datetime,Date,Decima (16 more) ...","objFields":"0x529209b3","objNames":"0x63509580","schemaMap":"0x747f6fbe","selectedObj":"Contact","sequence":1,"showFields":true}|0x2f335cf
02:04:19.0 (46990951)|VARIABLE_ASSIGNMENT|[EXTERNAL]|this|{"applyFilterLogic":false,"applyFilters":true,"fieldMap":"0x47826677","filterLogic":"1","filterLogicList":"0x20991792","filterLogicSet":"0x62845da3","filterWrapperList":"0x2e2034e6","nullAllowedDataTypes":"Datetime,Date,Decima (16 more) ...","objFields":"0x529209b3","objNames":"0x63509580","schemaMap":"0x747f6fbe","selectedObj":"Contact","sequence":1,"showFields":true}|0x2f335cf
02:04:19.0 (47002147)|HEAP_ALLOCATE|[304]|Bytes:56
02:04:19.0 (47027823)|VARIABLE_ASSIGNMENT|[EXTERNAL]|this|{"filterOption":"Birthdate","operators":"0x71238d30","picklistOptions":"0x7f780445","sequence":1,"uniqueId":0}|0x356631a0
02:04:19.0 (47031436)|VARIABLE_ASSIGNMENT|[EXTERNAL]|value|"Date"
02:04:19.0 (47036859)|VARIABLE_ASSIGNMENT|[416]|this.dataType|"Date"|0x356631a0
02:04:19.0 (47041778)|STATEMENT_EXECUTE|[327]
02:04:19.0 (47082085)|VARIABLE_ASSIGNMENT|[EXTERNAL]|this|{"applyFilterLogic":false,"applyFilters":true,"fieldMap":"0x47826677","filterLogic":"1","filterLogicList":"0x20991792","filterLogicSet":"0x62845da3","filterWrapperList":"0x2e2034e6","nullAllowedDataTypes":"Datetime,Date,Decima (16 more) ...","objFields":"0x529209b3","objNames":"0x63509580","schemaMap":"0x747f6fbe","selectedObj":"Contact","sequence":1,"showFields":true}|0x2f335cf
02:04:19.0 (47124020)|VARIABLE_ASSIGNMENT|[EXTERNAL]|this|{"applyFilterLogic":false,"applyFilters":true,"fieldMap":"0x47826677","filterLogic":"1","filterLogicList":"0x20991792","filterLogicSet":"0x62845da3","filterWrapperList":"0x2e2034e6","nullAllowedDataTypes":"Datetime,Date,Decima (16 more) ...","objFields":"0x529209b3","objNames":"0x63509580","schemaMap":"0x747f6fbe","selectedObj":"Contact","sequence":1,"showFields":true}|0x2f335cf
02:04:19.0 (47132912)|HEAP_ALLOCATE|[327]|Bytes:56
02:04:19.0 (47157175)|VARIABLE_ASSIGNMENT|[EXTERNAL]|this|{"dataType":"Date","filterOption":"Birthdate","operators":"0x71238d30","picklistOptions":"0x7f780445","sequence":1,"uniqueId":0}|0x356631a0
02:04:19.0 (47160695)|VARIABLE_ASSIGNMENT|[EXTERNAL]|value|null
02:04:19.0 (47164825)|VARIABLE_ASSIGNMENT|[411]|this.value|null|0x356631a0
02:04:19.53 (53990733)|SYSTEM_MODE_ENTER|true
02:04:19.53 (54054764)|HEAP_ALLOCATE|[EXTERNAL]|Bytes:8
02:04:19.53 (54064422)|VARIABLE_SCOPE_BEGIN|[88]|this|ApexPage.PageMessagesComponentController|true|false
02:04:19.53 (54093380)|VARIABLE_ASSIGNMENT|[88]|this|{}|0x23ab9fb
02:04:19.53 (54098022)|VARIABLE_SCOPE_BEGIN|[88]|escape|Boolean|false|false
02:04:19.53 (54101887)|VARIABLE_ASSIGNMENT|[88]|escape|null
02:04:19.54 (54197031)|SYSTEM_MODE_ENTER|true
02:04:19.54 (54220399)|HEAP_ALLOCATE|[EXTERNAL]|Bytes:8
02:04:19.54 (54224718)|VARIABLE_SCOPE_BEGIN|[2]|this|ApexPage.PageMessagesComponentController|true|false
02:04:19.54 (54237961)|VARIABLE_ASSIGNMENT|[2]|this|{}|0x23ab9fb
02:04:19.0 (54568186)|SYSTEM_MODE_ENTER|true
02:04:19.0 (54621036)|SYSTEM_MODE_ENTER|true
02:04:19.0 (54666384)|SYSTEM_MODE_ENTER|true
02:04:19.0 (55405759)|SYSTEM_MODE_ENTER|true
02:04:19.0 (57818192)|SYSTEM_MODE_ENTER|true
02:04:19.0 (61202933)|VF_SERIALIZE_VIEWSTATE_BEGIN|06628000008N9Wm
02:04:19.0 (90431064)|VF_SERIALIZE_VIEWSTATE_END
02:04:19.0 (453857896)|CODE_UNIT_STARTED|[EXTERNAL]|Generate Metadata
02:04:19.0 (502437720)|CODE_UNIT_FINISHED|Generate Metadata
02:04:19.516 (516617119)|CUMULATIVE_LIMIT_USAGE
02:04:19.516 (516617119)|LIMIT_USAGE_FOR_NS|(default)|
  Number of SOQL queries: 0 out of 100
  Number of query rows: 0 out of 50000
  Number of SOSL queries: 0 out of 20
  Number of DML statements: 0 out of 150
  Number of DML rows: 0 out of 10000
  Maximum CPU time: 0 out of 10000
  Maximum heap size: 0 out of 6000000
  Number of callouts: 0 out of 100
  Number of Email Invocations: 0 out of 10
  Number of future calls: 0 out of 50
  Number of queueable jobs added to the queue: 0 out of 50
  Number of Mobile Apex push calls: 0 out of 10

02:04:19.516 (516617119)|CUMULATIVE_LIMIT_USAGE_END

02:04:19.0 (516667747)|CODE_UNIT_FINISHED|VF: /apex/AdhocSchedulerVF
02:04:19.0 (518291340)|EXECUTION_FINISHED
