40.0 APEX_CODE,FINEST;APEX_PROFILING,INFO;CALLOUT,INFO;DB,INFO;SYSTEM,DEBUG;VALIDATION,INFO;VISUALFORCE,INFO;WAVE,INFO;WORKFLOW,INFO
Execute Anonymous: for(Schema.SobjectField strFld: Account.SobjectType.getDescribe().fields.getMap().Values())
Execute Anonymous: {
Execute Anonymous:     if(strFld.getDescribe().getType() == Schema.DisplayType.REFERENCE)
Execute Anonymous:     {
Execute Anonymous:         system.debug('==parent object='+strFld.getDescribe().getLabel()+'=='+String.valueOf(strFld.getDescribe().getReferenceTo()[0]));
Execute Anonymous:     } 
Execute Anonymous: }
00:11:35.0 (957159)|USER_INFO|[EXTERNAL]|00528000001JBjQ|ramu.veligeti@yahoo.co.in|Pacific Standard Time|GMT-07:00
00:11:35.0 (977402)|EXECUTION_STARTED
00:11:35.0 (981434)|CODE_UNIT_STARTED|[EXTERNAL]|execute_anonymous_apex
00:11:35.0 (1141131)|HEAP_ALLOCATE|[72]|Bytes:3
00:11:35.0 (1170139)|HEAP_ALLOCATE|[77]|Bytes:152
00:11:35.0 (1183805)|HEAP_ALLOCATE|[342]|Bytes:408
00:11:35.0 (1198624)|HEAP_ALLOCATE|[355]|Bytes:408
00:11:35.0 (1211989)|HEAP_ALLOCATE|[467]|Bytes:48
00:11:35.0 (1234486)|HEAP_ALLOCATE|[139]|Bytes:6
00:11:35.0 (1254653)|HEAP_ALLOCATE|[EXTERNAL]|Bytes:7
00:11:35.0 (1373177)|STATEMENT_EXECUTE|[1]
00:11:35.0 (1376659)|HEAP_ALLOCATE|[1]|Bytes:7
00:11:35.0 (1406318)|HEAP_ALLOCATE|[50]|Bytes:5
00:11:35.0 (1423006)|HEAP_ALLOCATE|[56]|Bytes:5
00:11:35.0 (1429410)|HEAP_ALLOCATE|[64]|Bytes:7
00:11:35.0 (2009448)|HEAP_ALLOCATE|[1]|Bytes:4
00:11:35.0 (4126601)|HEAP_ALLOCATE|[1]|Bytes:288
00:11:35.0 (4210673)|HEAP_ALLOCATE|[EXTERNAL]|Bytes:288
00:11:35.0 (4236566)|HEAP_ALLOCATE|[1]|Bytes:288
00:11:35.0 (4284335)|HEAP_ALLOCATE|[1]|Bytes:5
00:11:35.0 (4326179)|VARIABLE_SCOPE_BEGIN|[1]|strFld|Schema.SObjectField|true|false
00:11:35.0 (4434672)|VARIABLE_ASSIGNMENT|[1]|strFld|"common.apex.runtime.impl.ApexFieldToken@71e698dd"|0x71e698dd
00:11:35.0 (4442970)|STATEMENT_EXECUTE|[2]
00:11:35.0 (4815975)|HEAP_ALLOCATE|[3]|Bytes:8
00:11:35.0 (5493553)|HEAP_ALLOCATE|[3]|Bytes:12
00:11:35.0 (5548662)|STATEMENT_EXECUTE|[3]
00:11:35.0 (5557588)|HEAP_ALLOCATE|[1]|Bytes:5
00:11:35.0 (5573729)|VARIABLE_SCOPE_BEGIN|[1]|strFld|Schema.SObjectField|true|false
00:11:35.0 (5626406)|VARIABLE_ASSIGNMENT|[1]|strFld|"common.apex.runtime.impl.ApexFieldToken@7d4fd561"|0x7d4fd561
00:11:35.0 (5634031)|STATEMENT_EXECUTE|[2]
00:11:35.0 (5732405)|HEAP_ALLOCATE|[3]|Bytes:8
00:11:35.0 (5759488)|HEAP_ALLOCATE|[3]|Bytes:12
00:11:35.0 (5786021)|STATEMENT_EXECUTE|[3]
00:11:35.0 (5793770)|HEAP_ALLOCATE|[1]|Bytes:5
00:11:35.0 (5806996)|VARIABLE_SCOPE_BEGIN|[1]|strFld|Schema.SObjectField|true|false
00:11:35.0 (5855972)|VARIABLE_ASSIGNMENT|[1]|strFld|"common.apex.runtime.impl.ApexFieldToken@6a72262d"|0x6a72262d
00:11:35.0 (5862997)|STATEMENT_EXECUTE|[2]
00:11:35.0 (5957614)|HEAP_ALLOCATE|[3]|Bytes:8
00:11:35.0 (5982187)|HEAP_ALLOCATE|[3]|Bytes:12
00:11:35.0 (5998449)|STATEMENT_EXECUTE|[4]
00:11:35.0 (5999835)|STATEMENT_EXECUTE|[5]
00:11:35.0 (6002390)|HEAP_ALLOCATE|[5]|Bytes:16
00:11:35.0 (6033456)|HEAP_ALLOCATE|[5]|Bytes:8
00:11:35.0 (6047362)|HEAP_ALLOCATE|[5]|Bytes:16
00:11:35.0 (6051216)|HEAP_ALLOCATE|[5]|Bytes:2
00:11:35.0 (6067113)|HEAP_ALLOCATE|[5]|Bytes:8
00:11:35.0 (6091949)|HEAP_ALLOCATE|[EXTERNAL]|Bytes:8
00:11:35.0 (6106131)|HEAP_ALLOCATE|[5]|Bytes:8
00:11:35.0 (6147445)|HEAP_ALLOCATE|[5]|Bytes:7
00:11:35.0 (6163863)|HEAP_ALLOCATE|[5]|Bytes:41
00:11:35.0 (6179249)|USER_DEBUG|[5]|DEBUG|==parent object=Master Record ID==Account
00:11:35.0 (6191744)|HEAP_ALLOCATE|[1]|Bytes:5
00:11:35.0 (6204221)|VARIABLE_SCOPE_BEGIN|[1]|strFld|Schema.SObjectField|true|false
00:11:35.0 (6253946)|VARIABLE_ASSIGNMENT|[1]|strFld|"common.apex.runtime.impl.ApexFieldToken@eaa23bb"|0xeaa23bb
00:11:35.0 (6261327)|STATEMENT_EXECUTE|[2]
00:11:35.0 (6372970)|HEAP_ALLOCATE|[3]|Bytes:8
00:11:35.0 (6398940)|HEAP_ALLOCATE|[3]|Bytes:12
00:11:35.0 (6426016)|STATEMENT_EXECUTE|[3]
00:11:35.0 (6433051)|HEAP_ALLOCATE|[1]|Bytes:5
00:11:35.0 (6445760)|VARIABLE_SCOPE_BEGIN|[1]|strFld|Schema.SObjectField|true|false
00:11:35.0 (6495141)|VARIABLE_ASSIGNMENT|[1]|strFld|"common.apex.runtime.impl.ApexFieldToken@4bcf62c3"|0x4bcf62c3
00:11:35.0 (6502232)|STATEMENT_EXECUTE|[2]
00:11:35.0 (6655250)|HEAP_ALLOCATE|[3]|Bytes:8
00:11:35.0 (6680863)|HEAP_ALLOCATE|[3]|Bytes:12
00:11:35.0 (6718816)|STATEMENT_EXECUTE|[3]
00:11:35.0 (6727068)|HEAP_ALLOCATE|[1]|Bytes:5
00:11:35.0 (6740411)|VARIABLE_SCOPE_BEGIN|[1]|strFld|Schema.SObjectField|true|false
00:11:35.0 (6789632)|VARIABLE_ASSIGNMENT|[1]|strFld|"common.apex.runtime.impl.ApexFieldToken@48a84206"|0x48a84206
00:11:35.0 (6797341)|STATEMENT_EXECUTE|[2]
00:11:35.0 (7202118)|HEAP_ALLOCATE|[3]|Bytes:8
00:11:35.0 (7231997)|HEAP_ALLOCATE|[3]|Bytes:12
00:11:35.0 (7250843)|STATEMENT_EXECUTE|[4]
00:11:35.0 (7252307)|STATEMENT_EXECUTE|[5]
00:11:35.0 (7270814)|HEAP_ALLOCATE|[5]|Bytes:8
00:11:35.0 (7280323)|HEAP_ALLOCATE|[5]|Bytes:17
00:11:35.0 (7292391)|HEAP_ALLOCATE|[5]|Bytes:8
00:11:35.0 (7311298)|HEAP_ALLOCATE|[EXTERNAL]|Bytes:8
00:11:35.0 (7321788)|HEAP_ALLOCATE|[5]|Bytes:8
00:11:35.0 (7342817)|HEAP_ALLOCATE|[5]|Bytes:7
00:11:35.0 (7353214)|HEAP_ALLOCATE|[5]|Bytes:42
00:11:35.0 (7360148)|USER_DEBUG|[5]|DEBUG|==parent object=Parent Account ID==Account
00:11:35.0 (7372952)|HEAP_ALLOCATE|[1]|Bytes:5
00:11:35.0 (7385504)|VARIABLE_SCOPE_BEGIN|[1]|strFld|Schema.SObjectField|true|false
00:11:35.0 (7436638)|VARIABLE_ASSIGNMENT|[1]|strFld|"common.apex.runtime.impl.ApexFieldToken@33104670"|0x33104670
00:11:35.0 (7443826)|STATEMENT_EXECUTE|[2]
00:11:35.0 (7569658)|HEAP_ALLOCATE|[3]|Bytes:8
00:11:35.0 (7596755)|HEAP_ALLOCATE|[3]|Bytes:12
00:11:35.0 (7624427)|STATEMENT_EXECUTE|[3]
00:11:35.0 (7631925)|HEAP_ALLOCATE|[1]|Bytes:5
00:11:35.0 (7644908)|VARIABLE_SCOPE_BEGIN|[1]|strFld|Schema.SObjectField|true|false
00:11:35.0 (7695449)|VARIABLE_ASSIGNMENT|[1]|strFld|"common.apex.runtime.impl.ApexFieldToken@6c781c52"|0x6c781c52
00:11:35.0 (7702396)|STATEMENT_EXECUTE|[2]
00:11:35.0 (7791675)|HEAP_ALLOCATE|[3]|Bytes:8
00:11:35.0 (7816130)|HEAP_ALLOCATE|[3]|Bytes:12
00:11:35.0 (7841484)|STATEMENT_EXECUTE|[3]
00:11:35.0 (7848323)|HEAP_ALLOCATE|[1]|Bytes:5
00:11:35.0 (7860515)|VARIABLE_SCOPE_BEGIN|[1]|strFld|Schema.SObjectField|true|false
00:11:35.0 (7908332)|VARIABLE_ASSIGNMENT|[1]|strFld|"common.apex.runtime.impl.ApexFieldToken@5c11b264"|0x5c11b264
00:11:35.0 (7915450)|STATEMENT_EXECUTE|[2]
00:11:35.0 (7997055)|HEAP_ALLOCATE|[3]|Bytes:8
00:11:35.0 (8020390)|HEAP_ALLOCATE|[3]|Bytes:12
00:11:35.0 (8045411)|STATEMENT_EXECUTE|[3]
00:11:35.0 (8051859)|HEAP_ALLOCATE|[1]|Bytes:5
00:11:35.0 (8063320)|VARIABLE_SCOPE_BEGIN|[1]|strFld|Schema.SObjectField|true|false
00:11:35.0 (8113180)|VARIABLE_ASSIGNMENT|[1]|strFld|"common.apex.runtime.impl.ApexFieldToken@56a36392"|0x56a36392
00:11:35.0 (8120160)|STATEMENT_EXECUTE|[2]
00:11:35.0 (8204455)|HEAP_ALLOCATE|[3]|Bytes:8
00:11:35.0 (8226807)|HEAP_ALLOCATE|[3]|Bytes:12
00:11:35.0 (8249886)|STATEMENT_EXECUTE|[3]
00:11:35.0 (8256239)|HEAP_ALLOCATE|[1]|Bytes:5
00:11:35.0 (8267819)|VARIABLE_SCOPE_BEGIN|[1]|strFld|Schema.SObjectField|true|false
00:11:35.0 (8313587)|VARIABLE_ASSIGNMENT|[1]|strFld|"common.apex.runtime.impl.ApexFieldToken@67b19cf0"|0x67b19cf0
00:11:35.0 (8320413)|STATEMENT_EXECUTE|[2]
00:11:35.0 (8396896)|HEAP_ALLOCATE|[3]|Bytes:8
00:11:35.0 (8418643)|HEAP_ALLOCATE|[3]|Bytes:12
00:11:35.0 (8441200)|STATEMENT_EXECUTE|[3]
00:11:35.0 (8447578)|HEAP_ALLOCATE|[1]|Bytes:5
00:11:35.0 (8459072)|VARIABLE_SCOPE_BEGIN|[1]|strFld|Schema.SObjectField|true|false
00:11:35.0 (8505361)|VARIABLE_ASSIGNMENT|[1]|strFld|"common.apex.runtime.impl.ApexFieldToken@4b8796d8"|0x4b8796d8
00:11:35.0 (8512431)|STATEMENT_EXECUTE|[2]
00:11:35.0 (8590455)|HEAP_ALLOCATE|[3]|Bytes:8
00:11:35.0 (8612184)|HEAP_ALLOCATE|[3]|Bytes:12
00:11:35.0 (8634357)|STATEMENT_EXECUTE|[3]
00:11:35.0 (8640555)|HEAP_ALLOCATE|[1]|Bytes:5
00:11:35.0 (8651493)|VARIABLE_SCOPE_BEGIN|[1]|strFld|Schema.SObjectField|true|false
00:11:35.0 (8699319)|VARIABLE_ASSIGNMENT|[1]|strFld|"common.apex.runtime.impl.ApexFieldToken@1a548f5e"|0x1a548f5e
00:11:35.0 (8705757)|STATEMENT_EXECUTE|[2]
00:11:35.0 (8782290)|HEAP_ALLOCATE|[3]|Bytes:8
00:11:35.0 (8803448)|HEAP_ALLOCATE|[3]|Bytes:12
00:11:35.0 (8825815)|STATEMENT_EXECUTE|[3]
00:11:35.0 (8831981)|HEAP_ALLOCATE|[1]|Bytes:5
00:11:35.0 (8842966)|VARIABLE_SCOPE_BEGIN|[1]|strFld|Schema.SObjectField|true|false
00:11:35.0 (8888333)|VARIABLE_ASSIGNMENT|[1]|strFld|"common.apex.runtime.impl.ApexFieldToken@5726c075"|0x5726c075
00:11:35.0 (8894695)|STATEMENT_EXECUTE|[2]
00:11:35.0 (8968689)|HEAP_ALLOCATE|[3]|Bytes:8
00:11:35.0 (8990219)|HEAP_ALLOCATE|[3]|Bytes:12
00:11:35.0 (9012016)|STATEMENT_EXECUTE|[3]
00:11:35.0 (9019315)|HEAP_ALLOCATE|[1]|Bytes:5
00:11:35.0 (9030367)|VARIABLE_SCOPE_BEGIN|[1]|strFld|Schema.SObjectField|true|false
00:11:35.0 (9078949)|VARIABLE_ASSIGNMENT|[1]|strFld|"common.apex.runtime.impl.ApexFieldToken@3c1b907d"|0x3c1b907d
00:11:35.0 (9085309)|STATEMENT_EXECUTE|[2]
00:11:35.0 (9157470)|HEAP_ALLOCATE|[3]|Bytes:8
00:11:35.0 (9178752)|HEAP_ALLOCATE|[3]|Bytes:12
00:11:35.0 (9200516)|STATEMENT_EXECUTE|[3]
00:11:35.0 (9206662)|HEAP_ALLOCATE|[1]|Bytes:5
00:11:35.0 (9218115)|VARIABLE_SCOPE_BEGIN|[1]|strFld|Schema.SObjectField|true|false
00:11:35.0 (9263707)|VARIABLE_ASSIGNMENT|[1]|strFld|"common.apex.runtime.impl.ApexFieldToken@4b5de070"|0x4b5de070
00:11:35.0 (9269958)|STATEMENT_EXECUTE|[2]
00:11:35.0 (9357113)|HEAP_ALLOCATE|[3]|Bytes:8
00:11:35.0 (9379691)|HEAP_ALLOCATE|[3]|Bytes:12
00:11:35.0 (9402201)|STATEMENT_EXECUTE|[3]
00:11:35.0 (9408447)|HEAP_ALLOCATE|[1]|Bytes:5
00:11:35.0 (9419907)|VARIABLE_SCOPE_BEGIN|[1]|strFld|Schema.SObjectField|true|false
00:11:35.0 (9465827)|VARIABLE_ASSIGNMENT|[1]|strFld|"common.apex.runtime.impl.ApexFieldToken@75cda83a"|0x75cda83a
00:11:35.0 (9472671)|STATEMENT_EXECUTE|[2]
00:11:35.0 (9550795)|HEAP_ALLOCATE|[3]|Bytes:8
00:11:35.0 (9572841)|HEAP_ALLOCATE|[3]|Bytes:12
00:11:35.0 (9594684)|STATEMENT_EXECUTE|[3]
00:11:35.0 (9600637)|HEAP_ALLOCATE|[1]|Bytes:5
00:11:35.0 (9611936)|VARIABLE_SCOPE_BEGIN|[1]|strFld|Schema.SObjectField|true|false
00:11:35.0 (9657257)|VARIABLE_ASSIGNMENT|[1]|strFld|"common.apex.runtime.impl.ApexFieldToken@1409eb9e"|0x1409eb9e
00:11:35.0 (9663484)|STATEMENT_EXECUTE|[2]
00:11:35.0 (9738896)|HEAP_ALLOCATE|[3]|Bytes:8
00:11:35.0 (9760497)|HEAP_ALLOCATE|[3]|Bytes:12
00:11:35.0 (9782222)|STATEMENT_EXECUTE|[3]
00:11:35.0 (9788409)|HEAP_ALLOCATE|[1]|Bytes:5
00:11:35.0 (9799563)|VARIABLE_SCOPE_BEGIN|[1]|strFld|Schema.SObjectField|true|false
00:11:35.0 (9844536)|VARIABLE_ASSIGNMENT|[1]|strFld|"common.apex.runtime.impl.ApexFieldToken@74f1191a"|0x74f1191a
00:11:35.0 (9851395)|STATEMENT_EXECUTE|[2]
00:11:35.0 (9926605)|HEAP_ALLOCATE|[3]|Bytes:8
00:11:35.0 (9947967)|HEAP_ALLOCATE|[3]|Bytes:12
00:11:35.0 (9969664)|STATEMENT_EXECUTE|[3]
00:11:35.0 (9975862)|HEAP_ALLOCATE|[1]|Bytes:5
00:11:35.0 (9987077)|VARIABLE_SCOPE_BEGIN|[1]|strFld|Schema.SObjectField|true|false
00:11:35.0 (10032099)|VARIABLE_ASSIGNMENT|[1]|strFld|"common.apex.runtime.impl.ApexFieldToken@508b3994"|0x508b3994
00:11:35.0 (10039567)|STATEMENT_EXECUTE|[2]
00:11:35.0 (10115887)|HEAP_ALLOCATE|[3]|Bytes:8
00:11:35.0 (10140653)|HEAP_ALLOCATE|[3]|Bytes:12
00:11:35.0 (10162775)|STATEMENT_EXECUTE|[3]
00:11:35.0 (10168921)|HEAP_ALLOCATE|[1]|Bytes:5
00:11:35.0 (10179764)|VARIABLE_SCOPE_BEGIN|[1]|strFld|Schema.SObjectField|true|false
00:11:35.0 (10225141)|VARIABLE_ASSIGNMENT|[1]|strFld|"common.apex.runtime.impl.ApexFieldToken@481fd7c7"|0x481fd7c7
00:11:35.0 (10231894)|STATEMENT_EXECUTE|[2]
00:11:35.0 (10309529)|HEAP_ALLOCATE|[3]|Bytes:8
00:11:35.0 (10330488)|HEAP_ALLOCATE|[3]|Bytes:12
00:11:35.0 (10352925)|STATEMENT_EXECUTE|[3]
00:11:35.0 (10359169)|HEAP_ALLOCATE|[1]|Bytes:5
00:11:35.0 (10370310)|VARIABLE_SCOPE_BEGIN|[1]|strFld|Schema.SObjectField|true|false
00:11:35.0 (10415642)|VARIABLE_ASSIGNMENT|[1]|strFld|"common.apex.runtime.impl.ApexFieldToken@13918041"|0x13918041
00:11:35.0 (10422485)|STATEMENT_EXECUTE|[2]
00:11:35.0 (10497485)|HEAP_ALLOCATE|[3]|Bytes:8
00:11:35.0 (10518130)|HEAP_ALLOCATE|[3]|Bytes:12
00:11:35.0 (10540095)|STATEMENT_EXECUTE|[3]
00:11:35.0 (10546150)|HEAP_ALLOCATE|[1]|Bytes:5
00:11:35.0 (10556594)|VARIABLE_SCOPE_BEGIN|[1]|strFld|Schema.SObjectField|true|false
00:11:35.0 (10600961)|VARIABLE_ASSIGNMENT|[1]|strFld|"common.apex.runtime.impl.ApexFieldToken@6fd472e0"|0x6fd472e0
00:11:35.0 (10607645)|STATEMENT_EXECUTE|[2]
00:11:35.0 (10680183)|HEAP_ALLOCATE|[3]|Bytes:8
00:11:35.0 (10702175)|HEAP_ALLOCATE|[3]|Bytes:12
00:11:35.0 (10723826)|STATEMENT_EXECUTE|[3]
00:11:35.0 (10729976)|HEAP_ALLOCATE|[1]|Bytes:5
00:11:35.0 (10740865)|VARIABLE_SCOPE_BEGIN|[1]|strFld|Schema.SObjectField|true|false
00:11:35.0 (10786079)|VARIABLE_ASSIGNMENT|[1]|strFld|"common.apex.runtime.impl.ApexFieldToken@661aa117"|0x661aa117
00:11:35.0 (10793207)|STATEMENT_EXECUTE|[2]
00:11:35.0 (10854658)|HEAP_ALLOCATE|[3]|Bytes:8
00:11:35.0 (10874884)|HEAP_ALLOCATE|[3]|Bytes:12
00:11:35.0 (10896895)|STATEMENT_EXECUTE|[3]
00:11:35.0 (10903202)|HEAP_ALLOCATE|[1]|Bytes:5
00:11:35.0 (10914646)|VARIABLE_SCOPE_BEGIN|[1]|strFld|Schema.SObjectField|true|false
00:11:35.0 (10959619)|VARIABLE_ASSIGNMENT|[1]|strFld|"common.apex.runtime.impl.ApexFieldToken@508df3fc"|0x508df3fc
00:11:35.0 (10966398)|STATEMENT_EXECUTE|[2]
00:11:35.0 (11060825)|HEAP_ALLOCATE|[3]|Bytes:8
00:11:35.0 (11085853)|HEAP_ALLOCATE|[3]|Bytes:12
00:11:35.0 (11108593)|STATEMENT_EXECUTE|[3]
00:11:35.0 (11114820)|HEAP_ALLOCATE|[1]|Bytes:5
00:11:35.0 (11125981)|VARIABLE_SCOPE_BEGIN|[1]|strFld|Schema.SObjectField|true|false
00:11:35.0 (11174642)|VARIABLE_ASSIGNMENT|[1]|strFld|"common.apex.runtime.impl.ApexFieldToken@4f81f224"|0x4f81f224
00:11:35.0 (11181472)|STATEMENT_EXECUTE|[2]
00:11:35.0 (11271180)|HEAP_ALLOCATE|[3]|Bytes:8
00:11:35.0 (11293757)|HEAP_ALLOCATE|[3]|Bytes:12
00:11:35.0 (11316910)|STATEMENT_EXECUTE|[3]
00:11:35.0 (11322968)|HEAP_ALLOCATE|[1]|Bytes:5
00:11:35.0 (11334127)|VARIABLE_SCOPE_BEGIN|[1]|strFld|Schema.SObjectField|true|false
00:11:35.0 (11379464)|VARIABLE_ASSIGNMENT|[1]|strFld|"common.apex.runtime.impl.ApexFieldToken@30eca46"|0x30eca46
00:11:35.0 (11386529)|STATEMENT_EXECUTE|[2]
00:11:35.0 (11470804)|HEAP_ALLOCATE|[3]|Bytes:8
00:11:35.0 (11492790)|HEAP_ALLOCATE|[3]|Bytes:12
00:11:35.0 (11514843)|STATEMENT_EXECUTE|[3]
00:11:35.0 (11521237)|HEAP_ALLOCATE|[1]|Bytes:5
00:11:35.0 (11531796)|VARIABLE_SCOPE_BEGIN|[1]|strFld|Schema.SObjectField|true|false
00:11:35.0 (11576804)|VARIABLE_ASSIGNMENT|[1]|strFld|"common.apex.runtime.impl.ApexFieldToken@302fd129"|0x302fd129
00:11:35.0 (11583937)|STATEMENT_EXECUTE|[2]
00:11:35.0 (11670884)|HEAP_ALLOCATE|[3]|Bytes:8
00:11:35.0 (11693212)|HEAP_ALLOCATE|[3]|Bytes:12
00:11:35.0 (11714962)|STATEMENT_EXECUTE|[3]
00:11:35.0 (11720969)|HEAP_ALLOCATE|[1]|Bytes:5
00:11:35.0 (11732012)|VARIABLE_SCOPE_BEGIN|[1]|strFld|Schema.SObjectField|true|false
00:11:35.0 (11778386)|VARIABLE_ASSIGNMENT|[1]|strFld|"common.apex.runtime.impl.ApexFieldToken@f82c6c3"|0xf82c6c3
00:11:35.0 (11785376)|STATEMENT_EXECUTE|[2]
00:11:35.0 (11853893)|HEAP_ALLOCATE|[3]|Bytes:8
00:11:35.0 (11875060)|HEAP_ALLOCATE|[3]|Bytes:12
00:11:35.0 (11897189)|STATEMENT_EXECUTE|[3]
00:11:35.0 (11903249)|HEAP_ALLOCATE|[1]|Bytes:5
00:11:35.0 (11914347)|VARIABLE_SCOPE_BEGIN|[1]|strFld|Schema.SObjectField|true|false
00:11:35.0 (11959210)|VARIABLE_ASSIGNMENT|[1]|strFld|"common.apex.runtime.impl.ApexFieldToken@4fd205c5"|0x4fd205c5
00:11:35.0 (11965861)|STATEMENT_EXECUTE|[2]
00:11:35.0 (12049432)|HEAP_ALLOCATE|[3]|Bytes:8
00:11:35.0 (12073229)|HEAP_ALLOCATE|[3]|Bytes:12
00:11:35.0 (12095197)|STATEMENT_EXECUTE|[3]
00:11:35.0 (12101315)|HEAP_ALLOCATE|[1]|Bytes:5
00:11:35.0 (12112509)|VARIABLE_SCOPE_BEGIN|[1]|strFld|Schema.SObjectField|true|false
00:11:35.0 (12161653)|VARIABLE_ASSIGNMENT|[1]|strFld|"common.apex.runtime.impl.ApexFieldToken@3a7baa83"|0x3a7baa83
00:11:35.0 (12168332)|STATEMENT_EXECUTE|[2]
00:11:35.0 (12252029)|HEAP_ALLOCATE|[3]|Bytes:8
00:11:35.0 (12274296)|HEAP_ALLOCATE|[3]|Bytes:12
00:11:35.0 (12296993)|STATEMENT_EXECUTE|[3]
00:11:35.0 (12303319)|HEAP_ALLOCATE|[1]|Bytes:5
00:11:35.0 (12314888)|VARIABLE_SCOPE_BEGIN|[1]|strFld|Schema.SObjectField|true|false
00:11:35.0 (12359477)|VARIABLE_ASSIGNMENT|[1]|strFld|"common.apex.runtime.impl.ApexFieldToken@7413827c"|0x7413827c
00:11:35.0 (12366526)|STATEMENT_EXECUTE|[2]
00:11:35.0 (12478190)|HEAP_ALLOCATE|[3]|Bytes:8
00:11:35.0 (12499961)|HEAP_ALLOCATE|[3]|Bytes:12
00:11:35.0 (12522462)|STATEMENT_EXECUTE|[3]
00:11:35.0 (12528974)|HEAP_ALLOCATE|[1]|Bytes:5
00:11:35.0 (12540343)|VARIABLE_SCOPE_BEGIN|[1]|strFld|Schema.SObjectField|true|false
00:11:35.0 (12586329)|VARIABLE_ASSIGNMENT|[1]|strFld|"common.apex.runtime.impl.ApexFieldToken@6dbee6e3"|0x6dbee6e3
00:11:35.0 (12593048)|STATEMENT_EXECUTE|[2]
00:11:35.0 (12676737)|HEAP_ALLOCATE|[3]|Bytes:8
00:11:35.0 (12697641)|HEAP_ALLOCATE|[3]|Bytes:12
00:11:35.0 (12719029)|STATEMENT_EXECUTE|[3]
00:11:35.0 (12725937)|HEAP_ALLOCATE|[1]|Bytes:5
00:11:35.0 (12737518)|VARIABLE_SCOPE_BEGIN|[1]|strFld|Schema.SObjectField|true|false
00:11:35.0 (12783065)|VARIABLE_ASSIGNMENT|[1]|strFld|"common.apex.runtime.impl.ApexFieldToken@329d3abc"|0x329d3abc
00:11:35.0 (12789803)|STATEMENT_EXECUTE|[2]
00:11:35.0 (12872266)|HEAP_ALLOCATE|[3]|Bytes:8
00:11:35.0 (12893846)|HEAP_ALLOCATE|[3]|Bytes:12
00:11:35.0 (12915842)|STATEMENT_EXECUTE|[3]
00:11:35.0 (12922683)|HEAP_ALLOCATE|[1]|Bytes:5
00:11:35.0 (12934325)|VARIABLE_SCOPE_BEGIN|[1]|strFld|Schema.SObjectField|true|false
00:11:35.0 (12979341)|VARIABLE_ASSIGNMENT|[1]|strFld|"common.apex.runtime.impl.ApexFieldToken@55d5b1de"|0x55d5b1de
00:11:35.0 (12985938)|STATEMENT_EXECUTE|[2]
00:11:35.0 (13070482)|HEAP_ALLOCATE|[3]|Bytes:8
00:11:35.0 (13092997)|HEAP_ALLOCATE|[3]|Bytes:12
00:11:35.0 (13114998)|STATEMENT_EXECUTE|[3]
00:11:35.0 (13121329)|HEAP_ALLOCATE|[1]|Bytes:5
00:11:35.0 (13133018)|VARIABLE_SCOPE_BEGIN|[1]|strFld|Schema.SObjectField|true|false
00:11:35.0 (13183631)|VARIABLE_ASSIGNMENT|[1]|strFld|"common.apex.runtime.impl.ApexFieldToken@3d3dc97a"|0x3d3dc97a
00:11:35.0 (13190183)|STATEMENT_EXECUTE|[2]
00:11:35.0 (13278289)|HEAP_ALLOCATE|[3]|Bytes:8
00:11:35.0 (13301084)|HEAP_ALLOCATE|[3]|Bytes:12
00:11:35.0 (13322460)|STATEMENT_EXECUTE|[3]
00:11:35.0 (13328578)|HEAP_ALLOCATE|[1]|Bytes:5
00:11:35.0 (13339941)|VARIABLE_SCOPE_BEGIN|[1]|strFld|Schema.SObjectField|true|false
00:11:35.0 (13384740)|VARIABLE_ASSIGNMENT|[1]|strFld|"common.apex.runtime.impl.ApexFieldToken@272eb9c0"|0x272eb9c0
00:11:35.0 (13391227)|STATEMENT_EXECUTE|[2]
00:11:35.0 (13473080)|HEAP_ALLOCATE|[3]|Bytes:8
00:11:35.0 (13495048)|HEAP_ALLOCATE|[3]|Bytes:12
00:11:35.0 (13516611)|STATEMENT_EXECUTE|[3]
00:11:35.0 (13522670)|HEAP_ALLOCATE|[1]|Bytes:5
00:11:35.0 (13534109)|VARIABLE_SCOPE_BEGIN|[1]|strFld|Schema.SObjectField|true|false
00:11:35.0 (13579678)|VARIABLE_ASSIGNMENT|[1]|strFld|"common.apex.runtime.impl.ApexFieldToken@7c3d3f43"|0x7c3d3f43
00:11:35.0 (13586405)|STATEMENT_EXECUTE|[2]
00:11:35.0 (13675800)|HEAP_ALLOCATE|[3]|Bytes:8
00:11:35.0 (13698753)|HEAP_ALLOCATE|[3]|Bytes:12
00:11:35.0 (13720958)|STATEMENT_EXECUTE|[3]
00:11:35.0 (13726629)|HEAP_ALLOCATE|[1]|Bytes:5
00:11:35.0 (13737967)|VARIABLE_SCOPE_BEGIN|[1]|strFld|Schema.SObjectField|true|false
00:11:35.0 (13784075)|VARIABLE_ASSIGNMENT|[1]|strFld|"common.apex.runtime.impl.ApexFieldToken@41e3a5b"|0x41e3a5b
00:11:35.0 (13791019)|STATEMENT_EXECUTE|[2]
00:11:35.0 (13894171)|HEAP_ALLOCATE|[3]|Bytes:8
00:11:35.0 (13918290)|HEAP_ALLOCATE|[3]|Bytes:12
00:11:35.0 (13933425)|STATEMENT_EXECUTE|[4]
00:11:35.0 (13934705)|STATEMENT_EXECUTE|[5]
00:11:35.0 (13951775)|HEAP_ALLOCATE|[5]|Bytes:8
00:11:35.0 (13960631)|HEAP_ALLOCATE|[5]|Bytes:8
00:11:35.0 (13972805)|HEAP_ALLOCATE|[5]|Bytes:8
00:11:35.0 (13991252)|HEAP_ALLOCATE|[EXTERNAL]|Bytes:8
00:11:35.0 (14002281)|HEAP_ALLOCATE|[5]|Bytes:8
00:11:35.0 (14023049)|HEAP_ALLOCATE|[5]|Bytes:4
00:11:35.0 (14033598)|HEAP_ALLOCATE|[5]|Bytes:30
00:11:35.0 (14040502)|USER_DEBUG|[5]|DEBUG|==parent object=Owner ID==User
00:11:35.0 (14051896)|HEAP_ALLOCATE|[1]|Bytes:5
00:11:35.0 (14062731)|VARIABLE_SCOPE_BEGIN|[1]|strFld|Schema.SObjectField|true|false
00:11:35.0 (14112150)|VARIABLE_ASSIGNMENT|[1]|strFld|"common.apex.runtime.impl.ApexFieldToken@57bb45bb"|0x57bb45bb
00:11:35.0 (14119288)|STATEMENT_EXECUTE|[2]
00:11:35.0 (14215590)|HEAP_ALLOCATE|[3]|Bytes:8
00:11:35.0 (14238970)|HEAP_ALLOCATE|[3]|Bytes:12
00:11:35.0 (14263853)|STATEMENT_EXECUTE|[3]
00:11:35.0 (14270194)|HEAP_ALLOCATE|[1]|Bytes:5
00:11:35.0 (14281719)|VARIABLE_SCOPE_BEGIN|[1]|strFld|Schema.SObjectField|true|false
00:11:35.0 (14328902)|VARIABLE_ASSIGNMENT|[1]|strFld|"common.apex.runtime.impl.ApexFieldToken@5891635"|0x5891635
00:11:35.0 (14335238)|STATEMENT_EXECUTE|[2]
00:11:35.0 (14433159)|HEAP_ALLOCATE|[3]|Bytes:8
00:11:35.0 (14456323)|HEAP_ALLOCATE|[3]|Bytes:12
00:11:35.0 (14471651)|STATEMENT_EXECUTE|[4]
00:11:35.0 (14472901)|STATEMENT_EXECUTE|[5]
00:11:35.0 (14489663)|HEAP_ALLOCATE|[5]|Bytes:8
00:11:35.0 (14498275)|HEAP_ALLOCATE|[5]|Bytes:13
00:11:35.0 (14510667)|HEAP_ALLOCATE|[5]|Bytes:8
00:11:35.0 (14528627)|HEAP_ALLOCATE|[EXTERNAL]|Bytes:8
00:11:35.0 (14539384)|HEAP_ALLOCATE|[5]|Bytes:8
00:11:35.0 (14559644)|HEAP_ALLOCATE|[5]|Bytes:4
00:11:35.0 (14569510)|HEAP_ALLOCATE|[5]|Bytes:35
00:11:35.0 (14576636)|USER_DEBUG|[5]|DEBUG|==parent object=Created By ID==User
00:11:35.0 (14587456)|HEAP_ALLOCATE|[1]|Bytes:5
00:11:35.0 (14598283)|VARIABLE_SCOPE_BEGIN|[1]|strFld|Schema.SObjectField|true|false
00:11:35.0 (14645602)|VARIABLE_ASSIGNMENT|[1]|strFld|"common.apex.runtime.impl.ApexFieldToken@105be6e0"|0x105be6e0
00:11:35.0 (14653202)|STATEMENT_EXECUTE|[2]
00:11:35.0 (14743334)|HEAP_ALLOCATE|[3]|Bytes:8
00:11:35.0 (14765665)|HEAP_ALLOCATE|[3]|Bytes:12
00:11:35.0 (14790717)|STATEMENT_EXECUTE|[3]
00:11:35.0 (14797498)|HEAP_ALLOCATE|[1]|Bytes:5
00:11:35.0 (14809286)|VARIABLE_SCOPE_BEGIN|[1]|strFld|Schema.SObjectField|true|false
00:11:35.0 (14856627)|VARIABLE_ASSIGNMENT|[1]|strFld|"common.apex.runtime.impl.ApexFieldToken@65e2da52"|0x65e2da52
00:11:35.0 (14863409)|STATEMENT_EXECUTE|[2]
00:11:35.0 (14961776)|HEAP_ALLOCATE|[3]|Bytes:8
00:11:35.0 (14985166)|HEAP_ALLOCATE|[3]|Bytes:12
00:11:35.0 (15000766)|STATEMENT_EXECUTE|[4]
00:11:35.0 (15002686)|STATEMENT_EXECUTE|[5]
00:11:35.0 (15019461)|HEAP_ALLOCATE|[5]|Bytes:8
00:11:35.0 (15027674)|HEAP_ALLOCATE|[5]|Bytes:19
00:11:35.0 (15039300)|HEAP_ALLOCATE|[5]|Bytes:8
00:11:35.0 (15056626)|HEAP_ALLOCATE|[EXTERNAL]|Bytes:8
00:11:35.0 (15068311)|HEAP_ALLOCATE|[5]|Bytes:8
00:11:35.0 (15088868)|HEAP_ALLOCATE|[5]|Bytes:4
00:11:35.0 (15098243)|HEAP_ALLOCATE|[5]|Bytes:41
00:11:35.0 (15105164)|USER_DEBUG|[5]|DEBUG|==parent object=Last Modified By ID==User
00:11:35.0 (15116041)|HEAP_ALLOCATE|[1]|Bytes:5
00:11:35.0 (15126804)|VARIABLE_SCOPE_BEGIN|[1]|strFld|Schema.SObjectField|true|false
00:11:35.0 (15178511)|VARIABLE_ASSIGNMENT|[1]|strFld|"common.apex.runtime.impl.ApexFieldToken@68f9cdc8"|0x68f9cdc8
00:11:35.0 (15185614)|STATEMENT_EXECUTE|[2]
00:11:35.0 (15259519)|HEAP_ALLOCATE|[3]|Bytes:8
00:11:35.0 (15282335)|HEAP_ALLOCATE|[3]|Bytes:12
00:11:35.0 (15307698)|STATEMENT_EXECUTE|[3]
00:11:35.0 (15314492)|HEAP_ALLOCATE|[1]|Bytes:5
00:11:35.0 (15326360)|VARIABLE_SCOPE_BEGIN|[1]|strFld|Schema.SObjectField|true|false
00:11:35.0 (15373788)|VARIABLE_ASSIGNMENT|[1]|strFld|"common.apex.runtime.impl.ApexFieldToken@250c465c"|0x250c465c
00:11:35.0 (15380315)|STATEMENT_EXECUTE|[2]
00:11:35.0 (15451195)|HEAP_ALLOCATE|[3]|Bytes:8
00:11:35.0 (15473304)|HEAP_ALLOCATE|[3]|Bytes:12
00:11:35.0 (15496046)|STATEMENT_EXECUTE|[3]
00:11:35.0 (15502075)|HEAP_ALLOCATE|[1]|Bytes:5
00:11:35.0 (15512997)|VARIABLE_SCOPE_BEGIN|[1]|strFld|Schema.SObjectField|true|false
00:11:35.0 (15558753)|VARIABLE_ASSIGNMENT|[1]|strFld|"common.apex.runtime.impl.ApexFieldToken@6a2fd8fb"|0x6a2fd8fb
00:11:35.0 (15565180)|STATEMENT_EXECUTE|[2]
00:11:35.0 (15630770)|HEAP_ALLOCATE|[3]|Bytes:8
00:11:35.0 (15651632)|HEAP_ALLOCATE|[3]|Bytes:12
00:11:35.0 (15674295)|STATEMENT_EXECUTE|[3]
00:11:35.0 (15680597)|HEAP_ALLOCATE|[1]|Bytes:5
00:11:35.0 (15691464)|VARIABLE_SCOPE_BEGIN|[1]|strFld|Schema.SObjectField|true|false
00:11:35.0 (15736611)|VARIABLE_ASSIGNMENT|[1]|strFld|"common.apex.runtime.impl.ApexFieldToken@19ecbfa6"|0x19ecbfa6
00:11:35.0 (15743058)|STATEMENT_EXECUTE|[2]
00:11:35.0 (15807008)|HEAP_ALLOCATE|[3]|Bytes:8
00:11:35.0 (15827961)|HEAP_ALLOCATE|[3]|Bytes:12
00:11:35.0 (15850748)|STATEMENT_EXECUTE|[3]
00:11:35.0 (15857118)|HEAP_ALLOCATE|[1]|Bytes:5
00:11:35.0 (15868095)|VARIABLE_SCOPE_BEGIN|[1]|strFld|Schema.SObjectField|true|false
00:11:35.0 (15913141)|VARIABLE_ASSIGNMENT|[1]|strFld|"common.apex.runtime.impl.ApexFieldToken@3fdda6de"|0x3fdda6de
00:11:35.0 (15919831)|STATEMENT_EXECUTE|[2]
00:11:35.0 (16007852)|HEAP_ALLOCATE|[3]|Bytes:8
00:11:35.0 (16031265)|HEAP_ALLOCATE|[3]|Bytes:12
00:11:35.0 (16054289)|STATEMENT_EXECUTE|[3]
00:11:35.0 (16060737)|HEAP_ALLOCATE|[1]|Bytes:5
00:11:35.0 (16073972)|VARIABLE_SCOPE_BEGIN|[1]|strFld|Schema.SObjectField|true|false
00:11:35.0 (16119696)|VARIABLE_ASSIGNMENT|[1]|strFld|"common.apex.runtime.impl.ApexFieldToken@782429df"|0x782429df
00:11:35.0 (16126436)|STATEMENT_EXECUTE|[2]
00:11:35.0 (16213925)|HEAP_ALLOCATE|[3]|Bytes:8
00:11:35.0 (16236075)|HEAP_ALLOCATE|[3]|Bytes:12
00:11:35.0 (16258913)|STATEMENT_EXECUTE|[3]
00:11:35.0 (16264982)|HEAP_ALLOCATE|[1]|Bytes:5
00:11:35.0 (16275887)|VARIABLE_SCOPE_BEGIN|[1]|strFld|Schema.SObjectField|true|false
00:11:35.0 (16321603)|VARIABLE_ASSIGNMENT|[1]|strFld|"common.apex.runtime.impl.ApexFieldToken@6c58ce20"|0x6c58ce20
00:11:35.0 (16327946)|STATEMENT_EXECUTE|[2]
00:11:35.0 (16429880)|HEAP_ALLOCATE|[3]|Bytes:8
00:11:35.0 (16453145)|HEAP_ALLOCATE|[3]|Bytes:12
00:11:35.0 (16480523)|STATEMENT_EXECUTE|[3]
00:11:35.0 (16486886)|HEAP_ALLOCATE|[1]|Bytes:5
00:11:35.0 (16498108)|VARIABLE_SCOPE_BEGIN|[1]|strFld|Schema.SObjectField|true|false
00:11:35.0 (16544221)|VARIABLE_ASSIGNMENT|[1]|strFld|"common.apex.runtime.impl.ApexFieldToken@10354d82"|0x10354d82
00:11:35.0 (16550469)|STATEMENT_EXECUTE|[2]
00:11:35.0 (16636729)|HEAP_ALLOCATE|[3]|Bytes:8
00:11:35.0 (16658851)|HEAP_ALLOCATE|[3]|Bytes:12
00:11:35.0 (16682194)|STATEMENT_EXECUTE|[3]
00:11:35.0 (16688280)|HEAP_ALLOCATE|[1]|Bytes:5
00:11:35.0 (16698841)|VARIABLE_SCOPE_BEGIN|[1]|strFld|Schema.SObjectField|true|false
00:11:35.0 (16744427)|VARIABLE_ASSIGNMENT|[1]|strFld|"common.apex.runtime.impl.ApexFieldToken@428ce20c"|0x428ce20c
00:11:35.0 (16750968)|STATEMENT_EXECUTE|[2]
00:11:35.0 (16836731)|HEAP_ALLOCATE|[3]|Bytes:8
00:11:35.0 (16858511)|HEAP_ALLOCATE|[3]|Bytes:12
00:11:35.0 (16881338)|STATEMENT_EXECUTE|[3]
00:11:35.0 (16887310)|HEAP_ALLOCATE|[1]|Bytes:5
00:11:35.0 (16897829)|VARIABLE_SCOPE_BEGIN|[1]|strFld|Schema.SObjectField|true|false
00:11:35.0 (16943064)|VARIABLE_ASSIGNMENT|[1]|strFld|"common.apex.runtime.impl.ApexFieldToken@1bbf4153"|0x1bbf4153
00:11:35.0 (16949104)|STATEMENT_EXECUTE|[2]
00:11:35.0 (17032177)|HEAP_ALLOCATE|[3]|Bytes:8
00:11:35.0 (17054832)|HEAP_ALLOCATE|[3]|Bytes:12
00:11:35.0 (17078833)|STATEMENT_EXECUTE|[3]
00:11:35.0 (17085222)|HEAP_ALLOCATE|[1]|Bytes:5
00:11:35.0 (17096343)|VARIABLE_SCOPE_BEGIN|[1]|strFld|Schema.SObjectField|true|false
00:11:35.0 (17146062)|VARIABLE_ASSIGNMENT|[1]|strFld|"common.apex.runtime.impl.ApexFieldToken@31bcb5ca"|0x31bcb5ca
00:11:35.0 (17153210)|STATEMENT_EXECUTE|[2]
00:11:35.0 (17237386)|HEAP_ALLOCATE|[3]|Bytes:8
00:11:35.0 (17258757)|HEAP_ALLOCATE|[3]|Bytes:12
00:11:35.0 (17280590)|STATEMENT_EXECUTE|[3]
00:11:35.0 (17286604)|HEAP_ALLOCATE|[1]|Bytes:5
00:11:35.0 (17297757)|VARIABLE_SCOPE_BEGIN|[1]|strFld|Schema.SObjectField|true|false
00:11:35.0 (17343794)|VARIABLE_ASSIGNMENT|[1]|strFld|"common.apex.runtime.impl.ApexFieldToken@bdfa722"|0xbdfa722
00:11:35.0 (17350142)|STATEMENT_EXECUTE|[2]
00:11:35.0 (17430370)|HEAP_ALLOCATE|[3]|Bytes:8
00:11:35.0 (17452347)|HEAP_ALLOCATE|[3]|Bytes:12
00:11:35.0 (17474353)|STATEMENT_EXECUTE|[3]
00:11:35.0 (17480650)|HEAP_ALLOCATE|[1]|Bytes:5
00:11:35.0 (17491437)|VARIABLE_SCOPE_BEGIN|[1]|strFld|Schema.SObjectField|true|false
00:11:35.0 (17536706)|VARIABLE_ASSIGNMENT|[1]|strFld|"common.apex.runtime.impl.ApexFieldToken@2ee6a8d7"|0x2ee6a8d7
00:11:35.0 (17543414)|STATEMENT_EXECUTE|[2]
00:11:35.0 (17624995)|HEAP_ALLOCATE|[3]|Bytes:8
00:11:35.0 (17646519)|HEAP_ALLOCATE|[3]|Bytes:12
00:11:35.0 (17668825)|STATEMENT_EXECUTE|[3]
00:11:35.0 (17674710)|HEAP_ALLOCATE|[1]|Bytes:5
00:11:35.0 (17685444)|VARIABLE_SCOPE_BEGIN|[1]|strFld|Schema.SObjectField|true|false
00:11:35.0 (17731331)|VARIABLE_ASSIGNMENT|[1]|strFld|"common.apex.runtime.impl.ApexFieldToken@4f32c181"|0x4f32c181
00:11:35.0 (17737709)|STATEMENT_EXECUTE|[2]
00:11:35.0 (17817282)|HEAP_ALLOCATE|[3]|Bytes:8
00:11:35.0 (17838933)|HEAP_ALLOCATE|[3]|Bytes:12
00:11:35.0 (17860268)|STATEMENT_EXECUTE|[3]
00:11:35.0 (17866222)|HEAP_ALLOCATE|[1]|Bytes:5
00:11:35.0 (17876988)|VARIABLE_SCOPE_BEGIN|[1]|strFld|Schema.SObjectField|true|false
00:11:35.0 (17921871)|VARIABLE_ASSIGNMENT|[1]|strFld|"common.apex.runtime.impl.ApexFieldToken@1b743f48"|0x1b743f48
00:11:35.0 (17928298)|STATEMENT_EXECUTE|[2]
00:11:35.0 (18101480)|HEAP_ALLOCATE|[3]|Bytes:8
00:11:35.0 (18126812)|HEAP_ALLOCATE|[3]|Bytes:12
00:11:35.0 (18146907)|STATEMENT_EXECUTE|[4]
00:11:35.0 (18148367)|STATEMENT_EXECUTE|[5]
00:11:35.0 (18166841)|HEAP_ALLOCATE|[5]|Bytes:8
00:11:35.0 (18176165)|HEAP_ALLOCATE|[5]|Bytes:14
00:11:35.0 (18192157)|HEAP_ALLOCATE|[5]|Bytes:8
00:11:35.0 (18211193)|HEAP_ALLOCATE|[EXTERNAL]|Bytes:8
00:11:35.0 (18222163)|HEAP_ALLOCATE|[5]|Bytes:8
00:11:35.0 (18242195)|HEAP_ALLOCATE|[5]|Bytes:12
00:11:35.0 (18252077)|HEAP_ALLOCATE|[5]|Bytes:44
00:11:35.0 (18259282)|USER_DEBUG|[5]|DEBUG|==parent object=D&B Company ID==DandBCompany
00:11:35.0 (18270760)|HEAP_ALLOCATE|[1]|Bytes:5
00:11:35.0 (18281686)|VARIABLE_SCOPE_BEGIN|[1]|strFld|Schema.SObjectField|true|false
00:11:35.0 (18328808)|VARIABLE_ASSIGNMENT|[1]|strFld|"common.apex.runtime.impl.ApexFieldToken@6de46db3"|0x6de46db3
00:11:35.0 (18336269)|STATEMENT_EXECUTE|[2]
00:11:35.0 (18440711)|HEAP_ALLOCATE|[3]|Bytes:8
00:11:35.0 (18465986)|HEAP_ALLOCATE|[3]|Bytes:12
00:11:35.0 (18492108)|STATEMENT_EXECUTE|[3]
00:11:35.0 (18498535)|HEAP_ALLOCATE|[1]|Bytes:5
00:11:35.0 (18510021)|VARIABLE_SCOPE_BEGIN|[1]|strFld|Schema.SObjectField|true|false
00:11:35.0 (18556433)|VARIABLE_ASSIGNMENT|[1]|strFld|"common.apex.runtime.impl.ApexFieldToken@765fd0c8"|0x765fd0c8
00:11:35.0 (18563301)|STATEMENT_EXECUTE|[2]
00:11:35.0 (18649575)|HEAP_ALLOCATE|[3]|Bytes:8
00:11:35.0 (18672996)|HEAP_ALLOCATE|[3]|Bytes:12
00:11:35.0 (18697420)|STATEMENT_EXECUTE|[3]
00:11:35.0 (18703731)|HEAP_ALLOCATE|[1]|Bytes:5
00:11:35.0 (18715030)|VARIABLE_SCOPE_BEGIN|[1]|strFld|Schema.SObjectField|true|false
00:11:35.0 (18761331)|VARIABLE_ASSIGNMENT|[1]|strFld|"common.apex.runtime.impl.ApexFieldToken@2fb8294b"|0x2fb8294b
00:11:35.0 (18768589)|STATEMENT_EXECUTE|[2]
00:11:35.0 (18849136)|HEAP_ALLOCATE|[3]|Bytes:8
00:11:35.0 (18872721)|HEAP_ALLOCATE|[3]|Bytes:12
00:11:35.0 (18896238)|STATEMENT_EXECUTE|[3]
00:11:35.0 (18902247)|HEAP_ALLOCATE|[1]|Bytes:5
00:11:35.0 (18914101)|VARIABLE_SCOPE_BEGIN|[1]|strFld|Schema.SObjectField|true|false
00:11:35.0 (18959825)|VARIABLE_ASSIGNMENT|[1]|strFld|"common.apex.runtime.impl.ApexFieldToken@158ccd8b"|0x158ccd8b
00:11:35.0 (18966493)|STATEMENT_EXECUTE|[2]
00:11:35.0 (19047459)|HEAP_ALLOCATE|[3]|Bytes:8
00:11:35.0 (19072898)|HEAP_ALLOCATE|[3]|Bytes:12
00:11:35.0 (19095575)|STATEMENT_EXECUTE|[3]
00:11:35.0 (19101991)|HEAP_ALLOCATE|[1]|Bytes:5
00:11:35.0 (19113688)|VARIABLE_SCOPE_BEGIN|[1]|strFld|Schema.SObjectField|true|false
00:11:35.0 (19163299)|VARIABLE_ASSIGNMENT|[1]|strFld|"common.apex.runtime.impl.ApexFieldToken@5b4bb37c"|0x5b4bb37c
00:11:35.0 (19169812)|STATEMENT_EXECUTE|[2]
00:11:35.0 (19249684)|HEAP_ALLOCATE|[3]|Bytes:8
00:11:35.0 (19274058)|HEAP_ALLOCATE|[3]|Bytes:12
00:11:35.0 (19296208)|STATEMENT_EXECUTE|[3]
00:11:35.0 (19302214)|HEAP_ALLOCATE|[1]|Bytes:5
00:11:35.0 (19313804)|VARIABLE_SCOPE_BEGIN|[1]|strFld|Schema.SObjectField|true|false
00:11:35.0 (19358419)|VARIABLE_ASSIGNMENT|[1]|strFld|"common.apex.runtime.impl.ApexFieldToken@531af14d"|0x531af14d
00:11:35.0 (19364881)|STATEMENT_EXECUTE|[2]
00:11:35.0 (19444357)|HEAP_ALLOCATE|[3]|Bytes:8
00:11:35.0 (19467117)|HEAP_ALLOCATE|[3]|Bytes:12
00:11:35.0 (19489441)|STATEMENT_EXECUTE|[3]
00:11:35.0 (19495501)|HEAP_ALLOCATE|[1]|Bytes:5
00:11:35.0 (19507218)|VARIABLE_SCOPE_BEGIN|[1]|strFld|Schema.SObjectField|true|false
00:11:35.0 (19552638)|VARIABLE_ASSIGNMENT|[1]|strFld|"common.apex.runtime.impl.ApexFieldToken@3d866814"|0x3d866814
00:11:35.0 (19559452)|STATEMENT_EXECUTE|[2]
00:11:35.0 (19638582)|HEAP_ALLOCATE|[3]|Bytes:8
00:11:35.0 (19660409)|HEAP_ALLOCATE|[3]|Bytes:12
00:11:35.0 (19683346)|STATEMENT_EXECUTE|[3]
00:11:35.0 (19689468)|HEAP_ALLOCATE|[1]|Bytes:5
00:11:35.0 (19700806)|VARIABLE_SCOPE_BEGIN|[1]|strFld|Schema.SObjectField|true|false
00:11:35.0 (19745880)|VARIABLE_ASSIGNMENT|[1]|strFld|"common.apex.runtime.impl.ApexFieldToken@4e150aba"|0x4e150aba
00:11:35.0 (19752618)|STATEMENT_EXECUTE|[2]
00:11:35.0 (19857447)|HEAP_ALLOCATE|[3]|Bytes:8
00:11:35.0 (19881133)|HEAP_ALLOCATE|[3]|Bytes:12
00:11:35.0 (19904320)|STATEMENT_EXECUTE|[3]
00:11:35.0 (19910516)|HEAP_ALLOCATE|[1]|Bytes:5
00:11:35.0 (19922145)|VARIABLE_SCOPE_BEGIN|[1]|strFld|Schema.SObjectField|true|false
00:11:35.0 (19967862)|VARIABLE_ASSIGNMENT|[1]|strFld|"common.apex.runtime.impl.ApexFieldToken@48c39057"|0x48c39057
00:11:35.0 (19974831)|STATEMENT_EXECUTE|[2]
00:11:35.0 (20063697)|HEAP_ALLOCATE|[3]|Bytes:8
00:11:35.0 (20089941)|HEAP_ALLOCATE|[3]|Bytes:12
00:11:35.0 (20113064)|STATEMENT_EXECUTE|[3]
00:11:35.0 (20119322)|HEAP_ALLOCATE|[1]|Bytes:5
00:11:35.0 (20130559)|VARIABLE_SCOPE_BEGIN|[1]|strFld|Schema.SObjectField|true|false
00:11:35.0 (20179803)|VARIABLE_ASSIGNMENT|[1]|strFld|"common.apex.runtime.impl.ApexFieldToken@4c57809b"|0x4c57809b
00:11:35.0 (20185887)|STATEMENT_EXECUTE|[2]
00:11:35.0 (20275375)|HEAP_ALLOCATE|[3]|Bytes:8
00:11:35.0 (20298379)|HEAP_ALLOCATE|[3]|Bytes:12
00:11:35.0 (20320565)|STATEMENT_EXECUTE|[3]
00:11:35.0 (20326921)|HEAP_ALLOCATE|[1]|Bytes:5
00:11:35.0 (20341483)|VARIABLE_SCOPE_BEGIN|[1]|strFld|Schema.SObjectField|true|false
00:11:35.0 (20387296)|VARIABLE_ASSIGNMENT|[1]|strFld|"common.apex.runtime.impl.ApexFieldToken@421f97cd"|0x421f97cd
00:11:35.0 (20394324)|STATEMENT_EXECUTE|[2]
00:11:35.0 (20481302)|HEAP_ALLOCATE|[3]|Bytes:8
00:11:35.0 (20503705)|HEAP_ALLOCATE|[3]|Bytes:12
00:11:35.0 (20526451)|STATEMENT_EXECUTE|[3]
00:11:35.0 (20532806)|HEAP_ALLOCATE|[1]|Bytes:5
00:11:35.0 (20543615)|VARIABLE_SCOPE_BEGIN|[1]|strFld|Schema.SObjectField|true|false
00:11:35.0 (20589140)|VARIABLE_ASSIGNMENT|[1]|strFld|"common.apex.runtime.impl.ApexFieldToken@243905ee"|0x243905ee
00:11:35.0 (20595829)|STATEMENT_EXECUTE|[2]
00:11:35.0 (20680285)|HEAP_ALLOCATE|[3]|Bytes:8
00:11:35.0 (20705648)|HEAP_ALLOCATE|[3]|Bytes:12
00:11:35.0 (20728324)|STATEMENT_EXECUTE|[3]
00:11:35.0 (20734461)|HEAP_ALLOCATE|[1]|Bytes:5
00:11:35.0 (20745617)|VARIABLE_SCOPE_BEGIN|[1]|strFld|Schema.SObjectField|true|false
00:11:35.0 (20792284)|VARIABLE_ASSIGNMENT|[1]|strFld|"common.apex.runtime.impl.ApexFieldToken@70ac6816"|0x70ac6816
00:11:35.0 (20799147)|STATEMENT_EXECUTE|[2]
00:11:35.0 (20884543)|HEAP_ALLOCATE|[3]|Bytes:8
00:11:35.0 (20906627)|HEAP_ALLOCATE|[3]|Bytes:12
00:11:35.0 (20928737)|STATEMENT_EXECUTE|[3]
00:11:35.0 (20934821)|HEAP_ALLOCATE|[1]|Bytes:5
00:11:35.0 (20944937)|VARIABLE_ASSIGNMENT|[1]|strFld|null|
00:11:35.20 (20975727)|CUMULATIVE_LIMIT_USAGE
00:11:35.20 (20975727)|LIMIT_USAGE_FOR_NS|(default)|
  Number of SOQL queries: 0 out of 100
  Number of query rows: 0 out of 50000
  Number of SOSL queries: 0 out of 20
  Number of DML statements: 0 out of 150
  Number of DML rows: 0 out of 10000
  Maximum CPU time: 0 out of 10000
  Maximum heap size: 0 out of 6000000
  Number of callouts: 0 out of 100
  Number of Email Invocations: 0 out of 10
  Number of future calls: 0 out of 50
  Number of queueable jobs added to the queue: 0 out of 50
  Number of Mobile Apex push calls: 0 out of 10

00:11:35.20 (20975727)|CUMULATIVE_LIMIT_USAGE_END

00:11:35.0 (21007765)|CODE_UNIT_FINISHED|execute_anonymous_apex
00:11:35.0 (21715141)|EXECUTION_FINISHED
