40.0 APEX_CODE,FINEST;APEX_PROFILING,INFO;CALLOUT,INFO;DB,INFO;SYSTEM,DEBUG;VALIDATION,INFO;VISUALFORCE,INFO;WAVE,INFO;WORKFLOW,INFO
02:18:48.0 (65854)|USER_INFO|[EXTERNAL]|00528000001JBjQ|ramu.veligeti@yahoo.co.in|Pacific Standard Time|GMT-07:00
02:18:48.0 (107250)|EXECUTION_STARTED
02:18:48.0 (111206)|CODE_UNIT_STARTED|[EXTERNAL]|aura
02:18:48.0 (413061)|HEAP_ALLOCATE|[72]|Bytes:3
02:18:48.0 (450781)|HEAP_ALLOCATE|[77]|Bytes:152
02:18:48.0 (474308)|HEAP_ALLOCATE|[342]|Bytes:408
02:18:48.0 (498958)|HEAP_ALLOCATE|[355]|Bytes:408
02:18:48.0 (529760)|HEAP_ALLOCATE|[467]|Bytes:48
02:18:48.0 (563535)|HEAP_ALLOCATE|[139]|Bytes:6
02:18:48.0 (590349)|HEAP_ALLOCATE|[EXTERNAL]|Bytes:8
02:18:48.0 (600335)|HEAP_ALLOCATE|[EXTERNAL]|Bytes:8
02:18:48.0 (616694)|CODE_UNIT_FINISHED|aura
02:18:48.0 (1799558)|EXECUTION_FINISHED
02:18:48.2 (2608735)|USER_INFO|[EXTERNAL]|00528000001JBjQ|ramu.veligeti@yahoo.co.in|Pacific Standard Time|GMT-07:00
02:18:48.2 (2628208)|EXECUTION_STARTED
02:18:48.2 (2631270)|CODE_UNIT_STARTED|[EXTERNAL]|01p2800000FZDMn|AdhocLightningScheduler.getObjFields
02:18:48.2 (2671111)|VARIABLE_SCOPE_BEGIN|[3]|AdhocLightningScheduler.showFields|Boolean|false|true
02:18:48.2 (2751108)|HEAP_ALLOCATE|[EXTERNAL]|Bytes:26
02:18:48.2 (2761172)|HEAP_ALLOCATE|[EXTERNAL]|Bytes:88
02:18:48.2 (2766618)|HEAP_ALLOCATE|[EXTERNAL]|Bytes:27
02:18:48.2 (2772563)|HEAP_ALLOCATE|[EXTERNAL]|Bytes:32
02:18:48.2 (2790418)|METHOD_ENTRY|[1]|01p2800000FZDMn|AdhocLightningScheduler.AdhocLightningScheduler()
02:18:48.2 (2797225)|STATEMENT_EXECUTE|[1]
02:18:48.2 (2800768)|STATEMENT_EXECUTE|[1]
02:18:48.2 (2801604)|STATEMENT_EXECUTE|[196]
02:18:48.2 (2802689)|STATEMENT_EXECUTE|[212]
02:18:48.2 (2806631)|METHOD_EXIT|[1]|AdhocLightningScheduler
02:18:48.2 (2811249)|HEAP_ALLOCATE|[EXTERNAL]|Bytes:8
02:18:48.2 (2819402)|SYSTEM_MODE_ENTER|false
02:18:48.2 (2827553)|VARIABLE_SCOPE_BEGIN|[65]|so|String|false|false
02:18:48.2 (2847955)|VARIABLE_ASSIGNMENT|[65]|so|"Contract"
02:18:48.2 (2857897)|STATEMENT_EXECUTE|[65]
02:18:48.2 (2859644)|STATEMENT_EXECUTE|[66]
02:18:48.2 (2863076)|HEAP_ALLOCATE|[66]|Bytes:3
02:18:48.2 (2879389)|HEAP_ALLOCATE|[66]|Bytes:11
02:18:48.2 (2917847)|HEAP_ALLOCATE|[50]|Bytes:5
02:18:48.2 (2937579)|HEAP_ALLOCATE|[56]|Bytes:5
02:18:48.2 (2944332)|HEAP_ALLOCATE|[64]|Bytes:7
02:18:48.2 (2988441)|USER_DEBUG|[66]|DEBUG|s==Contract
02:18:48.2 (2997656)|STATEMENT_EXECUTE|[67]
02:18:48.2 (14976289)|HEAP_ALLOCATE|[67]|Bytes:1628
02:18:48.2 (15035396)|VARIABLE_SCOPE_BEGIN|[67]|objSchema|Schema.SObjectType|true|false
02:18:48.2 (15208885)|VARIABLE_ASSIGNMENT|[67]|objSchema|"common.apex.runtime.impl.ApexSObjectTypeToken@244b0892"|0x244b0892
02:18:48.2 (15221631)|STATEMENT_EXECUTE|[68]
02:18:48.2 (15484482)|HEAP_ALLOCATE|[68]|Bytes:4
02:18:48.2 (16103151)|HEAP_ALLOCATE|[68]|Bytes:200
02:18:48.2 (16121762)|VARIABLE_SCOPE_BEGIN|[68]|fieldMap|Map<String,Schema.SObjectField>|true|false
02:18:48.2 (16295298)|VARIABLE_ASSIGNMENT|[68]|fieldMap|"{accountid=AccountId, activatedbyid=ActivatedById, activateddate=ActivatedDate, billingaddress=BillingAddress, billingcity=BillingCity, billingcountry=BillingCountry, billinggeocodeaccuracy=BillingGeocodeAccuracy, billinglatitude=BillingLatitude, billinglongitude=BillingLongitude, billingpostalcode=BillingPostalCode, ...}"|0x28d0592e
02:18:48.2 (16311883)|STATEMENT_EXECUTE|[69]
02:18:48.2 (16319771)|HEAP_ALLOCATE|[69]|Bytes:4
02:18:48.2 (16359545)|VARIABLE_SCOPE_BEGIN|[69]|options|List<List<String>>|true|false
02:18:48.2 (16400387)|HEAP_ALLOCATE|[EXTERNAL]|Bytes:4
02:18:48.2 (16413109)|VARIABLE_ASSIGNMENT|[69]|options|[]|0x1414c5d6
02:18:48.2 (16421262)|STATEMENT_EXECUTE|[70]
02:18:48.2 (16427332)|HEAP_ALLOCATE|[70]|Bytes:4
02:18:48.2 (16449754)|VARIABLE_SCOPE_BEGIN|[70]|l1|List<String>|true|false
02:18:48.2 (16476298)|HEAP_ALLOCATE|[EXTERNAL]|Bytes:4
02:18:48.2 (16483982)|VARIABLE_ASSIGNMENT|[70]|l1|[]|0x1228322e
02:18:48.2 (16491682)|STATEMENT_EXECUTE|[71]
02:18:48.2 (16496562)|HEAP_ALLOCATE|[71]|Bytes:8
02:18:48.2 (16546081)|HEAP_ALLOCATE|[EXTERNAL]|Bytes:4
02:18:48.2 (16556540)|STATEMENT_EXECUTE|[72]
02:18:48.2 (16579170)|HEAP_ALLOCATE|[EXTERNAL]|Bytes:4
02:18:48.2 (16587528)|STATEMENT_EXECUTE|[73]
02:18:48.2 (16628519)|HEAP_ALLOCATE|[EXTERNAL]|Bytes:4
02:18:48.2 (16676900)|STATEMENT_EXECUTE|[74]
02:18:48.2 (16720169)|HEAP_ALLOCATE|[EXTERNAL]|Bytes:200
02:18:48.2 (16746022)|HEAP_ALLOCATE|[78]|Bytes:200
02:18:48.2 (16824835)|HEAP_ALLOCATE|[78]|Bytes:5
02:18:48.2 (16845207)|VARIABLE_SCOPE_BEGIN|[78]|s1|Schema.SObjectField|true|false
02:18:48.2 (16900710)|VARIABLE_ASSIGNMENT|[78]|s1|"common.apex.runtime.impl.ApexFieldToken@6a367cc2"|0x6a367cc2
02:18:48.2 (16908814)|STATEMENT_EXECUTE|[78]
02:18:48.2 (16909894)|STATEMENT_EXECUTE|[79]
02:18:48.2 (16913701)|HEAP_ALLOCATE|[79]|Bytes:4
02:18:48.2 (16931430)|VARIABLE_SCOPE_BEGIN|[79]|l|List<String>|true|false
02:18:48.2 (16950997)|HEAP_ALLOCATE|[EXTERNAL]|Bytes:4
02:18:48.2 (16957521)|VARIABLE_ASSIGNMENT|[79]|l|[]|0x5496ca2f
02:18:48.2 (16963166)|STATEMENT_EXECUTE|[80]
02:18:48.2 (17006863)|HEAP_ALLOCATE|[80]|Bytes:2
02:18:48.2 (17019706)|VARIABLE_SCOPE_BEGIN|[80]|field|String|false|false
02:18:48.2 (17030650)|VARIABLE_ASSIGNMENT|[80]|field|"Id"
02:18:48.2 (17034872)|STATEMENT_EXECUTE|[82]
02:18:48.2 (17304262)|HEAP_ALLOCATE|[82]|Bytes:8
02:18:48.2 (17332401)|HEAP_ALLOCATE|[82]|Bytes:2
02:18:48.2 (17356384)|HEAP_ALLOCATE|[82]|Bytes:2
02:18:48.2 (17375680)|HEAP_ALLOCATE|[EXTERNAL]|Bytes:4
02:18:48.2 (17383563)|STATEMENT_EXECUTE|[84]
02:18:48.2 (17474537)|HEAP_ALLOCATE|[84]|Bytes:8
02:18:48.2 (18259038)|HEAP_ALLOCATE|[84]|Bytes:12
02:18:48.2 (18289478)|HEAP_ALLOCATE|[84]|Bytes:2
02:18:48.2 (18300466)|VARIABLE_SCOPE_BEGIN|[84]|dataType|String|false|false
02:18:48.2 (18311987)|VARIABLE_ASSIGNMENT|[84]|dataType|"ID"
02:18:48.2 (18316456)|STATEMENT_EXECUTE|[85]
02:18:48.2 (18318951)|VARIABLE_SCOPE_BEGIN|[85]|objName|String|false|false
02:18:48.2 (18325826)|VARIABLE_ASSIGNMENT|[85]|objName|""
02:18:48.2 (18346171)|STATEMENT_EXECUTE|[92]
02:18:48.2 (18348962)|HEAP_ALLOCATE|[92]|Bytes:2
02:18:48.2 (18352860)|HEAP_ALLOCATE|[92]|Bytes:3
02:18:48.2 (18361504)|HEAP_ALLOCATE|[92]|Bytes:9
02:18:48.2 (18398394)|HEAP_ALLOCATE|[EXTERNAL]|Bytes:4
02:18:48.2 (18409237)|STATEMENT_EXECUTE|[93]
02:18:48.2 (18440552)|HEAP_ALLOCATE|[EXTERNAL]|Bytes:4
02:18:48.2 (18455710)|HEAP_ALLOCATE|[78]|Bytes:5
02:18:48.2 (18470117)|VARIABLE_SCOPE_BEGIN|[78]|s1|Schema.SObjectField|true|false
02:18:48.2 (18522604)|VARIABLE_ASSIGNMENT|[78]|s1|"common.apex.runtime.impl.ApexFieldToken@583e3e27"|0x583e3e27
02:18:48.2 (18530223)|STATEMENT_EXECUTE|[78]
02:18:48.2 (18531194)|STATEMENT_EXECUTE|[79]
02:18:48.2 (18534687)|HEAP_ALLOCATE|[79]|Bytes:4
02:18:48.2 (18545503)|VARIABLE_SCOPE_BEGIN|[79]|l|List<String>|true|false
02:18:48.2 (18563648)|HEAP_ALLOCATE|[EXTERNAL]|Bytes:4
02:18:48.2 (18570728)|VARIABLE_ASSIGNMENT|[79]|l|[]|0x1ada8ce7
02:18:48.2 (18575315)|STATEMENT_EXECUTE|[80]
02:18:48.2 (18604722)|HEAP_ALLOCATE|[80]|Bytes:9
02:18:48.2 (18622067)|VARIABLE_SCOPE_BEGIN|[80]|field|String|false|false
02:18:48.2 (18636505)|VARIABLE_ASSIGNMENT|[80]|field|"AccountId"
02:18:48.2 (18641713)|STATEMENT_EXECUTE|[82]
02:18:48.2 (18802882)|HEAP_ALLOCATE|[82]|Bytes:8
02:18:48.2 (18817787)|HEAP_ALLOCATE|[82]|Bytes:9
02:18:48.2 (18833237)|HEAP_ALLOCATE|[82]|Bytes:9
02:18:48.2 (18844211)|HEAP_ALLOCATE|[EXTERNAL]|Bytes:4
02:18:48.2 (18851346)|STATEMENT_EXECUTE|[84]
02:18:48.2 (18875842)|HEAP_ALLOCATE|[84]|Bytes:8
02:18:48.2 (18900390)|HEAP_ALLOCATE|[84]|Bytes:12
02:18:48.2 (18916225)|HEAP_ALLOCATE|[84]|Bytes:9
02:18:48.2 (18924214)|VARIABLE_SCOPE_BEGIN|[84]|dataType|String|false|false
02:18:48.2 (18934401)|VARIABLE_ASSIGNMENT|[84]|dataType|"REFERENCE"
02:18:48.2 (18938413)|STATEMENT_EXECUTE|[85]
02:18:48.2 (18940652)|VARIABLE_SCOPE_BEGIN|[85]|objName|String|false|false
02:18:48.2 (18947646)|VARIABLE_ASSIGNMENT|[85]|objName|""
02:18:48.2 (18959721)|STATEMENT_EXECUTE|[87]
02:18:48.2 (18960839)|STATEMENT_EXECUTE|[88]
02:18:48.2 (19008529)|HEAP_ALLOCATE|[88]|Bytes:8
02:18:48.2 (19035620)|HEAP_ALLOCATE|[EXTERNAL]|Bytes:8
02:18:48.2 (19049512)|HEAP_ALLOCATE|[88]|Bytes:8
02:18:48.2 (19160661)|HEAP_ALLOCATE|[88]|Bytes:4
02:18:48.2 (19177285)|HEAP_ALLOCATE|[88]|Bytes:7
02:18:48.2 (19191290)|HEAP_ALLOCATE|[88]|Bytes:7
02:18:48.2 (19202230)|VARIABLE_ASSIGNMENT|[88]|objName|"Account"
02:18:48.2 (19206629)|STATEMENT_EXECUTE|[89]
02:18:48.2 (19211884)|HEAP_ALLOCATE|[89]|Bytes:30
02:18:48.2 (19233957)|HEAP_ALLOCATE|[EXTERNAL]|Bytes:4
02:18:48.2 (19240241)|STATEMENT_EXECUTE|[93]
02:18:48.2 (19258384)|HEAP_ALLOCATE|[EXTERNAL]|Bytes:4
02:18:48.2 (19270215)|HEAP_ALLOCATE|[78]|Bytes:5
02:18:48.2 (19282985)|VARIABLE_SCOPE_BEGIN|[78]|s1|Schema.SObjectField|true|false
02:18:48.2 (19337386)|VARIABLE_ASSIGNMENT|[78]|s1|"common.apex.runtime.impl.ApexFieldToken@b54ce4c"|0xb54ce4c
02:18:48.2 (19344512)|STATEMENT_EXECUTE|[78]
02:18:48.2 (19345442)|STATEMENT_EXECUTE|[79]
02:18:48.2 (19348893)|HEAP_ALLOCATE|[79]|Bytes:4
02:18:48.2 (19359320)|VARIABLE_SCOPE_BEGIN|[79]|l|List<String>|true|false
02:18:48.2 (19376436)|HEAP_ALLOCATE|[EXTERNAL]|Bytes:4
02:18:48.2 (19383573)|VARIABLE_ASSIGNMENT|[79]|l|[]|0x176f6a18
02:18:48.2 (19389154)|STATEMENT_EXECUTE|[80]
02:18:48.2 (19422311)|HEAP_ALLOCATE|[80]|Bytes:12
02:18:48.2 (19434216)|VARIABLE_SCOPE_BEGIN|[80]|field|String|false|false
02:18:48.2 (19443177)|VARIABLE_ASSIGNMENT|[80]|field|"Pricebook2Id"
02:18:48.2 (19446839)|STATEMENT_EXECUTE|[82]
02:18:48.2 (19688262)|HEAP_ALLOCATE|[82]|Bytes:8
02:18:48.2 (19702752)|HEAP_ALLOCATE|[82]|Bytes:12
02:18:48.2 (19717769)|HEAP_ALLOCATE|[82]|Bytes:12
02:18:48.2 (19728767)|HEAP_ALLOCATE|[EXTERNAL]|Bytes:4
02:18:48.2 (19734161)|STATEMENT_EXECUTE|[84]
02:18:48.2 (19758625)|HEAP_ALLOCATE|[84]|Bytes:8
02:18:48.2 (19785101)|HEAP_ALLOCATE|[84]|Bytes:12
02:18:48.2 (19801023)|HEAP_ALLOCATE|[84]|Bytes:9
02:18:48.2 (19809765)|VARIABLE_SCOPE_BEGIN|[84]|dataType|String|false|false
02:18:48.2 (19823157)|VARIABLE_ASSIGNMENT|[84]|dataType|"REFERENCE"
02:18:48.2 (19827956)|STATEMENT_EXECUTE|[85]
02:18:48.2 (19830502)|VARIABLE_SCOPE_BEGIN|[85]|objName|String|false|false
02:18:48.2 (19837525)|VARIABLE_ASSIGNMENT|[85]|objName|""
02:18:48.2 (19851810)|STATEMENT_EXECUTE|[87]
02:18:48.2 (19852869)|STATEMENT_EXECUTE|[88]
02:18:48.2 (19880976)|HEAP_ALLOCATE|[88]|Bytes:8
02:18:48.2 (19907790)|HEAP_ALLOCATE|[EXTERNAL]|Bytes:8
02:18:48.2 (19922300)|HEAP_ALLOCATE|[88]|Bytes:8
02:18:48.2 (20031632)|HEAP_ALLOCATE|[88]|Bytes:4
02:18:48.2 (20045755)|HEAP_ALLOCATE|[88]|Bytes:10
02:18:48.2 (20060208)|HEAP_ALLOCATE|[88]|Bytes:10
02:18:48.2 (20070904)|VARIABLE_ASSIGNMENT|[88]|objName|"Pricebook2"
02:18:48.2 (20075482)|STATEMENT_EXECUTE|[89]
02:18:48.2 (20080254)|HEAP_ALLOCATE|[89]|Bytes:36
02:18:48.2 (20088397)|HEAP_ALLOCATE|[EXTERNAL]|Bytes:4
02:18:48.2 (20093164)|STATEMENT_EXECUTE|[93]
02:18:48.2 (20110731)|HEAP_ALLOCATE|[EXTERNAL]|Bytes:4
02:18:48.2 (20122928)|HEAP_ALLOCATE|[78]|Bytes:5
02:18:48.2 (20135694)|VARIABLE_SCOPE_BEGIN|[78]|s1|Schema.SObjectField|true|false
02:18:48.2 (20188870)|VARIABLE_ASSIGNMENT|[78]|s1|"common.apex.runtime.impl.ApexFieldToken@619d000f"|0x619d000f
02:18:48.2 (20196811)|STATEMENT_EXECUTE|[78]
02:18:48.2 (20197851)|STATEMENT_EXECUTE|[79]
02:18:48.2 (20201428)|HEAP_ALLOCATE|[79]|Bytes:4
02:18:48.2 (20212278)|VARIABLE_SCOPE_BEGIN|[79]|l|List<String>|true|false
02:18:48.2 (20229867)|HEAP_ALLOCATE|[EXTERNAL]|Bytes:4
02:18:48.2 (20236690)|VARIABLE_ASSIGNMENT|[79]|l|[]|0x75785de
02:18:48.2 (20241816)|STATEMENT_EXECUTE|[80]
02:18:48.2 (20265890)|HEAP_ALLOCATE|[80]|Bytes:21
02:18:48.2 (20276260)|VARIABLE_SCOPE_BEGIN|[80]|field|String|false|false
02:18:48.2 (20286591)|VARIABLE_ASSIGNMENT|[80]|field|"OwnerExpirationNotic (1 more) ..."
02:18:48.2 (20290260)|STATEMENT_EXECUTE|[82]
02:18:48.2 (20391345)|HEAP_ALLOCATE|[82]|Bytes:8
02:18:48.2 (20403883)|HEAP_ALLOCATE|[82]|Bytes:21
02:18:48.2 (20416789)|HEAP_ALLOCATE|[82]|Bytes:21
02:18:48.2 (20426658)|HEAP_ALLOCATE|[EXTERNAL]|Bytes:4
02:18:48.2 (20431501)|STATEMENT_EXECUTE|[84]
02:18:48.2 (20454065)|HEAP_ALLOCATE|[84]|Bytes:8
02:18:48.2 (20476688)|HEAP_ALLOCATE|[84]|Bytes:12
02:18:48.2 (20491410)|HEAP_ALLOCATE|[84]|Bytes:8
02:18:48.2 (20499496)|VARIABLE_SCOPE_BEGIN|[84]|dataType|String|false|false
02:18:48.2 (20509511)|VARIABLE_ASSIGNMENT|[84]|dataType|"PICKLIST"
02:18:48.2 (20513867)|STATEMENT_EXECUTE|[85]
02:18:48.2 (20516146)|VARIABLE_SCOPE_BEGIN|[85]|objName|String|false|false
02:18:48.2 (20523238)|VARIABLE_ASSIGNMENT|[85]|objName|""
02:18:48.2 (20533284)|STATEMENT_EXECUTE|[92]
02:18:48.2 (20537248)|HEAP_ALLOCATE|[92]|Bytes:34
02:18:48.2 (20544520)|HEAP_ALLOCATE|[EXTERNAL]|Bytes:4
02:18:48.2 (20548703)|STATEMENT_EXECUTE|[93]
02:18:48.2 (20565217)|HEAP_ALLOCATE|[EXTERNAL]|Bytes:4
02:18:48.2 (20577118)|HEAP_ALLOCATE|[78]|Bytes:5
02:18:48.2 (20588910)|VARIABLE_SCOPE_BEGIN|[78]|s1|Schema.SObjectField|true|false
02:18:48.2 (20642496)|VARIABLE_ASSIGNMENT|[78]|s1|"common.apex.runtime.impl.ApexFieldToken@3894b092"|0x3894b092
02:18:48.2 (20649490)|STATEMENT_EXECUTE|[78]
02:18:48.2 (20650395)|STATEMENT_EXECUTE|[79]
02:18:48.2 (20653785)|HEAP_ALLOCATE|[79]|Bytes:4
02:18:48.2 (20664127)|VARIABLE_SCOPE_BEGIN|[79]|l|List<String>|true|false
02:18:48.2 (20681164)|HEAP_ALLOCATE|[EXTERNAL]|Bytes:4
02:18:48.2 (20688193)|VARIABLE_ASSIGNMENT|[79]|l|[]|0x6e6acf96
02:18:48.2 (20692982)|STATEMENT_EXECUTE|[80]
02:18:48.2 (20716605)|HEAP_ALLOCATE|[80]|Bytes:9
02:18:48.2 (20726904)|VARIABLE_SCOPE_BEGIN|[80]|field|String|false|false
02:18:48.2 (20736487)|VARIABLE_ASSIGNMENT|[80]|field|"StartDate"
02:18:48.2 (20740612)|STATEMENT_EXECUTE|[82]
02:18:48.2 (20843876)|HEAP_ALLOCATE|[82]|Bytes:8
02:18:48.2 (20858670)|HEAP_ALLOCATE|[82]|Bytes:9
02:18:48.2 (20871478)|HEAP_ALLOCATE|[82]|Bytes:9
02:18:48.2 (20881023)|HEAP_ALLOCATE|[EXTERNAL]|Bytes:4
02:18:48.2 (20885868)|STATEMENT_EXECUTE|[84]
02:18:48.2 (20908571)|HEAP_ALLOCATE|[84]|Bytes:8
02:18:48.2 (20929947)|HEAP_ALLOCATE|[84]|Bytes:12
02:18:48.2 (20944574)|HEAP_ALLOCATE|[84]|Bytes:4
02:18:48.2 (20952170)|VARIABLE_SCOPE_BEGIN|[84]|dataType|String|false|false
02:18:48.2 (20961548)|VARIABLE_ASSIGNMENT|[84]|dataType|"DATE"
02:18:48.2 (20965584)|STATEMENT_EXECUTE|[85]
02:18:48.2 (20967788)|VARIABLE_SCOPE_BEGIN|[85]|objName|String|false|false
02:18:48.2 (20974794)|VARIABLE_ASSIGNMENT|[85]|objName|""
02:18:48.2 (20984696)|STATEMENT_EXECUTE|[92]
02:18:48.2 (20988598)|HEAP_ALLOCATE|[92]|Bytes:18
02:18:48.2 (20995501)|HEAP_ALLOCATE|[EXTERNAL]|Bytes:4
02:18:48.2 (20999967)|STATEMENT_EXECUTE|[93]
02:18:48.2 (21015905)|HEAP_ALLOCATE|[EXTERNAL]|Bytes:4
02:18:48.2 (21027993)|HEAP_ALLOCATE|[78]|Bytes:5
02:18:48.2 (21039392)|VARIABLE_SCOPE_BEGIN|[78]|s1|Schema.SObjectField|true|false
02:18:48.2 (21090013)|VARIABLE_ASSIGNMENT|[78]|s1|"common.apex.runtime.impl.ApexFieldToken@11f26ea1"|0x11f26ea1
02:18:48.2 (21096990)|STATEMENT_EXECUTE|[78]
02:18:48.2 (21097860)|STATEMENT_EXECUTE|[79]
02:18:48.2 (21101243)|HEAP_ALLOCATE|[79]|Bytes:4
02:18:48.2 (21110866)|VARIABLE_SCOPE_BEGIN|[79]|l|List<String>|true|false
02:18:48.2 (21127823)|HEAP_ALLOCATE|[EXTERNAL]|Bytes:4
02:18:48.2 (21134767)|VARIABLE_ASSIGNMENT|[79]|l|[]|0x96dc4be
02:18:48.2 (21139579)|STATEMENT_EXECUTE|[80]
02:18:48.2 (21163480)|HEAP_ALLOCATE|[80]|Bytes:7
02:18:48.2 (21173602)|VARIABLE_SCOPE_BEGIN|[80]|field|String|false|false
02:18:48.2 (21182689)|VARIABLE_ASSIGNMENT|[80]|field|"EndDate"
02:18:48.2 (21186687)|STATEMENT_EXECUTE|[82]
02:18:48.2 (21264938)|HEAP_ALLOCATE|[82]|Bytes:8
02:18:48.2 (21277139)|HEAP_ALLOCATE|[82]|Bytes:7
02:18:48.2 (21289483)|HEAP_ALLOCATE|[82]|Bytes:7
02:18:48.2 (21299601)|HEAP_ALLOCATE|[EXTERNAL]|Bytes:4
02:18:48.2 (21304103)|STATEMENT_EXECUTE|[84]
02:18:48.2 (21325554)|HEAP_ALLOCATE|[84]|Bytes:8
02:18:48.2 (21345469)|HEAP_ALLOCATE|[84]|Bytes:12
02:18:48.2 (21359728)|HEAP_ALLOCATE|[84]|Bytes:4
02:18:48.2 (21367682)|VARIABLE_SCOPE_BEGIN|[84]|dataType|String|false|false
02:18:48.2 (21377419)|VARIABLE_ASSIGNMENT|[84]|dataType|"DATE"
02:18:48.2 (21381944)|STATEMENT_EXECUTE|[85]
02:18:48.2 (21384079)|VARIABLE_SCOPE_BEGIN|[85]|objName|String|false|false
02:18:48.2 (21391156)|VARIABLE_ASSIGNMENT|[85]|objName|""
02:18:48.2 (21401030)|STATEMENT_EXECUTE|[92]
02:18:48.2 (21405225)|HEAP_ALLOCATE|[92]|Bytes:16
02:18:48.2 (21412194)|HEAP_ALLOCATE|[EXTERNAL]|Bytes:4
02:18:48.2 (21416272)|STATEMENT_EXECUTE|[93]
02:18:48.2 (21431988)|HEAP_ALLOCATE|[EXTERNAL]|Bytes:4
02:18:48.2 (21443243)|HEAP_ALLOCATE|[78]|Bytes:5
02:18:48.2 (21454767)|VARIABLE_SCOPE_BEGIN|[78]|s1|Schema.SObjectField|true|false
02:18:48.2 (21504830)|VARIABLE_ASSIGNMENT|[78]|s1|"common.apex.runtime.impl.ApexFieldToken@3cf9e47d"|0x3cf9e47d
02:18:48.2 (21512079)|STATEMENT_EXECUTE|[78]
02:18:48.2 (21512973)|STATEMENT_EXECUTE|[79]
02:18:48.2 (21516189)|HEAP_ALLOCATE|[79]|Bytes:4
02:18:48.2 (21526461)|VARIABLE_SCOPE_BEGIN|[79]|l|List<String>|true|false
02:18:48.2 (21542427)|HEAP_ALLOCATE|[EXTERNAL]|Bytes:4
02:18:48.2 (21549082)|VARIABLE_ASSIGNMENT|[79]|l|[]|0x1fcf8d40
02:18:48.2 (21554100)|STATEMENT_EXECUTE|[80]
02:18:48.2 (21576051)|HEAP_ALLOCATE|[80]|Bytes:13
02:18:48.2 (21585943)|VARIABLE_SCOPE_BEGIN|[80]|field|String|false|false
02:18:48.2 (21595024)|VARIABLE_ASSIGNMENT|[80]|field|"BillingStreet"
02:18:48.2 (21599000)|STATEMENT_EXECUTE|[82]
02:18:48.2 (21692854)|HEAP_ALLOCATE|[82]|Bytes:8
02:18:48.2 (21705065)|HEAP_ALLOCATE|[82]|Bytes:13
02:18:48.2 (21718605)|HEAP_ALLOCATE|[82]|Bytes:13
02:18:48.2 (21728354)|HEAP_ALLOCATE|[EXTERNAL]|Bytes:4
02:18:48.2 (21733277)|STATEMENT_EXECUTE|[84]
02:18:48.2 (21755341)|HEAP_ALLOCATE|[84]|Bytes:8
02:18:48.2 (21780651)|HEAP_ALLOCATE|[84]|Bytes:12
02:18:48.2 (21796068)|HEAP_ALLOCATE|[84]|Bytes:8
02:18:48.2 (21803809)|VARIABLE_SCOPE_BEGIN|[84]|dataType|String|false|false
02:18:48.2 (21813967)|VARIABLE_ASSIGNMENT|[84]|dataType|"TEXTAREA"
02:18:48.2 (21818743)|STATEMENT_EXECUTE|[85]
02:18:48.2 (21820898)|VARIABLE_SCOPE_BEGIN|[85]|objName|String|false|false
02:18:48.2 (21827893)|VARIABLE_ASSIGNMENT|[85]|objName|""
02:18:48.2 (21837357)|STATEMENT_EXECUTE|[92]
02:18:48.2 (21841294)|HEAP_ALLOCATE|[92]|Bytes:26
02:18:48.2 (21850161)|HEAP_ALLOCATE|[EXTERNAL]|Bytes:4
02:18:48.2 (21856425)|STATEMENT_EXECUTE|[93]
02:18:48.2 (21873098)|HEAP_ALLOCATE|[EXTERNAL]|Bytes:4
02:18:48.2 (21884741)|HEAP_ALLOCATE|[78]|Bytes:5
02:18:48.2 (21896276)|VARIABLE_SCOPE_BEGIN|[78]|s1|Schema.SObjectField|true|false
02:18:48.2 (21946871)|VARIABLE_ASSIGNMENT|[78]|s1|"common.apex.runtime.impl.ApexFieldToken@35ed0695"|0x35ed0695
02:18:48.2 (21953750)|STATEMENT_EXECUTE|[78]
02:18:48.2 (21954643)|STATEMENT_EXECUTE|[79]
02:18:48.2 (21958147)|HEAP_ALLOCATE|[79]|Bytes:4
02:18:48.2 (21968255)|VARIABLE_SCOPE_BEGIN|[79]|l|List<String>|true|false
02:18:48.2 (21984712)|HEAP_ALLOCATE|[EXTERNAL]|Bytes:4
02:18:48.2 (21991740)|VARIABLE_ASSIGNMENT|[79]|l|[]|0xfe7b013
02:18:48.2 (21996830)|STATEMENT_EXECUTE|[80]
02:18:48.2 (22017869)|HEAP_ALLOCATE|[80]|Bytes:11
02:18:48.2 (22028349)|VARIABLE_SCOPE_BEGIN|[80]|field|String|false|false
02:18:48.2 (22037216)|VARIABLE_ASSIGNMENT|[80]|field|"BillingCity"
02:18:48.2 (22040818)|STATEMENT_EXECUTE|[82]
02:18:48.2 (22127634)|HEAP_ALLOCATE|[82]|Bytes:8
02:18:48.2 (22139232)|HEAP_ALLOCATE|[82]|Bytes:11
02:18:48.2 (22151122)|HEAP_ALLOCATE|[82]|Bytes:11
02:18:48.2 (22160479)|HEAP_ALLOCATE|[EXTERNAL]|Bytes:4
02:18:48.2 (22165023)|STATEMENT_EXECUTE|[84]
02:18:48.2 (22187531)|HEAP_ALLOCATE|[84]|Bytes:8
02:18:48.2 (22209182)|HEAP_ALLOCATE|[84]|Bytes:12
02:18:48.2 (22223766)|HEAP_ALLOCATE|[84]|Bytes:6
02:18:48.2 (22231295)|VARIABLE_SCOPE_BEGIN|[84]|dataType|String|false|false
02:18:48.2 (22241136)|VARIABLE_ASSIGNMENT|[84]|dataType|"STRING"
02:18:48.2 (22244796)|STATEMENT_EXECUTE|[85]
02:18:48.2 (22246902)|VARIABLE_SCOPE_BEGIN|[85]|objName|String|false|false
02:18:48.2 (22253484)|VARIABLE_ASSIGNMENT|[85]|objName|""
02:18:48.2 (22263336)|STATEMENT_EXECUTE|[92]
02:18:48.2 (22267462)|HEAP_ALLOCATE|[92]|Bytes:22
02:18:48.2 (22274911)|HEAP_ALLOCATE|[EXTERNAL]|Bytes:4
02:18:48.2 (22279421)|STATEMENT_EXECUTE|[93]
02:18:48.2 (22295438)|HEAP_ALLOCATE|[EXTERNAL]|Bytes:4
02:18:48.2 (22306815)|HEAP_ALLOCATE|[78]|Bytes:5
02:18:48.2 (22318226)|VARIABLE_SCOPE_BEGIN|[78]|s1|Schema.SObjectField|true|false
02:18:48.2 (22368411)|VARIABLE_ASSIGNMENT|[78]|s1|"common.apex.runtime.impl.ApexFieldToken@28e0209a"|0x28e0209a
02:18:48.2 (22375548)|STATEMENT_EXECUTE|[78]
02:18:48.2 (22376421)|STATEMENT_EXECUTE|[79]
02:18:48.2 (22379766)|HEAP_ALLOCATE|[79]|Bytes:4
02:18:48.2 (22389829)|VARIABLE_SCOPE_BEGIN|[79]|l|List<String>|true|false
02:18:48.2 (22406457)|HEAP_ALLOCATE|[EXTERNAL]|Bytes:4
02:18:48.2 (22413813)|VARIABLE_ASSIGNMENT|[79]|l|[]|0x267f81ca
02:18:48.2 (22419107)|STATEMENT_EXECUTE|[80]
02:18:48.2 (22440397)|HEAP_ALLOCATE|[80]|Bytes:12
02:18:48.2 (22449898)|VARIABLE_SCOPE_BEGIN|[80]|field|String|false|false
02:18:48.2 (22458377)|VARIABLE_ASSIGNMENT|[80]|field|"BillingState"
02:18:48.2 (22462003)|STATEMENT_EXECUTE|[82]
02:18:48.2 (22545267)|HEAP_ALLOCATE|[82]|Bytes:8
02:18:48.2 (22556934)|HEAP_ALLOCATE|[82]|Bytes:12
02:18:48.2 (22569225)|HEAP_ALLOCATE|[82]|Bytes:12
02:18:48.2 (22578933)|HEAP_ALLOCATE|[EXTERNAL]|Bytes:4
02:18:48.2 (22583616)|STATEMENT_EXECUTE|[84]
02:18:48.2 (22605134)|HEAP_ALLOCATE|[84]|Bytes:8
02:18:48.2 (22625346)|HEAP_ALLOCATE|[84]|Bytes:12
02:18:48.2 (22639068)|HEAP_ALLOCATE|[84]|Bytes:6
02:18:48.2 (22646898)|VARIABLE_SCOPE_BEGIN|[84]|dataType|String|false|false
02:18:48.2 (22656447)|VARIABLE_ASSIGNMENT|[84]|dataType|"STRING"
02:18:48.2 (22661397)|STATEMENT_EXECUTE|[85]
02:18:48.2 (22663660)|VARIABLE_SCOPE_BEGIN|[85]|objName|String|false|false
02:18:48.2 (22670106)|VARIABLE_ASSIGNMENT|[85]|objName|""
02:18:48.2 (22679598)|STATEMENT_EXECUTE|[92]
02:18:48.2 (22683658)|HEAP_ALLOCATE|[92]|Bytes:23
02:18:48.2 (22690503)|HEAP_ALLOCATE|[EXTERNAL]|Bytes:4
02:18:48.2 (22694582)|STATEMENT_EXECUTE|[93]
02:18:48.2 (22710430)|HEAP_ALLOCATE|[EXTERNAL]|Bytes:4
02:18:48.2 (22721654)|HEAP_ALLOCATE|[78]|Bytes:5
02:18:48.2 (22733019)|VARIABLE_SCOPE_BEGIN|[78]|s1|Schema.SObjectField|true|false
02:18:48.2 (22786631)|VARIABLE_ASSIGNMENT|[78]|s1|"common.apex.runtime.impl.ApexFieldToken@2ae5d441"|0x2ae5d441
02:18:48.2 (22793372)|STATEMENT_EXECUTE|[78]
02:18:48.2 (22794255)|STATEMENT_EXECUTE|[79]
02:18:48.2 (22797528)|HEAP_ALLOCATE|[79]|Bytes:4
02:18:48.2 (22807675)|VARIABLE_SCOPE_BEGIN|[79]|l|List<String>|true|false
02:18:48.2 (22823961)|HEAP_ALLOCATE|[EXTERNAL]|Bytes:4
02:18:48.2 (22830873)|VARIABLE_ASSIGNMENT|[79]|l|[]|0x1b9d001c
02:18:48.2 (22835774)|STATEMENT_EXECUTE|[80]
02:18:48.2 (22858558)|HEAP_ALLOCATE|[80]|Bytes:17
02:18:48.2 (22869216)|VARIABLE_SCOPE_BEGIN|[80]|field|String|false|false
02:18:48.2 (22877998)|VARIABLE_ASSIGNMENT|[80]|field|"BillingPostalCode"
02:18:48.2 (22881729)|STATEMENT_EXECUTE|[82]
02:18:48.2 (22966536)|HEAP_ALLOCATE|[82]|Bytes:8
02:18:48.2 (22978022)|HEAP_ALLOCATE|[82]|Bytes:17
02:18:48.2 (22991060)|HEAP_ALLOCATE|[82]|Bytes:17
02:18:48.2 (23000803)|HEAP_ALLOCATE|[EXTERNAL]|Bytes:4
02:18:48.2 (23006545)|STATEMENT_EXECUTE|[84]
02:18:48.2 (23028181)|HEAP_ALLOCATE|[84]|Bytes:8
02:18:48.2 (23048644)|HEAP_ALLOCATE|[84]|Bytes:12
02:18:48.2 (23062641)|HEAP_ALLOCATE|[84]|Bytes:6
02:18:48.2 (23070618)|VARIABLE_SCOPE_BEGIN|[84]|dataType|String|false|false
02:18:48.2 (23079782)|VARIABLE_ASSIGNMENT|[84]|dataType|"STRING"
02:18:48.2 (23083976)|STATEMENT_EXECUTE|[85]
02:18:48.2 (23086158)|VARIABLE_SCOPE_BEGIN|[85]|objName|String|false|false
02:18:48.2 (23093082)|VARIABLE_ASSIGNMENT|[85]|objName|""
02:18:48.2 (23102730)|STATEMENT_EXECUTE|[92]
02:18:48.2 (23107164)|HEAP_ALLOCATE|[92]|Bytes:28
02:18:48.2 (23113721)|HEAP_ALLOCATE|[EXTERNAL]|Bytes:4
02:18:48.2 (23117748)|STATEMENT_EXECUTE|[93]
02:18:48.2 (23133061)|HEAP_ALLOCATE|[EXTERNAL]|Bytes:4
02:18:48.2 (23144732)|HEAP_ALLOCATE|[78]|Bytes:5
02:18:48.2 (23156315)|VARIABLE_SCOPE_BEGIN|[78]|s1|Schema.SObjectField|true|false
02:18:48.2 (23207856)|VARIABLE_ASSIGNMENT|[78]|s1|"common.apex.runtime.impl.ApexFieldToken@59cc076c"|0x59cc076c
02:18:48.2 (23214396)|STATEMENT_EXECUTE|[78]
02:18:48.2 (23215256)|STATEMENT_EXECUTE|[79]
02:18:48.2 (23218550)|HEAP_ALLOCATE|[79]|Bytes:4
02:18:48.2 (23228305)|VARIABLE_SCOPE_BEGIN|[79]|l|List<String>|true|false
02:18:48.2 (23244642)|HEAP_ALLOCATE|[EXTERNAL]|Bytes:4
02:18:48.2 (23251310)|VARIABLE_ASSIGNMENT|[79]|l|[]|0x6284b91e
02:18:48.2 (23256664)|STATEMENT_EXECUTE|[80]
02:18:48.2 (23278897)|HEAP_ALLOCATE|[80]|Bytes:14
02:18:48.2 (23288461)|VARIABLE_SCOPE_BEGIN|[80]|field|String|false|false
02:18:48.2 (23297315)|VARIABLE_ASSIGNMENT|[80]|field|"BillingCountry"
02:18:48.2 (23301358)|STATEMENT_EXECUTE|[82]
02:18:48.2 (23384510)|HEAP_ALLOCATE|[82]|Bytes:8
02:18:48.2 (23396175)|HEAP_ALLOCATE|[82]|Bytes:14
02:18:48.2 (23408898)|HEAP_ALLOCATE|[82]|Bytes:14
02:18:48.2 (23418178)|HEAP_ALLOCATE|[EXTERNAL]|Bytes:4
02:18:48.2 (23422956)|STATEMENT_EXECUTE|[84]
02:18:48.2 (23444850)|HEAP_ALLOCATE|[84]|Bytes:8
02:18:48.2 (23465245)|HEAP_ALLOCATE|[84]|Bytes:12
02:18:48.2 (23479265)|HEAP_ALLOCATE|[84]|Bytes:6
02:18:48.2 (23486820)|VARIABLE_SCOPE_BEGIN|[84]|dataType|String|false|false
02:18:48.2 (23495783)|VARIABLE_ASSIGNMENT|[84]|dataType|"STRING"
02:18:48.2 (23499727)|STATEMENT_EXECUTE|[85]
02:18:48.2 (23501817)|VARIABLE_SCOPE_BEGIN|[85]|objName|String|false|false
02:18:48.2 (23508455)|VARIABLE_ASSIGNMENT|[85]|objName|""
02:18:48.2 (23518654)|STATEMENT_EXECUTE|[92]
02:18:48.2 (23522690)|HEAP_ALLOCATE|[92]|Bytes:25
02:18:48.2 (23529674)|HEAP_ALLOCATE|[EXTERNAL]|Bytes:4
02:18:48.2 (23533912)|STATEMENT_EXECUTE|[93]
02:18:48.2 (23549691)|HEAP_ALLOCATE|[EXTERNAL]|Bytes:4
02:18:48.2 (23561069)|HEAP_ALLOCATE|[78]|Bytes:5
02:18:48.2 (23572449)|VARIABLE_SCOPE_BEGIN|[78]|s1|Schema.SObjectField|true|false
02:18:48.2 (23625381)|VARIABLE_ASSIGNMENT|[78]|s1|"common.apex.runtime.impl.ApexFieldToken@4c86b6e"|0x4c86b6e
02:18:48.2 (23632134)|STATEMENT_EXECUTE|[78]
02:18:48.2 (23633036)|STATEMENT_EXECUTE|[79]
02:18:48.2 (23636232)|HEAP_ALLOCATE|[79]|Bytes:4
02:18:48.2 (23645783)|VARIABLE_SCOPE_BEGIN|[79]|l|List<String>|true|false
02:18:48.2 (23662149)|HEAP_ALLOCATE|[EXTERNAL]|Bytes:4
02:18:48.2 (23668598)|VARIABLE_ASSIGNMENT|[79]|l|[]|0x19926f52
02:18:48.2 (23673450)|STATEMENT_EXECUTE|[80]
02:18:48.2 (23694695)|HEAP_ALLOCATE|[80]|Bytes:15
02:18:48.2 (23704482)|VARIABLE_SCOPE_BEGIN|[80]|field|String|false|false
02:18:48.2 (23713502)|VARIABLE_ASSIGNMENT|[80]|field|"BillingLatitude"
02:18:48.2 (23717339)|STATEMENT_EXECUTE|[82]
02:18:48.2 (23806736)|HEAP_ALLOCATE|[82]|Bytes:8
02:18:48.2 (23818160)|HEAP_ALLOCATE|[82]|Bytes:15
02:18:48.2 (23830623)|HEAP_ALLOCATE|[82]|Bytes:15
02:18:48.2 (23840113)|HEAP_ALLOCATE|[EXTERNAL]|Bytes:4
02:18:48.2 (23845798)|STATEMENT_EXECUTE|[84]
02:18:48.2 (23868961)|HEAP_ALLOCATE|[84]|Bytes:8
02:18:48.2 (23889162)|HEAP_ALLOCATE|[84]|Bytes:12
02:18:48.2 (23903501)|HEAP_ALLOCATE|[84]|Bytes:6
02:18:48.2 (23911104)|VARIABLE_SCOPE_BEGIN|[84]|dataType|String|false|false
02:18:48.2 (23920388)|VARIABLE_ASSIGNMENT|[84]|dataType|"DOUBLE"
02:18:48.2 (23924283)|STATEMENT_EXECUTE|[85]
02:18:48.2 (23926429)|VARIABLE_SCOPE_BEGIN|[85]|objName|String|false|false
02:18:48.2 (23933227)|VARIABLE_ASSIGNMENT|[85]|objName|""
02:18:48.2 (23943034)|STATEMENT_EXECUTE|[92]
02:18:48.2 (23946906)|HEAP_ALLOCATE|[92]|Bytes:26
02:18:48.2 (23953985)|HEAP_ALLOCATE|[EXTERNAL]|Bytes:4
02:18:48.2 (23958107)|STATEMENT_EXECUTE|[93]
02:18:48.2 (23973796)|HEAP_ALLOCATE|[EXTERNAL]|Bytes:4
02:18:48.2 (23985005)|HEAP_ALLOCATE|[78]|Bytes:5
02:18:48.2 (23996462)|VARIABLE_SCOPE_BEGIN|[78]|s1|Schema.SObjectField|true|false
02:18:48.2 (24047191)|VARIABLE_ASSIGNMENT|[78]|s1|"common.apex.runtime.impl.ApexFieldToken@2d857f9d"|0x2d857f9d
02:18:48.2 (24054713)|STATEMENT_EXECUTE|[78]
02:18:48.2 (24055652)|STATEMENT_EXECUTE|[79]
02:18:48.2 (24059022)|HEAP_ALLOCATE|[79]|Bytes:4
02:18:48.2 (24068373)|VARIABLE_SCOPE_BEGIN|[79]|l|List<String>|true|false
02:18:48.2 (24084722)|HEAP_ALLOCATE|[EXTERNAL]|Bytes:4
02:18:48.2 (24091227)|VARIABLE_ASSIGNMENT|[79]|l|[]|0x671b267c
02:18:48.2 (24096118)|STATEMENT_EXECUTE|[80]
02:18:48.2 (24117851)|HEAP_ALLOCATE|[80]|Bytes:16
02:18:48.2 (24127504)|VARIABLE_SCOPE_BEGIN|[80]|field|String|false|false
02:18:48.2 (24136510)|VARIABLE_ASSIGNMENT|[80]|field|"BillingLongitude"
02:18:48.2 (24140491)|STATEMENT_EXECUTE|[82]
02:18:48.2 (24224413)|HEAP_ALLOCATE|[82]|Bytes:8
02:18:48.2 (24236666)|HEAP_ALLOCATE|[82]|Bytes:16
02:18:48.2 (24249725)|HEAP_ALLOCATE|[82]|Bytes:16
02:18:48.2 (24259604)|HEAP_ALLOCATE|[EXTERNAL]|Bytes:4
02:18:48.2 (24264342)|STATEMENT_EXECUTE|[84]
02:18:48.2 (24285713)|HEAP_ALLOCATE|[84]|Bytes:8
02:18:48.2 (24305707)|HEAP_ALLOCATE|[84]|Bytes:12
02:18:48.2 (24319767)|HEAP_ALLOCATE|[84]|Bytes:6
02:18:48.2 (24327699)|VARIABLE_SCOPE_BEGIN|[84]|dataType|String|false|false
02:18:48.2 (24336955)|VARIABLE_ASSIGNMENT|[84]|dataType|"DOUBLE"
02:18:48.2 (24341087)|STATEMENT_EXECUTE|[85]
02:18:48.2 (24343214)|VARIABLE_SCOPE_BEGIN|[85]|objName|String|false|false
02:18:48.2 (24350297)|VARIABLE_ASSIGNMENT|[85]|objName|""
02:18:48.2 (24360184)|STATEMENT_EXECUTE|[92]
02:18:48.2 (24363998)|HEAP_ALLOCATE|[92]|Bytes:27
02:18:48.2 (24371310)|HEAP_ALLOCATE|[EXTERNAL]|Bytes:4
02:18:48.2 (24375553)|STATEMENT_EXECUTE|[93]
02:18:48.2 (24391026)|HEAP_ALLOCATE|[EXTERNAL]|Bytes:4
02:18:48.2 (24402249)|HEAP_ALLOCATE|[78]|Bytes:5
02:18:48.2 (24413631)|VARIABLE_SCOPE_BEGIN|[78]|s1|Schema.SObjectField|true|false
02:18:48.2 (24463543)|VARIABLE_ASSIGNMENT|[78]|s1|"common.apex.runtime.impl.ApexFieldToken@29c6f1b0"|0x29c6f1b0
02:18:48.2 (24470262)|STATEMENT_EXECUTE|[78]
02:18:48.2 (24471125)|STATEMENT_EXECUTE|[79]
02:18:48.2 (24474495)|HEAP_ALLOCATE|[79]|Bytes:4
02:18:48.2 (24483839)|VARIABLE_SCOPE_BEGIN|[79]|l|List<String>|true|false
02:18:48.2 (24500029)|HEAP_ALLOCATE|[EXTERNAL]|Bytes:4
02:18:48.2 (24506785)|VARIABLE_ASSIGNMENT|[79]|l|[]|0x6d709297
02:18:48.2 (24511670)|STATEMENT_EXECUTE|[80]
02:18:48.2 (24532747)|HEAP_ALLOCATE|[80]|Bytes:22
02:18:48.2 (24542622)|VARIABLE_SCOPE_BEGIN|[80]|field|String|false|false
02:18:48.2 (24552639)|VARIABLE_ASSIGNMENT|[80]|field|"BillingGeocodeAccura (2 more) ..."
02:18:48.2 (24556845)|STATEMENT_EXECUTE|[82]
02:18:48.2 (24636476)|HEAP_ALLOCATE|[82]|Bytes:8
02:18:48.2 (24648071)|HEAP_ALLOCATE|[82]|Bytes:22
02:18:48.2 (24660035)|HEAP_ALLOCATE|[82]|Bytes:22
02:18:48.2 (24669387)|HEAP_ALLOCATE|[EXTERNAL]|Bytes:4
02:18:48.2 (24674152)|STATEMENT_EXECUTE|[84]
02:18:48.2 (24694586)|HEAP_ALLOCATE|[84]|Bytes:8
02:18:48.2 (24715931)|HEAP_ALLOCATE|[84]|Bytes:12
02:18:48.2 (24730181)|HEAP_ALLOCATE|[84]|Bytes:8
02:18:48.2 (24738055)|VARIABLE_SCOPE_BEGIN|[84]|dataType|String|false|false
02:18:48.2 (24748394)|VARIABLE_ASSIGNMENT|[84]|dataType|"PICKLIST"
02:18:48.2 (24752266)|STATEMENT_EXECUTE|[85]
02:18:48.2 (24754448)|VARIABLE_SCOPE_BEGIN|[85]|objName|String|false|false
02:18:48.2 (24762198)|VARIABLE_ASSIGNMENT|[85]|objName|""
02:18:48.2 (24775743)|STATEMENT_EXECUTE|[92]
02:18:48.2 (24779990)|HEAP_ALLOCATE|[92]|Bytes:35
02:18:48.2 (24787035)|HEAP_ALLOCATE|[EXTERNAL]|Bytes:4
02:18:48.2 (24791191)|STATEMENT_EXECUTE|[93]
02:18:48.2 (24807541)|HEAP_ALLOCATE|[EXTERNAL]|Bytes:4
02:18:48.2 (24818835)|HEAP_ALLOCATE|[78]|Bytes:5
02:18:48.2 (24830517)|VARIABLE_SCOPE_BEGIN|[78]|s1|Schema.SObjectField|true|false
02:18:48.2 (24881472)|VARIABLE_ASSIGNMENT|[78]|s1|"common.apex.runtime.impl.ApexFieldToken@10887483"|0x10887483
02:18:48.2 (24889130)|STATEMENT_EXECUTE|[78]
02:18:48.2 (24890089)|STATEMENT_EXECUTE|[79]
02:18:48.2 (24893391)|HEAP_ALLOCATE|[79]|Bytes:4
02:18:48.2 (24903077)|VARIABLE_SCOPE_BEGIN|[79]|l|List<String>|true|false
02:18:48.2 (24919197)|HEAP_ALLOCATE|[EXTERNAL]|Bytes:4
02:18:48.2 (24925961)|VARIABLE_ASSIGNMENT|[79]|l|[]|0x6efc8608
02:18:48.2 (24930603)|STATEMENT_EXECUTE|[80]
02:18:48.2 (24951759)|HEAP_ALLOCATE|[80]|Bytes:14
02:18:48.2 (24961954)|VARIABLE_SCOPE_BEGIN|[80]|field|String|false|false
02:18:48.2 (24970680)|VARIABLE_ASSIGNMENT|[80]|field|"BillingAddress"
02:18:48.2 (24974482)|STATEMENT_EXECUTE|[82]
02:18:48.2 (25040988)|HEAP_ALLOCATE|[82]|Bytes:8
02:18:48.2 (25052625)|HEAP_ALLOCATE|[82]|Bytes:14
02:18:48.2 (25064635)|HEAP_ALLOCATE|[82]|Bytes:14
02:18:48.2 (25074229)|HEAP_ALLOCATE|[EXTERNAL]|Bytes:4
02:18:48.2 (25078864)|STATEMENT_EXECUTE|[84]
02:18:48.2 (25100209)|HEAP_ALLOCATE|[84]|Bytes:8
02:18:48.2 (25119980)|HEAP_ALLOCATE|[84]|Bytes:12
02:18:48.2 (25134129)|HEAP_ALLOCATE|[84]|Bytes:7
02:18:48.2 (25141823)|VARIABLE_SCOPE_BEGIN|[84]|dataType|String|false|false
02:18:48.2 (25150582)|VARIABLE_ASSIGNMENT|[84]|dataType|"ADDRESS"
02:18:48.2 (25154274)|STATEMENT_EXECUTE|[85]
02:18:48.2 (25156364)|VARIABLE_SCOPE_BEGIN|[85]|objName|String|false|false
02:18:48.2 (25163169)|VARIABLE_ASSIGNMENT|[85]|objName|""
02:18:48.2 (25172900)|STATEMENT_EXECUTE|[92]
02:18:48.2 (25177036)|HEAP_ALLOCATE|[92]|Bytes:26
02:18:48.2 (25183709)|HEAP_ALLOCATE|[EXTERNAL]|Bytes:4
02:18:48.2 (25188078)|STATEMENT_EXECUTE|[93]
02:18:48.2 (25203681)|HEAP_ALLOCATE|[EXTERNAL]|Bytes:4
02:18:48.2 (25215085)|HEAP_ALLOCATE|[78]|Bytes:5
02:18:48.2 (25225790)|VARIABLE_SCOPE_BEGIN|[78]|s1|Schema.SObjectField|true|false
02:18:48.2 (25275192)|VARIABLE_ASSIGNMENT|[78]|s1|"common.apex.runtime.impl.ApexFieldToken@575cfee7"|0x575cfee7
02:18:48.2 (25282144)|STATEMENT_EXECUTE|[78]
02:18:48.2 (25283265)|STATEMENT_EXECUTE|[79]
02:18:48.2 (25286444)|HEAP_ALLOCATE|[79]|Bytes:4
02:18:48.2 (25296274)|VARIABLE_SCOPE_BEGIN|[79]|l|List<String>|true|false
02:18:48.2 (25312518)|HEAP_ALLOCATE|[EXTERNAL]|Bytes:4
02:18:48.2 (25319745)|VARIABLE_ASSIGNMENT|[79]|l|[]|0x2ffeda7
02:18:48.2 (25324741)|STATEMENT_EXECUTE|[80]
02:18:48.2 (25348441)|HEAP_ALLOCATE|[80]|Bytes:14
02:18:48.2 (25358444)|VARIABLE_SCOPE_BEGIN|[80]|field|String|false|false
02:18:48.2 (25367853)|VARIABLE_ASSIGNMENT|[80]|field|"ShippingStreet"
02:18:48.2 (25371858)|STATEMENT_EXECUTE|[82]
02:18:48.2 (25555630)|HEAP_ALLOCATE|[82]|Bytes:8
02:18:48.2 (25568935)|HEAP_ALLOCATE|[82]|Bytes:14
02:18:48.2 (25583022)|HEAP_ALLOCATE|[82]|Bytes:14
02:18:48.2 (25593493)|HEAP_ALLOCATE|[EXTERNAL]|Bytes:4
02:18:48.2 (25598764)|STATEMENT_EXECUTE|[84]
02:18:48.2 (25621482)|HEAP_ALLOCATE|[84]|Bytes:8
02:18:48.2 (25643479)|HEAP_ALLOCATE|[84]|Bytes:12
02:18:48.2 (25658068)|HEAP_ALLOCATE|[84]|Bytes:8
02:18:48.2 (25666152)|VARIABLE_SCOPE_BEGIN|[84]|dataType|String|false|false
02:18:48.2 (25675863)|VARIABLE_ASSIGNMENT|[84]|dataType|"TEXTAREA"
02:18:48.2 (25679643)|STATEMENT_EXECUTE|[85]
02:18:48.2 (25681858)|VARIABLE_SCOPE_BEGIN|[85]|objName|String|false|false
02:18:48.2 (25688679)|VARIABLE_ASSIGNMENT|[85]|objName|""
02:18:48.2 (25699998)|STATEMENT_EXECUTE|[92]
02:18:48.2 (25704363)|HEAP_ALLOCATE|[92]|Bytes:27
02:18:48.2 (25711505)|HEAP_ALLOCATE|[EXTERNAL]|Bytes:4
02:18:48.2 (25715838)|STATEMENT_EXECUTE|[93]
02:18:48.2 (25732210)|HEAP_ALLOCATE|[EXTERNAL]|Bytes:4
02:18:48.2 (25743437)|HEAP_ALLOCATE|[78]|Bytes:5
02:18:48.2 (25754944)|VARIABLE_SCOPE_BEGIN|[78]|s1|Schema.SObjectField|true|false
02:18:48.2 (25810601)|VARIABLE_ASSIGNMENT|[78]|s1|"common.apex.runtime.impl.ApexFieldToken@51a31a06"|0x51a31a06
02:18:48.2 (25818164)|STATEMENT_EXECUTE|[78]
02:18:48.2 (25819027)|STATEMENT_EXECUTE|[79]
02:18:48.2 (25822429)|HEAP_ALLOCATE|[79]|Bytes:4
02:18:48.2 (25832412)|VARIABLE_SCOPE_BEGIN|[79]|l|List<String>|true|false
02:18:48.2 (25849788)|HEAP_ALLOCATE|[EXTERNAL]|Bytes:4
02:18:48.2 (25856630)|VARIABLE_ASSIGNMENT|[79]|l|[]|0x4574075a
02:18:48.2 (25861513)|STATEMENT_EXECUTE|[80]
02:18:48.2 (25883679)|HEAP_ALLOCATE|[80]|Bytes:12
02:18:48.2 (25893561)|VARIABLE_SCOPE_BEGIN|[80]|field|String|false|false
02:18:48.2 (25901932)|VARIABLE_ASSIGNMENT|[80]|field|"ShippingCity"
02:18:48.2 (25905803)|STATEMENT_EXECUTE|[82]
02:18:48.2 (25983825)|HEAP_ALLOCATE|[82]|Bytes:8
02:18:48.2 (25995717)|HEAP_ALLOCATE|[82]|Bytes:12
02:18:48.2 (26008455)|HEAP_ALLOCATE|[82]|Bytes:12
02:18:48.2 (26019294)|HEAP_ALLOCATE|[EXTERNAL]|Bytes:4
02:18:48.2 (26023602)|STATEMENT_EXECUTE|[84]
02:18:48.2 (26045709)|HEAP_ALLOCATE|[84]|Bytes:8
02:18:48.2 (26066891)|HEAP_ALLOCATE|[84]|Bytes:12
02:18:48.2 (26081111)|HEAP_ALLOCATE|[84]|Bytes:6
02:18:48.2 (26088979)|VARIABLE_SCOPE_BEGIN|[84]|dataType|String|false|false
02:18:48.2 (26098578)|VARIABLE_ASSIGNMENT|[84]|dataType|"STRING"
02:18:48.2 (26102274)|STATEMENT_EXECUTE|[85]
02:18:48.2 (26104291)|VARIABLE_SCOPE_BEGIN|[85]|objName|String|false|false
02:18:48.2 (26110730)|VARIABLE_ASSIGNMENT|[85]|objName|""
02:18:48.2 (26120694)|STATEMENT_EXECUTE|[92]
02:18:48.2 (26124561)|HEAP_ALLOCATE|[92]|Bytes:23
02:18:48.2 (26131877)|HEAP_ALLOCATE|[EXTERNAL]|Bytes:4
02:18:48.2 (26136755)|STATEMENT_EXECUTE|[93]
02:18:48.2 (26152552)|HEAP_ALLOCATE|[EXTERNAL]|Bytes:4
02:18:48.2 (26164637)|HEAP_ALLOCATE|[78]|Bytes:5
02:18:48.2 (26176541)|VARIABLE_SCOPE_BEGIN|[78]|s1|Schema.SObjectField|true|false
02:18:48.2 (26226119)|VARIABLE_ASSIGNMENT|[78]|s1|"common.apex.runtime.impl.ApexFieldToken@4f763af3"|0x4f763af3
02:18:48.2 (26233086)|STATEMENT_EXECUTE|[78]
02:18:48.2 (26233954)|STATEMENT_EXECUTE|[79]
02:18:48.2 (26237729)|HEAP_ALLOCATE|[79]|Bytes:4
02:18:48.2 (26247524)|VARIABLE_SCOPE_BEGIN|[79]|l|List<String>|true|false
02:18:48.2 (26263947)|HEAP_ALLOCATE|[EXTERNAL]|Bytes:4
02:18:48.2 (26271126)|VARIABLE_ASSIGNMENT|[79]|l|[]|0x71080db5
02:18:48.2 (26276165)|STATEMENT_EXECUTE|[80]
02:18:48.2 (26297013)|HEAP_ALLOCATE|[80]|Bytes:13
02:18:48.2 (26306844)|VARIABLE_SCOPE_BEGIN|[80]|field|String|false|false
02:18:48.2 (26315473)|VARIABLE_ASSIGNMENT|[80]|field|"ShippingState"
02:18:48.2 (26319373)|STATEMENT_EXECUTE|[82]
02:18:48.2 (26393872)|HEAP_ALLOCATE|[82]|Bytes:8
02:18:48.2 (26405504)|HEAP_ALLOCATE|[82]|Bytes:13
02:18:48.2 (26417952)|HEAP_ALLOCATE|[82]|Bytes:13
02:18:48.2 (26427480)|HEAP_ALLOCATE|[EXTERNAL]|Bytes:4
02:18:48.2 (26431524)|STATEMENT_EXECUTE|[84]
02:18:48.2 (26452768)|HEAP_ALLOCATE|[84]|Bytes:8
02:18:48.2 (26473101)|HEAP_ALLOCATE|[84]|Bytes:12
02:18:48.2 (26486913)|HEAP_ALLOCATE|[84]|Bytes:6
02:18:48.2 (26495122)|VARIABLE_SCOPE_BEGIN|[84]|dataType|String|false|false
02:18:48.2 (26504069)|VARIABLE_ASSIGNMENT|[84]|dataType|"STRING"
02:18:48.2 (26507996)|STATEMENT_EXECUTE|[85]
02:18:48.2 (26510129)|VARIABLE_SCOPE_BEGIN|[85]|objName|String|false|false
02:18:48.2 (26517026)|VARIABLE_ASSIGNMENT|[85]|objName|""
02:18:48.2 (26526967)|STATEMENT_EXECUTE|[92]
02:18:48.2 (26530777)|HEAP_ALLOCATE|[92]|Bytes:24
02:18:48.2 (26537972)|HEAP_ALLOCATE|[EXTERNAL]|Bytes:4
02:18:48.2 (26542938)|STATEMENT_EXECUTE|[93]
02:18:48.2 (26559502)|HEAP_ALLOCATE|[EXTERNAL]|Bytes:4
02:18:48.2 (26571262)|HEAP_ALLOCATE|[78]|Bytes:5
02:18:48.2 (26582757)|VARIABLE_SCOPE_BEGIN|[78]|s1|Schema.SObjectField|true|false
02:18:48.2 (26652926)|VARIABLE_ASSIGNMENT|[78]|s1|"common.apex.runtime.impl.ApexFieldToken@1c0973f2"|0x1c0973f2
02:18:48.2 (26661276)|STATEMENT_EXECUTE|[78]
02:18:48.2 (26662181)|STATEMENT_EXECUTE|[79]
02:18:48.2 (26665784)|HEAP_ALLOCATE|[79]|Bytes:4
02:18:48.2 (26677113)|VARIABLE_SCOPE_BEGIN|[79]|l|List<String>|true|false
02:18:48.2 (26695135)|HEAP_ALLOCATE|[EXTERNAL]|Bytes:4
02:18:48.2 (26702133)|VARIABLE_ASSIGNMENT|[79]|l|[]|0x3f8b6445
02:18:48.2 (26707617)|STATEMENT_EXECUTE|[80]
02:18:48.2 (26731241)|HEAP_ALLOCATE|[80]|Bytes:18
02:18:48.2 (26740948)|VARIABLE_SCOPE_BEGIN|[80]|field|String|false|false
02:18:48.2 (26753760)|VARIABLE_ASSIGNMENT|[80]|field|"ShippingPostalCode"
02:18:48.2 (26757836)|STATEMENT_EXECUTE|[82]
02:18:48.2 (26842911)|HEAP_ALLOCATE|[82]|Bytes:8
02:18:48.2 (26856909)|HEAP_ALLOCATE|[82]|Bytes:18
02:18:48.2 (26869797)|HEAP_ALLOCATE|[82]|Bytes:18
02:18:48.2 (26879628)|HEAP_ALLOCATE|[EXTERNAL]|Bytes:4
02:18:48.2 (26884064)|STATEMENT_EXECUTE|[84]
02:18:48.2 (26905603)|HEAP_ALLOCATE|[84]|Bytes:8
02:18:48.2 (26927328)|HEAP_ALLOCATE|[84]|Bytes:12
02:18:48.2 (26942377)|HEAP_ALLOCATE|[84]|Bytes:6
02:18:48.2 (26949705)|VARIABLE_SCOPE_BEGIN|[84]|dataType|String|false|false
02:18:48.2 (26959874)|VARIABLE_ASSIGNMENT|[84]|dataType|"STRING"
02:18:48.2 (26964358)|STATEMENT_EXECUTE|[85]
02:18:48.2 (26966608)|VARIABLE_SCOPE_BEGIN|[85]|objName|String|false|false
02:18:48.2 (26973563)|VARIABLE_ASSIGNMENT|[85]|objName|""
02:18:48.2 (26983338)|STATEMENT_EXECUTE|[92]
02:18:48.2 (26987300)|HEAP_ALLOCATE|[92]|Bytes:29
02:18:48.2 (26994078)|HEAP_ALLOCATE|[EXTERNAL]|Bytes:4
02:18:48.2 (26998079)|STATEMENT_EXECUTE|[93]
02:18:48.2 (27014679)|HEAP_ALLOCATE|[EXTERNAL]|Bytes:4
02:18:48.2 (27027598)|HEAP_ALLOCATE|[78]|Bytes:5
02:18:48.2 (27038951)|VARIABLE_SCOPE_BEGIN|[78]|s1|Schema.SObjectField|true|false
02:18:48.2 (27089771)|VARIABLE_ASSIGNMENT|[78]|s1|"common.apex.runtime.impl.ApexFieldToken@2c121d52"|0x2c121d52
02:18:48.2 (27096711)|STATEMENT_EXECUTE|[78]
02:18:48.2 (27097568)|STATEMENT_EXECUTE|[79]
02:18:48.2 (27100899)|HEAP_ALLOCATE|[79]|Bytes:4
02:18:48.2 (27110699)|VARIABLE_SCOPE_BEGIN|[79]|l|List<String>|true|false
02:18:48.2 (27126770)|HEAP_ALLOCATE|[EXTERNAL]|Bytes:4
02:18:48.2 (27133324)|VARIABLE_ASSIGNMENT|[79]|l|[]|0x51122385
02:18:48.2 (27137965)|STATEMENT_EXECUTE|[80]
02:18:48.2 (27159862)|HEAP_ALLOCATE|[80]|Bytes:15
02:18:48.2 (27169957)|VARIABLE_SCOPE_BEGIN|[80]|field|String|false|false
02:18:48.2 (27179895)|VARIABLE_ASSIGNMENT|[80]|field|"ShippingCountry"
02:18:48.2 (27184415)|STATEMENT_EXECUTE|[82]
02:18:48.2 (27259910)|HEAP_ALLOCATE|[82]|Bytes:8
02:18:48.2 (27271287)|HEAP_ALLOCATE|[82]|Bytes:15
02:18:48.2 (27283377)|HEAP_ALLOCATE|[82]|Bytes:15
02:18:48.2 (27293002)|HEAP_ALLOCATE|[EXTERNAL]|Bytes:4
02:18:48.2 (27297628)|STATEMENT_EXECUTE|[84]
02:18:48.2 (27317820)|HEAP_ALLOCATE|[84]|Bytes:8
02:18:48.2 (27338486)|HEAP_ALLOCATE|[84]|Bytes:12
02:18:48.2 (27352657)|HEAP_ALLOCATE|[84]|Bytes:6
02:18:48.2 (27359930)|VARIABLE_SCOPE_BEGIN|[84]|dataType|String|false|false
02:18:48.2 (27369259)|VARIABLE_ASSIGNMENT|[84]|dataType|"STRING"
02:18:48.2 (27373221)|STATEMENT_EXECUTE|[85]
02:18:48.2 (27375321)|VARIABLE_SCOPE_BEGIN|[85]|objName|String|false|false
02:18:48.2 (27382033)|VARIABLE_ASSIGNMENT|[85]|objName|""
02:18:48.2 (27391459)|STATEMENT_EXECUTE|[92]
02:18:48.2 (27395280)|HEAP_ALLOCATE|[92]|Bytes:26
02:18:48.2 (27401845)|HEAP_ALLOCATE|[EXTERNAL]|Bytes:4
02:18:48.2 (27405918)|STATEMENT_EXECUTE|[93]
02:18:48.2 (27421896)|HEAP_ALLOCATE|[EXTERNAL]|Bytes:4
02:18:48.2 (27433229)|HEAP_ALLOCATE|[78]|Bytes:5
02:18:48.2 (27444623)|VARIABLE_SCOPE_BEGIN|[78]|s1|Schema.SObjectField|true|false
02:18:48.2 (27493562)|VARIABLE_ASSIGNMENT|[78]|s1|"common.apex.runtime.impl.ApexFieldToken@65a851fc"|0x65a851fc
02:18:48.2 (27500136)|STATEMENT_EXECUTE|[78]
02:18:48.2 (27501098)|STATEMENT_EXECUTE|[79]
02:18:48.2 (27504191)|HEAP_ALLOCATE|[79]|Bytes:4
02:18:48.2 (27513996)|VARIABLE_SCOPE_BEGIN|[79]|l|List<String>|true|false
02:18:48.2 (27530296)|HEAP_ALLOCATE|[EXTERNAL]|Bytes:4
02:18:48.2 (27537429)|VARIABLE_ASSIGNMENT|[79]|l|[]|0x7c015582
02:18:48.2 (27542068)|STATEMENT_EXECUTE|[80]
02:18:48.2 (27564253)|HEAP_ALLOCATE|[80]|Bytes:16
02:18:48.2 (27573847)|VARIABLE_SCOPE_BEGIN|[80]|field|String|false|false
02:18:48.2 (27583113)|VARIABLE_ASSIGNMENT|[80]|field|"ShippingLatitude"
02:18:48.2 (27587277)|STATEMENT_EXECUTE|[82]
02:18:48.2 (27662908)|HEAP_ALLOCATE|[82]|Bytes:8
02:18:48.2 (27673247)|HEAP_ALLOCATE|[82]|Bytes:16
02:18:48.2 (27685453)|HEAP_ALLOCATE|[82]|Bytes:16
02:18:48.2 (27695497)|HEAP_ALLOCATE|[EXTERNAL]|Bytes:4
02:18:48.2 (27700286)|STATEMENT_EXECUTE|[84]
02:18:48.2 (27721619)|HEAP_ALLOCATE|[84]|Bytes:8
02:18:48.2 (27741321)|HEAP_ALLOCATE|[84]|Bytes:12
02:18:48.2 (27755247)|HEAP_ALLOCATE|[84]|Bytes:6
02:18:48.2 (27763017)|VARIABLE_SCOPE_BEGIN|[84]|dataType|String|false|false
02:18:48.2 (27777186)|VARIABLE_ASSIGNMENT|[84]|dataType|"DOUBLE"
02:18:48.2 (27781118)|STATEMENT_EXECUTE|[85]
02:18:48.2 (27783583)|VARIABLE_SCOPE_BEGIN|[85]|objName|String|false|false
02:18:48.2 (27790207)|VARIABLE_ASSIGNMENT|[85]|objName|""
02:18:48.2 (27799953)|STATEMENT_EXECUTE|[92]
02:18:48.2 (27803848)|HEAP_ALLOCATE|[92]|Bytes:27
02:18:48.2 (27811221)|HEAP_ALLOCATE|[EXTERNAL]|Bytes:4
02:18:48.2 (27815939)|STATEMENT_EXECUTE|[93]
02:18:48.2 (27831749)|HEAP_ALLOCATE|[EXTERNAL]|Bytes:4
02:18:48.2 (27842926)|HEAP_ALLOCATE|[78]|Bytes:5
02:18:48.2 (27856506)|VARIABLE_SCOPE_BEGIN|[78]|s1|Schema.SObjectField|true|false
02:18:48.2 (27909703)|VARIABLE_ASSIGNMENT|[78]|s1|"common.apex.runtime.impl.ApexFieldToken@1bf75e18"|0x1bf75e18
02:18:48.2 (27916727)|STATEMENT_EXECUTE|[78]
02:18:48.2 (27917629)|STATEMENT_EXECUTE|[79]
02:18:48.2 (27921028)|HEAP_ALLOCATE|[79]|Bytes:4
02:18:48.2 (27930906)|VARIABLE_SCOPE_BEGIN|[79]|l|List<String>|true|false
02:18:48.2 (27947372)|HEAP_ALLOCATE|[EXTERNAL]|Bytes:4
02:18:48.2 (27953637)|VARIABLE_ASSIGNMENT|[79]|l|[]|0x4e7786a3
02:18:48.2 (27958042)|STATEMENT_EXECUTE|[80]
02:18:48.2 (27979892)|HEAP_ALLOCATE|[80]|Bytes:17
02:18:48.2 (27989529)|VARIABLE_SCOPE_BEGIN|[80]|field|String|false|false
02:18:48.2 (27998279)|VARIABLE_ASSIGNMENT|[80]|field|"ShippingLongitude"
02:18:48.2 (28002591)|STATEMENT_EXECUTE|[82]
02:18:48.2 (28079279)|HEAP_ALLOCATE|[82]|Bytes:8
02:18:48.2 (28090152)|HEAP_ALLOCATE|[82]|Bytes:17
02:18:48.2 (28102356)|HEAP_ALLOCATE|[82]|Bytes:17
02:18:48.2 (28111751)|HEAP_ALLOCATE|[EXTERNAL]|Bytes:4
02:18:48.2 (28115806)|STATEMENT_EXECUTE|[84]
02:18:48.2 (28136750)|HEAP_ALLOCATE|[84]|Bytes:8
02:18:48.2 (28157175)|HEAP_ALLOCATE|[84]|Bytes:12
02:18:48.2 (28171530)|HEAP_ALLOCATE|[84]|Bytes:6
02:18:48.2 (28179034)|VARIABLE_SCOPE_BEGIN|[84]|dataType|String|false|false
02:18:48.2 (28188695)|VARIABLE_ASSIGNMENT|[84]|dataType|"DOUBLE"
02:18:48.2 (28192522)|STATEMENT_EXECUTE|[85]
02:18:48.2 (28194542)|VARIABLE_SCOPE_BEGIN|[85]|objName|String|false|false
02:18:48.2 (28201456)|VARIABLE_ASSIGNMENT|[85]|objName|""
02:18:48.2 (28210814)|STATEMENT_EXECUTE|[92]
02:18:48.2 (28214763)|HEAP_ALLOCATE|[92]|Bytes:28
02:18:48.2 (28221217)|HEAP_ALLOCATE|[EXTERNAL]|Bytes:4
02:18:48.2 (28225439)|STATEMENT_EXECUTE|[93]
02:18:48.2 (28241043)|HEAP_ALLOCATE|[EXTERNAL]|Bytes:4
02:18:48.2 (28252243)|HEAP_ALLOCATE|[78]|Bytes:5
02:18:48.2 (28263664)|VARIABLE_SCOPE_BEGIN|[78]|s1|Schema.SObjectField|true|false
02:18:48.2 (28316008)|VARIABLE_ASSIGNMENT|[78]|s1|"common.apex.runtime.impl.ApexFieldToken@4c363877"|0x4c363877
02:18:48.2 (28323163)|STATEMENT_EXECUTE|[78]
02:18:48.2 (28324052)|STATEMENT_EXECUTE|[79]
02:18:48.2 (28327041)|HEAP_ALLOCATE|[79]|Bytes:4
02:18:48.2 (28336681)|VARIABLE_SCOPE_BEGIN|[79]|l|List<String>|true|false
02:18:48.2 (28352089)|HEAP_ALLOCATE|[EXTERNAL]|Bytes:4
02:18:48.2 (28358466)|VARIABLE_ASSIGNMENT|[79]|l|[]|0x7dbafa68
02:18:48.2 (28363449)|STATEMENT_EXECUTE|[80]
02:18:48.2 (28384268)|HEAP_ALLOCATE|[80]|Bytes:23
02:18:48.2 (28393675)|VARIABLE_SCOPE_BEGIN|[80]|field|String|false|false
02:18:48.2 (28403908)|VARIABLE_ASSIGNMENT|[80]|field|"ShippingGeocodeAccur (3 more) ..."
02:18:48.2 (28408306)|STATEMENT_EXECUTE|[82]
02:18:48.2 (28479063)|HEAP_ALLOCATE|[82]|Bytes:8
02:18:48.2 (28490295)|HEAP_ALLOCATE|[82]|Bytes:23
02:18:48.2 (28503087)|HEAP_ALLOCATE|[82]|Bytes:23
02:18:48.2 (28512592)|HEAP_ALLOCATE|[EXTERNAL]|Bytes:4
02:18:48.2 (28517267)|STATEMENT_EXECUTE|[84]
02:18:48.2 (28538319)|HEAP_ALLOCATE|[84]|Bytes:8
02:18:48.2 (28558317)|HEAP_ALLOCATE|[84]|Bytes:12
02:18:48.2 (28572257)|HEAP_ALLOCATE|[84]|Bytes:8
02:18:48.2 (28579611)|VARIABLE_SCOPE_BEGIN|[84]|dataType|String|false|false
02:18:48.2 (28588986)|VARIABLE_ASSIGNMENT|[84]|dataType|"PICKLIST"
02:18:48.2 (28593151)|STATEMENT_EXECUTE|[85]
02:18:48.2 (28595531)|VARIABLE_SCOPE_BEGIN|[85]|objName|String|false|false
02:18:48.2 (28602101)|VARIABLE_ASSIGNMENT|[85]|objName|""
02:18:48.2 (28611424)|STATEMENT_EXECUTE|[92]
02:18:48.2 (28615070)|HEAP_ALLOCATE|[92]|Bytes:36
02:18:48.2 (28622585)|HEAP_ALLOCATE|[EXTERNAL]|Bytes:4
02:18:48.2 (28627377)|STATEMENT_EXECUTE|[93]
02:18:48.2 (28642940)|HEAP_ALLOCATE|[EXTERNAL]|Bytes:4
02:18:48.2 (28654069)|HEAP_ALLOCATE|[78]|Bytes:5
02:18:48.2 (28665599)|VARIABLE_SCOPE_BEGIN|[78]|s1|Schema.SObjectField|true|false
02:18:48.2 (28714510)|VARIABLE_ASSIGNMENT|[78]|s1|"common.apex.runtime.impl.ApexFieldToken@70f2542e"|0x70f2542e
02:18:48.2 (28721650)|STATEMENT_EXECUTE|[78]
02:18:48.2 (28722705)|STATEMENT_EXECUTE|[79]
02:18:48.2 (28726097)|HEAP_ALLOCATE|[79]|Bytes:4
02:18:48.2 (28735977)|VARIABLE_SCOPE_BEGIN|[79]|l|List<String>|true|false
02:18:48.2 (28751678)|HEAP_ALLOCATE|[EXTERNAL]|Bytes:4
02:18:48.2 (28759552)|VARIABLE_ASSIGNMENT|[79]|l|[]|0x4fc633c1
02:18:48.2 (28764493)|STATEMENT_EXECUTE|[80]
02:18:48.2 (28791662)|HEAP_ALLOCATE|[80]|Bytes:15
02:18:48.2 (28801937)|VARIABLE_SCOPE_BEGIN|[80]|field|String|false|false
02:18:48.2 (28810756)|VARIABLE_ASSIGNMENT|[80]|field|"ShippingAddress"
02:18:48.2 (28814770)|STATEMENT_EXECUTE|[82]
02:18:48.2 (29137059)|HEAP_ALLOCATE|[82]|Bytes:8
02:18:48.2 (29152093)|HEAP_ALLOCATE|[82]|Bytes:15
02:18:48.2 (29166542)|HEAP_ALLOCATE|[82]|Bytes:15
02:18:48.2 (29176944)|HEAP_ALLOCATE|[EXTERNAL]|Bytes:4
02:18:48.2 (29181937)|STATEMENT_EXECUTE|[84]
02:18:48.2 (29205723)|HEAP_ALLOCATE|[84]|Bytes:8
02:18:48.2 (29227255)|HEAP_ALLOCATE|[84]|Bytes:12
02:18:48.2 (29241972)|HEAP_ALLOCATE|[84]|Bytes:7
02:18:48.2 (29250225)|VARIABLE_SCOPE_BEGIN|[84]|dataType|String|false|false
02:18:48.2 (29259902)|VARIABLE_ASSIGNMENT|[84]|dataType|"ADDRESS"
02:18:48.2 (29264080)|STATEMENT_EXECUTE|[85]
02:18:48.2 (29266175)|VARIABLE_SCOPE_BEGIN|[85]|objName|String|false|false
02:18:48.2 (29272954)|VARIABLE_ASSIGNMENT|[85]|objName|""
02:18:48.2 (29282954)|STATEMENT_EXECUTE|[92]
02:18:48.2 (29287414)|HEAP_ALLOCATE|[92]|Bytes:27
02:18:48.2 (29294844)|HEAP_ALLOCATE|[EXTERNAL]|Bytes:4
02:18:48.2 (29299139)|STATEMENT_EXECUTE|[93]
02:18:48.2 (29315647)|HEAP_ALLOCATE|[EXTERNAL]|Bytes:4
02:18:48.2 (29327684)|HEAP_ALLOCATE|[78]|Bytes:5
02:18:48.2 (29339309)|VARIABLE_SCOPE_BEGIN|[78]|s1|Schema.SObjectField|true|false
02:18:48.2 (29390907)|VARIABLE_ASSIGNMENT|[78]|s1|"common.apex.runtime.impl.ApexFieldToken@57f2dc7d"|0x57f2dc7d
02:18:48.2 (29398062)|STATEMENT_EXECUTE|[78]
02:18:48.2 (29398945)|STATEMENT_EXECUTE|[79]
02:18:48.2 (29402187)|HEAP_ALLOCATE|[79]|Bytes:4
02:18:48.2 (29412751)|VARIABLE_SCOPE_BEGIN|[79]|l|List<String>|true|false
02:18:48.2 (29429797)|HEAP_ALLOCATE|[EXTERNAL]|Bytes:4
02:18:48.2 (29436459)|VARIABLE_ASSIGNMENT|[79]|l|[]|0x30546e1f
02:18:48.2 (29441849)|STATEMENT_EXECUTE|[80]
02:18:48.2 (29466259)|HEAP_ALLOCATE|[80]|Bytes:12
02:18:48.2 (29476655)|VARIABLE_SCOPE_BEGIN|[80]|field|String|false|false
02:18:48.2 (29487576)|VARIABLE_ASSIGNMENT|[80]|field|"ContractTerm"
02:18:48.2 (29491585)|STATEMENT_EXECUTE|[82]
02:18:48.2 (29592364)|HEAP_ALLOCATE|[82]|Bytes:8
02:18:48.2 (29605046)|HEAP_ALLOCATE|[82]|Bytes:12
02:18:48.2 (29617587)|HEAP_ALLOCATE|[82]|Bytes:12
02:18:48.2 (29627347)|HEAP_ALLOCATE|[EXTERNAL]|Bytes:4
02:18:48.2 (29631617)|STATEMENT_EXECUTE|[84]
02:18:48.2 (29653255)|HEAP_ALLOCATE|[84]|Bytes:8
02:18:48.2 (29674497)|HEAP_ALLOCATE|[84]|Bytes:12
02:18:48.2 (29689052)|HEAP_ALLOCATE|[84]|Bytes:7
02:18:48.2 (29697048)|VARIABLE_SCOPE_BEGIN|[84]|dataType|String|false|false
02:18:48.2 (29707633)|VARIABLE_ASSIGNMENT|[84]|dataType|"INTEGER"
02:18:48.2 (29712421)|STATEMENT_EXECUTE|[85]
02:18:48.2 (29714632)|VARIABLE_SCOPE_BEGIN|[85]|objName|String|false|false
02:18:48.2 (29721314)|VARIABLE_ASSIGNMENT|[85]|objName|""
02:18:48.2 (29731432)|STATEMENT_EXECUTE|[92]
02:18:48.2 (29735423)|HEAP_ALLOCATE|[92]|Bytes:24
02:18:48.2 (29742493)|HEAP_ALLOCATE|[EXTERNAL]|Bytes:4
02:18:48.2 (29746534)|STATEMENT_EXECUTE|[93]
02:18:48.2 (29763188)|HEAP_ALLOCATE|[EXTERNAL]|Bytes:4
02:18:48.2 (29779607)|HEAP_ALLOCATE|[78]|Bytes:5
02:18:48.2 (29791951)|VARIABLE_SCOPE_BEGIN|[78]|s1|Schema.SObjectField|true|false
02:18:48.2 (29842966)|VARIABLE_ASSIGNMENT|[78]|s1|"common.apex.runtime.impl.ApexFieldToken@76d45f05"|0x76d45f05
02:18:48.2 (29853570)|STATEMENT_EXECUTE|[78]
02:18:48.2 (29854585)|STATEMENT_EXECUTE|[79]
02:18:48.2 (29858221)|HEAP_ALLOCATE|[79]|Bytes:4
02:18:48.2 (29868765)|VARIABLE_SCOPE_BEGIN|[79]|l|List<String>|true|false
02:18:48.2 (29886087)|HEAP_ALLOCATE|[EXTERNAL]|Bytes:4
02:18:48.2 (29892931)|VARIABLE_ASSIGNMENT|[79]|l|[]|0x28af0662
02:18:48.2 (29897828)|STATEMENT_EXECUTE|[80]
02:18:48.2 (29922141)|HEAP_ALLOCATE|[80]|Bytes:7
02:18:48.2 (29932052)|VARIABLE_SCOPE_BEGIN|[80]|field|String|false|false
02:18:48.2 (29940349)|VARIABLE_ASSIGNMENT|[80]|field|"OwnerId"
02:18:48.2 (29943893)|STATEMENT_EXECUTE|[82]
02:18:48.2 (30039144)|HEAP_ALLOCATE|[82]|Bytes:8
02:18:48.2 (30051671)|HEAP_ALLOCATE|[82]|Bytes:7
02:18:48.2 (30064167)|HEAP_ALLOCATE|[82]|Bytes:7
02:18:48.2 (30073536)|HEAP_ALLOCATE|[EXTERNAL]|Bytes:4
02:18:48.2 (30078344)|STATEMENT_EXECUTE|[84]
02:18:48.2 (30099563)|HEAP_ALLOCATE|[84]|Bytes:8
02:18:48.2 (30122554)|HEAP_ALLOCATE|[84]|Bytes:12
02:18:48.2 (30137556)|HEAP_ALLOCATE|[84]|Bytes:9
02:18:48.2 (30145698)|VARIABLE_SCOPE_BEGIN|[84]|dataType|String|false|false
02:18:48.2 (30155879)|VARIABLE_ASSIGNMENT|[84]|dataType|"REFERENCE"
02:18:48.2 (30159935)|STATEMENT_EXECUTE|[85]
02:18:48.2 (30162156)|VARIABLE_SCOPE_BEGIN|[85]|objName|String|false|false
02:18:48.2 (30168943)|VARIABLE_ASSIGNMENT|[85]|objName|""
02:18:48.2 (30180345)|STATEMENT_EXECUTE|[87]
02:18:48.2 (30181348)|STATEMENT_EXECUTE|[88]
02:18:48.2 (30205250)|HEAP_ALLOCATE|[88]|Bytes:8
02:18:48.2 (30226161)|HEAP_ALLOCATE|[EXTERNAL]|Bytes:8
02:18:48.2 (30238302)|HEAP_ALLOCATE|[88]|Bytes:8
02:18:48.2 (30310909)|HEAP_ALLOCATE|[88]|Bytes:4
02:18:48.2 (30322156)|HEAP_ALLOCATE|[88]|Bytes:4
02:18:48.2 (30333877)|HEAP_ALLOCATE|[88]|Bytes:4
02:18:48.2 (30344335)|VARIABLE_ASSIGNMENT|[88]|objName|"User"
02:18:48.2 (30348254)|STATEMENT_EXECUTE|[89]
02:18:48.2 (30352840)|HEAP_ALLOCATE|[89]|Bytes:25
02:18:48.2 (30359778)|HEAP_ALLOCATE|[EXTERNAL]|Bytes:4
02:18:48.2 (30364699)|STATEMENT_EXECUTE|[93]
02:18:48.2 (30380700)|HEAP_ALLOCATE|[EXTERNAL]|Bytes:4
02:18:48.2 (30392705)|HEAP_ALLOCATE|[78]|Bytes:5
02:18:48.2 (30405258)|VARIABLE_SCOPE_BEGIN|[78]|s1|Schema.SObjectField|true|false
02:18:48.2 (30456995)|VARIABLE_ASSIGNMENT|[78]|s1|"common.apex.runtime.impl.ApexFieldToken@b5c3428"|0xb5c3428
02:18:48.2 (30464270)|STATEMENT_EXECUTE|[78]
02:18:48.2 (30465201)|STATEMENT_EXECUTE|[79]
02:18:48.2 (30468713)|HEAP_ALLOCATE|[79]|Bytes:4
02:18:48.2 (30479027)|VARIABLE_SCOPE_BEGIN|[79]|l|List<String>|true|false
02:18:48.2 (30496984)|HEAP_ALLOCATE|[EXTERNAL]|Bytes:4
02:18:48.2 (30504005)|VARIABLE_ASSIGNMENT|[79]|l|[]|0x474bf8d1
02:18:48.2 (30509337)|STATEMENT_EXECUTE|[80]
02:18:48.2 (30533167)|HEAP_ALLOCATE|[80]|Bytes:6
02:18:48.2 (30543102)|VARIABLE_SCOPE_BEGIN|[80]|field|String|false|false
02:18:48.2 (30551110)|VARIABLE_ASSIGNMENT|[80]|field|"Status"
02:18:48.2 (30555039)|STATEMENT_EXECUTE|[82]
02:18:48.2 (30648416)|HEAP_ALLOCATE|[82]|Bytes:8
02:18:48.2 (30660418)|HEAP_ALLOCATE|[82]|Bytes:6
02:18:48.2 (30673404)|HEAP_ALLOCATE|[82]|Bytes:6
02:18:48.2 (30682847)|HEAP_ALLOCATE|[EXTERNAL]|Bytes:4
02:18:48.2 (30687862)|STATEMENT_EXECUTE|[84]
02:18:48.2 (30709646)|HEAP_ALLOCATE|[84]|Bytes:8
02:18:48.2 (30731270)|HEAP_ALLOCATE|[84]|Bytes:12
02:18:48.2 (30745296)|HEAP_ALLOCATE|[84]|Bytes:8
02:18:48.2 (30753537)|VARIABLE_SCOPE_BEGIN|[84]|dataType|String|false|false
02:18:48.2 (30763238)|VARIABLE_ASSIGNMENT|[84]|dataType|"PICKLIST"
02:18:48.2 (30767860)|STATEMENT_EXECUTE|[85]
02:18:48.2 (30770009)|VARIABLE_SCOPE_BEGIN|[85]|objName|String|false|false
02:18:48.2 (30781136)|VARIABLE_ASSIGNMENT|[85]|objName|""
02:18:48.2 (30791814)|STATEMENT_EXECUTE|[92]
02:18:48.2 (30795910)|HEAP_ALLOCATE|[92]|Bytes:19
02:18:48.2 (30803505)|HEAP_ALLOCATE|[EXTERNAL]|Bytes:4
02:18:48.2 (30807725)|STATEMENT_EXECUTE|[93]
02:18:48.2 (30823712)|HEAP_ALLOCATE|[EXTERNAL]|Bytes:4
02:18:48.2 (30835256)|HEAP_ALLOCATE|[78]|Bytes:5
02:18:48.2 (30848453)|VARIABLE_SCOPE_BEGIN|[78]|s1|Schema.SObjectField|true|false
02:18:48.2 (30900872)|VARIABLE_ASSIGNMENT|[78]|s1|"common.apex.runtime.impl.ApexFieldToken@696d5249"|0x696d5249
02:18:48.2 (30907979)|STATEMENT_EXECUTE|[78]
02:18:48.2 (30908866)|STATEMENT_EXECUTE|[79]
02:18:48.2 (30912302)|HEAP_ALLOCATE|[79]|Bytes:4
02:18:48.2 (30922828)|VARIABLE_SCOPE_BEGIN|[79]|l|List<String>|true|false
02:18:48.2 (30939282)|HEAP_ALLOCATE|[EXTERNAL]|Bytes:4
02:18:48.2 (30945853)|VARIABLE_ASSIGNMENT|[79]|l|[]|0x43fb926e
02:18:48.2 (30950934)|STATEMENT_EXECUTE|[80]
02:18:48.2 (30981575)|HEAP_ALLOCATE|[80]|Bytes:15
02:18:48.2 (30992835)|VARIABLE_SCOPE_BEGIN|[80]|field|String|false|false
02:18:48.2 (31004711)|VARIABLE_ASSIGNMENT|[80]|field|"CompanySignedId"
02:18:48.2 (31012038)|STATEMENT_EXECUTE|[82]
02:18:48.2 (31157535)|HEAP_ALLOCATE|[82]|Bytes:8
02:18:48.2 (31171542)|HEAP_ALLOCATE|[82]|Bytes:15
02:18:48.2 (31185437)|HEAP_ALLOCATE|[82]|Bytes:15
02:18:48.2 (31195929)|HEAP_ALLOCATE|[EXTERNAL]|Bytes:4
02:18:48.2 (31200950)|STATEMENT_EXECUTE|[84]
02:18:48.2 (31224830)|HEAP_ALLOCATE|[84]|Bytes:8
02:18:48.2 (31246464)|HEAP_ALLOCATE|[84]|Bytes:12
02:18:48.2 (31261745)|HEAP_ALLOCATE|[84]|Bytes:9
02:18:48.2 (31269468)|VARIABLE_SCOPE_BEGIN|[84]|dataType|String|false|false
02:18:48.2 (31279259)|VARIABLE_ASSIGNMENT|[84]|dataType|"REFERENCE"
02:18:48.2 (31283344)|STATEMENT_EXECUTE|[85]
02:18:48.2 (31285464)|VARIABLE_SCOPE_BEGIN|[85]|objName|String|false|false
02:18:48.2 (31292103)|VARIABLE_ASSIGNMENT|[85]|objName|""
02:18:48.2 (31304296)|STATEMENT_EXECUTE|[87]
02:18:48.2 (31305277)|STATEMENT_EXECUTE|[88]
02:18:48.2 (31329870)|HEAP_ALLOCATE|[88]|Bytes:8
02:18:48.2 (31348569)|HEAP_ALLOCATE|[EXTERNAL]|Bytes:8
02:18:48.2 (31361758)|HEAP_ALLOCATE|[88]|Bytes:8
02:18:48.2 (31378155)|HEAP_ALLOCATE|[88]|Bytes:4
02:18:48.2 (31385625)|HEAP_ALLOCATE|[88]|Bytes:4
02:18:48.2 (31396030)|HEAP_ALLOCATE|[88]|Bytes:4
02:18:48.2 (31405969)|VARIABLE_ASSIGNMENT|[88]|objName|"User"
02:18:48.2 (31409637)|STATEMENT_EXECUTE|[89]
02:18:48.2 (31413974)|HEAP_ALLOCATE|[89]|Bytes:33
02:18:48.2 (31420436)|HEAP_ALLOCATE|[EXTERNAL]|Bytes:4
02:18:48.2 (31424795)|STATEMENT_EXECUTE|[93]
02:18:48.2 (31440175)|HEAP_ALLOCATE|[EXTERNAL]|Bytes:4
02:18:48.2 (31451461)|HEAP_ALLOCATE|[78]|Bytes:5
02:18:48.2 (31463637)|VARIABLE_SCOPE_BEGIN|[78]|s1|Schema.SObjectField|true|false
02:18:48.2 (31515816)|VARIABLE_ASSIGNMENT|[78]|s1|"common.apex.runtime.impl.ApexFieldToken@283d6a2d"|0x283d6a2d
02:18:48.2 (31522567)|STATEMENT_EXECUTE|[78]
02:18:48.2 (31523468)|STATEMENT_EXECUTE|[79]
02:18:48.2 (31526653)|HEAP_ALLOCATE|[79]|Bytes:4
02:18:48.2 (31537171)|VARIABLE_SCOPE_BEGIN|[79]|l|List<String>|true|false
02:18:48.2 (31553770)|HEAP_ALLOCATE|[EXTERNAL]|Bytes:4
02:18:48.2 (31560399)|VARIABLE_ASSIGNMENT|[79]|l|[]|0x56d3f68c
02:18:48.2 (31565751)|STATEMENT_EXECUTE|[80]
02:18:48.2 (31590446)|HEAP_ALLOCATE|[80]|Bytes:17
02:18:48.2 (31601684)|VARIABLE_SCOPE_BEGIN|[80]|field|String|false|false
02:18:48.2 (31610628)|VARIABLE_ASSIGNMENT|[80]|field|"CompanySignedDate"
02:18:48.2 (31614358)|STATEMENT_EXECUTE|[82]
02:18:48.2 (31711405)|HEAP_ALLOCATE|[82]|Bytes:8
02:18:48.2 (31723933)|HEAP_ALLOCATE|[82]|Bytes:17
02:18:48.2 (31737073)|HEAP_ALLOCATE|[82]|Bytes:17
02:18:48.2 (31747093)|HEAP_ALLOCATE|[EXTERNAL]|Bytes:4
02:18:48.2 (31752079)|STATEMENT_EXECUTE|[84]
02:18:48.2 (31778206)|HEAP_ALLOCATE|[84]|Bytes:8
02:18:48.2 (31800822)|HEAP_ALLOCATE|[84]|Bytes:12
02:18:48.2 (31815068)|HEAP_ALLOCATE|[84]|Bytes:4
02:18:48.2 (31822811)|VARIABLE_SCOPE_BEGIN|[84]|dataType|String|false|false
02:18:48.2 (31832648)|VARIABLE_ASSIGNMENT|[84]|dataType|"DATE"
02:18:48.2 (31836855)|STATEMENT_EXECUTE|[85]
02:18:48.2 (31838924)|VARIABLE_SCOPE_BEGIN|[85]|objName|String|false|false
02:18:48.2 (31846128)|VARIABLE_ASSIGNMENT|[85]|objName|""
02:18:48.2 (31858188)|STATEMENT_EXECUTE|[92]
02:18:48.2 (31862583)|HEAP_ALLOCATE|[92]|Bytes:26
02:18:48.2 (31870465)|HEAP_ALLOCATE|[EXTERNAL]|Bytes:4
02:18:48.2 (31874786)|STATEMENT_EXECUTE|[93]
02:18:48.2 (31891956)|HEAP_ALLOCATE|[EXTERNAL]|Bytes:4
02:18:48.2 (31903396)|HEAP_ALLOCATE|[78]|Bytes:5
02:18:48.2 (31915342)|VARIABLE_SCOPE_BEGIN|[78]|s1|Schema.SObjectField|true|false
02:18:48.2 (31966083)|VARIABLE_ASSIGNMENT|[78]|s1|"common.apex.runtime.impl.ApexFieldToken@7c452458"|0x7c452458
02:18:48.2 (31973454)|STATEMENT_EXECUTE|[78]
02:18:48.2 (31974336)|STATEMENT_EXECUTE|[79]
02:18:48.2 (31977640)|HEAP_ALLOCATE|[79]|Bytes:4
02:18:48.2 (31987495)|VARIABLE_SCOPE_BEGIN|[79]|l|List<String>|true|false
02:18:48.2 (32004032)|HEAP_ALLOCATE|[EXTERNAL]|Bytes:4
02:18:48.2 (32011885)|VARIABLE_ASSIGNMENT|[79]|l|[]|0x533599d9
02:18:48.2 (32017431)|STATEMENT_EXECUTE|[80]
02:18:48.2 (32048476)|HEAP_ALLOCATE|[80]|Bytes:16
02:18:48.2 (32059246)|VARIABLE_SCOPE_BEGIN|[80]|field|String|false|false
02:18:48.2 (32068374)|VARIABLE_ASSIGNMENT|[80]|field|"CustomerSignedId"
02:18:48.2 (32072069)|STATEMENT_EXECUTE|[82]
02:18:48.2 (32181833)|HEAP_ALLOCATE|[82]|Bytes:8
02:18:48.2 (32193905)|HEAP_ALLOCATE|[82]|Bytes:16
02:18:48.2 (32206964)|HEAP_ALLOCATE|[82]|Bytes:16
02:18:48.2 (32217062)|HEAP_ALLOCATE|[EXTERNAL]|Bytes:4
02:18:48.2 (32222209)|STATEMENT_EXECUTE|[84]
02:18:48.2 (32243744)|HEAP_ALLOCATE|[84]|Bytes:8
02:18:48.2 (32264894)|HEAP_ALLOCATE|[84]|Bytes:12
02:18:48.2 (32278913)|HEAP_ALLOCATE|[84]|Bytes:9
02:18:48.2 (32286979)|VARIABLE_SCOPE_BEGIN|[84]|dataType|String|false|false
02:18:48.2 (32297082)|VARIABLE_ASSIGNMENT|[84]|dataType|"REFERENCE"
02:18:48.2 (32301131)|STATEMENT_EXECUTE|[85]
02:18:48.2 (32303260)|VARIABLE_SCOPE_BEGIN|[85]|objName|String|false|false
02:18:48.2 (32309761)|VARIABLE_ASSIGNMENT|[85]|objName|""
02:18:48.2 (32320857)|STATEMENT_EXECUTE|[87]
02:18:48.2 (32321898)|STATEMENT_EXECUTE|[88]
02:18:48.2 (32344829)|HEAP_ALLOCATE|[88]|Bytes:8
02:18:48.2 (32363747)|HEAP_ALLOCATE|[EXTERNAL]|Bytes:8
02:18:48.2 (32374122)|HEAP_ALLOCATE|[88]|Bytes:8
02:18:48.2 (32473324)|HEAP_ALLOCATE|[88]|Bytes:4
02:18:48.2 (32484373)|HEAP_ALLOCATE|[88]|Bytes:7
02:18:48.2 (32496723)|HEAP_ALLOCATE|[88]|Bytes:7
02:18:48.2 (32507995)|VARIABLE_ASSIGNMENT|[88]|objName|"Contact"
02:18:48.2 (32512062)|STATEMENT_EXECUTE|[89]
02:18:48.2 (32516968)|HEAP_ALLOCATE|[89]|Bytes:37
02:18:48.2 (32523745)|HEAP_ALLOCATE|[EXTERNAL]|Bytes:4
02:18:48.2 (32528096)|STATEMENT_EXECUTE|[93]
02:18:48.2 (32544577)|HEAP_ALLOCATE|[EXTERNAL]|Bytes:4
02:18:48.2 (32556344)|HEAP_ALLOCATE|[78]|Bytes:5
02:18:48.2 (32568438)|VARIABLE_SCOPE_BEGIN|[78]|s1|Schema.SObjectField|true|false
02:18:48.2 (32619280)|VARIABLE_ASSIGNMENT|[78]|s1|"common.apex.runtime.impl.ApexFieldToken@16d2b28c"|0x16d2b28c
02:18:48.2 (32626632)|STATEMENT_EXECUTE|[78]
02:18:48.2 (32627515)|STATEMENT_EXECUTE|[79]
02:18:48.2 (32630795)|HEAP_ALLOCATE|[79]|Bytes:4
02:18:48.2 (32640953)|VARIABLE_SCOPE_BEGIN|[79]|l|List<String>|true|false
02:18:48.2 (32657538)|HEAP_ALLOCATE|[EXTERNAL]|Bytes:4
02:18:48.2 (32664507)|VARIABLE_ASSIGNMENT|[79]|l|[]|0x5531abbb
02:18:48.2 (32669285)|STATEMENT_EXECUTE|[80]
02:18:48.2 (32694781)|HEAP_ALLOCATE|[80]|Bytes:19
02:18:48.2 (32705173)|VARIABLE_SCOPE_BEGIN|[80]|field|String|false|false
02:18:48.2 (32714646)|VARIABLE_ASSIGNMENT|[80]|field|"CustomerSignedTitle"
02:18:48.2 (32719159)|STATEMENT_EXECUTE|[82]
02:18:48.2 (32818160)|HEAP_ALLOCATE|[82]|Bytes:8
02:18:48.2 (32830458)|HEAP_ALLOCATE|[82]|Bytes:19
02:18:48.2 (32842944)|HEAP_ALLOCATE|[82]|Bytes:19
02:18:48.2 (32855242)|HEAP_ALLOCATE|[EXTERNAL]|Bytes:4
02:18:48.2 (32860665)|STATEMENT_EXECUTE|[84]
02:18:48.2 (32881837)|HEAP_ALLOCATE|[84]|Bytes:8
02:18:48.2 (32904354)|HEAP_ALLOCATE|[84]|Bytes:12
02:18:48.2 (32918729)|HEAP_ALLOCATE|[84]|Bytes:6
02:18:48.2 (32927056)|VARIABLE_SCOPE_BEGIN|[84]|dataType|String|false|false
02:18:48.2 (32937286)|VARIABLE_ASSIGNMENT|[84]|dataType|"STRING"
02:18:48.2 (32941585)|STATEMENT_EXECUTE|[85]
02:18:48.2 (32943784)|VARIABLE_SCOPE_BEGIN|[85]|objName|String|false|false
02:18:48.2 (32950637)|VARIABLE_ASSIGNMENT|[85]|objName|""
02:18:48.2 (32960300)|STATEMENT_EXECUTE|[92]
02:18:48.2 (32964917)|HEAP_ALLOCATE|[92]|Bytes:30
02:18:48.2 (32972924)|HEAP_ALLOCATE|[EXTERNAL]|Bytes:4
02:18:48.2 (32977374)|STATEMENT_EXECUTE|[93]
02:18:48.2 (32994156)|HEAP_ALLOCATE|[EXTERNAL]|Bytes:4
02:18:48.2 (33005576)|HEAP_ALLOCATE|[78]|Bytes:5
02:18:48.2 (33018820)|VARIABLE_SCOPE_BEGIN|[78]|s1|Schema.SObjectField|true|false
02:18:48.2 (33068783)|VARIABLE_ASSIGNMENT|[78]|s1|"common.apex.runtime.impl.ApexFieldToken@15ae4505"|0x15ae4505
02:18:48.2 (33076248)|STATEMENT_EXECUTE|[78]
02:18:48.2 (33077175)|STATEMENT_EXECUTE|[79]
02:18:48.2 (33080457)|HEAP_ALLOCATE|[79]|Bytes:4
02:18:48.2 (33091079)|VARIABLE_SCOPE_BEGIN|[79]|l|List<String>|true|false
02:18:48.2 (33107485)|HEAP_ALLOCATE|[EXTERNAL]|Bytes:4
02:18:48.2 (33114099)|VARIABLE_ASSIGNMENT|[79]|l|[]|0x61f148d8
02:18:48.2 (33119054)|STATEMENT_EXECUTE|[80]
02:18:48.2 (33144098)|HEAP_ALLOCATE|[80]|Bytes:18
02:18:48.2 (33154919)|VARIABLE_SCOPE_BEGIN|[80]|field|String|false|false
02:18:48.2 (33164305)|VARIABLE_ASSIGNMENT|[80]|field|"CustomerSignedDate"
02:18:48.2 (33168303)|STATEMENT_EXECUTE|[82]
02:18:48.2 (33260395)|HEAP_ALLOCATE|[82]|Bytes:8
02:18:48.2 (33272811)|HEAP_ALLOCATE|[82]|Bytes:18
02:18:48.2 (33285591)|HEAP_ALLOCATE|[82]|Bytes:18
02:18:48.2 (33295464)|HEAP_ALLOCATE|[EXTERNAL]|Bytes:4
02:18:48.2 (33300428)|STATEMENT_EXECUTE|[84]
02:18:48.2 (33322157)|HEAP_ALLOCATE|[84]|Bytes:8
02:18:48.2 (33342116)|HEAP_ALLOCATE|[84]|Bytes:12
02:18:48.2 (33356365)|HEAP_ALLOCATE|[84]|Bytes:4
02:18:48.2 (33364769)|VARIABLE_SCOPE_BEGIN|[84]|dataType|String|false|false
02:18:48.2 (33373797)|VARIABLE_ASSIGNMENT|[84]|dataType|"DATE"
02:18:48.2 (33378198)|STATEMENT_EXECUTE|[85]
02:18:48.2 (33380215)|VARIABLE_SCOPE_BEGIN|[85]|objName|String|false|false
02:18:48.2 (33386722)|VARIABLE_ASSIGNMENT|[85]|objName|""
02:18:48.2 (33396604)|STATEMENT_EXECUTE|[92]
02:18:48.2 (33400521)|HEAP_ALLOCATE|[92]|Bytes:27
02:18:48.2 (33407083)|HEAP_ALLOCATE|[EXTERNAL]|Bytes:4
02:18:48.2 (33411085)|STATEMENT_EXECUTE|[93]
02:18:48.2 (33426906)|HEAP_ALLOCATE|[EXTERNAL]|Bytes:4
02:18:48.2 (33438125)|HEAP_ALLOCATE|[78]|Bytes:5
02:18:48.2 (33449603)|VARIABLE_SCOPE_BEGIN|[78]|s1|Schema.SObjectField|true|false
02:18:48.2 (33499170)|VARIABLE_ASSIGNMENT|[78]|s1|"common.apex.runtime.impl.ApexFieldToken@5681299f"|0x5681299f
02:18:48.2 (33506220)|STATEMENT_EXECUTE|[78]
02:18:48.2 (33507300)|STATEMENT_EXECUTE|[79]
02:18:48.2 (33510586)|HEAP_ALLOCATE|[79]|Bytes:4
02:18:48.2 (33520529)|VARIABLE_SCOPE_BEGIN|[79]|l|List<String>|true|false
02:18:48.2 (33536003)|HEAP_ALLOCATE|[EXTERNAL]|Bytes:4
02:18:48.2 (33542751)|VARIABLE_ASSIGNMENT|[79]|l|[]|0x144dcf72
02:18:48.2 (33547341)|STATEMENT_EXECUTE|[80]
02:18:48.2 (33572047)|HEAP_ALLOCATE|[80]|Bytes:12
02:18:48.2 (33582288)|VARIABLE_SCOPE_BEGIN|[80]|field|String|false|false
02:18:48.2 (33591613)|VARIABLE_ASSIGNMENT|[80]|field|"SpecialTerms"
02:18:48.2 (33595362)|STATEMENT_EXECUTE|[82]
02:18:48.2 (33689007)|HEAP_ALLOCATE|[82]|Bytes:8
02:18:48.2 (33701293)|HEAP_ALLOCATE|[82]|Bytes:12
02:18:48.2 (33713669)|HEAP_ALLOCATE|[82]|Bytes:12
02:18:48.2 (33723394)|HEAP_ALLOCATE|[EXTERNAL]|Bytes:4
02:18:48.2 (33728207)|STATEMENT_EXECUTE|[84]
02:18:48.2 (33749665)|HEAP_ALLOCATE|[84]|Bytes:8
02:18:48.2 (33775591)|HEAP_ALLOCATE|[84]|Bytes:12
02:18:48.2 (33790338)|HEAP_ALLOCATE|[84]|Bytes:8
02:18:48.2 (33797852)|VARIABLE_SCOPE_BEGIN|[84]|dataType|String|false|false
02:18:48.2 (33808278)|VARIABLE_ASSIGNMENT|[84]|dataType|"TEXTAREA"
02:18:48.2 (33812728)|STATEMENT_EXECUTE|[85]
02:18:48.2 (33814954)|VARIABLE_SCOPE_BEGIN|[85]|objName|String|false|false
02:18:48.2 (33821313)|VARIABLE_ASSIGNMENT|[85]|objName|""
02:18:48.2 (33831205)|STATEMENT_EXECUTE|[92]
02:18:48.2 (33835290)|HEAP_ALLOCATE|[92]|Bytes:25
02:18:48.2 (33842135)|HEAP_ALLOCATE|[EXTERNAL]|Bytes:4
02:18:48.2 (33847231)|STATEMENT_EXECUTE|[93]
02:18:48.2 (33865208)|HEAP_ALLOCATE|[EXTERNAL]|Bytes:4
02:18:48.2 (33876957)|HEAP_ALLOCATE|[78]|Bytes:5
02:18:48.2 (33888597)|VARIABLE_SCOPE_BEGIN|[78]|s1|Schema.SObjectField|true|false
02:18:48.2 (33938320)|VARIABLE_ASSIGNMENT|[78]|s1|"common.apex.runtime.impl.ApexFieldToken@333a0f3"|0x333a0f3
02:18:48.2 (33945091)|STATEMENT_EXECUTE|[78]
02:18:48.2 (33945973)|STATEMENT_EXECUTE|[79]
02:18:48.2 (33949224)|HEAP_ALLOCATE|[79]|Bytes:4
02:18:48.2 (33959262)|VARIABLE_SCOPE_BEGIN|[79]|l|List<String>|true|false
02:18:48.2 (33975294)|HEAP_ALLOCATE|[EXTERNAL]|Bytes:4
02:18:48.2 (33982339)|VARIABLE_ASSIGNMENT|[79]|l|[]|0x42fe0e27
02:18:48.2 (33986889)|STATEMENT_EXECUTE|[80]
02:18:48.2 (34010456)|HEAP_ALLOCATE|[80]|Bytes:13
02:18:48.2 (34021199)|VARIABLE_SCOPE_BEGIN|[80]|field|String|false|false
02:18:48.2 (34035245)|VARIABLE_ASSIGNMENT|[80]|field|"ActivatedById"
02:18:48.2 (34039621)|STATEMENT_EXECUTE|[82]
02:18:48.2 (34131015)|HEAP_ALLOCATE|[82]|Bytes:8
02:18:48.2 (34143180)|HEAP_ALLOCATE|[82]|Bytes:13
02:18:48.2 (34155013)|HEAP_ALLOCATE|[82]|Bytes:13
02:18:48.2 (34164525)|HEAP_ALLOCATE|[EXTERNAL]|Bytes:4
02:18:48.2 (34169459)|STATEMENT_EXECUTE|[84]
02:18:48.2 (34191646)|HEAP_ALLOCATE|[84]|Bytes:8
02:18:48.2 (34212888)|HEAP_ALLOCATE|[84]|Bytes:12
02:18:48.2 (34226899)|HEAP_ALLOCATE|[84]|Bytes:9
02:18:48.2 (34234795)|VARIABLE_SCOPE_BEGIN|[84]|dataType|String|false|false
02:18:48.2 (34244798)|VARIABLE_ASSIGNMENT|[84]|dataType|"REFERENCE"
02:18:48.2 (34248695)|STATEMENT_EXECUTE|[85]
02:18:48.2 (34250874)|VARIABLE_SCOPE_BEGIN|[85]|objName|String|false|false
02:18:48.2 (34257975)|VARIABLE_ASSIGNMENT|[85]|objName|""
02:18:48.2 (34269500)|STATEMENT_EXECUTE|[87]
02:18:48.2 (34270490)|STATEMENT_EXECUTE|[88]
02:18:48.2 (34294139)|HEAP_ALLOCATE|[88]|Bytes:8
02:18:48.2 (34312740)|HEAP_ALLOCATE|[EXTERNAL]|Bytes:8
02:18:48.2 (34322810)|HEAP_ALLOCATE|[88]|Bytes:8
02:18:48.2 (34339146)|HEAP_ALLOCATE|[88]|Bytes:4
02:18:48.2 (34346730)|HEAP_ALLOCATE|[88]|Bytes:4
02:18:48.2 (34356701)|HEAP_ALLOCATE|[88]|Bytes:4
02:18:48.2 (34366023)|VARIABLE_ASSIGNMENT|[88]|objName|"User"
02:18:48.2 (34369908)|STATEMENT_EXECUTE|[89]
02:18:48.2 (34373929)|HEAP_ALLOCATE|[89]|Bytes:31
02:18:48.2 (34380221)|HEAP_ALLOCATE|[EXTERNAL]|Bytes:4
02:18:48.2 (34384314)|STATEMENT_EXECUTE|[93]
02:18:48.2 (34399222)|HEAP_ALLOCATE|[EXTERNAL]|Bytes:4
02:18:48.2 (34409983)|HEAP_ALLOCATE|[78]|Bytes:5
02:18:48.2 (34420957)|VARIABLE_SCOPE_BEGIN|[78]|s1|Schema.SObjectField|true|false
02:18:48.2 (34471548)|VARIABLE_ASSIGNMENT|[78]|s1|"common.apex.runtime.impl.ApexFieldToken@7624cb"|0x7624cb
02:18:48.2 (34478702)|STATEMENT_EXECUTE|[78]
02:18:48.2 (34479747)|STATEMENT_EXECUTE|[79]
02:18:48.2 (34482971)|HEAP_ALLOCATE|[79]|Bytes:4
02:18:48.2 (34493185)|VARIABLE_SCOPE_BEGIN|[79]|l|List<String>|true|false
02:18:48.2 (34509378)|HEAP_ALLOCATE|[EXTERNAL]|Bytes:4
02:18:48.2 (34516411)|VARIABLE_ASSIGNMENT|[79]|l|[]|0x529029bc
02:18:48.2 (34521399)|STATEMENT_EXECUTE|[80]
02:18:48.2 (34543409)|HEAP_ALLOCATE|[80]|Bytes:13
02:18:48.2 (34553398)|VARIABLE_SCOPE_BEGIN|[80]|field|String|false|false
02:18:48.2 (34562124)|VARIABLE_ASSIGNMENT|[80]|field|"ActivatedDate"
02:18:48.2 (34565661)|STATEMENT_EXECUTE|[82]
02:18:48.2 (34640443)|HEAP_ALLOCATE|[82]|Bytes:8
02:18:48.2 (34651413)|HEAP_ALLOCATE|[82]|Bytes:13
02:18:48.2 (34663481)|HEAP_ALLOCATE|[82]|Bytes:13
02:18:48.2 (34673555)|HEAP_ALLOCATE|[EXTERNAL]|Bytes:4
02:18:48.2 (34678082)|STATEMENT_EXECUTE|[84]
02:18:48.2 (34707828)|HEAP_ALLOCATE|[84]|Bytes:8
02:18:48.2 (34736728)|HEAP_ALLOCATE|[84]|Bytes:12
02:18:48.2 (34752979)|HEAP_ALLOCATE|[84]|Bytes:8
02:18:48.2 (34761002)|VARIABLE_SCOPE_BEGIN|[84]|dataType|String|false|false
02:18:48.2 (34775354)|VARIABLE_ASSIGNMENT|[84]|dataType|"DATETIME"
02:18:48.2 (34779976)|STATEMENT_EXECUTE|[85]
02:18:48.2 (34782230)|VARIABLE_SCOPE_BEGIN|[85]|objName|String|false|false
02:18:48.2 (34789833)|VARIABLE_ASSIGNMENT|[85]|objName|""
02:18:48.2 (34799777)|STATEMENT_EXECUTE|[92]
02:18:48.2 (34803923)|HEAP_ALLOCATE|[92]|Bytes:26
02:18:48.2 (34810981)|HEAP_ALLOCATE|[EXTERNAL]|Bytes:4
02:18:48.2 (34815057)|STATEMENT_EXECUTE|[93]
02:18:48.2 (34831214)|HEAP_ALLOCATE|[EXTERNAL]|Bytes:4
02:18:48.2 (34842873)|HEAP_ALLOCATE|[78]|Bytes:5
02:18:48.2 (34857113)|VARIABLE_SCOPE_BEGIN|[78]|s1|Schema.SObjectField|true|false
02:18:48.2 (34907302)|VARIABLE_ASSIGNMENT|[78]|s1|"common.apex.runtime.impl.ApexFieldToken@6797dfad"|0x6797dfad
02:18:48.2 (34914526)|STATEMENT_EXECUTE|[78]
02:18:48.2 (34915392)|STATEMENT_EXECUTE|[79]
02:18:48.2 (34918858)|HEAP_ALLOCATE|[79]|Bytes:4
02:18:48.2 (34928862)|VARIABLE_SCOPE_BEGIN|[79]|l|List<String>|true|false
02:18:48.2 (34945275)|HEAP_ALLOCATE|[EXTERNAL]|Bytes:4
02:18:48.2 (34952219)|VARIABLE_ASSIGNMENT|[79]|l|[]|0x35442295
02:18:48.2 (34956986)|STATEMENT_EXECUTE|[80]
02:18:48.2 (34982131)|HEAP_ALLOCATE|[80]|Bytes:10
02:18:48.2 (34992394)|VARIABLE_SCOPE_BEGIN|[80]|field|String|false|false
02:18:48.2 (35001996)|VARIABLE_ASSIGNMENT|[80]|field|"StatusCode"
02:18:48.2 (35007136)|STATEMENT_EXECUTE|[82]
02:18:48.2 (35081337)|HEAP_ALLOCATE|[82]|Bytes:8
02:18:48.2 (35092722)|HEAP_ALLOCATE|[82]|Bytes:10
02:18:48.2 (35105148)|HEAP_ALLOCATE|[82]|Bytes:10
02:18:48.2 (35115562)|HEAP_ALLOCATE|[EXTERNAL]|Bytes:4
02:18:48.2 (35119689)|STATEMENT_EXECUTE|[84]
02:18:48.2 (35140735)|HEAP_ALLOCATE|[84]|Bytes:8
02:18:48.2 (35161093)|HEAP_ALLOCATE|[84]|Bytes:12
02:18:48.2 (35174997)|HEAP_ALLOCATE|[84]|Bytes:8
02:18:48.2 (35183137)|VARIABLE_SCOPE_BEGIN|[84]|dataType|String|false|false
02:18:48.2 (35192473)|VARIABLE_ASSIGNMENT|[84]|dataType|"PICKLIST"
02:18:48.2 (35196500)|STATEMENT_EXECUTE|[85]
02:18:48.2 (35198620)|VARIABLE_SCOPE_BEGIN|[85]|objName|String|false|false
02:18:48.2 (35205645)|VARIABLE_ASSIGNMENT|[85]|objName|""
02:18:48.2 (35214928)|STATEMENT_EXECUTE|[92]
02:18:48.2 (35219005)|HEAP_ALLOCATE|[92]|Bytes:23
02:18:48.2 (35225660)|HEAP_ALLOCATE|[EXTERNAL]|Bytes:4
02:18:48.2 (35229955)|STATEMENT_EXECUTE|[93]
02:18:48.2 (35245383)|HEAP_ALLOCATE|[EXTERNAL]|Bytes:4
02:18:48.2 (35256666)|HEAP_ALLOCATE|[78]|Bytes:5
02:18:48.2 (35268309)|VARIABLE_SCOPE_BEGIN|[78]|s1|Schema.SObjectField|true|false
02:18:48.2 (35317961)|VARIABLE_ASSIGNMENT|[78]|s1|"common.apex.runtime.impl.ApexFieldToken@3805df11"|0x3805df11
02:18:48.2 (35324711)|STATEMENT_EXECUTE|[78]
02:18:48.2 (35325613)|STATEMENT_EXECUTE|[79]
02:18:48.2 (35328919)|HEAP_ALLOCATE|[79]|Bytes:4
02:18:48.2 (35338602)|VARIABLE_SCOPE_BEGIN|[79]|l|List<String>|true|false
02:18:48.2 (35354544)|HEAP_ALLOCATE|[EXTERNAL]|Bytes:4
02:18:48.2 (35361787)|VARIABLE_ASSIGNMENT|[79]|l|[]|0x5506e57a
02:18:48.2 (35366681)|STATEMENT_EXECUTE|[80]
02:18:48.2 (35390855)|HEAP_ALLOCATE|[80]|Bytes:11
02:18:48.2 (35400701)|VARIABLE_SCOPE_BEGIN|[80]|field|String|false|false
02:18:48.2 (35409679)|VARIABLE_ASSIGNMENT|[80]|field|"Description"
02:18:48.2 (35414237)|STATEMENT_EXECUTE|[82]
02:18:48.2 (35508583)|HEAP_ALLOCATE|[82]|Bytes:8
02:18:48.2 (35521014)|HEAP_ALLOCATE|[82]|Bytes:11
02:18:48.2 (35533694)|HEAP_ALLOCATE|[82]|Bytes:11
02:18:48.2 (35544458)|HEAP_ALLOCATE|[EXTERNAL]|Bytes:4
02:18:48.2 (35548640)|STATEMENT_EXECUTE|[84]
02:18:48.2 (35570745)|HEAP_ALLOCATE|[84]|Bytes:8
02:18:48.2 (35591527)|HEAP_ALLOCATE|[84]|Bytes:12
02:18:48.2 (35605380)|HEAP_ALLOCATE|[84]|Bytes:8
02:18:48.2 (35612886)|VARIABLE_SCOPE_BEGIN|[84]|dataType|String|false|false
02:18:48.2 (35621993)|VARIABLE_ASSIGNMENT|[84]|dataType|"TEXTAREA"
02:18:48.2 (35625580)|STATEMENT_EXECUTE|[85]
02:18:48.2 (35627710)|VARIABLE_SCOPE_BEGIN|[85]|objName|String|false|false
02:18:48.2 (35634011)|VARIABLE_ASSIGNMENT|[85]|objName|""
02:18:48.2 (35643910)|STATEMENT_EXECUTE|[92]
02:18:48.2 (35647947)|HEAP_ALLOCATE|[92]|Bytes:24
02:18:48.2 (35654756)|HEAP_ALLOCATE|[EXTERNAL]|Bytes:4
02:18:48.2 (35659041)|STATEMENT_EXECUTE|[93]
02:18:48.2 (35674173)|HEAP_ALLOCATE|[EXTERNAL]|Bytes:4
02:18:48.2 (35685086)|HEAP_ALLOCATE|[78]|Bytes:5
02:18:48.2 (35696554)|VARIABLE_SCOPE_BEGIN|[78]|s1|Schema.SObjectField|true|false
02:18:48.2 (35746547)|VARIABLE_ASSIGNMENT|[78]|s1|"common.apex.runtime.impl.ApexFieldToken@262fc4da"|0x262fc4da
02:18:48.2 (35753300)|STATEMENT_EXECUTE|[78]
02:18:48.2 (35754166)|STATEMENT_EXECUTE|[79]
02:18:48.2 (35757796)|HEAP_ALLOCATE|[79]|Bytes:4
02:18:48.2 (35767497)|VARIABLE_SCOPE_BEGIN|[79]|l|List<String>|true|false
02:18:48.2 (35787807)|HEAP_ALLOCATE|[EXTERNAL]|Bytes:4
02:18:48.2 (35794322)|VARIABLE_ASSIGNMENT|[79]|l|[]|0x7daac3ca
02:18:48.2 (35798820)|STATEMENT_EXECUTE|[80]
02:18:48.2 (35822485)|HEAP_ALLOCATE|[80]|Bytes:4
02:18:48.2 (35832653)|VARIABLE_SCOPE_BEGIN|[80]|field|String|false|false
02:18:48.2 (35840621)|VARIABLE_ASSIGNMENT|[80]|field|"Name"
02:18:48.2 (35844579)|STATEMENT_EXECUTE|[82]
02:18:48.2 (35930655)|HEAP_ALLOCATE|[82]|Bytes:8
02:18:48.2 (35942396)|HEAP_ALLOCATE|[82]|Bytes:4
02:18:48.2 (35955571)|HEAP_ALLOCATE|[82]|Bytes:4
02:18:48.2 (35965520)|HEAP_ALLOCATE|[EXTERNAL]|Bytes:4
02:18:48.2 (35970396)|STATEMENT_EXECUTE|[84]
02:18:48.2 (35991897)|HEAP_ALLOCATE|[84]|Bytes:8
02:18:48.2 (36012498)|HEAP_ALLOCATE|[84]|Bytes:12
02:18:48.2 (36026984)|HEAP_ALLOCATE|[84]|Bytes:6
02:18:48.2 (36034985)|VARIABLE_SCOPE_BEGIN|[84]|dataType|String|false|false
02:18:48.2 (36044251)|VARIABLE_ASSIGNMENT|[84]|dataType|"STRING"
02:18:48.2 (36048057)|STATEMENT_EXECUTE|[85]
02:18:48.2 (36050063)|VARIABLE_SCOPE_BEGIN|[85]|objName|String|false|false
02:18:48.2 (36056961)|VARIABLE_ASSIGNMENT|[85]|objName|""
02:18:48.2 (36066271)|STATEMENT_EXECUTE|[92]
02:18:48.2 (36070294)|HEAP_ALLOCATE|[92]|Bytes:15
02:18:48.2 (36077244)|HEAP_ALLOCATE|[EXTERNAL]|Bytes:4
02:18:48.2 (36081560)|STATEMENT_EXECUTE|[93]
02:18:48.2 (36097486)|HEAP_ALLOCATE|[EXTERNAL]|Bytes:4
02:18:48.2 (36108764)|HEAP_ALLOCATE|[78]|Bytes:5
02:18:48.2 (36120519)|VARIABLE_SCOPE_BEGIN|[78]|s1|Schema.SObjectField|true|false
02:18:48.2 (36170678)|VARIABLE_ASSIGNMENT|[78]|s1|"common.apex.runtime.impl.ApexFieldToken@174efca8"|0x174efca8
02:18:48.2 (36177104)|STATEMENT_EXECUTE|[78]
02:18:48.2 (36178033)|STATEMENT_EXECUTE|[79]
02:18:48.2 (36181342)|HEAP_ALLOCATE|[79]|Bytes:4
02:18:48.2 (36191300)|VARIABLE_SCOPE_BEGIN|[79]|l|List<String>|true|false
02:18:48.2 (36207208)|HEAP_ALLOCATE|[EXTERNAL]|Bytes:4
02:18:48.2 (36213957)|VARIABLE_ASSIGNMENT|[79]|l|[]|0x7a4b2cf4
02:18:48.2 (36219060)|STATEMENT_EXECUTE|[80]
02:18:48.2 (36243278)|HEAP_ALLOCATE|[80]|Bytes:9
02:18:48.2 (36254040)|VARIABLE_SCOPE_BEGIN|[80]|field|String|false|false
02:18:48.2 (36263063)|VARIABLE_ASSIGNMENT|[80]|field|"IsDeleted"
02:18:48.2 (36266975)|STATEMENT_EXECUTE|[82]
02:18:48.2 (36337621)|HEAP_ALLOCATE|[82]|Bytes:8
02:18:48.2 (36349067)|HEAP_ALLOCATE|[82]|Bytes:9
02:18:48.2 (36360826)|HEAP_ALLOCATE|[82]|Bytes:9
02:18:48.2 (36370613)|HEAP_ALLOCATE|[EXTERNAL]|Bytes:4
02:18:48.2 (36375347)|STATEMENT_EXECUTE|[84]
02:18:48.2 (36396251)|HEAP_ALLOCATE|[84]|Bytes:8
02:18:48.2 (36417063)|HEAP_ALLOCATE|[84]|Bytes:12
02:18:48.2 (36430977)|HEAP_ALLOCATE|[84]|Bytes:7
02:18:48.2 (36438545)|VARIABLE_SCOPE_BEGIN|[84]|dataType|String|false|false
02:18:48.2 (36447717)|VARIABLE_ASSIGNMENT|[84]|dataType|"BOOLEAN"
02:18:48.2 (36451744)|STATEMENT_EXECUTE|[85]
02:18:48.2 (36453889)|VARIABLE_SCOPE_BEGIN|[85]|objName|String|false|false
02:18:48.2 (36460497)|VARIABLE_ASSIGNMENT|[85]|objName|""
02:18:48.2 (36470271)|STATEMENT_EXECUTE|[92]
02:18:48.2 (36474357)|HEAP_ALLOCATE|[92]|Bytes:21
02:18:48.2 (36481168)|HEAP_ALLOCATE|[EXTERNAL]|Bytes:4
02:18:48.2 (36485455)|STATEMENT_EXECUTE|[93]
02:18:48.2 (36501026)|HEAP_ALLOCATE|[EXTERNAL]|Bytes:4
02:18:48.2 (36512397)|HEAP_ALLOCATE|[78]|Bytes:5
02:18:48.2 (36523945)|VARIABLE_SCOPE_BEGIN|[78]|s1|Schema.SObjectField|true|false
02:18:48.2 (36573266)|VARIABLE_ASSIGNMENT|[78]|s1|"common.apex.runtime.impl.ApexFieldToken@4e7d335b"|0x4e7d335b
02:18:48.2 (36580121)|STATEMENT_EXECUTE|[78]
02:18:48.2 (36580991)|STATEMENT_EXECUTE|[79]
02:18:48.2 (36584449)|HEAP_ALLOCATE|[79]|Bytes:4
02:18:48.2 (36594442)|VARIABLE_SCOPE_BEGIN|[79]|l|List<String>|true|false
02:18:48.2 (36610679)|HEAP_ALLOCATE|[EXTERNAL]|Bytes:4
02:18:48.2 (36617423)|VARIABLE_ASSIGNMENT|[79]|l|[]|0x3cf8bdb8
02:18:48.2 (36622045)|STATEMENT_EXECUTE|[80]
02:18:48.2 (36646158)|HEAP_ALLOCATE|[80]|Bytes:14
02:18:48.2 (36656208)|VARIABLE_SCOPE_BEGIN|[80]|field|String|false|false
02:18:48.2 (36664725)|VARIABLE_ASSIGNMENT|[80]|field|"ContractNumber"
02:18:48.2 (36668530)|STATEMENT_EXECUTE|[82]
02:18:48.2 (36741608)|HEAP_ALLOCATE|[82]|Bytes:8
02:18:48.2 (36753219)|HEAP_ALLOCATE|[82]|Bytes:14
02:18:48.2 (36765675)|HEAP_ALLOCATE|[82]|Bytes:14
02:18:48.2 (36779501)|HEAP_ALLOCATE|[EXTERNAL]|Bytes:4
02:18:48.2 (36784256)|STATEMENT_EXECUTE|[84]
02:18:48.2 (36804960)|HEAP_ALLOCATE|[84]|Bytes:8
02:18:48.2 (36824896)|HEAP_ALLOCATE|[84]|Bytes:12
02:18:48.2 (36838893)|HEAP_ALLOCATE|[84]|Bytes:6
02:18:48.2 (36849210)|VARIABLE_SCOPE_BEGIN|[84]|dataType|String|false|false
02:18:48.2 (36861475)|VARIABLE_ASSIGNMENT|[84]|dataType|"STRING"
02:18:48.2 (36866678)|STATEMENT_EXECUTE|[85]
02:18:48.2 (36868835)|VARIABLE_SCOPE_BEGIN|[85]|objName|String|false|false
02:18:48.2 (36875779)|VARIABLE_ASSIGNMENT|[85]|objName|""
02:18:48.2 (36885270)|STATEMENT_EXECUTE|[92]
02:18:48.2 (36889363)|HEAP_ALLOCATE|[92]|Bytes:25
02:18:48.2 (36896122)|HEAP_ALLOCATE|[EXTERNAL]|Bytes:4
02:18:48.2 (36900489)|STATEMENT_EXECUTE|[93]
02:18:48.2 (37012394)|HEAP_ALLOCATE|[EXTERNAL]|Bytes:4
02:18:48.2 (37027632)|HEAP_ALLOCATE|[78]|Bytes:5
02:18:48.2 (37040377)|VARIABLE_SCOPE_BEGIN|[78]|s1|Schema.SObjectField|true|false
02:18:48.2 (37090750)|VARIABLE_ASSIGNMENT|[78]|s1|"common.apex.runtime.impl.ApexFieldToken@581680d2"|0x581680d2
02:18:48.2 (37097622)|STATEMENT_EXECUTE|[78]
02:18:48.2 (37098753)|STATEMENT_EXECUTE|[79]
02:18:48.2 (37102348)|HEAP_ALLOCATE|[79]|Bytes:4
02:18:48.2 (37112430)|VARIABLE_SCOPE_BEGIN|[79]|l|List<String>|true|false
02:18:48.2 (37129732)|HEAP_ALLOCATE|[EXTERNAL]|Bytes:4
02:18:48.2 (37136355)|VARIABLE_ASSIGNMENT|[79]|l|[]|0x62d29ba7
02:18:48.2 (37141260)|STATEMENT_EXECUTE|[80]
02:18:48.2 (37167303)|HEAP_ALLOCATE|[80]|Bytes:16
02:18:48.2 (37177922)|VARIABLE_SCOPE_BEGIN|[80]|field|String|false|false
02:18:48.2 (37186584)|VARIABLE_ASSIGNMENT|[80]|field|"LastApprovedDate"
02:18:48.2 (37190361)|STATEMENT_EXECUTE|[82]
02:18:48.2 (37258779)|HEAP_ALLOCATE|[82]|Bytes:8
02:18:48.2 (37270603)|HEAP_ALLOCATE|[82]|Bytes:16
02:18:48.2 (37282535)|HEAP_ALLOCATE|[82]|Bytes:16
02:18:48.2 (37291736)|HEAP_ALLOCATE|[EXTERNAL]|Bytes:4
02:18:48.2 (37296585)|STATEMENT_EXECUTE|[84]
02:18:48.2 (37316816)|HEAP_ALLOCATE|[84]|Bytes:8
02:18:48.2 (37336743)|HEAP_ALLOCATE|[84]|Bytes:12
02:18:48.2 (37351255)|HEAP_ALLOCATE|[84]|Bytes:8
02:18:48.2 (37359002)|VARIABLE_SCOPE_BEGIN|[84]|dataType|String|false|false
02:18:48.2 (37368685)|VARIABLE_ASSIGNMENT|[84]|dataType|"DATETIME"
02:18:48.2 (37373070)|STATEMENT_EXECUTE|[85]
02:18:48.2 (37375124)|VARIABLE_SCOPE_BEGIN|[85]|objName|String|false|false
02:18:48.2 (37381584)|VARIABLE_ASSIGNMENT|[85]|objName|""
02:18:48.2 (37390735)|STATEMENT_EXECUTE|[92]
02:18:48.2 (37395465)|HEAP_ALLOCATE|[92]|Bytes:29
02:18:48.2 (37402146)|HEAP_ALLOCATE|[EXTERNAL]|Bytes:4
02:18:48.2 (37406227)|STATEMENT_EXECUTE|[93]
02:18:48.2 (37421769)|HEAP_ALLOCATE|[EXTERNAL]|Bytes:4
02:18:48.2 (37433173)|HEAP_ALLOCATE|[78]|Bytes:5
02:18:48.2 (37444111)|VARIABLE_SCOPE_BEGIN|[78]|s1|Schema.SObjectField|true|false
02:18:48.2 (37493676)|VARIABLE_ASSIGNMENT|[78]|s1|"common.apex.runtime.impl.ApexFieldToken@c7961e"|0xc7961e
02:18:48.2 (37501002)|STATEMENT_EXECUTE|[78]
02:18:48.2 (37501916)|STATEMENT_EXECUTE|[79]
02:18:48.2 (37505289)|HEAP_ALLOCATE|[79]|Bytes:4
02:18:48.2 (37514306)|VARIABLE_SCOPE_BEGIN|[79]|l|List<String>|true|false
02:18:48.2 (37530230)|HEAP_ALLOCATE|[EXTERNAL]|Bytes:4
02:18:48.2 (37537023)|VARIABLE_ASSIGNMENT|[79]|l|[]|0x53aa8fac
02:18:48.2 (37541651)|STATEMENT_EXECUTE|[80]
02:18:48.2 (37565476)|HEAP_ALLOCATE|[80]|Bytes:11
02:18:48.2 (37575514)|VARIABLE_SCOPE_BEGIN|[80]|field|String|false|false
02:18:48.2 (37584437)|VARIABLE_ASSIGNMENT|[80]|field|"CreatedDate"
02:18:48.2 (37588142)|STATEMENT_EXECUTE|[82]
02:18:48.2 (37672537)|HEAP_ALLOCATE|[82]|Bytes:8
02:18:48.2 (37684477)|HEAP_ALLOCATE|[82]|Bytes:11
02:18:48.2 (37696684)|HEAP_ALLOCATE|[82]|Bytes:11
02:18:48.2 (37706379)|HEAP_ALLOCATE|[EXTERNAL]|Bytes:4
02:18:48.2 (37710850)|STATEMENT_EXECUTE|[84]
02:18:48.2 (37732353)|HEAP_ALLOCATE|[84]|Bytes:8
02:18:48.2 (37752919)|HEAP_ALLOCATE|[84]|Bytes:12
02:18:48.2 (37767336)|HEAP_ALLOCATE|[84]|Bytes:8
02:18:48.2 (37780136)|VARIABLE_SCOPE_BEGIN|[84]|dataType|String|false|false
02:18:48.2 (37790523)|VARIABLE_ASSIGNMENT|[84]|dataType|"DATETIME"
02:18:48.2 (37794635)|STATEMENT_EXECUTE|[85]
02:18:48.2 (37796660)|VARIABLE_SCOPE_BEGIN|[85]|objName|String|false|false
02:18:48.2 (37803133)|VARIABLE_ASSIGNMENT|[85]|objName|""
02:18:48.2 (37812523)|STATEMENT_EXECUTE|[92]
02:18:48.2 (37816882)|HEAP_ALLOCATE|[92]|Bytes:24
02:18:48.2 (37823656)|HEAP_ALLOCATE|[EXTERNAL]|Bytes:4
02:18:48.2 (37827357)|STATEMENT_EXECUTE|[93]
02:18:48.2 (37842798)|HEAP_ALLOCATE|[EXTERNAL]|Bytes:4
02:18:48.2 (37856514)|HEAP_ALLOCATE|[78]|Bytes:5
02:18:48.2 (37868562)|VARIABLE_SCOPE_BEGIN|[78]|s1|Schema.SObjectField|true|false
02:18:48.2 (37918480)|VARIABLE_ASSIGNMENT|[78]|s1|"common.apex.runtime.impl.ApexFieldToken@608c9112"|0x608c9112
02:18:48.2 (37925608)|STATEMENT_EXECUTE|[78]
02:18:48.2 (37926630)|STATEMENT_EXECUTE|[79]
02:18:48.2 (37929831)|HEAP_ALLOCATE|[79]|Bytes:4
02:18:48.2 (37939406)|VARIABLE_SCOPE_BEGIN|[79]|l|List<String>|true|false
02:18:48.2 (37955256)|HEAP_ALLOCATE|[EXTERNAL]|Bytes:4
02:18:48.2 (37962388)|VARIABLE_ASSIGNMENT|[79]|l|[]|0x14c60496
02:18:48.2 (37967308)|STATEMENT_EXECUTE|[80]
02:18:48.2 (37999637)|HEAP_ALLOCATE|[80]|Bytes:11
02:18:48.2 (38010191)|VARIABLE_SCOPE_BEGIN|[80]|field|String|false|false
02:18:48.2 (38019854)|VARIABLE_ASSIGNMENT|[80]|field|"CreatedById"
02:18:48.2 (38023435)|STATEMENT_EXECUTE|[82]
02:18:48.2 (38122345)|HEAP_ALLOCATE|[82]|Bytes:8
02:18:48.2 (38134661)|HEAP_ALLOCATE|[82]|Bytes:11
02:18:48.2 (38148076)|HEAP_ALLOCATE|[82]|Bytes:11
02:18:48.2 (38157886)|HEAP_ALLOCATE|[EXTERNAL]|Bytes:4
02:18:48.2 (38163490)|STATEMENT_EXECUTE|[84]
02:18:48.2 (38185469)|HEAP_ALLOCATE|[84]|Bytes:8
02:18:48.2 (38206395)|HEAP_ALLOCATE|[84]|Bytes:12
02:18:48.2 (38220632)|HEAP_ALLOCATE|[84]|Bytes:9
02:18:48.2 (38229030)|VARIABLE_SCOPE_BEGIN|[84]|dataType|String|false|false
02:18:48.2 (38238921)|VARIABLE_ASSIGNMENT|[84]|dataType|"REFERENCE"
02:18:48.2 (38243036)|STATEMENT_EXECUTE|[85]
02:18:48.2 (38245117)|VARIABLE_SCOPE_BEGIN|[85]|objName|String|false|false
02:18:48.2 (38252445)|VARIABLE_ASSIGNMENT|[85]|objName|""
02:18:48.2 (38263826)|STATEMENT_EXECUTE|[87]
02:18:48.2 (38264839)|STATEMENT_EXECUTE|[88]
02:18:48.2 (38294524)|HEAP_ALLOCATE|[88]|Bytes:8
02:18:48.2 (38314483)|HEAP_ALLOCATE|[EXTERNAL]|Bytes:8
02:18:48.2 (38326953)|HEAP_ALLOCATE|[88]|Bytes:8
02:18:48.2 (38343591)|HEAP_ALLOCATE|[88]|Bytes:4
02:18:48.2 (38351345)|HEAP_ALLOCATE|[88]|Bytes:4
02:18:48.2 (38361366)|HEAP_ALLOCATE|[88]|Bytes:4
02:18:48.2 (38371105)|VARIABLE_ASSIGNMENT|[88]|objName|"User"
02:18:48.2 (38375143)|STATEMENT_EXECUTE|[89]
02:18:48.2 (38380159)|HEAP_ALLOCATE|[89]|Bytes:29
02:18:48.2 (38391937)|HEAP_ALLOCATE|[EXTERNAL]|Bytes:4
02:18:48.2 (38397403)|STATEMENT_EXECUTE|[93]
02:18:48.2 (38412250)|HEAP_ALLOCATE|[EXTERNAL]|Bytes:4
02:18:48.2 (38425276)|HEAP_ALLOCATE|[78]|Bytes:5
02:18:48.2 (38437484)|VARIABLE_SCOPE_BEGIN|[78]|s1|Schema.SObjectField|true|false
02:18:48.2 (38492636)|VARIABLE_ASSIGNMENT|[78]|s1|"common.apex.runtime.impl.ApexFieldToken@474c91b3"|0x474c91b3
02:18:48.2 (38499943)|STATEMENT_EXECUTE|[78]
02:18:48.2 (38500832)|STATEMENT_EXECUTE|[79]
02:18:48.2 (38504468)|HEAP_ALLOCATE|[79]|Bytes:4
02:18:48.2 (38516101)|VARIABLE_SCOPE_BEGIN|[79]|l|List<String>|true|false
02:18:48.2 (38532633)|HEAP_ALLOCATE|[EXTERNAL]|Bytes:4
02:18:48.2 (38539991)|VARIABLE_ASSIGNMENT|[79]|l|[]|0x20eb73e0
02:18:48.2 (38545658)|STATEMENT_EXECUTE|[80]
02:18:48.2 (38569802)|HEAP_ALLOCATE|[80]|Bytes:16
02:18:48.2 (38584442)|VARIABLE_SCOPE_BEGIN|[80]|field|String|false|false
02:18:48.2 (38594398)|VARIABLE_ASSIGNMENT|[80]|field|"LastModifiedDate"
02:18:48.2 (38599080)|STATEMENT_EXECUTE|[82]
02:18:48.2 (38690559)|HEAP_ALLOCATE|[82]|Bytes:8
02:18:48.2 (38703479)|HEAP_ALLOCATE|[82]|Bytes:16
02:18:48.2 (38716474)|HEAP_ALLOCATE|[82]|Bytes:16
02:18:48.2 (38726187)|HEAP_ALLOCATE|[EXTERNAL]|Bytes:4
02:18:48.2 (38731271)|STATEMENT_EXECUTE|[84]
02:18:48.2 (38753278)|HEAP_ALLOCATE|[84]|Bytes:8
02:18:48.2 (38780806)|HEAP_ALLOCATE|[84]|Bytes:12
02:18:48.2 (38795797)|HEAP_ALLOCATE|[84]|Bytes:8
02:18:48.2 (38805928)|VARIABLE_SCOPE_BEGIN|[84]|dataType|String|false|false
02:18:48.2 (38816741)|VARIABLE_ASSIGNMENT|[84]|dataType|"DATETIME"
02:18:48.2 (38820944)|STATEMENT_EXECUTE|[85]
02:18:48.2 (38823134)|VARIABLE_SCOPE_BEGIN|[85]|objName|String|false|false
02:18:48.2 (38830360)|VARIABLE_ASSIGNMENT|[85]|objName|""
02:18:48.2 (38840493)|STATEMENT_EXECUTE|[92]
02:18:48.2 (38844933)|HEAP_ALLOCATE|[92]|Bytes:29
02:18:48.2 (38858094)|HEAP_ALLOCATE|[EXTERNAL]|Bytes:4
02:18:48.2 (38863117)|STATEMENT_EXECUTE|[93]
02:18:48.2 (38879245)|HEAP_ALLOCATE|[EXTERNAL]|Bytes:4
02:18:48.2 (38891805)|HEAP_ALLOCATE|[78]|Bytes:5
02:18:48.2 (38905988)|VARIABLE_SCOPE_BEGIN|[78]|s1|Schema.SObjectField|true|false
02:18:48.2 (38957347)|VARIABLE_ASSIGNMENT|[78]|s1|"common.apex.runtime.impl.ApexFieldToken@2bb09998"|0x2bb09998
02:18:48.2 (38963967)|STATEMENT_EXECUTE|[78]
02:18:48.2 (38964831)|STATEMENT_EXECUTE|[79]
02:18:48.2 (38968205)|HEAP_ALLOCATE|[79]|Bytes:4
02:18:48.2 (38978495)|VARIABLE_SCOPE_BEGIN|[79]|l|List<String>|true|false
02:18:48.2 (38995088)|HEAP_ALLOCATE|[EXTERNAL]|Bytes:4
02:18:48.2 (39001867)|VARIABLE_ASSIGNMENT|[79]|l|[]|0x36cdc9c7
02:18:48.2 (39007748)|STATEMENT_EXECUTE|[80]
02:18:48.2 (39032596)|HEAP_ALLOCATE|[80]|Bytes:16
02:18:48.2 (39042958)|VARIABLE_SCOPE_BEGIN|[80]|field|String|false|false
02:18:48.2 (39057894)|VARIABLE_ASSIGNMENT|[80]|field|"LastModifiedById"
02:18:48.2 (39061537)|STATEMENT_EXECUTE|[82]
02:18:48.2 (39161160)|HEAP_ALLOCATE|[82]|Bytes:8
02:18:48.2 (39173512)|HEAP_ALLOCATE|[82]|Bytes:16
02:18:48.2 (39188036)|HEAP_ALLOCATE|[82]|Bytes:16
02:18:48.2 (39200154)|HEAP_ALLOCATE|[EXTERNAL]|Bytes:4
02:18:48.2 (39205316)|STATEMENT_EXECUTE|[84]
02:18:48.2 (39229202)|HEAP_ALLOCATE|[84]|Bytes:8
02:18:48.2 (39250443)|HEAP_ALLOCATE|[84]|Bytes:12
02:18:48.2 (39268734)|HEAP_ALLOCATE|[84]|Bytes:9
02:18:48.2 (39277263)|VARIABLE_SCOPE_BEGIN|[84]|dataType|String|false|false
02:18:48.2 (39286973)|VARIABLE_ASSIGNMENT|[84]|dataType|"REFERENCE"
02:18:48.2 (39291898)|STATEMENT_EXECUTE|[85]
02:18:48.2 (39295225)|VARIABLE_SCOPE_BEGIN|[85]|objName|String|false|false
02:18:48.2 (39302040)|VARIABLE_ASSIGNMENT|[85]|objName|""
02:18:48.2 (39314218)|STATEMENT_EXECUTE|[87]
02:18:48.2 (39315163)|STATEMENT_EXECUTE|[88]
02:18:48.2 (39339441)|HEAP_ALLOCATE|[88]|Bytes:8
02:18:48.2 (39361897)|HEAP_ALLOCATE|[EXTERNAL]|Bytes:8
02:18:48.2 (39372371)|HEAP_ALLOCATE|[88]|Bytes:8
02:18:48.2 (39389610)|HEAP_ALLOCATE|[88]|Bytes:4
02:18:48.2 (39397206)|HEAP_ALLOCATE|[88]|Bytes:4
02:18:48.2 (39407447)|HEAP_ALLOCATE|[88]|Bytes:4
02:18:48.2 (39417993)|VARIABLE_ASSIGNMENT|[88]|objName|"User"
02:18:48.2 (39421876)|STATEMENT_EXECUTE|[89]
02:18:48.2 (39426469)|HEAP_ALLOCATE|[89]|Bytes:34
02:18:48.2 (39432950)|HEAP_ALLOCATE|[EXTERNAL]|Bytes:4
02:18:48.2 (39437134)|STATEMENT_EXECUTE|[93]
02:18:48.2 (39456402)|HEAP_ALLOCATE|[EXTERNAL]|Bytes:4
02:18:48.2 (39468125)|HEAP_ALLOCATE|[78]|Bytes:5
02:18:48.2 (39480370)|VARIABLE_SCOPE_BEGIN|[78]|s1|Schema.SObjectField|true|false
02:18:48.2 (39533718)|VARIABLE_ASSIGNMENT|[78]|s1|"common.apex.runtime.impl.ApexFieldToken@177b9d96"|0x177b9d96
02:18:48.2 (39540721)|STATEMENT_EXECUTE|[78]
02:18:48.2 (39547306)|STATEMENT_EXECUTE|[79]
02:18:48.2 (39550890)|HEAP_ALLOCATE|[79]|Bytes:4
02:18:48.2 (39561739)|VARIABLE_SCOPE_BEGIN|[79]|l|List<String>|true|false
02:18:48.2 (39578268)|HEAP_ALLOCATE|[EXTERNAL]|Bytes:4
02:18:48.2 (39586707)|VARIABLE_ASSIGNMENT|[79]|l|[]|0x5a8755f8
02:18:48.2 (39591775)|STATEMENT_EXECUTE|[80]
02:18:48.2 (39616122)|HEAP_ALLOCATE|[80]|Bytes:14
02:18:48.2 (39626432)|VARIABLE_SCOPE_BEGIN|[80]|field|String|false|false
02:18:48.2 (39635366)|VARIABLE_ASSIGNMENT|[80]|field|"SystemModstamp"
02:18:48.2 (39639495)|STATEMENT_EXECUTE|[82]
02:18:48.2 (39715544)|HEAP_ALLOCATE|[82]|Bytes:8
02:18:48.2 (39727379)|HEAP_ALLOCATE|[82]|Bytes:14
02:18:48.2 (39745237)|HEAP_ALLOCATE|[82]|Bytes:14
02:18:48.2 (39755156)|HEAP_ALLOCATE|[EXTERNAL]|Bytes:4
02:18:48.2 (39759639)|STATEMENT_EXECUTE|[84]
02:18:48.2 (39786749)|HEAP_ALLOCATE|[84]|Bytes:8
02:18:48.2 (39808680)|HEAP_ALLOCATE|[84]|Bytes:12
02:18:48.2 (39823448)|HEAP_ALLOCATE|[84]|Bytes:8
02:18:48.2 (39831344)|VARIABLE_SCOPE_BEGIN|[84]|dataType|String|false|false
02:18:48.2 (39840987)|VARIABLE_ASSIGNMENT|[84]|dataType|"DATETIME"
02:18:48.2 (39845618)|STATEMENT_EXECUTE|[85]
02:18:48.2 (39848692)|VARIABLE_SCOPE_BEGIN|[85]|objName|String|false|false
02:18:48.2 (39856851)|VARIABLE_ASSIGNMENT|[85]|objName|""
02:18:48.2 (39866738)|STATEMENT_EXECUTE|[92]
02:18:48.2 (39870827)|HEAP_ALLOCATE|[92]|Bytes:27
02:18:48.2 (39877929)|HEAP_ALLOCATE|[EXTERNAL]|Bytes:4
02:18:48.2 (39882368)|STATEMENT_EXECUTE|[93]
02:18:48.2 (39898065)|HEAP_ALLOCATE|[EXTERNAL]|Bytes:4
02:18:48.2 (39909607)|HEAP_ALLOCATE|[78]|Bytes:5
02:18:48.2 (39921647)|VARIABLE_SCOPE_BEGIN|[78]|s1|Schema.SObjectField|true|false
02:18:48.2 (39976370)|VARIABLE_ASSIGNMENT|[78]|s1|"common.apex.runtime.impl.ApexFieldToken@137b9a6a"|0x137b9a6a
02:18:48.2 (39985691)|STATEMENT_EXECUTE|[78]
02:18:48.2 (39986612)|STATEMENT_EXECUTE|[79]
02:18:48.2 (39990057)|HEAP_ALLOCATE|[79]|Bytes:4
02:18:48.2 (40000934)|VARIABLE_SCOPE_BEGIN|[79]|l|List<String>|true|false
02:18:48.2 (40017777)|HEAP_ALLOCATE|[EXTERNAL]|Bytes:4
02:18:48.2 (40024645)|VARIABLE_ASSIGNMENT|[79]|l|[]|0x1895e758
02:18:48.2 (40029368)|STATEMENT_EXECUTE|[80]
02:18:48.2 (40057193)|HEAP_ALLOCATE|[80]|Bytes:16
02:18:48.2 (40067892)|VARIABLE_SCOPE_BEGIN|[80]|field|String|false|false
02:18:48.2 (40078746)|VARIABLE_ASSIGNMENT|[80]|field|"LastActivityDate"
02:18:48.2 (40082561)|STATEMENT_EXECUTE|[82]
02:18:48.2 (40159188)|HEAP_ALLOCATE|[82]|Bytes:8
02:18:48.2 (40171029)|HEAP_ALLOCATE|[82]|Bytes:16
02:18:48.2 (40184471)|HEAP_ALLOCATE|[82]|Bytes:16
02:18:48.2 (40194204)|HEAP_ALLOCATE|[EXTERNAL]|Bytes:4
02:18:48.2 (40199507)|STATEMENT_EXECUTE|[84]
02:18:48.2 (40220962)|HEAP_ALLOCATE|[84]|Bytes:8
02:18:48.2 (40245932)|HEAP_ALLOCATE|[84]|Bytes:12
02:18:48.2 (40260840)|HEAP_ALLOCATE|[84]|Bytes:4
02:18:48.2 (40270600)|VARIABLE_SCOPE_BEGIN|[84]|dataType|String|false|false
02:18:48.2 (40279812)|VARIABLE_ASSIGNMENT|[84]|dataType|"DATE"
02:18:48.2 (40284240)|STATEMENT_EXECUTE|[85]
02:18:48.2 (40286402)|VARIABLE_SCOPE_BEGIN|[85]|objName|String|false|false
02:18:48.2 (40293074)|VARIABLE_ASSIGNMENT|[85]|objName|""
02:18:48.2 (40302742)|STATEMENT_EXECUTE|[92]
02:18:48.2 (40306759)|HEAP_ALLOCATE|[92]|Bytes:25
02:18:48.2 (40314302)|HEAP_ALLOCATE|[EXTERNAL]|Bytes:4
02:18:48.2 (40318786)|STATEMENT_EXECUTE|[93]
02:18:48.2 (40337957)|HEAP_ALLOCATE|[EXTERNAL]|Bytes:4
02:18:48.2 (40349933)|HEAP_ALLOCATE|[78]|Bytes:5
02:18:48.2 (40362413)|VARIABLE_SCOPE_BEGIN|[78]|s1|Schema.SObjectField|true|false
02:18:48.2 (40412751)|VARIABLE_ASSIGNMENT|[78]|s1|"common.apex.runtime.impl.ApexFieldToken@309950bf"|0x309950bf
02:18:48.2 (40423357)|STATEMENT_EXECUTE|[78]
02:18:48.2 (40424584)|STATEMENT_EXECUTE|[79]
02:18:48.2 (40427851)|HEAP_ALLOCATE|[79]|Bytes:4
02:18:48.2 (40437643)|VARIABLE_SCOPE_BEGIN|[79]|l|List<String>|true|false
02:18:48.2 (40455243)|HEAP_ALLOCATE|[EXTERNAL]|Bytes:4
02:18:48.2 (40462111)|VARIABLE_ASSIGNMENT|[79]|l|[]|0x4a812d3c
02:18:48.2 (40467316)|STATEMENT_EXECUTE|[80]
02:18:48.2 (40491545)|HEAP_ALLOCATE|[80]|Bytes:14
02:18:48.2 (40501136)|VARIABLE_SCOPE_BEGIN|[80]|field|String|false|false
02:18:48.2 (40509353)|VARIABLE_ASSIGNMENT|[80]|field|"LastViewedDate"
02:18:48.2 (40517149)|STATEMENT_EXECUTE|[82]
02:18:48.2 (40589587)|HEAP_ALLOCATE|[82]|Bytes:8
02:18:48.2 (40604790)|HEAP_ALLOCATE|[82]|Bytes:14
02:18:48.2 (40616936)|HEAP_ALLOCATE|[82]|Bytes:14
02:18:48.2 (40627400)|HEAP_ALLOCATE|[EXTERNAL]|Bytes:4
02:18:48.2 (40632325)|STATEMENT_EXECUTE|[84]
02:18:48.2 (40656609)|HEAP_ALLOCATE|[84]|Bytes:8
02:18:48.2 (40677210)|HEAP_ALLOCATE|[84]|Bytes:12
02:18:48.2 (40691170)|HEAP_ALLOCATE|[84]|Bytes:8
02:18:48.2 (40699245)|VARIABLE_SCOPE_BEGIN|[84]|dataType|String|false|false
02:18:48.2 (40708397)|VARIABLE_ASSIGNMENT|[84]|dataType|"DATETIME"
02:18:48.2 (40712228)|STATEMENT_EXECUTE|[85]
02:18:48.2 (40714325)|VARIABLE_SCOPE_BEGIN|[85]|objName|String|false|false
02:18:48.2 (40720535)|VARIABLE_ASSIGNMENT|[85]|objName|""
02:18:48.2 (40729728)|STATEMENT_EXECUTE|[92]
02:18:48.2 (40733824)|HEAP_ALLOCATE|[92]|Bytes:27
02:18:48.2 (40740562)|HEAP_ALLOCATE|[EXTERNAL]|Bytes:4
02:18:48.2 (40744589)|STATEMENT_EXECUTE|[93]
02:18:48.2 (40760435)|HEAP_ALLOCATE|[EXTERNAL]|Bytes:4
02:18:48.2 (40775843)|HEAP_ALLOCATE|[78]|Bytes:5
02:18:48.2 (40788255)|VARIABLE_SCOPE_BEGIN|[78]|s1|Schema.SObjectField|true|false
02:18:48.2 (40841964)|VARIABLE_ASSIGNMENT|[78]|s1|"common.apex.runtime.impl.ApexFieldToken@1fca736d"|0x1fca736d
02:18:48.2 (40851644)|STATEMENT_EXECUTE|[78]
02:18:48.2 (40852993)|STATEMENT_EXECUTE|[79]
02:18:48.2 (40856943)|HEAP_ALLOCATE|[79]|Bytes:4
02:18:48.2 (40868889)|VARIABLE_SCOPE_BEGIN|[79]|l|List<String>|true|false
02:18:48.2 (40885657)|HEAP_ALLOCATE|[EXTERNAL]|Bytes:4
02:18:48.2 (40892310)|VARIABLE_ASSIGNMENT|[79]|l|[]|0x45a01ca9
02:18:48.2 (40897153)|STATEMENT_EXECUTE|[80]
02:18:48.2 (40925322)|HEAP_ALLOCATE|[80]|Bytes:18
02:18:48.2 (40935750)|VARIABLE_SCOPE_BEGIN|[80]|field|String|false|false
02:18:48.2 (40946946)|VARIABLE_ASSIGNMENT|[80]|field|"LastReferencedDate"
02:18:48.2 (40950946)|STATEMENT_EXECUTE|[82]
02:18:48.2 (41026424)|HEAP_ALLOCATE|[82]|Bytes:8
02:18:48.2 (41038344)|HEAP_ALLOCATE|[82]|Bytes:18
02:18:48.2 (41050942)|HEAP_ALLOCATE|[82]|Bytes:18
02:18:48.2 (41061126)|HEAP_ALLOCATE|[EXTERNAL]|Bytes:4
02:18:48.2 (41065788)|STATEMENT_EXECUTE|[84]
02:18:48.2 (41092638)|HEAP_ALLOCATE|[84]|Bytes:8
02:18:48.2 (41113961)|HEAP_ALLOCATE|[84]|Bytes:12
02:18:48.2 (41128680)|HEAP_ALLOCATE|[84]|Bytes:8
02:18:48.2 (41136471)|VARIABLE_SCOPE_BEGIN|[84]|dataType|String|false|false
02:18:48.2 (41145201)|VARIABLE_ASSIGNMENT|[84]|dataType|"DATETIME"
02:18:48.2 (41156172)|STATEMENT_EXECUTE|[85]
02:18:48.2 (41158852)|VARIABLE_SCOPE_BEGIN|[85]|objName|String|false|false
02:18:48.2 (41166538)|VARIABLE_ASSIGNMENT|[85]|objName|""
02:18:48.2 (41176464)|STATEMENT_EXECUTE|[92]
02:18:48.2 (41181748)|HEAP_ALLOCATE|[92]|Bytes:31
02:18:48.2 (41189760)|HEAP_ALLOCATE|[EXTERNAL]|Bytes:4
02:18:48.2 (41194058)|STATEMENT_EXECUTE|[93]
02:18:48.2 (41209858)|HEAP_ALLOCATE|[EXTERNAL]|Bytes:4
02:18:48.2 (41221365)|HEAP_ALLOCATE|[78]|Bytes:5
02:18:48.2 (41236480)|VARIABLE_ASSIGNMENT|[78]|s1|null|
02:18:48.2 (41241060)|STATEMENT_EXECUTE|[96]
02:18:48.2 (41247980)|SYSTEM_MODE_EXIT|false
02:18:48.41 (41276331)|CUMULATIVE_LIMIT_USAGE
02:18:48.41 (41276331)|LIMIT_USAGE_FOR_NS|(default)|
  Number of SOQL queries: 0 out of 100
  Number of query rows: 0 out of 50000
  Number of SOSL queries: 0 out of 20
  Number of DML statements: 0 out of 150
  Number of DML rows: 0 out of 10000
  Maximum CPU time: 0 out of 10000
  Maximum heap size: 0 out of 6000000
  Number of callouts: 0 out of 100
  Number of Email Invocations: 0 out of 10
  Number of future calls: 0 out of 50
  Number of queueable jobs added to the queue: 0 out of 50
  Number of Mobile Apex push calls: 0 out of 10

02:18:48.41 (41276331)|CUMULATIVE_LIMIT_USAGE_END

02:18:48.2 (41307608)|CODE_UNIT_FINISHED|AdhocLightningScheduler.getObjFields
02:18:48.2 (42604723)|EXECUTION_FINISHED
