40.0 APEX_CODE,FINEST;APEX_PROFILING,INFO;CALLOUT,INFO;DB,INFO;SYSTEM,DEBUG;VALIDATION,INFO;VISUALFORCE,INFO;WAVE,INFO;WORKFLOW,INFO
21:07:55.0 (55699)|USER_INFO|[EXTERNAL]|00528000001JBjQ|ramu.veligeti@yahoo.co.in|Pacific Standard Time|GMT-07:00
21:07:55.0 (87887)|EXECUTION_STARTED
21:07:55.0 (91922)|CODE_UNIT_STARTED|[EXTERNAL]|aura
21:07:55.0 (371042)|HEAP_ALLOCATE|[72]|Bytes:3
21:07:55.0 (401150)|HEAP_ALLOCATE|[77]|Bytes:152
21:07:55.0 (415322)|HEAP_ALLOCATE|[342]|Bytes:408
21:07:55.0 (429876)|HEAP_ALLOCATE|[355]|Bytes:408
21:07:55.0 (443624)|HEAP_ALLOCATE|[467]|Bytes:48
21:07:55.0 (465288)|HEAP_ALLOCATE|[139]|Bytes:6
21:07:55.0 (481395)|HEAP_ALLOCATE|[EXTERNAL]|Bytes:8
21:07:55.0 (488686)|HEAP_ALLOCATE|[EXTERNAL]|Bytes:8
21:07:55.0 (500919)|CODE_UNIT_FINISHED|aura
21:07:55.0 (1218498)|EXECUTION_FINISHED
21:07:55.1 (1860282)|USER_INFO|[EXTERNAL]|00528000001JBjQ|ramu.veligeti@yahoo.co.in|Pacific Standard Time|GMT-07:00
21:07:55.1 (1871835)|EXECUTION_STARTED
21:07:55.1 (1873861)|CODE_UNIT_STARTED|[EXTERNAL]|01p2800000FZDMn|AdhocLightningScheduler.getObjFields
21:07:55.1 (1905461)|VARIABLE_SCOPE_BEGIN|[3]|AdhocLightningScheduler.showFields|Boolean|false|true
21:07:55.1 (1978752)|HEAP_ALLOCATE|[EXTERNAL]|Bytes:26
21:07:55.1 (1985281)|HEAP_ALLOCATE|[EXTERNAL]|Bytes:88
21:07:55.1 (1988749)|HEAP_ALLOCATE|[EXTERNAL]|Bytes:26
21:07:55.1 (1991849)|HEAP_ALLOCATE|[EXTERNAL]|Bytes:28
21:07:55.1 (2002507)|METHOD_ENTRY|[1]|01p2800000FZDMn|AdhocLightningScheduler.AdhocLightningScheduler()
21:07:55.1 (2008379)|STATEMENT_EXECUTE|[1]
21:07:55.1 (2011529)|STATEMENT_EXECUTE|[1]
21:07:55.1 (2012653)|STATEMENT_EXECUTE|[182]
21:07:55.1 (2013714)|STATEMENT_EXECUTE|[198]
21:07:55.1 (2017776)|METHOD_EXIT|[1]|AdhocLightningScheduler
21:07:55.1 (2022589)|HEAP_ALLOCATE|[EXTERNAL]|Bytes:8
21:07:55.1 (2029802)|SYSTEM_MODE_ENTER|false
21:07:55.1 (2037346)|VARIABLE_SCOPE_BEGIN|[51]|so|String|false|false
21:07:55.1 (2056249)|VARIABLE_ASSIGNMENT|[51]|so|"Contract"
21:07:55.1 (2065179)|STATEMENT_EXECUTE|[51]
21:07:55.1 (2066288)|STATEMENT_EXECUTE|[52]
21:07:55.1 (2068861)|HEAP_ALLOCATE|[52]|Bytes:3
21:07:55.1 (2082970)|HEAP_ALLOCATE|[52]|Bytes:11
21:07:55.1 (2112663)|HEAP_ALLOCATE|[50]|Bytes:5
21:07:55.1 (2132335)|HEAP_ALLOCATE|[56]|Bytes:5
21:07:55.1 (2138928)|HEAP_ALLOCATE|[64]|Bytes:7
21:07:55.1 (2179465)|USER_DEBUG|[52]|DEBUG|s==Contract
21:07:55.1 (2188194)|STATEMENT_EXECUTE|[53]
21:07:55.1 (12652786)|HEAP_ALLOCATE|[53]|Bytes:1628
21:07:55.1 (12694518)|VARIABLE_SCOPE_BEGIN|[53]|objSchema|Schema.SObjectType|true|false
21:07:55.1 (12797863)|VARIABLE_ASSIGNMENT|[53]|objSchema|"common.apex.runtime.impl.ApexSObjectTypeToken@b30a8cb"|0xb30a8cb
21:07:55.1 (12806455)|STATEMENT_EXECUTE|[54]
21:07:55.1 (12989079)|HEAP_ALLOCATE|[54]|Bytes:4
21:07:55.1 (13387431)|HEAP_ALLOCATE|[54]|Bytes:200
21:07:55.1 (13399746)|VARIABLE_SCOPE_BEGIN|[54]|fieldMap|Map<String,Schema.SObjectField>|true|false
21:07:55.1 (13520490)|VARIABLE_ASSIGNMENT|[54]|fieldMap|"{accountid=AccountId, activatedbyid=ActivatedById, activateddate=ActivatedDate, billingaddress=BillingAddress, billingcity=BillingCity, billingcountry=BillingCountry, billinggeocodeaccuracy=BillingGeocodeAccuracy, billinglatitude=BillingLatitude, billinglongitude=BillingLongitude, billingpostalcode=BillingPostalCode, ...}"|0x70d92d97
21:07:55.1 (13531791)|STATEMENT_EXECUTE|[55]
21:07:55.1 (13537410)|HEAP_ALLOCATE|[55]|Bytes:4
21:07:55.1 (13566906)|VARIABLE_SCOPE_BEGIN|[55]|options|List<List<String>>|true|false
21:07:55.1 (13595554)|HEAP_ALLOCATE|[EXTERNAL]|Bytes:4
21:07:55.1 (13605318)|VARIABLE_ASSIGNMENT|[55]|options|[]|0xf657fe6
21:07:55.1 (13611235)|STATEMENT_EXECUTE|[56]
21:07:55.1 (13615569)|HEAP_ALLOCATE|[56]|Bytes:4
21:07:55.1 (13630644)|VARIABLE_SCOPE_BEGIN|[56]|l1|List<String>|true|false
21:07:55.1 (13649482)|HEAP_ALLOCATE|[EXTERNAL]|Bytes:4
21:07:55.1 (13654661)|VARIABLE_ASSIGNMENT|[56]|l1|[]|0x4bc5912f
21:07:55.1 (13659775)|STATEMENT_EXECUTE|[57]
21:07:55.1 (13663159)|HEAP_ALLOCATE|[57]|Bytes:8
21:07:55.1 (13697645)|HEAP_ALLOCATE|[EXTERNAL]|Bytes:4
21:07:55.1 (13704319)|STATEMENT_EXECUTE|[58]
21:07:55.1 (13716847)|HEAP_ALLOCATE|[EXTERNAL]|Bytes:4
21:07:55.1 (13721573)|STATEMENT_EXECUTE|[59]
21:07:55.1 (13747019)|HEAP_ALLOCATE|[EXTERNAL]|Bytes:4
21:07:55.1 (13780307)|STATEMENT_EXECUTE|[60]
21:07:55.1 (13810414)|HEAP_ALLOCATE|[EXTERNAL]|Bytes:200
21:07:55.1 (13834561)|HEAP_ALLOCATE|[64]|Bytes:200
21:07:55.1 (13895555)|HEAP_ALLOCATE|[64]|Bytes:5
21:07:55.1 (13916326)|VARIABLE_SCOPE_BEGIN|[64]|s1|Schema.SObjectField|true|false
21:07:55.1 (13970393)|VARIABLE_ASSIGNMENT|[64]|s1|"common.apex.runtime.impl.ApexFieldToken@2279c83e"|0x2279c83e
21:07:55.1 (13977805)|STATEMENT_EXECUTE|[64]
21:07:55.1 (13978868)|STATEMENT_EXECUTE|[65]
21:07:55.1 (13982391)|HEAP_ALLOCATE|[65]|Bytes:4
21:07:55.1 (13998877)|VARIABLE_SCOPE_BEGIN|[65]|l|List<String>|true|false
21:07:55.1 (14016461)|HEAP_ALLOCATE|[EXTERNAL]|Bytes:4
21:07:55.1 (14023249)|VARIABLE_ASSIGNMENT|[65]|l|[]|0x2c7653c1
21:07:55.1 (14028244)|STATEMENT_EXECUTE|[66]
21:07:55.1 (14069300)|HEAP_ALLOCATE|[66]|Bytes:2
21:07:55.1 (14080888)|VARIABLE_SCOPE_BEGIN|[66]|field|String|false|false
21:07:55.1 (14090394)|VARIABLE_ASSIGNMENT|[66]|field|"Id"
21:07:55.1 (14094813)|STATEMENT_EXECUTE|[68]
21:07:55.1 (14322112)|HEAP_ALLOCATE|[68]|Bytes:8
21:07:55.1 (14343990)|HEAP_ALLOCATE|[68]|Bytes:2
21:07:55.1 (14359767)|HEAP_ALLOCATE|[68]|Bytes:2
21:07:55.1 (14371501)|HEAP_ALLOCATE|[EXTERNAL]|Bytes:4
21:07:55.1 (14377123)|STATEMENT_EXECUTE|[70]
21:07:55.1 (14423363)|HEAP_ALLOCATE|[70]|Bytes:8
21:07:55.1 (15119914)|HEAP_ALLOCATE|[70]|Bytes:12
21:07:55.1 (15149735)|HEAP_ALLOCATE|[70]|Bytes:2
21:07:55.1 (15160505)|VARIABLE_SCOPE_BEGIN|[70]|dataType|String|false|false
21:07:55.1 (15172022)|VARIABLE_ASSIGNMENT|[70]|dataType|"ID"
21:07:55.1 (15176436)|STATEMENT_EXECUTE|[71]
21:07:55.1 (15178896)|VARIABLE_SCOPE_BEGIN|[71]|objName|String|false|false
21:07:55.1 (15185843)|VARIABLE_ASSIGNMENT|[71]|objName|""
21:07:55.1 (15203918)|STATEMENT_EXECUTE|[78]
21:07:55.1 (15206988)|HEAP_ALLOCATE|[78]|Bytes:2
21:07:55.1 (15211568)|HEAP_ALLOCATE|[78]|Bytes:3
21:07:55.1 (15218935)|HEAP_ALLOCATE|[78]|Bytes:9
21:07:55.1 (15244178)|HEAP_ALLOCATE|[EXTERNAL]|Bytes:4
21:07:55.1 (15250619)|STATEMENT_EXECUTE|[79]
21:07:55.1 (15276896)|HEAP_ALLOCATE|[EXTERNAL]|Bytes:4
21:07:55.1 (15290340)|HEAP_ALLOCATE|[64]|Bytes:5
21:07:55.1 (15304226)|VARIABLE_SCOPE_BEGIN|[64]|s1|Schema.SObjectField|true|false
21:07:55.1 (15356618)|VARIABLE_ASSIGNMENT|[64]|s1|"common.apex.runtime.impl.ApexFieldToken@6c719d8"|0x6c719d8
21:07:55.1 (15364284)|STATEMENT_EXECUTE|[64]
21:07:55.1 (15365309)|STATEMENT_EXECUTE|[65]
21:07:55.1 (15368608)|HEAP_ALLOCATE|[65]|Bytes:4
21:07:55.1 (15378880)|VARIABLE_SCOPE_BEGIN|[65]|l|List<String>|true|false
21:07:55.1 (15396255)|HEAP_ALLOCATE|[EXTERNAL]|Bytes:4
21:07:55.1 (15403268)|VARIABLE_ASSIGNMENT|[65]|l|[]|0x209410db
21:07:55.1 (15408241)|STATEMENT_EXECUTE|[66]
21:07:55.1 (15434573)|HEAP_ALLOCATE|[66]|Bytes:9
21:07:55.1 (15444909)|VARIABLE_SCOPE_BEGIN|[66]|field|String|false|false
21:07:55.1 (15454605)|VARIABLE_ASSIGNMENT|[66]|field|"AccountId"
21:07:55.1 (15458897)|STATEMENT_EXECUTE|[68]
21:07:55.1 (15593751)|HEAP_ALLOCATE|[68]|Bytes:8
21:07:55.1 (15607470)|HEAP_ALLOCATE|[68]|Bytes:9
21:07:55.1 (15621324)|HEAP_ALLOCATE|[68]|Bytes:9
21:07:55.1 (15631991)|HEAP_ALLOCATE|[EXTERNAL]|Bytes:4
21:07:55.1 (15637168)|STATEMENT_EXECUTE|[70]
21:07:55.1 (15660083)|HEAP_ALLOCATE|[70]|Bytes:8
21:07:55.1 (15683766)|HEAP_ALLOCATE|[70]|Bytes:12
21:07:55.1 (15699446)|HEAP_ALLOCATE|[70]|Bytes:9
21:07:55.1 (15707655)|VARIABLE_SCOPE_BEGIN|[70]|dataType|String|false|false
21:07:55.1 (15717876)|VARIABLE_ASSIGNMENT|[70]|dataType|"REFERENCE"
21:07:55.1 (15721937)|STATEMENT_EXECUTE|[71]
21:07:55.1 (15724056)|VARIABLE_SCOPE_BEGIN|[71]|objName|String|false|false
21:07:55.1 (15730890)|VARIABLE_ASSIGNMENT|[71]|objName|""
21:07:55.1 (15743604)|STATEMENT_EXECUTE|[73]
21:07:55.1 (15744642)|STATEMENT_EXECUTE|[74]
21:07:55.1 (15790628)|HEAP_ALLOCATE|[74]|Bytes:8
21:07:55.1 (15816120)|HEAP_ALLOCATE|[EXTERNAL]|Bytes:8
21:07:55.1 (15834586)|HEAP_ALLOCATE|[74]|Bytes:8
21:07:55.1 (15938715)|HEAP_ALLOCATE|[74]|Bytes:4
21:07:55.1 (15955410)|HEAP_ALLOCATE|[74]|Bytes:7
21:07:55.1 (15969713)|HEAP_ALLOCATE|[74]|Bytes:7
21:07:55.1 (15980608)|VARIABLE_ASSIGNMENT|[74]|objName|"Account"
21:07:55.1 (15985080)|STATEMENT_EXECUTE|[75]
21:07:55.1 (15990232)|HEAP_ALLOCATE|[75]|Bytes:30
21:07:55.1 (16012449)|HEAP_ALLOCATE|[EXTERNAL]|Bytes:4
21:07:55.1 (16019306)|STATEMENT_EXECUTE|[79]
21:07:55.1 (16036647)|HEAP_ALLOCATE|[EXTERNAL]|Bytes:4
21:07:55.1 (16048644)|HEAP_ALLOCATE|[64]|Bytes:5
21:07:55.1 (16061527)|VARIABLE_SCOPE_BEGIN|[64]|s1|Schema.SObjectField|true|false
21:07:55.1 (16114279)|VARIABLE_ASSIGNMENT|[64]|s1|"common.apex.runtime.impl.ApexFieldToken@61ecbcc6"|0x61ecbcc6
21:07:55.1 (16121507)|STATEMENT_EXECUTE|[64]
21:07:55.1 (16122766)|STATEMENT_EXECUTE|[65]
21:07:55.1 (16126205)|HEAP_ALLOCATE|[65]|Bytes:4
21:07:55.1 (16136084)|VARIABLE_SCOPE_BEGIN|[65]|l|List<String>|true|false
21:07:55.1 (16152656)|HEAP_ALLOCATE|[EXTERNAL]|Bytes:4
21:07:55.1 (16160449)|VARIABLE_ASSIGNMENT|[65]|l|[]|0x2eaed826
21:07:55.1 (16165856)|STATEMENT_EXECUTE|[66]
21:07:55.1 (16198432)|HEAP_ALLOCATE|[66]|Bytes:12
21:07:55.1 (16209634)|VARIABLE_SCOPE_BEGIN|[66]|field|String|false|false
21:07:55.1 (16218607)|VARIABLE_ASSIGNMENT|[66]|field|"Pricebook2Id"
21:07:55.1 (16222240)|STATEMENT_EXECUTE|[68]
21:07:55.1 (16454163)|HEAP_ALLOCATE|[68]|Bytes:8
21:07:55.1 (16469062)|HEAP_ALLOCATE|[68]|Bytes:12
21:07:55.1 (16483175)|HEAP_ALLOCATE|[68]|Bytes:12
21:07:55.1 (16493960)|HEAP_ALLOCATE|[EXTERNAL]|Bytes:4
21:07:55.1 (16498838)|STATEMENT_EXECUTE|[70]
21:07:55.1 (16522139)|HEAP_ALLOCATE|[70]|Bytes:8
21:07:55.1 (16544446)|HEAP_ALLOCATE|[70]|Bytes:12
21:07:55.1 (16559154)|HEAP_ALLOCATE|[70]|Bytes:9
21:07:55.1 (16567683)|VARIABLE_SCOPE_BEGIN|[70]|dataType|String|false|false
21:07:55.1 (16577660)|VARIABLE_ASSIGNMENT|[70]|dataType|"REFERENCE"
21:07:55.1 (16581903)|STATEMENT_EXECUTE|[71]
21:07:55.1 (16584143)|VARIABLE_SCOPE_BEGIN|[71]|objName|String|false|false
21:07:55.1 (16591040)|VARIABLE_ASSIGNMENT|[71]|objName|""
21:07:55.1 (16604163)|STATEMENT_EXECUTE|[73]
21:07:55.1 (16605127)|STATEMENT_EXECUTE|[74]
21:07:55.1 (16629109)|HEAP_ALLOCATE|[74]|Bytes:8
21:07:55.1 (16648567)|HEAP_ALLOCATE|[EXTERNAL]|Bytes:8
21:07:55.1 (16658512)|HEAP_ALLOCATE|[74]|Bytes:8
21:07:55.1 (16741767)|HEAP_ALLOCATE|[74]|Bytes:4
21:07:55.1 (16752868)|HEAP_ALLOCATE|[74]|Bytes:10
21:07:55.1 (16765590)|HEAP_ALLOCATE|[74]|Bytes:10
21:07:55.1 (16777071)|VARIABLE_ASSIGNMENT|[74]|objName|"Pricebook2"
21:07:55.1 (16781986)|STATEMENT_EXECUTE|[75]
21:07:55.1 (16786818)|HEAP_ALLOCATE|[75]|Bytes:36
21:07:55.1 (16793535)|HEAP_ALLOCATE|[EXTERNAL]|Bytes:4
21:07:55.1 (16798026)|STATEMENT_EXECUTE|[79]
21:07:55.1 (16813976)|HEAP_ALLOCATE|[EXTERNAL]|Bytes:4
21:07:55.1 (16825400)|HEAP_ALLOCATE|[64]|Bytes:5
21:07:55.1 (16845844)|VARIABLE_SCOPE_BEGIN|[64]|s1|Schema.SObjectField|true|false
21:07:55.1 (16911628)|VARIABLE_ASSIGNMENT|[64]|s1|"common.apex.runtime.impl.ApexFieldToken@55f7e442"|0x55f7e442
21:07:55.1 (16923922)|STATEMENT_EXECUTE|[64]
21:07:55.1 (16925470)|STATEMENT_EXECUTE|[65]
21:07:55.1 (16929811)|HEAP_ALLOCATE|[65]|Bytes:4
21:07:55.1 (16944840)|VARIABLE_SCOPE_BEGIN|[65]|l|List<String>|true|false
21:07:55.1 (16968880)|HEAP_ALLOCATE|[EXTERNAL]|Bytes:4
21:07:55.1 (16976435)|VARIABLE_ASSIGNMENT|[65]|l|[]|0x23beca70
21:07:55.1 (16981407)|STATEMENT_EXECUTE|[66]
21:07:55.1 (17008075)|HEAP_ALLOCATE|[66]|Bytes:21
21:07:55.1 (17019376)|VARIABLE_SCOPE_BEGIN|[66]|field|String|false|false
21:07:55.1 (17035952)|VARIABLE_ASSIGNMENT|[66]|field|"OwnerExpirationNotic (1 more) ..."
21:07:55.1 (17042554)|STATEMENT_EXECUTE|[68]
21:07:55.1 (17146459)|HEAP_ALLOCATE|[68]|Bytes:8
21:07:55.1 (17158737)|HEAP_ALLOCATE|[68]|Bytes:21
21:07:55.1 (17172496)|HEAP_ALLOCATE|[68]|Bytes:21
21:07:55.1 (17182170)|HEAP_ALLOCATE|[EXTERNAL]|Bytes:4
21:07:55.1 (17186711)|STATEMENT_EXECUTE|[70]
21:07:55.1 (17209101)|HEAP_ALLOCATE|[70]|Bytes:8
21:07:55.1 (17234060)|HEAP_ALLOCATE|[70]|Bytes:12
21:07:55.1 (17249598)|HEAP_ALLOCATE|[70]|Bytes:8
21:07:55.1 (17258213)|VARIABLE_SCOPE_BEGIN|[70]|dataType|String|false|false
21:07:55.1 (17269230)|VARIABLE_ASSIGNMENT|[70]|dataType|"PICKLIST"
21:07:55.1 (17273499)|STATEMENT_EXECUTE|[71]
21:07:55.1 (17275674)|VARIABLE_SCOPE_BEGIN|[71]|objName|String|false|false
21:07:55.1 (17282910)|VARIABLE_ASSIGNMENT|[71]|objName|""
21:07:55.1 (17293458)|STATEMENT_EXECUTE|[78]
21:07:55.1 (17297442)|HEAP_ALLOCATE|[78]|Bytes:34
21:07:55.1 (17304392)|HEAP_ALLOCATE|[EXTERNAL]|Bytes:4
21:07:55.1 (17308428)|STATEMENT_EXECUTE|[79]
21:07:55.1 (17324880)|HEAP_ALLOCATE|[EXTERNAL]|Bytes:4
21:07:55.1 (17336199)|HEAP_ALLOCATE|[64]|Bytes:5
21:07:55.1 (17348279)|VARIABLE_SCOPE_BEGIN|[64]|s1|Schema.SObjectField|true|false
21:07:55.1 (17400124)|VARIABLE_ASSIGNMENT|[64]|s1|"common.apex.runtime.impl.ApexFieldToken@3923fefa"|0x3923fefa
21:07:55.1 (17407895)|STATEMENT_EXECUTE|[64]
21:07:55.1 (17408824)|STATEMENT_EXECUTE|[65]
21:07:55.1 (17412068)|HEAP_ALLOCATE|[65]|Bytes:4
21:07:55.1 (17421915)|VARIABLE_SCOPE_BEGIN|[65]|l|List<String>|true|false
21:07:55.1 (17438378)|HEAP_ALLOCATE|[EXTERNAL]|Bytes:4
21:07:55.1 (17445405)|VARIABLE_ASSIGNMENT|[65]|l|[]|0x22329b8
21:07:55.1 (17450452)|STATEMENT_EXECUTE|[66]
21:07:55.1 (17474303)|HEAP_ALLOCATE|[66]|Bytes:9
21:07:55.1 (17484627)|VARIABLE_SCOPE_BEGIN|[66]|field|String|false|false
21:07:55.1 (17494005)|VARIABLE_ASSIGNMENT|[66]|field|"StartDate"
21:07:55.1 (17497554)|STATEMENT_EXECUTE|[68]
21:07:55.1 (17596996)|HEAP_ALLOCATE|[68]|Bytes:8
21:07:55.1 (17609835)|HEAP_ALLOCATE|[68]|Bytes:9
21:07:55.1 (17622458)|HEAP_ALLOCATE|[68]|Bytes:9
21:07:55.1 (17631938)|HEAP_ALLOCATE|[EXTERNAL]|Bytes:4
21:07:55.1 (17636653)|STATEMENT_EXECUTE|[70]
21:07:55.1 (17658497)|HEAP_ALLOCATE|[70]|Bytes:8
21:07:55.1 (17678578)|HEAP_ALLOCATE|[70]|Bytes:12
21:07:55.1 (17693369)|HEAP_ALLOCATE|[70]|Bytes:4
21:07:55.1 (17701369)|VARIABLE_SCOPE_BEGIN|[70]|dataType|String|false|false
21:07:55.1 (17712328)|VARIABLE_ASSIGNMENT|[70]|dataType|"DATE"
21:07:55.1 (17718359)|STATEMENT_EXECUTE|[71]
21:07:55.1 (17720534)|VARIABLE_SCOPE_BEGIN|[71]|objName|String|false|false
21:07:55.1 (17728016)|VARIABLE_ASSIGNMENT|[71]|objName|""
21:07:55.1 (17738316)|STATEMENT_EXECUTE|[78]
21:07:55.1 (17742706)|HEAP_ALLOCATE|[78]|Bytes:18
21:07:55.1 (17750943)|HEAP_ALLOCATE|[EXTERNAL]|Bytes:4
21:07:55.1 (17757215)|STATEMENT_EXECUTE|[79]
21:07:55.1 (17779712)|HEAP_ALLOCATE|[EXTERNAL]|Bytes:4
21:07:55.1 (17795354)|HEAP_ALLOCATE|[64]|Bytes:5
21:07:55.1 (17808223)|VARIABLE_SCOPE_BEGIN|[64]|s1|Schema.SObjectField|true|false
21:07:55.1 (17880089)|VARIABLE_ASSIGNMENT|[64]|s1|"common.apex.runtime.impl.ApexFieldToken@71429df"|0x71429df
21:07:55.1 (17888170)|STATEMENT_EXECUTE|[64]
21:07:55.1 (17889147)|STATEMENT_EXECUTE|[65]
21:07:55.1 (17892634)|HEAP_ALLOCATE|[65]|Bytes:4
21:07:55.1 (17904999)|VARIABLE_SCOPE_BEGIN|[65]|l|List<String>|true|false
21:07:55.1 (17923803)|HEAP_ALLOCATE|[EXTERNAL]|Bytes:4
21:07:55.1 (17931020)|VARIABLE_ASSIGNMENT|[65]|l|[]|0x674ba1f0
21:07:55.1 (17936198)|STATEMENT_EXECUTE|[66]
21:07:55.1 (17962207)|HEAP_ALLOCATE|[66]|Bytes:7
21:07:55.1 (17972252)|VARIABLE_SCOPE_BEGIN|[66]|field|String|false|false
21:07:55.1 (17983476)|VARIABLE_ASSIGNMENT|[66]|field|"EndDate"
21:07:55.1 (17987157)|STATEMENT_EXECUTE|[68]
21:07:55.1 (18071329)|HEAP_ALLOCATE|[68]|Bytes:8
21:07:55.1 (18084474)|HEAP_ALLOCATE|[68]|Bytes:7
21:07:55.1 (18097458)|HEAP_ALLOCATE|[68]|Bytes:7
21:07:55.1 (18107547)|HEAP_ALLOCATE|[EXTERNAL]|Bytes:4
21:07:55.1 (18112501)|STATEMENT_EXECUTE|[70]
21:07:55.1 (18133951)|HEAP_ALLOCATE|[70]|Bytes:8
21:07:55.1 (18154390)|HEAP_ALLOCATE|[70]|Bytes:12
21:07:55.1 (18169313)|HEAP_ALLOCATE|[70]|Bytes:4
21:07:55.1 (18177035)|VARIABLE_SCOPE_BEGIN|[70]|dataType|String|false|false
21:07:55.1 (18186756)|VARIABLE_ASSIGNMENT|[70]|dataType|"DATE"
21:07:55.1 (18190708)|STATEMENT_EXECUTE|[71]
21:07:55.1 (18192753)|VARIABLE_SCOPE_BEGIN|[71]|objName|String|false|false
21:07:55.1 (18199324)|VARIABLE_ASSIGNMENT|[71]|objName|""
21:07:55.1 (18208984)|STATEMENT_EXECUTE|[78]
21:07:55.1 (18213039)|HEAP_ALLOCATE|[78]|Bytes:16
21:07:55.1 (18219964)|HEAP_ALLOCATE|[EXTERNAL]|Bytes:4
21:07:55.1 (18224758)|STATEMENT_EXECUTE|[79]
21:07:55.1 (18241005)|HEAP_ALLOCATE|[EXTERNAL]|Bytes:4
21:07:55.1 (18252241)|HEAP_ALLOCATE|[64]|Bytes:5
21:07:55.1 (18264016)|VARIABLE_SCOPE_BEGIN|[64]|s1|Schema.SObjectField|true|false
21:07:55.1 (18314664)|VARIABLE_ASSIGNMENT|[64]|s1|"common.apex.runtime.impl.ApexFieldToken@31aaf77"|0x31aaf77
21:07:55.1 (18322550)|STATEMENT_EXECUTE|[64]
21:07:55.1 (18323498)|STATEMENT_EXECUTE|[65]
21:07:55.1 (18326758)|HEAP_ALLOCATE|[65]|Bytes:4
21:07:55.1 (18336574)|VARIABLE_SCOPE_BEGIN|[65]|l|List<String>|true|false
21:07:55.1 (18352670)|HEAP_ALLOCATE|[EXTERNAL]|Bytes:4
21:07:55.1 (18359339)|VARIABLE_ASSIGNMENT|[65]|l|[]|0x38421849
21:07:55.1 (18364525)|STATEMENT_EXECUTE|[66]
21:07:55.1 (18385848)|HEAP_ALLOCATE|[66]|Bytes:13
21:07:55.1 (18395735)|VARIABLE_SCOPE_BEGIN|[66]|field|String|false|false
21:07:55.1 (18404724)|VARIABLE_ASSIGNMENT|[66]|field|"BillingStreet"
21:07:55.1 (18409277)|STATEMENT_EXECUTE|[68]
21:07:55.1 (18506300)|HEAP_ALLOCATE|[68]|Bytes:8
21:07:55.1 (18518587)|HEAP_ALLOCATE|[68]|Bytes:13
21:07:55.1 (18532048)|HEAP_ALLOCATE|[68]|Bytes:13
21:07:55.1 (18541669)|HEAP_ALLOCATE|[EXTERNAL]|Bytes:4
21:07:55.1 (18546708)|STATEMENT_EXECUTE|[70]
21:07:55.1 (18568115)|HEAP_ALLOCATE|[70]|Bytes:8
21:07:55.1 (18588890)|HEAP_ALLOCATE|[70]|Bytes:12
21:07:55.1 (18604466)|HEAP_ALLOCATE|[70]|Bytes:8
21:07:55.1 (18612738)|VARIABLE_SCOPE_BEGIN|[70]|dataType|String|false|false
21:07:55.1 (18622256)|VARIABLE_ASSIGNMENT|[70]|dataType|"TEXTAREA"
21:07:55.1 (18626367)|STATEMENT_EXECUTE|[71]
21:07:55.1 (18628385)|VARIABLE_SCOPE_BEGIN|[71]|objName|String|false|false
21:07:55.1 (18635588)|VARIABLE_ASSIGNMENT|[71]|objName|""
21:07:55.1 (18645474)|STATEMENT_EXECUTE|[78]
21:07:55.1 (18649961)|HEAP_ALLOCATE|[78]|Bytes:26
21:07:55.1 (18657387)|HEAP_ALLOCATE|[EXTERNAL]|Bytes:4
21:07:55.1 (18661194)|STATEMENT_EXECUTE|[79]
21:07:55.1 (18676962)|HEAP_ALLOCATE|[EXTERNAL]|Bytes:4
21:07:55.1 (18687746)|HEAP_ALLOCATE|[64]|Bytes:5
21:07:55.1 (18699233)|VARIABLE_SCOPE_BEGIN|[64]|s1|Schema.SObjectField|true|false
21:07:55.1 (18749661)|VARIABLE_ASSIGNMENT|[64]|s1|"common.apex.runtime.impl.ApexFieldToken@69a58ea2"|0x69a58ea2
21:07:55.1 (18757039)|STATEMENT_EXECUTE|[64]
21:07:55.1 (18758071)|STATEMENT_EXECUTE|[65]
21:07:55.1 (18761422)|HEAP_ALLOCATE|[65]|Bytes:4
21:07:55.1 (18770753)|VARIABLE_SCOPE_BEGIN|[65]|l|List<String>|true|false
21:07:55.1 (18786711)|HEAP_ALLOCATE|[EXTERNAL]|Bytes:4
21:07:55.1 (18793575)|VARIABLE_ASSIGNMENT|[65]|l|[]|0x3b04de67
21:07:55.1 (18798216)|STATEMENT_EXECUTE|[66]
21:07:55.1 (18819717)|HEAP_ALLOCATE|[66]|Bytes:11
21:07:55.1 (18833825)|VARIABLE_SCOPE_BEGIN|[66]|field|String|false|false
21:07:55.1 (18843030)|VARIABLE_ASSIGNMENT|[66]|field|"BillingCity"
21:07:55.1 (18846950)|STATEMENT_EXECUTE|[68]
21:07:55.1 (18938881)|HEAP_ALLOCATE|[68]|Bytes:8
21:07:55.1 (18951516)|HEAP_ALLOCATE|[68]|Bytes:11
21:07:55.1 (18964008)|HEAP_ALLOCATE|[68]|Bytes:11
21:07:55.1 (18974557)|HEAP_ALLOCATE|[EXTERNAL]|Bytes:4
21:07:55.1 (18979083)|STATEMENT_EXECUTE|[70]
21:07:55.1 (19000965)|HEAP_ALLOCATE|[70]|Bytes:8
21:07:55.1 (19022812)|HEAP_ALLOCATE|[70]|Bytes:12
21:07:55.1 (19037242)|HEAP_ALLOCATE|[70]|Bytes:6
21:07:55.1 (19045023)|VARIABLE_SCOPE_BEGIN|[70]|dataType|String|false|false
21:07:55.1 (19054839)|VARIABLE_ASSIGNMENT|[70]|dataType|"STRING"
21:07:55.1 (19059134)|STATEMENT_EXECUTE|[71]
21:07:55.1 (19061255)|VARIABLE_SCOPE_BEGIN|[71]|objName|String|false|false
21:07:55.1 (19068189)|VARIABLE_ASSIGNMENT|[71]|objName|""
21:07:55.1 (19078072)|STATEMENT_EXECUTE|[78]
21:07:55.1 (19082809)|HEAP_ALLOCATE|[78]|Bytes:22
21:07:55.1 (19089687)|HEAP_ALLOCATE|[EXTERNAL]|Bytes:4
21:07:55.1 (19093589)|STATEMENT_EXECUTE|[79]
21:07:55.1 (19109084)|HEAP_ALLOCATE|[EXTERNAL]|Bytes:4
21:07:55.1 (19119992)|HEAP_ALLOCATE|[64]|Bytes:5
21:07:55.1 (19131645)|VARIABLE_SCOPE_BEGIN|[64]|s1|Schema.SObjectField|true|false
21:07:55.1 (19181354)|VARIABLE_ASSIGNMENT|[64]|s1|"common.apex.runtime.impl.ApexFieldToken@4f577942"|0x4f577942
21:07:55.1 (19188676)|STATEMENT_EXECUTE|[64]
21:07:55.1 (19189635)|STATEMENT_EXECUTE|[65]
21:07:55.1 (19192849)|HEAP_ALLOCATE|[65]|Bytes:4
21:07:55.1 (19202705)|VARIABLE_SCOPE_BEGIN|[65]|l|List<String>|true|false
21:07:55.1 (19218360)|HEAP_ALLOCATE|[EXTERNAL]|Bytes:4
21:07:55.1 (19225119)|VARIABLE_ASSIGNMENT|[65]|l|[]|0x16fbf974
21:07:55.1 (19229873)|STATEMENT_EXECUTE|[66]
21:07:55.1 (19250834)|HEAP_ALLOCATE|[66]|Bytes:12
21:07:55.1 (19260187)|VARIABLE_SCOPE_BEGIN|[66]|field|String|false|false
21:07:55.1 (19269263)|VARIABLE_ASSIGNMENT|[66]|field|"BillingState"
21:07:55.1 (19273167)|STATEMENT_EXECUTE|[68]
21:07:55.1 (19356597)|HEAP_ALLOCATE|[68]|Bytes:8
21:07:55.1 (19368238)|HEAP_ALLOCATE|[68]|Bytes:12
21:07:55.1 (19380163)|HEAP_ALLOCATE|[68]|Bytes:12
21:07:55.1 (19389543)|HEAP_ALLOCATE|[EXTERNAL]|Bytes:4
21:07:55.1 (19394143)|STATEMENT_EXECUTE|[70]
21:07:55.1 (19415045)|HEAP_ALLOCATE|[70]|Bytes:8
21:07:55.1 (19435330)|HEAP_ALLOCATE|[70]|Bytes:12
21:07:55.1 (19449013)|HEAP_ALLOCATE|[70]|Bytes:6
21:07:55.1 (19456707)|VARIABLE_SCOPE_BEGIN|[70]|dataType|String|false|false
21:07:55.1 (19465742)|VARIABLE_ASSIGNMENT|[70]|dataType|"STRING"
21:07:55.1 (19469983)|STATEMENT_EXECUTE|[71]
21:07:55.1 (19472176)|VARIABLE_SCOPE_BEGIN|[71]|objName|String|false|false
21:07:55.1 (19478615)|VARIABLE_ASSIGNMENT|[71]|objName|""
21:07:55.1 (19488795)|STATEMENT_EXECUTE|[78]
21:07:55.1 (19492711)|HEAP_ALLOCATE|[78]|Bytes:23
21:07:55.1 (19499073)|HEAP_ALLOCATE|[EXTERNAL]|Bytes:4
21:07:55.1 (19502929)|STATEMENT_EXECUTE|[79]
21:07:55.1 (19518026)|HEAP_ALLOCATE|[EXTERNAL]|Bytes:4
21:07:55.1 (19529474)|HEAP_ALLOCATE|[64]|Bytes:5
21:07:55.1 (19540938)|VARIABLE_SCOPE_BEGIN|[64]|s1|Schema.SObjectField|true|false
21:07:55.1 (19590208)|VARIABLE_ASSIGNMENT|[64]|s1|"common.apex.runtime.impl.ApexFieldToken@69abfba6"|0x69abfba6
21:07:55.1 (19597034)|STATEMENT_EXECUTE|[64]
21:07:55.1 (19598294)|STATEMENT_EXECUTE|[65]
21:07:55.1 (19601455)|HEAP_ALLOCATE|[65]|Bytes:4
21:07:55.1 (19610971)|VARIABLE_SCOPE_BEGIN|[65]|l|List<String>|true|false
21:07:55.1 (19626353)|HEAP_ALLOCATE|[EXTERNAL]|Bytes:4
21:07:55.1 (19632815)|VARIABLE_ASSIGNMENT|[65]|l|[]|0x26b5152f
21:07:55.1 (19637871)|STATEMENT_EXECUTE|[66]
21:07:55.1 (19659400)|HEAP_ALLOCATE|[66]|Bytes:17
21:07:55.1 (19669465)|VARIABLE_SCOPE_BEGIN|[66]|field|String|false|false
21:07:55.1 (19678125)|VARIABLE_ASSIGNMENT|[66]|field|"BillingPostalCode"
21:07:55.1 (19681857)|STATEMENT_EXECUTE|[68]
21:07:55.1 (19763937)|HEAP_ALLOCATE|[68]|Bytes:8
21:07:55.1 (19775943)|HEAP_ALLOCATE|[68]|Bytes:17
21:07:55.1 (19788674)|HEAP_ALLOCATE|[68]|Bytes:17
21:07:55.1 (19797794)|HEAP_ALLOCATE|[EXTERNAL]|Bytes:4
21:07:55.1 (19802342)|STATEMENT_EXECUTE|[70]
21:07:55.1 (19823435)|HEAP_ALLOCATE|[70]|Bytes:8
21:07:55.1 (19848042)|HEAP_ALLOCATE|[70]|Bytes:12
21:07:55.1 (19862448)|HEAP_ALLOCATE|[70]|Bytes:6
21:07:55.1 (19870588)|VARIABLE_SCOPE_BEGIN|[70]|dataType|String|false|false
21:07:55.1 (19879654)|VARIABLE_ASSIGNMENT|[70]|dataType|"STRING"
21:07:55.1 (19883560)|STATEMENT_EXECUTE|[71]
21:07:55.1 (19885595)|VARIABLE_SCOPE_BEGIN|[71]|objName|String|false|false
21:07:55.1 (19892935)|VARIABLE_ASSIGNMENT|[71]|objName|""
21:07:55.1 (19904434)|STATEMENT_EXECUTE|[78]
21:07:55.1 (19909145)|HEAP_ALLOCATE|[78]|Bytes:28
21:07:55.1 (19916276)|HEAP_ALLOCATE|[EXTERNAL]|Bytes:4
21:07:55.1 (19920529)|STATEMENT_EXECUTE|[79]
21:07:55.1 (19936181)|HEAP_ALLOCATE|[EXTERNAL]|Bytes:4
21:07:55.1 (19947162)|HEAP_ALLOCATE|[64]|Bytes:5
21:07:55.1 (19959204)|VARIABLE_SCOPE_BEGIN|[64]|s1|Schema.SObjectField|true|false
21:07:55.1 (20008444)|VARIABLE_ASSIGNMENT|[64]|s1|"common.apex.runtime.impl.ApexFieldToken@3f1c90f3"|0x3f1c90f3
21:07:55.1 (20016586)|STATEMENT_EXECUTE|[64]
21:07:55.1 (20017514)|STATEMENT_EXECUTE|[65]
21:07:55.1 (20020538)|HEAP_ALLOCATE|[65]|Bytes:4
21:07:55.1 (20030206)|VARIABLE_SCOPE_BEGIN|[65]|l|List<String>|true|false
21:07:55.1 (20045814)|HEAP_ALLOCATE|[EXTERNAL]|Bytes:4
21:07:55.1 (20052419)|VARIABLE_ASSIGNMENT|[65]|l|[]|0x24f4bfed
21:07:55.1 (20057242)|STATEMENT_EXECUTE|[66]
21:07:55.1 (20078004)|HEAP_ALLOCATE|[66]|Bytes:14
21:07:55.1 (20087301)|VARIABLE_SCOPE_BEGIN|[66]|field|String|false|false
21:07:55.1 (20096500)|VARIABLE_ASSIGNMENT|[66]|field|"BillingCountry"
21:07:55.1 (20100662)|STATEMENT_EXECUTE|[68]
21:07:55.1 (20187654)|HEAP_ALLOCATE|[68]|Bytes:8
21:07:55.1 (20199644)|HEAP_ALLOCATE|[68]|Bytes:14
21:07:55.1 (20212256)|HEAP_ALLOCATE|[68]|Bytes:14
21:07:55.1 (20222070)|HEAP_ALLOCATE|[EXTERNAL]|Bytes:4
21:07:55.1 (20226475)|STATEMENT_EXECUTE|[70]
21:07:55.1 (20248144)|HEAP_ALLOCATE|[70]|Bytes:8
21:07:55.1 (20268530)|HEAP_ALLOCATE|[70]|Bytes:12
21:07:55.1 (20282338)|HEAP_ALLOCATE|[70]|Bytes:6
21:07:55.1 (20290375)|VARIABLE_SCOPE_BEGIN|[70]|dataType|String|false|false
21:07:55.1 (20300394)|VARIABLE_ASSIGNMENT|[70]|dataType|"STRING"
21:07:55.1 (20304967)|STATEMENT_EXECUTE|[71]
21:07:55.1 (20306969)|VARIABLE_SCOPE_BEGIN|[71]|objName|String|false|false
21:07:55.1 (20313950)|VARIABLE_ASSIGNMENT|[71]|objName|""
21:07:55.1 (20324173)|STATEMENT_EXECUTE|[78]
21:07:55.1 (20328402)|HEAP_ALLOCATE|[78]|Bytes:25
21:07:55.1 (20334869)|HEAP_ALLOCATE|[EXTERNAL]|Bytes:4
21:07:55.1 (20338770)|STATEMENT_EXECUTE|[79]
21:07:55.1 (20354219)|HEAP_ALLOCATE|[EXTERNAL]|Bytes:4
21:07:55.1 (20365576)|HEAP_ALLOCATE|[64]|Bytes:5
21:07:55.1 (20377080)|VARIABLE_SCOPE_BEGIN|[64]|s1|Schema.SObjectField|true|false
21:07:55.1 (20426686)|VARIABLE_ASSIGNMENT|[64]|s1|"common.apex.runtime.impl.ApexFieldToken@7a89d92c"|0x7a89d92c
21:07:55.1 (20433633)|STATEMENT_EXECUTE|[64]
21:07:55.1 (20434547)|STATEMENT_EXECUTE|[65]
21:07:55.1 (20437773)|HEAP_ALLOCATE|[65]|Bytes:4
21:07:55.1 (20447462)|VARIABLE_SCOPE_BEGIN|[65]|l|List<String>|true|false
21:07:55.1 (20470921)|HEAP_ALLOCATE|[EXTERNAL]|Bytes:4
21:07:55.1 (20479358)|VARIABLE_ASSIGNMENT|[65]|l|[]|0xdbe1b77
21:07:55.1 (20486126)|STATEMENT_EXECUTE|[66]
21:07:55.1 (20513748)|HEAP_ALLOCATE|[66]|Bytes:15
21:07:55.1 (20523758)|VARIABLE_SCOPE_BEGIN|[66]|field|String|false|false
21:07:55.1 (20533069)|VARIABLE_ASSIGNMENT|[66]|field|"BillingLatitude"
21:07:55.1 (20537116)|STATEMENT_EXECUTE|[68]
21:07:55.1 (20626108)|HEAP_ALLOCATE|[68]|Bytes:8
21:07:55.1 (20637789)|HEAP_ALLOCATE|[68]|Bytes:15
21:07:55.1 (20650455)|HEAP_ALLOCATE|[68]|Bytes:15
21:07:55.1 (20660214)|HEAP_ALLOCATE|[EXTERNAL]|Bytes:4
21:07:55.1 (20665264)|STATEMENT_EXECUTE|[70]
21:07:55.1 (20687038)|HEAP_ALLOCATE|[70]|Bytes:8
21:07:55.1 (20706482)|HEAP_ALLOCATE|[70]|Bytes:12
21:07:55.1 (20720538)|HEAP_ALLOCATE|[70]|Bytes:6
21:07:55.1 (20728590)|VARIABLE_SCOPE_BEGIN|[70]|dataType|String|false|false
21:07:55.1 (20738476)|VARIABLE_ASSIGNMENT|[70]|dataType|"DOUBLE"
21:07:55.1 (20742904)|STATEMENT_EXECUTE|[71]
21:07:55.1 (20744975)|VARIABLE_SCOPE_BEGIN|[71]|objName|String|false|false
21:07:55.1 (20752182)|VARIABLE_ASSIGNMENT|[71]|objName|""
21:07:55.1 (20762863)|STATEMENT_EXECUTE|[78]
21:07:55.1 (20767205)|HEAP_ALLOCATE|[78]|Bytes:26
21:07:55.1 (20774268)|HEAP_ALLOCATE|[EXTERNAL]|Bytes:4
21:07:55.1 (20778221)|STATEMENT_EXECUTE|[79]
21:07:55.1 (20794139)|HEAP_ALLOCATE|[EXTERNAL]|Bytes:4
21:07:55.1 (20805267)|HEAP_ALLOCATE|[64]|Bytes:5
21:07:55.1 (20817320)|VARIABLE_SCOPE_BEGIN|[64]|s1|Schema.SObjectField|true|false
21:07:55.1 (20871815)|VARIABLE_ASSIGNMENT|[64]|s1|"common.apex.runtime.impl.ApexFieldToken@ee02256"|0xee02256
21:07:55.1 (20878861)|STATEMENT_EXECUTE|[64]
21:07:55.1 (20880105)|STATEMENT_EXECUTE|[65]
21:07:55.1 (20883424)|HEAP_ALLOCATE|[65]|Bytes:4
21:07:55.1 (20893473)|VARIABLE_SCOPE_BEGIN|[65]|l|List<String>|true|false
21:07:55.1 (20910790)|HEAP_ALLOCATE|[EXTERNAL]|Bytes:4
21:07:55.1 (20917566)|VARIABLE_ASSIGNMENT|[65]|l|[]|0x32b6be68
21:07:55.1 (20922554)|STATEMENT_EXECUTE|[66]
21:07:55.1 (20943574)|HEAP_ALLOCATE|[66]|Bytes:16
21:07:55.1 (20952847)|VARIABLE_SCOPE_BEGIN|[66]|field|String|false|false
21:07:55.1 (20961738)|VARIABLE_ASSIGNMENT|[66]|field|"BillingLongitude"
21:07:55.1 (20965281)|STATEMENT_EXECUTE|[68]
21:07:55.1 (21051402)|HEAP_ALLOCATE|[68]|Bytes:8
21:07:55.1 (21064236)|HEAP_ALLOCATE|[68]|Bytes:16
21:07:55.1 (21076408)|HEAP_ALLOCATE|[68]|Bytes:16
21:07:55.1 (21085657)|HEAP_ALLOCATE|[EXTERNAL]|Bytes:4
21:07:55.1 (21090094)|STATEMENT_EXECUTE|[70]
21:07:55.1 (21111458)|HEAP_ALLOCATE|[70]|Bytes:8
21:07:55.1 (21130644)|HEAP_ALLOCATE|[70]|Bytes:12
21:07:55.1 (21144303)|HEAP_ALLOCATE|[70]|Bytes:6
21:07:55.1 (21152327)|VARIABLE_SCOPE_BEGIN|[70]|dataType|String|false|false
21:07:55.1 (21161724)|VARIABLE_ASSIGNMENT|[70]|dataType|"DOUBLE"
21:07:55.1 (21165675)|STATEMENT_EXECUTE|[71]
21:07:55.1 (21167765)|VARIABLE_SCOPE_BEGIN|[71]|objName|String|false|false
21:07:55.1 (21174581)|VARIABLE_ASSIGNMENT|[71]|objName|""
21:07:55.1 (21184890)|STATEMENT_EXECUTE|[78]
21:07:55.1 (21188827)|HEAP_ALLOCATE|[78]|Bytes:27
21:07:55.1 (21195511)|HEAP_ALLOCATE|[EXTERNAL]|Bytes:4
21:07:55.1 (21199589)|STATEMENT_EXECUTE|[79]
21:07:55.1 (21214855)|HEAP_ALLOCATE|[EXTERNAL]|Bytes:4
21:07:55.1 (21225914)|HEAP_ALLOCATE|[64]|Bytes:5
21:07:55.1 (21236995)|VARIABLE_SCOPE_BEGIN|[64]|s1|Schema.SObjectField|true|false
21:07:55.1 (21288144)|VARIABLE_ASSIGNMENT|[64]|s1|"common.apex.runtime.impl.ApexFieldToken@38208ee7"|0x38208ee7
21:07:55.1 (21295264)|STATEMENT_EXECUTE|[64]
21:07:55.1 (21296185)|STATEMENT_EXECUTE|[65]
21:07:55.1 (21299298)|HEAP_ALLOCATE|[65]|Bytes:4
21:07:55.1 (21309083)|VARIABLE_SCOPE_BEGIN|[65]|l|List<String>|true|false
21:07:55.1 (21324869)|HEAP_ALLOCATE|[EXTERNAL]|Bytes:4
21:07:55.1 (21331695)|VARIABLE_ASSIGNMENT|[65]|l|[]|0xce1bb16
21:07:55.1 (21336884)|STATEMENT_EXECUTE|[66]
21:07:55.1 (21357806)|HEAP_ALLOCATE|[66]|Bytes:22
21:07:55.1 (21367214)|VARIABLE_SCOPE_BEGIN|[66]|field|String|false|false
21:07:55.1 (21377078)|VARIABLE_ASSIGNMENT|[66]|field|"BillingGeocodeAccura (2 more) ..."
21:07:55.1 (21381039)|STATEMENT_EXECUTE|[68]
21:07:55.1 (21460202)|HEAP_ALLOCATE|[68]|Bytes:8
21:07:55.1 (21471550)|HEAP_ALLOCATE|[68]|Bytes:22
21:07:55.1 (21483651)|HEAP_ALLOCATE|[68]|Bytes:22
21:07:55.1 (21493227)|HEAP_ALLOCATE|[EXTERNAL]|Bytes:4
21:07:55.1 (21497275)|STATEMENT_EXECUTE|[70]
21:07:55.1 (21518413)|HEAP_ALLOCATE|[70]|Bytes:8
21:07:55.1 (21538166)|HEAP_ALLOCATE|[70]|Bytes:12
21:07:55.1 (21551681)|HEAP_ALLOCATE|[70]|Bytes:8
21:07:55.1 (21559199)|VARIABLE_SCOPE_BEGIN|[70]|dataType|String|false|false
21:07:55.1 (21568536)|VARIABLE_ASSIGNMENT|[70]|dataType|"PICKLIST"
21:07:55.1 (21572471)|STATEMENT_EXECUTE|[71]
21:07:55.1 (21574663)|VARIABLE_SCOPE_BEGIN|[71]|objName|String|false|false
21:07:55.1 (21581517)|VARIABLE_ASSIGNMENT|[71]|objName|""
21:07:55.1 (21591010)|STATEMENT_EXECUTE|[78]
21:07:55.1 (21594924)|HEAP_ALLOCATE|[78]|Bytes:35
21:07:55.1 (21602292)|HEAP_ALLOCATE|[EXTERNAL]|Bytes:4
21:07:55.1 (21606433)|STATEMENT_EXECUTE|[79]
21:07:55.1 (21621818)|HEAP_ALLOCATE|[EXTERNAL]|Bytes:4
21:07:55.1 (21632889)|HEAP_ALLOCATE|[64]|Bytes:5
21:07:55.1 (21644085)|VARIABLE_SCOPE_BEGIN|[64]|s1|Schema.SObjectField|true|false
21:07:55.1 (21692631)|VARIABLE_ASSIGNMENT|[64]|s1|"common.apex.runtime.impl.ApexFieldToken@63601a18"|0x63601a18
21:07:55.1 (21699479)|STATEMENT_EXECUTE|[64]
21:07:55.1 (21700380)|STATEMENT_EXECUTE|[65]
21:07:55.1 (21703684)|HEAP_ALLOCATE|[65]|Bytes:4
21:07:55.1 (21712995)|VARIABLE_SCOPE_BEGIN|[65]|l|List<String>|true|false
21:07:55.1 (21729222)|HEAP_ALLOCATE|[EXTERNAL]|Bytes:4
21:07:55.1 (21735879)|VARIABLE_ASSIGNMENT|[65]|l|[]|0x69080bdd
21:07:55.1 (21740582)|STATEMENT_EXECUTE|[66]
21:07:55.1 (21761373)|HEAP_ALLOCATE|[66]|Bytes:14
21:07:55.1 (21771180)|VARIABLE_SCOPE_BEGIN|[66]|field|String|false|false
21:07:55.1 (21780752)|VARIABLE_ASSIGNMENT|[66]|field|"BillingAddress"
21:07:55.1 (21785464)|STATEMENT_EXECUTE|[68]
21:07:55.1 (21856303)|HEAP_ALLOCATE|[68]|Bytes:8
21:07:55.1 (21867161)|HEAP_ALLOCATE|[68]|Bytes:14
21:07:55.1 (21878867)|HEAP_ALLOCATE|[68]|Bytes:14
21:07:55.1 (21887868)|HEAP_ALLOCATE|[EXTERNAL]|Bytes:4
21:07:55.1 (21892222)|STATEMENT_EXECUTE|[70]
21:07:55.1 (21915229)|HEAP_ALLOCATE|[70]|Bytes:8
21:07:55.1 (21934844)|HEAP_ALLOCATE|[70]|Bytes:12
21:07:55.1 (21948351)|HEAP_ALLOCATE|[70]|Bytes:7
21:07:55.1 (21955806)|VARIABLE_SCOPE_BEGIN|[70]|dataType|String|false|false
21:07:55.1 (21965157)|VARIABLE_ASSIGNMENT|[70]|dataType|"ADDRESS"
21:07:55.1 (21969024)|STATEMENT_EXECUTE|[71]
21:07:55.1 (21971022)|VARIABLE_SCOPE_BEGIN|[71]|objName|String|false|false
21:07:55.1 (21977988)|VARIABLE_ASSIGNMENT|[71]|objName|""
21:07:55.1 (21987937)|STATEMENT_EXECUTE|[78]
21:07:55.1 (21991859)|HEAP_ALLOCATE|[78]|Bytes:26
21:07:55.1 (21998758)|HEAP_ALLOCATE|[EXTERNAL]|Bytes:4
21:07:55.1 (22003154)|STATEMENT_EXECUTE|[79]
21:07:55.1 (22019054)|HEAP_ALLOCATE|[EXTERNAL]|Bytes:4
21:07:55.1 (22030239)|HEAP_ALLOCATE|[64]|Bytes:5
21:07:55.1 (22041091)|VARIABLE_SCOPE_BEGIN|[64]|s1|Schema.SObjectField|true|false
21:07:55.1 (22090919)|VARIABLE_ASSIGNMENT|[64]|s1|"common.apex.runtime.impl.ApexFieldToken@5714ffe1"|0x5714ffe1
21:07:55.1 (22097423)|STATEMENT_EXECUTE|[64]
21:07:55.1 (22098392)|STATEMENT_EXECUTE|[65]
21:07:55.1 (22101703)|HEAP_ALLOCATE|[65]|Bytes:4
21:07:55.1 (22111218)|VARIABLE_SCOPE_BEGIN|[65]|l|List<String>|true|false
21:07:55.1 (22126735)|HEAP_ALLOCATE|[EXTERNAL]|Bytes:4
21:07:55.1 (22133582)|VARIABLE_ASSIGNMENT|[65]|l|[]|0x7bf310c0
21:07:55.1 (22138559)|STATEMENT_EXECUTE|[66]
21:07:55.1 (22160193)|HEAP_ALLOCATE|[66]|Bytes:14
21:07:55.1 (22169595)|VARIABLE_SCOPE_BEGIN|[66]|field|String|false|false
21:07:55.1 (22178071)|VARIABLE_ASSIGNMENT|[66]|field|"ShippingStreet"
21:07:55.1 (22181714)|STATEMENT_EXECUTE|[68]
21:07:55.1 (22253132)|HEAP_ALLOCATE|[68]|Bytes:8
21:07:55.1 (22264374)|HEAP_ALLOCATE|[68]|Bytes:14
21:07:55.1 (22276028)|HEAP_ALLOCATE|[68]|Bytes:14
21:07:55.1 (22285328)|HEAP_ALLOCATE|[EXTERNAL]|Bytes:4
21:07:55.1 (22289663)|STATEMENT_EXECUTE|[70]
21:07:55.1 (22310110)|HEAP_ALLOCATE|[70]|Bytes:8
21:07:55.1 (22329982)|HEAP_ALLOCATE|[70]|Bytes:12
21:07:55.1 (22343103)|HEAP_ALLOCATE|[70]|Bytes:8
21:07:55.1 (22350654)|VARIABLE_SCOPE_BEGIN|[70]|dataType|String|false|false
21:07:55.1 (22360328)|VARIABLE_ASSIGNMENT|[70]|dataType|"TEXTAREA"
21:07:55.1 (22365006)|STATEMENT_EXECUTE|[71]
21:07:55.1 (22367172)|VARIABLE_SCOPE_BEGIN|[71]|objName|String|false|false
21:07:55.1 (22373884)|VARIABLE_ASSIGNMENT|[71]|objName|""
21:07:55.1 (22383700)|STATEMENT_EXECUTE|[78]
21:07:55.1 (22387729)|HEAP_ALLOCATE|[78]|Bytes:27
21:07:55.1 (22394295)|HEAP_ALLOCATE|[EXTERNAL]|Bytes:4
21:07:55.1 (22398168)|STATEMENT_EXECUTE|[79]
21:07:55.1 (22413190)|HEAP_ALLOCATE|[EXTERNAL]|Bytes:4
21:07:55.1 (22424078)|HEAP_ALLOCATE|[64]|Bytes:5
21:07:55.1 (22435028)|VARIABLE_SCOPE_BEGIN|[64]|s1|Schema.SObjectField|true|false
21:07:55.1 (22484426)|VARIABLE_ASSIGNMENT|[64]|s1|"common.apex.runtime.impl.ApexFieldToken@586985c7"|0x586985c7
21:07:55.1 (22491715)|STATEMENT_EXECUTE|[64]
21:07:55.1 (22492602)|STATEMENT_EXECUTE|[65]
21:07:55.1 (22495959)|HEAP_ALLOCATE|[65]|Bytes:4
21:07:55.1 (22505396)|VARIABLE_SCOPE_BEGIN|[65]|l|List<String>|true|false
21:07:55.1 (22520528)|HEAP_ALLOCATE|[EXTERNAL]|Bytes:4
21:07:55.1 (22526891)|VARIABLE_ASSIGNMENT|[65]|l|[]|0x3dabfcb
21:07:55.1 (22531567)|STATEMENT_EXECUTE|[66]
21:07:55.1 (22552610)|HEAP_ALLOCATE|[66]|Bytes:12
21:07:55.1 (22561686)|VARIABLE_SCOPE_BEGIN|[66]|field|String|false|false
21:07:55.1 (22569831)|VARIABLE_ASSIGNMENT|[66]|field|"ShippingCity"
21:07:55.1 (22573441)|STATEMENT_EXECUTE|[68]
21:07:55.1 (22640499)|HEAP_ALLOCATE|[68]|Bytes:8
21:07:55.1 (22651036)|HEAP_ALLOCATE|[68]|Bytes:12
21:07:55.1 (22662390)|HEAP_ALLOCATE|[68]|Bytes:12
21:07:55.1 (22671767)|HEAP_ALLOCATE|[EXTERNAL]|Bytes:4
21:07:55.1 (22676149)|STATEMENT_EXECUTE|[70]
21:07:55.1 (22696898)|HEAP_ALLOCATE|[70]|Bytes:8
21:07:55.1 (22716266)|HEAP_ALLOCATE|[70]|Bytes:12
21:07:55.1 (22730049)|HEAP_ALLOCATE|[70]|Bytes:6
21:07:55.1 (22738221)|VARIABLE_SCOPE_BEGIN|[70]|dataType|String|false|false
21:07:55.1 (22749348)|VARIABLE_ASSIGNMENT|[70]|dataType|"STRING"
21:07:55.1 (22753089)|STATEMENT_EXECUTE|[71]
21:07:55.1 (22755233)|VARIABLE_SCOPE_BEGIN|[71]|objName|String|false|false
21:07:55.1 (22762211)|VARIABLE_ASSIGNMENT|[71]|objName|""
21:07:55.1 (22771686)|STATEMENT_EXECUTE|[78]
21:07:55.1 (22775610)|HEAP_ALLOCATE|[78]|Bytes:23
21:07:55.1 (22782408)|HEAP_ALLOCATE|[EXTERNAL]|Bytes:4
21:07:55.1 (22786911)|STATEMENT_EXECUTE|[79]
21:07:55.1 (22801936)|HEAP_ALLOCATE|[EXTERNAL]|Bytes:4
21:07:55.1 (22812810)|HEAP_ALLOCATE|[64]|Bytes:5
21:07:55.1 (22824114)|VARIABLE_SCOPE_BEGIN|[64]|s1|Schema.SObjectField|true|false
21:07:55.1 (22878417)|VARIABLE_ASSIGNMENT|[64]|s1|"common.apex.runtime.impl.ApexFieldToken@64026f9b"|0x64026f9b
21:07:55.1 (22885230)|STATEMENT_EXECUTE|[64]
21:07:55.1 (22886136)|STATEMENT_EXECUTE|[65]
21:07:55.1 (22889644)|HEAP_ALLOCATE|[65]|Bytes:4
21:07:55.1 (22899693)|VARIABLE_SCOPE_BEGIN|[65]|l|List<String>|true|false
21:07:55.1 (22916433)|HEAP_ALLOCATE|[EXTERNAL]|Bytes:4
21:07:55.1 (22922698)|VARIABLE_ASSIGNMENT|[65]|l|[]|0x78a6ff50
21:07:55.1 (22927983)|STATEMENT_EXECUTE|[66]
21:07:55.1 (22948809)|HEAP_ALLOCATE|[66]|Bytes:13
21:07:55.1 (22958221)|VARIABLE_SCOPE_BEGIN|[66]|field|String|false|false
21:07:55.1 (22967012)|VARIABLE_ASSIGNMENT|[66]|field|"ShippingState"
21:07:55.1 (22970801)|STATEMENT_EXECUTE|[68]
21:07:55.1 (23036562)|HEAP_ALLOCATE|[68]|Bytes:8
21:07:55.1 (23047526)|HEAP_ALLOCATE|[68]|Bytes:13
21:07:55.1 (23059918)|HEAP_ALLOCATE|[68]|Bytes:13
21:07:55.1 (23068997)|HEAP_ALLOCATE|[EXTERNAL]|Bytes:4
21:07:55.1 (23072970)|STATEMENT_EXECUTE|[70]
21:07:55.1 (23093278)|HEAP_ALLOCATE|[70]|Bytes:8
21:07:55.1 (23112830)|HEAP_ALLOCATE|[70]|Bytes:12
21:07:55.1 (23126147)|HEAP_ALLOCATE|[70]|Bytes:6
21:07:55.1 (23133938)|VARIABLE_SCOPE_BEGIN|[70]|dataType|String|false|false
21:07:55.1 (23143282)|VARIABLE_ASSIGNMENT|[70]|dataType|"STRING"
21:07:55.1 (23147185)|STATEMENT_EXECUTE|[71]
21:07:55.1 (23149170)|VARIABLE_SCOPE_BEGIN|[71]|objName|String|false|false
21:07:55.1 (23156691)|VARIABLE_ASSIGNMENT|[71]|objName|""
21:07:55.1 (23166120)|STATEMENT_EXECUTE|[78]
21:07:55.1 (23170046)|HEAP_ALLOCATE|[78]|Bytes:24
21:07:55.1 (23176456)|HEAP_ALLOCATE|[EXTERNAL]|Bytes:4
21:07:55.1 (23180591)|STATEMENT_EXECUTE|[79]
21:07:55.1 (23195472)|HEAP_ALLOCATE|[EXTERNAL]|Bytes:4
21:07:55.1 (23206112)|HEAP_ALLOCATE|[64]|Bytes:5
21:07:55.1 (23217234)|VARIABLE_SCOPE_BEGIN|[64]|s1|Schema.SObjectField|true|false
21:07:55.1 (23266536)|VARIABLE_ASSIGNMENT|[64]|s1|"common.apex.runtime.impl.ApexFieldToken@75109d9"|0x75109d9
21:07:55.1 (23273409)|STATEMENT_EXECUTE|[64]
21:07:55.1 (23274324)|STATEMENT_EXECUTE|[65]
21:07:55.1 (23277310)|HEAP_ALLOCATE|[65]|Bytes:4
21:07:55.1 (23286199)|VARIABLE_SCOPE_BEGIN|[65]|l|List<String>|true|false
21:07:55.1 (23301408)|HEAP_ALLOCATE|[EXTERNAL]|Bytes:4
21:07:55.1 (23307822)|VARIABLE_ASSIGNMENT|[65]|l|[]|0x62865bee
21:07:55.1 (23312880)|STATEMENT_EXECUTE|[66]
21:07:55.1 (23333755)|HEAP_ALLOCATE|[66]|Bytes:18
21:07:55.1 (23343162)|VARIABLE_SCOPE_BEGIN|[66]|field|String|false|false
21:07:55.1 (23352072)|VARIABLE_ASSIGNMENT|[66]|field|"ShippingPostalCode"
21:07:55.1 (23356966)|STATEMENT_EXECUTE|[68]
21:07:55.1 (23423102)|HEAP_ALLOCATE|[68]|Bytes:8
21:07:55.1 (23433452)|HEAP_ALLOCATE|[68]|Bytes:18
21:07:55.1 (23444948)|HEAP_ALLOCATE|[68]|Bytes:18
21:07:55.1 (23454208)|HEAP_ALLOCATE|[EXTERNAL]|Bytes:4
21:07:55.1 (23459154)|STATEMENT_EXECUTE|[70]
21:07:55.1 (23488154)|HEAP_ALLOCATE|[70]|Bytes:8
21:07:55.1 (23514062)|HEAP_ALLOCATE|[70]|Bytes:12
21:07:55.1 (23529844)|HEAP_ALLOCATE|[70]|Bytes:6
21:07:55.1 (23540850)|VARIABLE_SCOPE_BEGIN|[70]|dataType|String|false|false
21:07:55.1 (23550165)|VARIABLE_ASSIGNMENT|[70]|dataType|"STRING"
21:07:55.1 (23553888)|STATEMENT_EXECUTE|[71]
21:07:55.1 (23556022)|VARIABLE_SCOPE_BEGIN|[71]|objName|String|false|false
21:07:55.1 (23562612)|VARIABLE_ASSIGNMENT|[71]|objName|""
21:07:55.1 (23573024)|STATEMENT_EXECUTE|[78]
21:07:55.1 (23577188)|HEAP_ALLOCATE|[78]|Bytes:29
21:07:55.1 (23584314)|HEAP_ALLOCATE|[EXTERNAL]|Bytes:4
21:07:55.1 (23588665)|STATEMENT_EXECUTE|[79]
21:07:55.1 (23604866)|HEAP_ALLOCATE|[EXTERNAL]|Bytes:4
21:07:55.1 (23615799)|HEAP_ALLOCATE|[64]|Bytes:5
21:07:55.1 (23627539)|VARIABLE_SCOPE_BEGIN|[64]|s1|Schema.SObjectField|true|false
21:07:55.1 (23677727)|VARIABLE_ASSIGNMENT|[64]|s1|"common.apex.runtime.impl.ApexFieldToken@77ca0525"|0x77ca0525
21:07:55.1 (23685213)|STATEMENT_EXECUTE|[64]
21:07:55.1 (23686126)|STATEMENT_EXECUTE|[65]
21:07:55.1 (23689431)|HEAP_ALLOCATE|[65]|Bytes:4
21:07:55.1 (23699041)|VARIABLE_SCOPE_BEGIN|[65]|l|List<String>|true|false
21:07:55.1 (23714587)|HEAP_ALLOCATE|[EXTERNAL]|Bytes:4
21:07:55.1 (23721070)|VARIABLE_ASSIGNMENT|[65]|l|[]|0x65c73f59
21:07:55.1 (23725668)|STATEMENT_EXECUTE|[66]
21:07:55.1 (23747546)|HEAP_ALLOCATE|[66]|Bytes:15
21:07:55.1 (23756845)|VARIABLE_SCOPE_BEGIN|[66]|field|String|false|false
21:07:55.1 (23765850)|VARIABLE_ASSIGNMENT|[66]|field|"ShippingCountry"
21:07:55.1 (23770111)|STATEMENT_EXECUTE|[68]
21:07:55.1 (23844422)|HEAP_ALLOCATE|[68]|Bytes:8
21:07:55.1 (23855690)|HEAP_ALLOCATE|[68]|Bytes:15
21:07:55.1 (23867351)|HEAP_ALLOCATE|[68]|Bytes:15
21:07:55.1 (23876594)|HEAP_ALLOCATE|[EXTERNAL]|Bytes:4
21:07:55.1 (23881473)|STATEMENT_EXECUTE|[70]
21:07:55.1 (23903588)|HEAP_ALLOCATE|[70]|Bytes:8
21:07:55.1 (23923783)|HEAP_ALLOCATE|[70]|Bytes:12
21:07:55.1 (23937572)|HEAP_ALLOCATE|[70]|Bytes:6
21:07:55.1 (23945219)|VARIABLE_SCOPE_BEGIN|[70]|dataType|String|false|false
21:07:55.1 (23955067)|VARIABLE_ASSIGNMENT|[70]|dataType|"STRING"
21:07:55.1 (23958969)|STATEMENT_EXECUTE|[71]
21:07:55.1 (23960999)|VARIABLE_SCOPE_BEGIN|[71]|objName|String|false|false
21:07:55.1 (23968429)|VARIABLE_ASSIGNMENT|[71]|objName|""
21:07:55.1 (23978545)|STATEMENT_EXECUTE|[78]
21:07:55.1 (23982460)|HEAP_ALLOCATE|[78]|Bytes:26
21:07:55.1 (23988784)|HEAP_ALLOCATE|[EXTERNAL]|Bytes:4
21:07:55.1 (23992998)|STATEMENT_EXECUTE|[79]
21:07:55.1 (24007996)|HEAP_ALLOCATE|[EXTERNAL]|Bytes:4
21:07:55.1 (24019946)|HEAP_ALLOCATE|[64]|Bytes:5
21:07:55.1 (24031308)|VARIABLE_SCOPE_BEGIN|[64]|s1|Schema.SObjectField|true|false
21:07:55.1 (24081389)|VARIABLE_ASSIGNMENT|[64]|s1|"common.apex.runtime.impl.ApexFieldToken@6399e1a6"|0x6399e1a6
21:07:55.1 (24087947)|STATEMENT_EXECUTE|[64]
21:07:55.1 (24088847)|STATEMENT_EXECUTE|[65]
21:07:55.1 (24091950)|HEAP_ALLOCATE|[65]|Bytes:4
21:07:55.1 (24101337)|VARIABLE_SCOPE_BEGIN|[65]|l|List<String>|true|false
21:07:55.1 (24116863)|HEAP_ALLOCATE|[EXTERNAL]|Bytes:4
21:07:55.1 (24124170)|VARIABLE_ASSIGNMENT|[65]|l|[]|0x3fc92dba
21:07:55.1 (24129355)|STATEMENT_EXECUTE|[66]
21:07:55.1 (24149733)|HEAP_ALLOCATE|[66]|Bytes:16
21:07:55.1 (24158819)|VARIABLE_SCOPE_BEGIN|[66]|field|String|false|false
21:07:55.1 (24167237)|VARIABLE_ASSIGNMENT|[66]|field|"ShippingLatitude"
21:07:55.1 (24170834)|STATEMENT_EXECUTE|[68]
21:07:55.1 (24239005)|HEAP_ALLOCATE|[68]|Bytes:8
21:07:55.1 (24250482)|HEAP_ALLOCATE|[68]|Bytes:16
21:07:55.1 (24262146)|HEAP_ALLOCATE|[68]|Bytes:16
21:07:55.1 (24271755)|HEAP_ALLOCATE|[EXTERNAL]|Bytes:4
21:07:55.1 (24276196)|STATEMENT_EXECUTE|[70]
21:07:55.1 (24296907)|HEAP_ALLOCATE|[70]|Bytes:8
21:07:55.1 (24316233)|HEAP_ALLOCATE|[70]|Bytes:12
21:07:55.1 (24330017)|HEAP_ALLOCATE|[70]|Bytes:6
21:07:55.1 (24337733)|VARIABLE_SCOPE_BEGIN|[70]|dataType|String|false|false
21:07:55.1 (24347148)|VARIABLE_ASSIGNMENT|[70]|dataType|"DOUBLE"
21:07:55.1 (24351391)|STATEMENT_EXECUTE|[71]
21:07:55.1 (24353351)|VARIABLE_SCOPE_BEGIN|[71]|objName|String|false|false
21:07:55.1 (24359726)|VARIABLE_ASSIGNMENT|[71]|objName|""
21:07:55.1 (24369884)|STATEMENT_EXECUTE|[78]
21:07:55.1 (24373787)|HEAP_ALLOCATE|[78]|Bytes:27
21:07:55.1 (24380166)|HEAP_ALLOCATE|[EXTERNAL]|Bytes:4
21:07:55.1 (24384428)|STATEMENT_EXECUTE|[79]
21:07:55.1 (24399442)|HEAP_ALLOCATE|[EXTERNAL]|Bytes:4
21:07:55.1 (24410441)|HEAP_ALLOCATE|[64]|Bytes:5
21:07:55.1 (24421490)|VARIABLE_SCOPE_BEGIN|[64]|s1|Schema.SObjectField|true|false
21:07:55.1 (24469694)|VARIABLE_ASSIGNMENT|[64]|s1|"common.apex.runtime.impl.ApexFieldToken@149034f9"|0x149034f9
21:07:55.1 (24476807)|STATEMENT_EXECUTE|[64]
21:07:55.1 (24477842)|STATEMENT_EXECUTE|[65]
21:07:55.1 (24481234)|HEAP_ALLOCATE|[65]|Bytes:4
21:07:55.1 (24490387)|VARIABLE_SCOPE_BEGIN|[65]|l|List<String>|true|false
21:07:55.1 (24506035)|HEAP_ALLOCATE|[EXTERNAL]|Bytes:4
21:07:55.1 (24512600)|VARIABLE_ASSIGNMENT|[65]|l|[]|0x5b79fab2
21:07:55.1 (24517277)|STATEMENT_EXECUTE|[66]
21:07:55.1 (24537012)|HEAP_ALLOCATE|[66]|Bytes:17
21:07:55.1 (24546235)|VARIABLE_SCOPE_BEGIN|[66]|field|String|false|false
21:07:55.1 (24554286)|VARIABLE_ASSIGNMENT|[66]|field|"ShippingLongitude"
21:07:55.1 (24557864)|STATEMENT_EXECUTE|[68]
21:07:55.1 (24623884)|HEAP_ALLOCATE|[68]|Bytes:8
21:07:55.1 (24635003)|HEAP_ALLOCATE|[68]|Bytes:17
21:07:55.1 (24646167)|HEAP_ALLOCATE|[68]|Bytes:17
21:07:55.1 (24655758)|HEAP_ALLOCATE|[EXTERNAL]|Bytes:4
21:07:55.1 (24660805)|STATEMENT_EXECUTE|[70]
21:07:55.1 (24681707)|HEAP_ALLOCATE|[70]|Bytes:8
21:07:55.1 (24700602)|HEAP_ALLOCATE|[70]|Bytes:12
21:07:55.1 (24714426)|HEAP_ALLOCATE|[70]|Bytes:6
21:07:55.1 (24721981)|VARIABLE_SCOPE_BEGIN|[70]|dataType|String|false|false
21:07:55.1 (24731425)|VARIABLE_ASSIGNMENT|[70]|dataType|"DOUBLE"
21:07:55.1 (24735372)|STATEMENT_EXECUTE|[71]
21:07:55.1 (24737406)|VARIABLE_SCOPE_BEGIN|[71]|objName|String|false|false
21:07:55.1 (24744286)|VARIABLE_ASSIGNMENT|[71]|objName|""
21:07:55.1 (24754140)|STATEMENT_EXECUTE|[78]
21:07:55.1 (24757976)|HEAP_ALLOCATE|[78]|Bytes:28
21:07:55.1 (24765401)|HEAP_ALLOCATE|[EXTERNAL]|Bytes:4
21:07:55.1 (24769319)|STATEMENT_EXECUTE|[79]
21:07:55.1 (24784303)|HEAP_ALLOCATE|[EXTERNAL]|Bytes:4
21:07:55.1 (24795235)|HEAP_ALLOCATE|[64]|Bytes:5
21:07:55.1 (24806510)|VARIABLE_SCOPE_BEGIN|[64]|s1|Schema.SObjectField|true|false
21:07:55.1 (24860022)|VARIABLE_ASSIGNMENT|[64]|s1|"common.apex.runtime.impl.ApexFieldToken@1b80f873"|0x1b80f873
21:07:55.1 (24866929)|STATEMENT_EXECUTE|[64]
21:07:55.1 (24867864)|STATEMENT_EXECUTE|[65]
21:07:55.1 (24871197)|HEAP_ALLOCATE|[65]|Bytes:4
21:07:55.1 (24880561)|VARIABLE_SCOPE_BEGIN|[65]|l|List<String>|true|false
21:07:55.1 (24896860)|HEAP_ALLOCATE|[EXTERNAL]|Bytes:4
21:07:55.1 (24904461)|VARIABLE_ASSIGNMENT|[65]|l|[]|0x6f385711
21:07:55.1 (24909811)|STATEMENT_EXECUTE|[66]
21:07:55.1 (24931256)|HEAP_ALLOCATE|[66]|Bytes:23
21:07:55.1 (24940614)|VARIABLE_SCOPE_BEGIN|[66]|field|String|false|false
21:07:55.1 (24951105)|VARIABLE_ASSIGNMENT|[66]|field|"ShippingGeocodeAccur (3 more) ..."
21:07:55.1 (24954873)|STATEMENT_EXECUTE|[68]
21:07:55.1 (25014849)|HEAP_ALLOCATE|[68]|Bytes:8
21:07:55.1 (25026448)|HEAP_ALLOCATE|[68]|Bytes:23
21:07:55.1 (25038107)|HEAP_ALLOCATE|[68]|Bytes:23
21:07:55.1 (25047511)|HEAP_ALLOCATE|[EXTERNAL]|Bytes:4
21:07:55.1 (25052620)|STATEMENT_EXECUTE|[70]
21:07:55.1 (25073296)|HEAP_ALLOCATE|[70]|Bytes:8
21:07:55.1 (25093024)|HEAP_ALLOCATE|[70]|Bytes:12
21:07:55.1 (25106563)|HEAP_ALLOCATE|[70]|Bytes:8
21:07:55.1 (25113728)|VARIABLE_SCOPE_BEGIN|[70]|dataType|String|false|false
21:07:55.1 (25123342)|VARIABLE_ASSIGNMENT|[70]|dataType|"PICKLIST"
21:07:55.1 (25127361)|STATEMENT_EXECUTE|[71]
21:07:55.1 (25129596)|VARIABLE_SCOPE_BEGIN|[71]|objName|String|false|false
21:07:55.1 (25136803)|VARIABLE_ASSIGNMENT|[71]|objName|""
21:07:55.1 (25146809)|STATEMENT_EXECUTE|[78]
21:07:55.1 (25150573)|HEAP_ALLOCATE|[78]|Bytes:36
21:07:55.1 (25157357)|HEAP_ALLOCATE|[EXTERNAL]|Bytes:4
21:07:55.1 (25161542)|STATEMENT_EXECUTE|[79]
21:07:55.1 (25176604)|HEAP_ALLOCATE|[EXTERNAL]|Bytes:4
21:07:55.1 (25187357)|HEAP_ALLOCATE|[64]|Bytes:5
21:07:55.1 (25198916)|VARIABLE_SCOPE_BEGIN|[64]|s1|Schema.SObjectField|true|false
21:07:55.1 (25248221)|VARIABLE_ASSIGNMENT|[64]|s1|"common.apex.runtime.impl.ApexFieldToken@3cc4250b"|0x3cc4250b
21:07:55.1 (25255299)|STATEMENT_EXECUTE|[64]
21:07:55.1 (25256254)|STATEMENT_EXECUTE|[65]
21:07:55.1 (25259373)|HEAP_ALLOCATE|[65]|Bytes:4
21:07:55.1 (25268459)|VARIABLE_SCOPE_BEGIN|[65]|l|List<String>|true|false
21:07:55.1 (25284086)|HEAP_ALLOCATE|[EXTERNAL]|Bytes:4
21:07:55.1 (25290278)|VARIABLE_ASSIGNMENT|[65]|l|[]|0x264bddf
21:07:55.1 (25295016)|STATEMENT_EXECUTE|[66]
21:07:55.1 (25315149)|HEAP_ALLOCATE|[66]|Bytes:15
21:07:55.1 (25324206)|VARIABLE_SCOPE_BEGIN|[66]|field|String|false|false
21:07:55.1 (25332388)|VARIABLE_ASSIGNMENT|[66]|field|"ShippingAddress"
21:07:55.1 (25336450)|STATEMENT_EXECUTE|[68]
21:07:55.1 (25399402)|HEAP_ALLOCATE|[68]|Bytes:8
21:07:55.1 (25410052)|HEAP_ALLOCATE|[68]|Bytes:15
21:07:55.1 (25421459)|HEAP_ALLOCATE|[68]|Bytes:15
21:07:55.1 (25431710)|HEAP_ALLOCATE|[EXTERNAL]|Bytes:4
21:07:55.1 (25435937)|STATEMENT_EXECUTE|[70]
21:07:55.1 (25457050)|HEAP_ALLOCATE|[70]|Bytes:8
21:07:55.1 (25476067)|HEAP_ALLOCATE|[70]|Bytes:12
21:07:55.1 (25490080)|HEAP_ALLOCATE|[70]|Bytes:7
21:07:55.1 (25497468)|VARIABLE_SCOPE_BEGIN|[70]|dataType|String|false|false
21:07:55.1 (25506614)|VARIABLE_ASSIGNMENT|[70]|dataType|"ADDRESS"
21:07:55.1 (25510408)|STATEMENT_EXECUTE|[71]
21:07:55.1 (25512454)|VARIABLE_SCOPE_BEGIN|[71]|objName|String|false|false
21:07:55.1 (25519093)|VARIABLE_ASSIGNMENT|[71]|objName|""
21:07:55.1 (25528794)|STATEMENT_EXECUTE|[78]
21:07:55.1 (25533022)|HEAP_ALLOCATE|[78]|Bytes:27
21:07:55.1 (25540182)|HEAP_ALLOCATE|[EXTERNAL]|Bytes:4
21:07:55.1 (25544296)|STATEMENT_EXECUTE|[79]
21:07:55.1 (25559225)|HEAP_ALLOCATE|[EXTERNAL]|Bytes:4
21:07:55.1 (25569682)|HEAP_ALLOCATE|[64]|Bytes:5
21:07:55.1 (25580414)|VARIABLE_SCOPE_BEGIN|[64]|s1|Schema.SObjectField|true|false
21:07:55.1 (25629674)|VARIABLE_ASSIGNMENT|[64]|s1|"common.apex.runtime.impl.ApexFieldToken@107c67e4"|0x107c67e4
21:07:55.1 (25636467)|STATEMENT_EXECUTE|[64]
21:07:55.1 (25637371)|STATEMENT_EXECUTE|[65]
21:07:55.1 (25640905)|HEAP_ALLOCATE|[65]|Bytes:4
21:07:55.1 (25650142)|VARIABLE_SCOPE_BEGIN|[65]|l|List<String>|true|false
21:07:55.1 (25666208)|HEAP_ALLOCATE|[EXTERNAL]|Bytes:4
21:07:55.1 (25672638)|VARIABLE_ASSIGNMENT|[65]|l|[]|0x279aae34
21:07:55.1 (25677526)|STATEMENT_EXECUTE|[66]
21:07:55.1 (25699983)|HEAP_ALLOCATE|[66]|Bytes:12
21:07:55.1 (25709436)|VARIABLE_SCOPE_BEGIN|[66]|field|String|false|false
21:07:55.1 (25718169)|VARIABLE_ASSIGNMENT|[66]|field|"ContractTerm"
21:07:55.1 (25722339)|STATEMENT_EXECUTE|[68]
21:07:55.1 (25815814)|HEAP_ALLOCATE|[68]|Bytes:8
21:07:55.1 (25831733)|HEAP_ALLOCATE|[68]|Bytes:12
21:07:55.1 (25844213)|HEAP_ALLOCATE|[68]|Bytes:12
21:07:55.1 (25854186)|HEAP_ALLOCATE|[EXTERNAL]|Bytes:4
21:07:55.1 (25859038)|STATEMENT_EXECUTE|[70]
21:07:55.1 (25880553)|HEAP_ALLOCATE|[70]|Bytes:8
21:07:55.1 (25901660)|HEAP_ALLOCATE|[70]|Bytes:12
21:07:55.1 (25917024)|HEAP_ALLOCATE|[70]|Bytes:7
21:07:55.1 (25924571)|VARIABLE_SCOPE_BEGIN|[70]|dataType|String|false|false
21:07:55.1 (25934346)|VARIABLE_ASSIGNMENT|[70]|dataType|"INTEGER"
21:07:55.1 (25938249)|STATEMENT_EXECUTE|[71]
21:07:55.1 (25940411)|VARIABLE_SCOPE_BEGIN|[71]|objName|String|false|false
21:07:55.1 (25947501)|VARIABLE_ASSIGNMENT|[71]|objName|""
21:07:55.1 (25957126)|STATEMENT_EXECUTE|[78]
21:07:55.1 (25961090)|HEAP_ALLOCATE|[78]|Bytes:24
21:07:55.1 (25968061)|HEAP_ALLOCATE|[EXTERNAL]|Bytes:4
21:07:55.1 (25972581)|STATEMENT_EXECUTE|[79]
21:07:55.1 (25987908)|HEAP_ALLOCATE|[EXTERNAL]|Bytes:4
21:07:55.1 (25998850)|HEAP_ALLOCATE|[64]|Bytes:5
21:07:55.1 (26010633)|VARIABLE_SCOPE_BEGIN|[64]|s1|Schema.SObjectField|true|false
21:07:55.1 (26061667)|VARIABLE_ASSIGNMENT|[64]|s1|"common.apex.runtime.impl.ApexFieldToken@55eaeee"|0x55eaeee
21:07:55.1 (26069114)|STATEMENT_EXECUTE|[64]
21:07:55.1 (26070027)|STATEMENT_EXECUTE|[65]
21:07:55.1 (26073190)|HEAP_ALLOCATE|[65]|Bytes:4
21:07:55.1 (26082489)|VARIABLE_SCOPE_BEGIN|[65]|l|List<String>|true|false
21:07:55.1 (26098004)|HEAP_ALLOCATE|[EXTERNAL]|Bytes:4
21:07:55.1 (26104734)|VARIABLE_ASSIGNMENT|[65]|l|[]|0xfe7f621
21:07:55.1 (26109588)|STATEMENT_EXECUTE|[66]
21:07:55.1 (26133004)|HEAP_ALLOCATE|[66]|Bytes:7
21:07:55.1 (26142674)|VARIABLE_SCOPE_BEGIN|[66]|field|String|false|false
21:07:55.1 (26154885)|VARIABLE_ASSIGNMENT|[66]|field|"OwnerId"
21:07:55.1 (26158488)|STATEMENT_EXECUTE|[68]
21:07:55.1 (26250674)|HEAP_ALLOCATE|[68]|Bytes:8
21:07:55.1 (26262566)|HEAP_ALLOCATE|[68]|Bytes:7
21:07:55.1 (26274619)|HEAP_ALLOCATE|[68]|Bytes:7
21:07:55.1 (26284230)|HEAP_ALLOCATE|[EXTERNAL]|Bytes:4
21:07:55.1 (26288655)|STATEMENT_EXECUTE|[70]
21:07:55.1 (26310235)|HEAP_ALLOCATE|[70]|Bytes:8
21:07:55.1 (26330560)|HEAP_ALLOCATE|[70]|Bytes:12
21:07:55.1 (26344532)|HEAP_ALLOCATE|[70]|Bytes:9
21:07:55.1 (26352081)|VARIABLE_SCOPE_BEGIN|[70]|dataType|String|false|false
21:07:55.1 (26361922)|VARIABLE_ASSIGNMENT|[70]|dataType|"REFERENCE"
21:07:55.1 (26366057)|STATEMENT_EXECUTE|[71]
21:07:55.1 (26368064)|VARIABLE_SCOPE_BEGIN|[71]|objName|String|false|false
21:07:55.1 (26374766)|VARIABLE_ASSIGNMENT|[71]|objName|""
21:07:55.1 (26386561)|STATEMENT_EXECUTE|[73]
21:07:55.1 (26387526)|STATEMENT_EXECUTE|[74]
21:07:55.1 (26410042)|HEAP_ALLOCATE|[74]|Bytes:8
21:07:55.1 (26430481)|HEAP_ALLOCATE|[EXTERNAL]|Bytes:8
21:07:55.1 (26441454)|HEAP_ALLOCATE|[74]|Bytes:8
21:07:55.1 (26505528)|HEAP_ALLOCATE|[74]|Bytes:4
21:07:55.1 (26515725)|HEAP_ALLOCATE|[74]|Bytes:4
21:07:55.1 (26527365)|HEAP_ALLOCATE|[74]|Bytes:4
21:07:55.1 (26537446)|VARIABLE_ASSIGNMENT|[74]|objName|"User"
21:07:55.1 (26541884)|STATEMENT_EXECUTE|[75]
21:07:55.1 (26546336)|HEAP_ALLOCATE|[75]|Bytes:25
21:07:55.1 (26554458)|HEAP_ALLOCATE|[EXTERNAL]|Bytes:4
21:07:55.1 (26561508)|STATEMENT_EXECUTE|[79]
21:07:55.1 (26582964)|HEAP_ALLOCATE|[EXTERNAL]|Bytes:4
21:07:55.1 (26600248)|HEAP_ALLOCATE|[64]|Bytes:5
21:07:55.1 (26614205)|VARIABLE_SCOPE_BEGIN|[64]|s1|Schema.SObjectField|true|false
21:07:55.1 (26680597)|VARIABLE_ASSIGNMENT|[64]|s1|"common.apex.runtime.impl.ApexFieldToken@19818d56"|0x19818d56
21:07:55.1 (26688127)|STATEMENT_EXECUTE|[64]
21:07:55.1 (26689033)|STATEMENT_EXECUTE|[65]
21:07:55.1 (26692587)|HEAP_ALLOCATE|[65]|Bytes:4
21:07:55.1 (26704482)|VARIABLE_SCOPE_BEGIN|[65]|l|List<String>|true|false
21:07:55.1 (26722028)|HEAP_ALLOCATE|[EXTERNAL]|Bytes:4
21:07:55.1 (26728860)|VARIABLE_ASSIGNMENT|[65]|l|[]|0x7e738085
21:07:55.1 (26733888)|STATEMENT_EXECUTE|[66]
21:07:55.1 (26758845)|HEAP_ALLOCATE|[66]|Bytes:6
21:07:55.1 (26769038)|VARIABLE_SCOPE_BEGIN|[66]|field|String|false|false
21:07:55.1 (26777282)|VARIABLE_ASSIGNMENT|[66]|field|"Status"
21:07:55.1 (26780851)|STATEMENT_EXECUTE|[68]
21:07:55.1 (26882421)|HEAP_ALLOCATE|[68]|Bytes:8
21:07:55.1 (26895288)|HEAP_ALLOCATE|[68]|Bytes:6
21:07:55.1 (26909673)|HEAP_ALLOCATE|[68]|Bytes:6
21:07:55.1 (26919831)|HEAP_ALLOCATE|[EXTERNAL]|Bytes:4
21:07:55.1 (26924427)|STATEMENT_EXECUTE|[70]
21:07:55.1 (26946202)|HEAP_ALLOCATE|[70]|Bytes:8
21:07:55.1 (26967344)|HEAP_ALLOCATE|[70]|Bytes:12
21:07:55.1 (26983634)|HEAP_ALLOCATE|[70]|Bytes:8
21:07:55.1 (26996743)|VARIABLE_SCOPE_BEGIN|[70]|dataType|String|false|false
21:07:55.1 (27012227)|VARIABLE_ASSIGNMENT|[70]|dataType|"PICKLIST"
21:07:55.1 (27019416)|STATEMENT_EXECUTE|[71]
21:07:55.1 (27022059)|VARIABLE_SCOPE_BEGIN|[71]|objName|String|false|false
21:07:55.1 (27029562)|VARIABLE_ASSIGNMENT|[71]|objName|""
21:07:55.1 (27040163)|STATEMENT_EXECUTE|[78]
21:07:55.1 (27044709)|HEAP_ALLOCATE|[78]|Bytes:19
21:07:55.1 (27052755)|HEAP_ALLOCATE|[EXTERNAL]|Bytes:4
21:07:55.1 (27059080)|STATEMENT_EXECUTE|[79]
21:07:55.1 (27081765)|HEAP_ALLOCATE|[EXTERNAL]|Bytes:4
21:07:55.1 (27097967)|HEAP_ALLOCATE|[64]|Bytes:5
21:07:55.1 (27111230)|VARIABLE_SCOPE_BEGIN|[64]|s1|Schema.SObjectField|true|false
21:07:55.1 (27163839)|VARIABLE_ASSIGNMENT|[64]|s1|"common.apex.runtime.impl.ApexFieldToken@4700f10"|0x4700f10
21:07:55.1 (27170516)|STATEMENT_EXECUTE|[64]
21:07:55.1 (27171393)|STATEMENT_EXECUTE|[65]
21:07:55.1 (27174826)|HEAP_ALLOCATE|[65]|Bytes:4
21:07:55.1 (27184560)|VARIABLE_SCOPE_BEGIN|[65]|l|List<String>|true|false
21:07:55.1 (27201197)|HEAP_ALLOCATE|[EXTERNAL]|Bytes:4
21:07:55.1 (27208264)|VARIABLE_ASSIGNMENT|[65]|l|[]|0x7923b49d
21:07:55.1 (27213378)|STATEMENT_EXECUTE|[66]
21:07:55.1 (27245026)|HEAP_ALLOCATE|[66]|Bytes:15
21:07:55.1 (27255742)|VARIABLE_SCOPE_BEGIN|[66]|field|String|false|false
21:07:55.1 (27265058)|VARIABLE_ASSIGNMENT|[66]|field|"CompanySignedId"
21:07:55.1 (27269415)|STATEMENT_EXECUTE|[68]
21:07:55.1 (27385250)|HEAP_ALLOCATE|[68]|Bytes:8
21:07:55.1 (27397310)|HEAP_ALLOCATE|[68]|Bytes:15
21:07:55.1 (27411136)|HEAP_ALLOCATE|[68]|Bytes:15
21:07:55.1 (27420840)|HEAP_ALLOCATE|[EXTERNAL]|Bytes:4
21:07:55.1 (27425913)|STATEMENT_EXECUTE|[70]
21:07:55.1 (27448926)|HEAP_ALLOCATE|[70]|Bytes:8
21:07:55.1 (27470286)|HEAP_ALLOCATE|[70]|Bytes:12
21:07:55.1 (27484759)|HEAP_ALLOCATE|[70]|Bytes:9
21:07:55.1 (27492496)|VARIABLE_SCOPE_BEGIN|[70]|dataType|String|false|false
21:07:55.1 (27501891)|VARIABLE_ASSIGNMENT|[70]|dataType|"REFERENCE"
21:07:55.1 (27505777)|STATEMENT_EXECUTE|[71]
21:07:55.1 (27507820)|VARIABLE_SCOPE_BEGIN|[71]|objName|String|false|false
21:07:55.1 (27514407)|VARIABLE_ASSIGNMENT|[71]|objName|""
21:07:55.1 (27526401)|STATEMENT_EXECUTE|[73]
21:07:55.1 (27527439)|STATEMENT_EXECUTE|[74]
21:07:55.1 (27550535)|HEAP_ALLOCATE|[74]|Bytes:8
21:07:55.1 (27568790)|HEAP_ALLOCATE|[EXTERNAL]|Bytes:8
21:07:55.1 (27579374)|HEAP_ALLOCATE|[74]|Bytes:8
21:07:55.1 (27595072)|HEAP_ALLOCATE|[74]|Bytes:4
21:07:55.1 (27602322)|HEAP_ALLOCATE|[74]|Bytes:4
21:07:55.1 (27612585)|HEAP_ALLOCATE|[74]|Bytes:4
21:07:55.1 (27621686)|VARIABLE_ASSIGNMENT|[74]|objName|"User"
21:07:55.1 (27625628)|STATEMENT_EXECUTE|[75]
21:07:55.1 (27630025)|HEAP_ALLOCATE|[75]|Bytes:33
21:07:55.1 (27637155)|HEAP_ALLOCATE|[EXTERNAL]|Bytes:4
21:07:55.1 (27641286)|STATEMENT_EXECUTE|[79]
21:07:55.1 (27656147)|HEAP_ALLOCATE|[EXTERNAL]|Bytes:4
21:07:55.1 (27667750)|HEAP_ALLOCATE|[64]|Bytes:5
21:07:55.1 (27679232)|VARIABLE_SCOPE_BEGIN|[64]|s1|Schema.SObjectField|true|false
21:07:55.1 (27730881)|VARIABLE_ASSIGNMENT|[64]|s1|"common.apex.runtime.impl.ApexFieldToken@77c01b3d"|0x77c01b3d
21:07:55.1 (27738085)|STATEMENT_EXECUTE|[64]
21:07:55.1 (27738985)|STATEMENT_EXECUTE|[65]
21:07:55.1 (27742201)|HEAP_ALLOCATE|[65]|Bytes:4
21:07:55.1 (27752313)|VARIABLE_SCOPE_BEGIN|[65]|l|List<String>|true|false
21:07:55.1 (27768438)|HEAP_ALLOCATE|[EXTERNAL]|Bytes:4
21:07:55.1 (27775374)|VARIABLE_ASSIGNMENT|[65]|l|[]|0x7ebb81c1
21:07:55.1 (27780306)|STATEMENT_EXECUTE|[66]
21:07:55.1 (27803795)|HEAP_ALLOCATE|[66]|Bytes:17
21:07:55.1 (27813427)|VARIABLE_SCOPE_BEGIN|[66]|field|String|false|false
21:07:55.1 (27822261)|VARIABLE_ASSIGNMENT|[66]|field|"CompanySignedDate"
21:07:55.1 (27830098)|STATEMENT_EXECUTE|[68]
21:07:55.1 (27927654)|HEAP_ALLOCATE|[68]|Bytes:8
21:07:55.1 (27939644)|HEAP_ALLOCATE|[68]|Bytes:17
21:07:55.1 (27952134)|HEAP_ALLOCATE|[68]|Bytes:17
21:07:55.1 (27962449)|HEAP_ALLOCATE|[EXTERNAL]|Bytes:4
21:07:55.1 (27966883)|STATEMENT_EXECUTE|[70]
21:07:55.1 (27990010)|HEAP_ALLOCATE|[70]|Bytes:8
21:07:55.1 (28010997)|HEAP_ALLOCATE|[70]|Bytes:12
21:07:55.1 (28025442)|HEAP_ALLOCATE|[70]|Bytes:4
21:07:55.1 (28033359)|VARIABLE_SCOPE_BEGIN|[70]|dataType|String|false|false
21:07:55.1 (28042939)|VARIABLE_ASSIGNMENT|[70]|dataType|"DATE"
21:07:55.1 (28046748)|STATEMENT_EXECUTE|[71]
21:07:55.1 (28049241)|VARIABLE_SCOPE_BEGIN|[71]|objName|String|false|false
21:07:55.1 (28055642)|VARIABLE_ASSIGNMENT|[71]|objName|""
21:07:55.1 (28066149)|STATEMENT_EXECUTE|[78]
21:07:55.1 (28070186)|HEAP_ALLOCATE|[78]|Bytes:26
21:07:55.1 (28076812)|HEAP_ALLOCATE|[EXTERNAL]|Bytes:4
21:07:55.1 (28081099)|STATEMENT_EXECUTE|[79]
21:07:55.1 (28097127)|HEAP_ALLOCATE|[EXTERNAL]|Bytes:4
21:07:55.1 (28108159)|HEAP_ALLOCATE|[64]|Bytes:5
21:07:55.1 (28120205)|VARIABLE_SCOPE_BEGIN|[64]|s1|Schema.SObjectField|true|false
21:07:55.1 (28170090)|VARIABLE_ASSIGNMENT|[64]|s1|"common.apex.runtime.impl.ApexFieldToken@719e2f5"|0x719e2f5
21:07:55.1 (28177105)|STATEMENT_EXECUTE|[64]
21:07:55.1 (28178020)|STATEMENT_EXECUTE|[65]
21:07:55.1 (28181275)|HEAP_ALLOCATE|[65]|Bytes:4
21:07:55.1 (28190713)|VARIABLE_SCOPE_BEGIN|[65]|l|List<String>|true|false
21:07:55.1 (28207218)|HEAP_ALLOCATE|[EXTERNAL]|Bytes:4
21:07:55.1 (28213807)|VARIABLE_ASSIGNMENT|[65]|l|[]|0x7a9d752e
21:07:55.1 (28218495)|STATEMENT_EXECUTE|[66]
21:07:55.1 (28248784)|HEAP_ALLOCATE|[66]|Bytes:16
21:07:55.1 (28259426)|VARIABLE_SCOPE_BEGIN|[66]|field|String|false|false
21:07:55.1 (28268502)|VARIABLE_ASSIGNMENT|[66]|field|"CustomerSignedId"
21:07:55.1 (28272235)|STATEMENT_EXECUTE|[68]
21:07:55.1 (28379616)|HEAP_ALLOCATE|[68]|Bytes:8
21:07:55.1 (28391512)|HEAP_ALLOCATE|[68]|Bytes:16
21:07:55.1 (28404233)|HEAP_ALLOCATE|[68]|Bytes:16
21:07:55.1 (28414494)|HEAP_ALLOCATE|[EXTERNAL]|Bytes:4
21:07:55.1 (28418608)|STATEMENT_EXECUTE|[70]
21:07:55.1 (28440751)|HEAP_ALLOCATE|[70]|Bytes:8
21:07:55.1 (28461294)|HEAP_ALLOCATE|[70]|Bytes:12
21:07:55.1 (28475434)|HEAP_ALLOCATE|[70]|Bytes:9
21:07:55.1 (28483409)|VARIABLE_SCOPE_BEGIN|[70]|dataType|String|false|false
21:07:55.1 (28493290)|VARIABLE_ASSIGNMENT|[70]|dataType|"REFERENCE"
21:07:55.1 (28497153)|STATEMENT_EXECUTE|[71]
21:07:55.1 (28499301)|VARIABLE_SCOPE_BEGIN|[71]|objName|String|false|false
21:07:55.1 (28505851)|VARIABLE_ASSIGNMENT|[71]|objName|""
21:07:55.1 (28517402)|STATEMENT_EXECUTE|[73]
21:07:55.1 (28518405)|STATEMENT_EXECUTE|[74]
21:07:55.1 (28542016)|HEAP_ALLOCATE|[74]|Bytes:8
21:07:55.1 (28560047)|HEAP_ALLOCATE|[EXTERNAL]|Bytes:8
21:07:55.1 (28569967)|HEAP_ALLOCATE|[74]|Bytes:8
21:07:55.1 (28664388)|HEAP_ALLOCATE|[74]|Bytes:4
21:07:55.1 (28675703)|HEAP_ALLOCATE|[74]|Bytes:7
21:07:55.1 (28688459)|HEAP_ALLOCATE|[74]|Bytes:7
21:07:55.1 (28698528)|VARIABLE_ASSIGNMENT|[74]|objName|"Contact"
21:07:55.1 (28703055)|STATEMENT_EXECUTE|[75]
21:07:55.1 (28707623)|HEAP_ALLOCATE|[75]|Bytes:37
21:07:55.1 (28714926)|HEAP_ALLOCATE|[EXTERNAL]|Bytes:4
21:07:55.1 (28719208)|STATEMENT_EXECUTE|[79]
21:07:55.1 (28735507)|HEAP_ALLOCATE|[EXTERNAL]|Bytes:4
21:07:55.1 (28746969)|HEAP_ALLOCATE|[64]|Bytes:5
21:07:55.1 (28759822)|VARIABLE_SCOPE_BEGIN|[64]|s1|Schema.SObjectField|true|false
21:07:55.1 (28811390)|VARIABLE_ASSIGNMENT|[64]|s1|"common.apex.runtime.impl.ApexFieldToken@1267247d"|0x1267247d
21:07:55.1 (28818680)|STATEMENT_EXECUTE|[64]
21:07:55.1 (28819599)|STATEMENT_EXECUTE|[65]
21:07:55.1 (28823125)|HEAP_ALLOCATE|[65]|Bytes:4
21:07:55.1 (28837918)|VARIABLE_SCOPE_BEGIN|[65]|l|List<String>|true|false
21:07:55.1 (28854458)|HEAP_ALLOCATE|[EXTERNAL]|Bytes:4
21:07:55.1 (28861080)|VARIABLE_ASSIGNMENT|[65]|l|[]|0x3d7224e2
21:07:55.1 (28865858)|STATEMENT_EXECUTE|[66]
21:07:55.1 (28888900)|HEAP_ALLOCATE|[66]|Bytes:19
21:07:55.1 (28899329)|VARIABLE_SCOPE_BEGIN|[66]|field|String|false|false
21:07:55.1 (28910383)|VARIABLE_ASSIGNMENT|[66]|field|"CustomerSignedTitle"
21:07:55.1 (28915195)|STATEMENT_EXECUTE|[68]
21:07:55.1 (29010907)|HEAP_ALLOCATE|[68]|Bytes:8
21:07:55.1 (29024142)|HEAP_ALLOCATE|[68]|Bytes:19
21:07:55.1 (29036564)|HEAP_ALLOCATE|[68]|Bytes:19
21:07:55.1 (29045746)|HEAP_ALLOCATE|[EXTERNAL]|Bytes:4
21:07:55.1 (29050707)|STATEMENT_EXECUTE|[70]
21:07:55.1 (29072073)|HEAP_ALLOCATE|[70]|Bytes:8
21:07:55.1 (29092625)|HEAP_ALLOCATE|[70]|Bytes:12
21:07:55.1 (29107164)|HEAP_ALLOCATE|[70]|Bytes:6
21:07:55.1 (29115338)|VARIABLE_SCOPE_BEGIN|[70]|dataType|String|false|false
21:07:55.1 (29124767)|VARIABLE_ASSIGNMENT|[70]|dataType|"STRING"
21:07:55.1 (29128794)|STATEMENT_EXECUTE|[71]
21:07:55.1 (29130854)|VARIABLE_SCOPE_BEGIN|[71]|objName|String|false|false
21:07:55.1 (29138020)|VARIABLE_ASSIGNMENT|[71]|objName|""
21:07:55.1 (29148224)|STATEMENT_EXECUTE|[78]
21:07:55.1 (29152566)|HEAP_ALLOCATE|[78]|Bytes:30
21:07:55.1 (29159492)|HEAP_ALLOCATE|[EXTERNAL]|Bytes:4
21:07:55.1 (29163528)|STATEMENT_EXECUTE|[79]
21:07:55.1 (29179377)|HEAP_ALLOCATE|[EXTERNAL]|Bytes:4
21:07:55.1 (29190379)|HEAP_ALLOCATE|[64]|Bytes:5
21:07:55.1 (29202302)|VARIABLE_SCOPE_BEGIN|[64]|s1|Schema.SObjectField|true|false
21:07:55.1 (29252650)|VARIABLE_ASSIGNMENT|[64]|s1|"common.apex.runtime.impl.ApexFieldToken@166ba1ae"|0x166ba1ae
21:07:55.1 (29259788)|STATEMENT_EXECUTE|[64]
21:07:55.1 (29260744)|STATEMENT_EXECUTE|[65]
21:07:55.1 (29263922)|HEAP_ALLOCATE|[65]|Bytes:4
21:07:55.1 (29273632)|VARIABLE_SCOPE_BEGIN|[65]|l|List<String>|true|false
21:07:55.1 (29289140)|HEAP_ALLOCATE|[EXTERNAL]|Bytes:4
21:07:55.1 (29295869)|VARIABLE_ASSIGNMENT|[65]|l|[]|0x23729492
21:07:55.1 (29300802)|STATEMENT_EXECUTE|[66]
21:07:55.1 (29324219)|HEAP_ALLOCATE|[66]|Bytes:18
21:07:55.1 (29333511)|VARIABLE_SCOPE_BEGIN|[66]|field|String|false|false
21:07:55.1 (29342992)|VARIABLE_ASSIGNMENT|[66]|field|"CustomerSignedDate"
21:07:55.1 (29346806)|STATEMENT_EXECUTE|[68]
21:07:55.1 (29439745)|HEAP_ALLOCATE|[68]|Bytes:8
21:07:55.1 (29451940)|HEAP_ALLOCATE|[68]|Bytes:18
21:07:55.1 (29464075)|HEAP_ALLOCATE|[68]|Bytes:18
21:07:55.1 (29473282)|HEAP_ALLOCATE|[EXTERNAL]|Bytes:4
21:07:55.1 (29478149)|STATEMENT_EXECUTE|[70]
21:07:55.1 (29499787)|HEAP_ALLOCATE|[70]|Bytes:8
21:07:55.1 (29519572)|HEAP_ALLOCATE|[70]|Bytes:12
21:07:55.1 (29533563)|HEAP_ALLOCATE|[70]|Bytes:4
21:07:55.1 (29541232)|VARIABLE_SCOPE_BEGIN|[70]|dataType|String|false|false
21:07:55.1 (29550364)|VARIABLE_ASSIGNMENT|[70]|dataType|"DATE"
21:07:55.1 (29555009)|STATEMENT_EXECUTE|[71]
21:07:55.1 (29556938)|VARIABLE_SCOPE_BEGIN|[71]|objName|String|false|false
21:07:55.1 (29563696)|VARIABLE_ASSIGNMENT|[71]|objName|""
21:07:55.1 (29573765)|STATEMENT_EXECUTE|[78]
21:07:55.1 (29578075)|HEAP_ALLOCATE|[78]|Bytes:27
21:07:55.1 (29584670)|HEAP_ALLOCATE|[EXTERNAL]|Bytes:4
21:07:55.1 (29588533)|STATEMENT_EXECUTE|[79]
21:07:55.1 (29604286)|HEAP_ALLOCATE|[EXTERNAL]|Bytes:4
21:07:55.1 (29615513)|HEAP_ALLOCATE|[64]|Bytes:5
21:07:55.1 (29626895)|VARIABLE_SCOPE_BEGIN|[64]|s1|Schema.SObjectField|true|false
21:07:55.1 (29675951)|VARIABLE_ASSIGNMENT|[64]|s1|"common.apex.runtime.impl.ApexFieldToken@610549ad"|0x610549ad
21:07:55.1 (29683609)|STATEMENT_EXECUTE|[64]
21:07:55.1 (29684859)|STATEMENT_EXECUTE|[65]
21:07:55.1 (29688440)|HEAP_ALLOCATE|[65]|Bytes:4
21:07:55.1 (29697661)|VARIABLE_SCOPE_BEGIN|[65]|l|List<String>|true|false
21:07:55.1 (29713400)|HEAP_ALLOCATE|[EXTERNAL]|Bytes:4
21:07:55.1 (29720169)|VARIABLE_ASSIGNMENT|[65]|l|[]|0x3d5c68a
21:07:55.1 (29724934)|STATEMENT_EXECUTE|[66]
21:07:55.1 (29748749)|HEAP_ALLOCATE|[66]|Bytes:12
21:07:55.1 (29758215)|VARIABLE_SCOPE_BEGIN|[66]|field|String|false|false
21:07:55.1 (29766483)|VARIABLE_ASSIGNMENT|[66]|field|"SpecialTerms"
21:07:55.1 (29770193)|STATEMENT_EXECUTE|[68]
21:07:55.1 (29868070)|HEAP_ALLOCATE|[68]|Bytes:8
21:07:55.1 (29879935)|HEAP_ALLOCATE|[68]|Bytes:12
21:07:55.1 (29892800)|HEAP_ALLOCATE|[68]|Bytes:12
21:07:55.1 (29903348)|HEAP_ALLOCATE|[EXTERNAL]|Bytes:4
21:07:55.1 (29908974)|STATEMENT_EXECUTE|[70]
21:07:55.1 (29930774)|HEAP_ALLOCATE|[70]|Bytes:8
21:07:55.1 (29951495)|HEAP_ALLOCATE|[70]|Bytes:12
21:07:55.1 (29966405)|HEAP_ALLOCATE|[70]|Bytes:8
21:07:55.1 (29974353)|VARIABLE_SCOPE_BEGIN|[70]|dataType|String|false|false
21:07:55.1 (29984263)|VARIABLE_ASSIGNMENT|[70]|dataType|"TEXTAREA"
21:07:55.1 (29988434)|STATEMENT_EXECUTE|[71]
21:07:55.1 (29990525)|VARIABLE_SCOPE_BEGIN|[71]|objName|String|false|false
21:07:55.1 (29997557)|VARIABLE_ASSIGNMENT|[71]|objName|""
21:07:55.1 (30007377)|STATEMENT_EXECUTE|[78]
21:07:55.1 (30012146)|HEAP_ALLOCATE|[78]|Bytes:25
21:07:55.1 (30018907)|HEAP_ALLOCATE|[EXTERNAL]|Bytes:4
21:07:55.1 (30023019)|STATEMENT_EXECUTE|[79]
21:07:55.1 (30038805)|HEAP_ALLOCATE|[EXTERNAL]|Bytes:4
21:07:55.1 (30050104)|HEAP_ALLOCATE|[64]|Bytes:5
21:07:55.1 (30062038)|VARIABLE_SCOPE_BEGIN|[64]|s1|Schema.SObjectField|true|false
21:07:55.1 (30110991)|VARIABLE_ASSIGNMENT|[64]|s1|"common.apex.runtime.impl.ApexFieldToken@29430132"|0x29430132
21:07:55.1 (30118030)|STATEMENT_EXECUTE|[64]
21:07:55.1 (30119000)|STATEMENT_EXECUTE|[65]
21:07:55.1 (30122139)|HEAP_ALLOCATE|[65]|Bytes:4
21:07:55.1 (30132244)|VARIABLE_SCOPE_BEGIN|[65]|l|List<String>|true|false
21:07:55.1 (30148146)|HEAP_ALLOCATE|[EXTERNAL]|Bytes:4
21:07:55.1 (30155065)|VARIABLE_ASSIGNMENT|[65]|l|[]|0x8054883
21:07:55.1 (30160202)|STATEMENT_EXECUTE|[66]
21:07:55.1 (30182050)|HEAP_ALLOCATE|[66]|Bytes:13
21:07:55.1 (30191263)|VARIABLE_SCOPE_BEGIN|[66]|field|String|false|false
21:07:55.1 (30200998)|VARIABLE_ASSIGNMENT|[66]|field|"ActivatedById"
21:07:55.1 (30204885)|STATEMENT_EXECUTE|[68]
21:07:55.1 (30293893)|HEAP_ALLOCATE|[68]|Bytes:8
21:07:55.1 (30306465)|HEAP_ALLOCATE|[68]|Bytes:13
21:07:55.1 (30318654)|HEAP_ALLOCATE|[68]|Bytes:13
21:07:55.1 (30328906)|HEAP_ALLOCATE|[EXTERNAL]|Bytes:4
21:07:55.1 (30333744)|STATEMENT_EXECUTE|[70]
21:07:55.1 (30354595)|HEAP_ALLOCATE|[70]|Bytes:8
21:07:55.1 (30374670)|HEAP_ALLOCATE|[70]|Bytes:12
21:07:55.1 (30388130)|HEAP_ALLOCATE|[70]|Bytes:9
21:07:55.1 (30396155)|VARIABLE_SCOPE_BEGIN|[70]|dataType|String|false|false
21:07:55.1 (30404746)|VARIABLE_ASSIGNMENT|[70]|dataType|"REFERENCE"
21:07:55.1 (30408855)|STATEMENT_EXECUTE|[71]
21:07:55.1 (30410888)|VARIABLE_SCOPE_BEGIN|[71]|objName|String|false|false
21:07:55.1 (30418018)|VARIABLE_ASSIGNMENT|[71]|objName|""
21:07:55.1 (30429321)|STATEMENT_EXECUTE|[73]
21:07:55.1 (30430331)|STATEMENT_EXECUTE|[74]
21:07:55.1 (30453113)|HEAP_ALLOCATE|[74]|Bytes:8
21:07:55.1 (30471311)|HEAP_ALLOCATE|[EXTERNAL]|Bytes:8
21:07:55.1 (30481532)|HEAP_ALLOCATE|[74]|Bytes:8
21:07:55.1 (30497306)|HEAP_ALLOCATE|[74]|Bytes:4
21:07:55.1 (30505364)|HEAP_ALLOCATE|[74]|Bytes:4
21:07:55.1 (30515403)|HEAP_ALLOCATE|[74]|Bytes:4
21:07:55.1 (30524707)|VARIABLE_ASSIGNMENT|[74]|objName|"User"
21:07:55.1 (30528682)|STATEMENT_EXECUTE|[75]
21:07:55.1 (30532875)|HEAP_ALLOCATE|[75]|Bytes:31
21:07:55.1 (30539039)|HEAP_ALLOCATE|[EXTERNAL]|Bytes:4
21:07:55.1 (30543305)|STATEMENT_EXECUTE|[79]
21:07:55.1 (30557728)|HEAP_ALLOCATE|[EXTERNAL]|Bytes:4
21:07:55.1 (30568543)|HEAP_ALLOCATE|[64]|Bytes:5
21:07:55.1 (30580108)|VARIABLE_SCOPE_BEGIN|[64]|s1|Schema.SObjectField|true|false
21:07:55.1 (30630142)|VARIABLE_ASSIGNMENT|[64]|s1|"common.apex.runtime.impl.ApexFieldToken@22c8cab"|0x22c8cab
21:07:55.1 (30637546)|STATEMENT_EXECUTE|[64]
21:07:55.1 (30638728)|STATEMENT_EXECUTE|[65]
21:07:55.1 (30642277)|HEAP_ALLOCATE|[65]|Bytes:4
21:07:55.1 (30651799)|VARIABLE_SCOPE_BEGIN|[65]|l|List<String>|true|false
21:07:55.1 (30668157)|HEAP_ALLOCATE|[EXTERNAL]|Bytes:4
21:07:55.1 (30675110)|VARIABLE_ASSIGNMENT|[65]|l|[]|0x60761b5f
21:07:55.1 (30680500)|STATEMENT_EXECUTE|[66]
21:07:55.1 (30700968)|HEAP_ALLOCATE|[66]|Bytes:13
21:07:55.1 (30710378)|VARIABLE_SCOPE_BEGIN|[66]|field|String|false|false
21:07:55.1 (30719062)|VARIABLE_ASSIGNMENT|[66]|field|"ActivatedDate"
21:07:55.1 (30722934)|STATEMENT_EXECUTE|[68]
21:07:55.1 (30797837)|HEAP_ALLOCATE|[68]|Bytes:8
21:07:55.1 (30808953)|HEAP_ALLOCATE|[68]|Bytes:13
21:07:55.1 (30820882)|HEAP_ALLOCATE|[68]|Bytes:13
21:07:55.1 (30834749)|HEAP_ALLOCATE|[EXTERNAL]|Bytes:4
21:07:55.1 (30839450)|STATEMENT_EXECUTE|[70]
21:07:55.1 (30860628)|HEAP_ALLOCATE|[70]|Bytes:8
21:07:55.1 (30880421)|HEAP_ALLOCATE|[70]|Bytes:12
21:07:55.1 (30894049)|HEAP_ALLOCATE|[70]|Bytes:8
21:07:55.1 (30902393)|VARIABLE_SCOPE_BEGIN|[70]|dataType|String|false|false
21:07:55.1 (30912984)|VARIABLE_ASSIGNMENT|[70]|dataType|"DATETIME"
21:07:55.1 (30916832)|STATEMENT_EXECUTE|[71]
21:07:55.1 (30918940)|VARIABLE_SCOPE_BEGIN|[71]|objName|String|false|false
21:07:55.1 (30926245)|VARIABLE_ASSIGNMENT|[71]|objName|""
21:07:55.1 (30935631)|STATEMENT_EXECUTE|[78]
21:07:55.1 (30939863)|HEAP_ALLOCATE|[78]|Bytes:26
21:07:55.1 (30946552)|HEAP_ALLOCATE|[EXTERNAL]|Bytes:4
21:07:55.1 (30950462)|STATEMENT_EXECUTE|[79]
21:07:55.1 (30966089)|HEAP_ALLOCATE|[EXTERNAL]|Bytes:4
21:07:55.1 (30977466)|HEAP_ALLOCATE|[64]|Bytes:5
21:07:55.1 (30988956)|VARIABLE_SCOPE_BEGIN|[64]|s1|Schema.SObjectField|true|false
21:07:55.1 (31038017)|VARIABLE_ASSIGNMENT|[64]|s1|"common.apex.runtime.impl.ApexFieldToken@49013b91"|0x49013b91
21:07:55.1 (31045707)|STATEMENT_EXECUTE|[64]
21:07:55.1 (31046605)|STATEMENT_EXECUTE|[65]
21:07:55.1 (31050031)|HEAP_ALLOCATE|[65]|Bytes:4
21:07:55.1 (31059602)|VARIABLE_SCOPE_BEGIN|[65]|l|List<String>|true|false
21:07:55.1 (31075777)|HEAP_ALLOCATE|[EXTERNAL]|Bytes:4
21:07:55.1 (31082901)|VARIABLE_ASSIGNMENT|[65]|l|[]|0x4ba0580c
21:07:55.1 (31087697)|STATEMENT_EXECUTE|[66]
21:07:55.1 (31110458)|HEAP_ALLOCATE|[66]|Bytes:10
21:07:55.1 (31120092)|VARIABLE_SCOPE_BEGIN|[66]|field|String|false|false
21:07:55.1 (31129101)|VARIABLE_ASSIGNMENT|[66]|field|"StatusCode"
21:07:55.1 (31133866)|STATEMENT_EXECUTE|[68]
21:07:55.1 (31202984)|HEAP_ALLOCATE|[68]|Bytes:8
21:07:55.1 (31213961)|HEAP_ALLOCATE|[68]|Bytes:10
21:07:55.1 (31225911)|HEAP_ALLOCATE|[68]|Bytes:10
21:07:55.1 (31235784)|HEAP_ALLOCATE|[EXTERNAL]|Bytes:4
21:07:55.1 (31240081)|STATEMENT_EXECUTE|[70]
21:07:55.1 (31261521)|HEAP_ALLOCATE|[70]|Bytes:8
21:07:55.1 (31281140)|HEAP_ALLOCATE|[70]|Bytes:12
21:07:55.1 (31295270)|HEAP_ALLOCATE|[70]|Bytes:8
21:07:55.1 (31302706)|VARIABLE_SCOPE_BEGIN|[70]|dataType|String|false|false
21:07:55.1 (31311894)|VARIABLE_ASSIGNMENT|[70]|dataType|"PICKLIST"
21:07:55.1 (31315537)|STATEMENT_EXECUTE|[71]
21:07:55.1 (31317639)|VARIABLE_SCOPE_BEGIN|[71]|objName|String|false|false
21:07:55.1 (31324971)|VARIABLE_ASSIGNMENT|[71]|objName|""
21:07:55.1 (31334673)|STATEMENT_EXECUTE|[78]
21:07:55.1 (31338699)|HEAP_ALLOCATE|[78]|Bytes:23
21:07:55.1 (31345387)|HEAP_ALLOCATE|[EXTERNAL]|Bytes:4
21:07:55.1 (31349557)|STATEMENT_EXECUTE|[79]
21:07:55.1 (31365306)|HEAP_ALLOCATE|[EXTERNAL]|Bytes:4
21:07:55.1 (31376448)|HEAP_ALLOCATE|[64]|Bytes:5
21:07:55.1 (31388323)|VARIABLE_SCOPE_BEGIN|[64]|s1|Schema.SObjectField|true|false
21:07:55.1 (31437362)|VARIABLE_ASSIGNMENT|[64]|s1|"common.apex.runtime.impl.ApexFieldToken@2025b3d"|0x2025b3d
21:07:55.1 (31444264)|STATEMENT_EXECUTE|[64]
21:07:55.1 (31445185)|STATEMENT_EXECUTE|[65]
21:07:55.1 (31448365)|HEAP_ALLOCATE|[65]|Bytes:4
21:07:55.1 (31457662)|VARIABLE_SCOPE_BEGIN|[65]|l|List<String>|true|false
21:07:55.1 (31474294)|HEAP_ALLOCATE|[EXTERNAL]|Bytes:4
21:07:55.1 (31481351)|VARIABLE_ASSIGNMENT|[65]|l|[]|0x78f6f1ad
21:07:55.1 (31486422)|STATEMENT_EXECUTE|[66]
21:07:55.1 (31509508)|HEAP_ALLOCATE|[66]|Bytes:11
21:07:55.1 (31519037)|VARIABLE_SCOPE_BEGIN|[66]|field|String|false|false
21:07:55.1 (31528179)|VARIABLE_ASSIGNMENT|[66]|field|"Description"
21:07:55.1 (31532990)|STATEMENT_EXECUTE|[68]
21:07:55.1 (31628365)|HEAP_ALLOCATE|[68]|Bytes:8
21:07:55.1 (31640479)|HEAP_ALLOCATE|[68]|Bytes:11
21:07:55.1 (31652988)|HEAP_ALLOCATE|[68]|Bytes:11
21:07:55.1 (31662974)|HEAP_ALLOCATE|[EXTERNAL]|Bytes:4
21:07:55.1 (31667015)|STATEMENT_EXECUTE|[70]
21:07:55.1 (31689867)|HEAP_ALLOCATE|[70]|Bytes:8
21:07:55.1 (31710381)|HEAP_ALLOCATE|[70]|Bytes:12
21:07:55.1 (31724336)|HEAP_ALLOCATE|[70]|Bytes:8
21:07:55.1 (31731952)|VARIABLE_SCOPE_BEGIN|[70]|dataType|String|false|false
21:07:55.1 (31741778)|VARIABLE_ASSIGNMENT|[70]|dataType|"TEXTAREA"
21:07:55.1 (31745528)|STATEMENT_EXECUTE|[71]
21:07:55.1 (31747584)|VARIABLE_SCOPE_BEGIN|[71]|objName|String|false|false
21:07:55.1 (31754592)|VARIABLE_ASSIGNMENT|[71]|objName|""
21:07:55.1 (31764743)|STATEMENT_EXECUTE|[78]
21:07:55.1 (31768981)|HEAP_ALLOCATE|[78]|Bytes:24
21:07:55.1 (31775778)|HEAP_ALLOCATE|[EXTERNAL]|Bytes:4
21:07:55.1 (31779679)|STATEMENT_EXECUTE|[79]
21:07:55.1 (31795888)|HEAP_ALLOCATE|[EXTERNAL]|Bytes:4
21:07:55.1 (31806961)|HEAP_ALLOCATE|[64]|Bytes:5
21:07:55.1 (31817977)|VARIABLE_SCOPE_BEGIN|[64]|s1|Schema.SObjectField|true|false
21:07:55.1 (31872865)|VARIABLE_ASSIGNMENT|[64]|s1|"common.apex.runtime.impl.ApexFieldToken@337980de"|0x337980de
21:07:55.1 (31879688)|STATEMENT_EXECUTE|[64]
21:07:55.1 (31880615)|STATEMENT_EXECUTE|[65]
21:07:55.1 (31884253)|HEAP_ALLOCATE|[65]|Bytes:4
21:07:55.1 (31894048)|VARIABLE_SCOPE_BEGIN|[65]|l|List<String>|true|false
21:07:55.1 (31911337)|HEAP_ALLOCATE|[EXTERNAL]|Bytes:4
21:07:55.1 (31918462)|VARIABLE_ASSIGNMENT|[65]|l|[]|0x60499de
21:07:55.1 (31923215)|STATEMENT_EXECUTE|[66]
21:07:55.1 (31946403)|HEAP_ALLOCATE|[66]|Bytes:4
21:07:55.1 (31956219)|VARIABLE_SCOPE_BEGIN|[66]|field|String|false|false
21:07:55.1 (31965004)|VARIABLE_ASSIGNMENT|[66]|field|"Name"
21:07:55.1 (31969298)|STATEMENT_EXECUTE|[68]
21:07:55.1 (32043778)|HEAP_ALLOCATE|[68]|Bytes:8
21:07:55.1 (32055480)|HEAP_ALLOCATE|[68]|Bytes:4
21:07:55.1 (32067918)|HEAP_ALLOCATE|[68]|Bytes:4
21:07:55.1 (32077777)|HEAP_ALLOCATE|[EXTERNAL]|Bytes:4
21:07:55.1 (32081961)|STATEMENT_EXECUTE|[70]
21:07:55.1 (32103314)|HEAP_ALLOCATE|[70]|Bytes:8
21:07:55.1 (32123151)|HEAP_ALLOCATE|[70]|Bytes:12
21:07:55.1 (32137012)|HEAP_ALLOCATE|[70]|Bytes:6
21:07:55.1 (32144286)|VARIABLE_SCOPE_BEGIN|[70]|dataType|String|false|false
21:07:55.1 (32153583)|VARIABLE_ASSIGNMENT|[70]|dataType|"STRING"
21:07:55.1 (32157673)|STATEMENT_EXECUTE|[71]
21:07:55.1 (32159815)|VARIABLE_SCOPE_BEGIN|[71]|objName|String|false|false
21:07:55.1 (32166817)|VARIABLE_ASSIGNMENT|[71]|objName|""
21:07:55.1 (32176460)|STATEMENT_EXECUTE|[78]
21:07:55.1 (32180487)|HEAP_ALLOCATE|[78]|Bytes:15
21:07:55.1 (32187300)|HEAP_ALLOCATE|[EXTERNAL]|Bytes:4
21:07:55.1 (32191097)|STATEMENT_EXECUTE|[79]
21:07:55.1 (32206499)|HEAP_ALLOCATE|[EXTERNAL]|Bytes:4
21:07:55.1 (32217435)|HEAP_ALLOCATE|[64]|Bytes:5
21:07:55.1 (32228237)|VARIABLE_SCOPE_BEGIN|[64]|s1|Schema.SObjectField|true|false
21:07:55.1 (32279684)|VARIABLE_ASSIGNMENT|[64]|s1|"common.apex.runtime.impl.ApexFieldToken@55561bce"|0x55561bce
21:07:55.1 (32286451)|STATEMENT_EXECUTE|[64]
21:07:55.1 (32287399)|STATEMENT_EXECUTE|[65]
21:07:55.1 (32290688)|HEAP_ALLOCATE|[65]|Bytes:4
21:07:55.1 (32300075)|VARIABLE_SCOPE_BEGIN|[65]|l|List<String>|true|false
21:07:55.1 (32315370)|HEAP_ALLOCATE|[EXTERNAL]|Bytes:4
21:07:55.1 (32321706)|VARIABLE_ASSIGNMENT|[65]|l|[]|0x3a84bf75
21:07:55.1 (32326602)|STATEMENT_EXECUTE|[66]
21:07:55.1 (32350028)|HEAP_ALLOCATE|[66]|Bytes:9
21:07:55.1 (32359690)|VARIABLE_SCOPE_BEGIN|[66]|field|String|false|false
21:07:55.1 (32368857)|VARIABLE_ASSIGNMENT|[66]|field|"IsDeleted"
21:07:55.1 (32372475)|STATEMENT_EXECUTE|[68]
21:07:55.1 (32442175)|HEAP_ALLOCATE|[68]|Bytes:8
21:07:55.1 (32452509)|HEAP_ALLOCATE|[68]|Bytes:9
21:07:55.1 (32464133)|HEAP_ALLOCATE|[68]|Bytes:9
21:07:55.1 (32473031)|HEAP_ALLOCATE|[EXTERNAL]|Bytes:4
21:07:55.1 (32478221)|STATEMENT_EXECUTE|[70]
21:07:55.1 (32498818)|HEAP_ALLOCATE|[70]|Bytes:8
21:07:55.1 (32517772)|HEAP_ALLOCATE|[70]|Bytes:12
21:07:55.1 (32532008)|HEAP_ALLOCATE|[70]|Bytes:7
21:07:55.1 (32539452)|VARIABLE_SCOPE_BEGIN|[70]|dataType|String|false|false
21:07:55.1 (32548680)|VARIABLE_ASSIGNMENT|[70]|dataType|"BOOLEAN"
21:07:55.1 (32552573)|STATEMENT_EXECUTE|[71]
21:07:55.1 (32554598)|VARIABLE_SCOPE_BEGIN|[71]|objName|String|false|false
21:07:55.1 (32561259)|VARIABLE_ASSIGNMENT|[71]|objName|""
21:07:55.1 (32571367)|STATEMENT_EXECUTE|[78]
21:07:55.1 (32575503)|HEAP_ALLOCATE|[78]|Bytes:21
21:07:55.1 (32582281)|HEAP_ALLOCATE|[EXTERNAL]|Bytes:4
21:07:55.1 (32587160)|STATEMENT_EXECUTE|[79]
21:07:55.1 (32602640)|HEAP_ALLOCATE|[EXTERNAL]|Bytes:4
21:07:55.1 (32613438)|HEAP_ALLOCATE|[64]|Bytes:5
21:07:55.1 (32624878)|VARIABLE_SCOPE_BEGIN|[64]|s1|Schema.SObjectField|true|false
21:07:55.1 (32673947)|VARIABLE_ASSIGNMENT|[64]|s1|"common.apex.runtime.impl.ApexFieldToken@15cb7f46"|0x15cb7f46
21:07:55.1 (32681071)|STATEMENT_EXECUTE|[64]
21:07:55.1 (32681975)|STATEMENT_EXECUTE|[65]
21:07:55.1 (32685426)|HEAP_ALLOCATE|[65]|Bytes:4
21:07:55.1 (32694904)|VARIABLE_SCOPE_BEGIN|[65]|l|List<String>|true|false
21:07:55.1 (32711020)|HEAP_ALLOCATE|[EXTERNAL]|Bytes:4
21:07:55.1 (32717645)|VARIABLE_ASSIGNMENT|[65]|l|[]|0x6fdd40ed
21:07:55.1 (32722810)|STATEMENT_EXECUTE|[66]
21:07:55.1 (32745007)|HEAP_ALLOCATE|[66]|Bytes:14
21:07:55.1 (32754559)|VARIABLE_SCOPE_BEGIN|[66]|field|String|false|false
21:07:55.1 (32763448)|VARIABLE_ASSIGNMENT|[66]|field|"ContractNumber"
21:07:55.1 (32767370)|STATEMENT_EXECUTE|[68]
21:07:55.1 (32844804)|HEAP_ALLOCATE|[68]|Bytes:8
21:07:55.1 (32856091)|HEAP_ALLOCATE|[68]|Bytes:14
21:07:55.1 (32868146)|HEAP_ALLOCATE|[68]|Bytes:14
21:07:55.1 (32877959)|HEAP_ALLOCATE|[EXTERNAL]|Bytes:4
21:07:55.1 (32882684)|STATEMENT_EXECUTE|[70]
21:07:55.1 (32905595)|HEAP_ALLOCATE|[70]|Bytes:8
21:07:55.1 (32946238)|HEAP_ALLOCATE|[70]|Bytes:12
21:07:55.1 (32984267)|HEAP_ALLOCATE|[70]|Bytes:6
21:07:55.1 (32997874)|VARIABLE_SCOPE_BEGIN|[70]|dataType|String|false|false
21:07:55.1 (33010498)|VARIABLE_ASSIGNMENT|[70]|dataType|"STRING"
21:07:55.1 (33016654)|STATEMENT_EXECUTE|[71]
21:07:55.1 (33019559)|VARIABLE_SCOPE_BEGIN|[71]|objName|String|false|false
21:07:55.1 (33027661)|VARIABLE_ASSIGNMENT|[71]|objName|""
21:07:55.1 (33040572)|STATEMENT_EXECUTE|[78]
21:07:55.1 (33045832)|HEAP_ALLOCATE|[78]|Bytes:25
21:07:55.1 (33055350)|HEAP_ALLOCATE|[EXTERNAL]|Bytes:4
21:07:55.1 (33060868)|STATEMENT_EXECUTE|[79]
21:07:55.1 (33083052)|HEAP_ALLOCATE|[EXTERNAL]|Bytes:4
21:07:55.1 (33097625)|HEAP_ALLOCATE|[64]|Bytes:5
21:07:55.1 (33113021)|VARIABLE_SCOPE_BEGIN|[64]|s1|Schema.SObjectField|true|false
21:07:55.1 (33172671)|VARIABLE_ASSIGNMENT|[64]|s1|"common.apex.runtime.impl.ApexFieldToken@5001571"|0x5001571
21:07:55.1 (33180032)|STATEMENT_EXECUTE|[64]
21:07:55.1 (33181049)|STATEMENT_EXECUTE|[65]
21:07:55.1 (33184875)|HEAP_ALLOCATE|[65]|Bytes:4
21:07:55.1 (33196556)|VARIABLE_SCOPE_BEGIN|[65]|l|List<String>|true|false
21:07:55.1 (33214554)|HEAP_ALLOCATE|[EXTERNAL]|Bytes:4
21:07:55.1 (33222078)|VARIABLE_ASSIGNMENT|[65]|l|[]|0x20c63040
21:07:55.1 (33227105)|STATEMENT_EXECUTE|[66]
21:07:55.1 (33257648)|HEAP_ALLOCATE|[66]|Bytes:16
21:07:55.1 (33268730)|VARIABLE_SCOPE_BEGIN|[66]|field|String|false|false
21:07:55.1 (33278034)|VARIABLE_ASSIGNMENT|[66]|field|"LastApprovedDate"
21:07:55.1 (33282257)|STATEMENT_EXECUTE|[68]
21:07:55.1 (33366569)|HEAP_ALLOCATE|[68]|Bytes:8
21:07:55.1 (33379681)|HEAP_ALLOCATE|[68]|Bytes:16
21:07:55.1 (33392924)|HEAP_ALLOCATE|[68]|Bytes:16
21:07:55.1 (33402833)|HEAP_ALLOCATE|[EXTERNAL]|Bytes:4
21:07:55.1 (33408172)|STATEMENT_EXECUTE|[70]
21:07:55.1 (33431534)|HEAP_ALLOCATE|[70]|Bytes:8
21:07:55.1 (33455402)|HEAP_ALLOCATE|[70]|Bytes:12
21:07:55.1 (33469681)|HEAP_ALLOCATE|[70]|Bytes:8
21:07:55.1 (33477440)|VARIABLE_SCOPE_BEGIN|[70]|dataType|String|false|false
21:07:55.1 (33486998)|VARIABLE_ASSIGNMENT|[70]|dataType|"DATETIME"
21:07:55.1 (33491205)|STATEMENT_EXECUTE|[71]
21:07:55.1 (33493257)|VARIABLE_SCOPE_BEGIN|[71]|objName|String|false|false
21:07:55.1 (33500506)|VARIABLE_ASSIGNMENT|[71]|objName|""
21:07:55.1 (33510739)|STATEMENT_EXECUTE|[78]
21:07:55.1 (33514827)|HEAP_ALLOCATE|[78]|Bytes:29
21:07:55.1 (33522068)|HEAP_ALLOCATE|[EXTERNAL]|Bytes:4
21:07:55.1 (33526130)|STATEMENT_EXECUTE|[79]
21:07:55.1 (33542976)|HEAP_ALLOCATE|[EXTERNAL]|Bytes:4
21:07:55.1 (33554927)|HEAP_ALLOCATE|[64]|Bytes:5
21:07:55.1 (33566824)|VARIABLE_SCOPE_BEGIN|[64]|s1|Schema.SObjectField|true|false
21:07:55.1 (33619343)|VARIABLE_ASSIGNMENT|[64]|s1|"common.apex.runtime.impl.ApexFieldToken@7a801a7f"|0x7a801a7f
21:07:55.1 (33626807)|STATEMENT_EXECUTE|[64]
21:07:55.1 (33627763)|STATEMENT_EXECUTE|[65]
21:07:55.1 (33631364)|HEAP_ALLOCATE|[65]|Bytes:4
21:07:55.1 (33641240)|VARIABLE_SCOPE_BEGIN|[65]|l|List<String>|true|false
21:07:55.1 (33657971)|HEAP_ALLOCATE|[EXTERNAL]|Bytes:4
21:07:55.1 (33664617)|VARIABLE_ASSIGNMENT|[65]|l|[]|0x1cc060e7
21:07:55.1 (33669199)|STATEMENT_EXECUTE|[66]
21:07:55.1 (33694036)|HEAP_ALLOCATE|[66]|Bytes:11
21:07:55.1 (33704200)|VARIABLE_SCOPE_BEGIN|[66]|field|String|false|false
21:07:55.1 (33713242)|VARIABLE_ASSIGNMENT|[66]|field|"CreatedDate"
21:07:55.1 (33717053)|STATEMENT_EXECUTE|[68]
21:07:55.1 (33809351)|HEAP_ALLOCATE|[68]|Bytes:8
21:07:55.1 (33822126)|HEAP_ALLOCATE|[68]|Bytes:11
21:07:55.1 (33834266)|HEAP_ALLOCATE|[68]|Bytes:11
21:07:55.1 (33843732)|HEAP_ALLOCATE|[EXTERNAL]|Bytes:4
21:07:55.1 (33848351)|STATEMENT_EXECUTE|[70]
21:07:55.1 (33870383)|HEAP_ALLOCATE|[70]|Bytes:8
21:07:55.1 (33895437)|HEAP_ALLOCATE|[70]|Bytes:12
21:07:55.1 (33911890)|HEAP_ALLOCATE|[70]|Bytes:8
21:07:55.1 (33920379)|VARIABLE_SCOPE_BEGIN|[70]|dataType|String|false|false
21:07:55.1 (33930317)|VARIABLE_ASSIGNMENT|[70]|dataType|"DATETIME"
21:07:55.1 (33934229)|STATEMENT_EXECUTE|[71]
21:07:55.1 (33936158)|VARIABLE_SCOPE_BEGIN|[71]|objName|String|false|false
21:07:55.1 (33942524)|VARIABLE_ASSIGNMENT|[71]|objName|""
21:07:55.1 (33953250)|STATEMENT_EXECUTE|[78]
21:07:55.1 (33958440)|HEAP_ALLOCATE|[78]|Bytes:24
21:07:55.1 (33965619)|HEAP_ALLOCATE|[EXTERNAL]|Bytes:4
21:07:55.1 (33969586)|STATEMENT_EXECUTE|[79]
21:07:55.1 (33986130)|HEAP_ALLOCATE|[EXTERNAL]|Bytes:4
21:07:55.1 (33997297)|HEAP_ALLOCATE|[64]|Bytes:5
21:07:55.1 (34010089)|VARIABLE_SCOPE_BEGIN|[64]|s1|Schema.SObjectField|true|false
21:07:55.1 (34062276)|VARIABLE_ASSIGNMENT|[64]|s1|"common.apex.runtime.impl.ApexFieldToken@1fede68a"|0x1fede68a
21:07:55.1 (34069447)|STATEMENT_EXECUTE|[64]
21:07:55.1 (34070429)|STATEMENT_EXECUTE|[65]
21:07:55.1 (34073888)|HEAP_ALLOCATE|[65]|Bytes:4
21:07:55.1 (34083998)|VARIABLE_SCOPE_BEGIN|[65]|l|List<String>|true|false
21:07:55.1 (34101497)|HEAP_ALLOCATE|[EXTERNAL]|Bytes:4
21:07:55.1 (34108315)|VARIABLE_ASSIGNMENT|[65]|l|[]|0x68c538b2
21:07:55.1 (34113233)|STATEMENT_EXECUTE|[66]
21:07:55.1 (34137625)|HEAP_ALLOCATE|[66]|Bytes:11
21:07:55.1 (34147256)|VARIABLE_SCOPE_BEGIN|[66]|field|String|false|false
21:07:55.1 (34156496)|VARIABLE_ASSIGNMENT|[66]|field|"CreatedById"
21:07:55.1 (34160140)|STATEMENT_EXECUTE|[68]
21:07:55.1 (34257411)|HEAP_ALLOCATE|[68]|Bytes:8
21:07:55.1 (34269986)|HEAP_ALLOCATE|[68]|Bytes:11
21:07:55.1 (34282677)|HEAP_ALLOCATE|[68]|Bytes:11
21:07:55.1 (34292179)|HEAP_ALLOCATE|[EXTERNAL]|Bytes:4
21:07:55.1 (34297471)|STATEMENT_EXECUTE|[70]
21:07:55.1 (34319733)|HEAP_ALLOCATE|[70]|Bytes:8
21:07:55.1 (34340415)|HEAP_ALLOCATE|[70]|Bytes:12
21:07:55.1 (34354744)|HEAP_ALLOCATE|[70]|Bytes:9
21:07:55.1 (34362838)|VARIABLE_SCOPE_BEGIN|[70]|dataType|String|false|false
21:07:55.1 (34372662)|VARIABLE_ASSIGNMENT|[70]|dataType|"REFERENCE"
21:07:55.1 (34376987)|STATEMENT_EXECUTE|[71]
21:07:55.1 (34378983)|VARIABLE_SCOPE_BEGIN|[71]|objName|String|false|false
21:07:55.1 (34385740)|VARIABLE_ASSIGNMENT|[71]|objName|""
21:07:55.1 (34398448)|STATEMENT_EXECUTE|[73]
21:07:55.1 (34399419)|STATEMENT_EXECUTE|[74]
21:07:55.1 (34423532)|HEAP_ALLOCATE|[74]|Bytes:8
21:07:55.1 (34443675)|HEAP_ALLOCATE|[EXTERNAL]|Bytes:8
21:07:55.1 (34454160)|HEAP_ALLOCATE|[74]|Bytes:8
21:07:55.1 (34469906)|HEAP_ALLOCATE|[74]|Bytes:4
21:07:55.1 (34477536)|HEAP_ALLOCATE|[74]|Bytes:4
21:07:55.1 (34487782)|HEAP_ALLOCATE|[74]|Bytes:4
21:07:55.1 (34497608)|VARIABLE_ASSIGNMENT|[74]|objName|"User"
21:07:55.1 (34501900)|STATEMENT_EXECUTE|[75]
21:07:55.1 (34505972)|HEAP_ALLOCATE|[75]|Bytes:29
21:07:55.1 (34512660)|HEAP_ALLOCATE|[EXTERNAL]|Bytes:4
21:07:55.1 (34517040)|STATEMENT_EXECUTE|[79]
21:07:55.1 (34531876)|HEAP_ALLOCATE|[EXTERNAL]|Bytes:4
21:07:55.1 (34542991)|HEAP_ALLOCATE|[64]|Bytes:5
21:07:55.1 (34554195)|VARIABLE_SCOPE_BEGIN|[64]|s1|Schema.SObjectField|true|false
21:07:55.1 (34605778)|VARIABLE_ASSIGNMENT|[64]|s1|"common.apex.runtime.impl.ApexFieldToken@51929b7e"|0x51929b7e
21:07:55.1 (34613100)|STATEMENT_EXECUTE|[64]
21:07:55.1 (34614335)|STATEMENT_EXECUTE|[65]
21:07:55.1 (34618097)|HEAP_ALLOCATE|[65]|Bytes:4
21:07:55.1 (34627832)|VARIABLE_SCOPE_BEGIN|[65]|l|List<String>|true|false
21:07:55.1 (34643628)|HEAP_ALLOCATE|[EXTERNAL]|Bytes:4
21:07:55.1 (34650702)|VARIABLE_ASSIGNMENT|[65]|l|[]|0x2894723f
21:07:55.1 (34655858)|STATEMENT_EXECUTE|[66]
21:07:55.1 (34679985)|HEAP_ALLOCATE|[66]|Bytes:16
21:07:55.1 (34689577)|VARIABLE_SCOPE_BEGIN|[66]|field|String|false|false
21:07:55.1 (34698717)|VARIABLE_ASSIGNMENT|[66]|field|"LastModifiedDate"
21:07:55.1 (34702747)|STATEMENT_EXECUTE|[68]
21:07:55.1 (34791431)|HEAP_ALLOCATE|[68]|Bytes:8
21:07:55.1 (34804049)|HEAP_ALLOCATE|[68]|Bytes:16
21:07:55.1 (34816387)|HEAP_ALLOCATE|[68]|Bytes:16
21:07:55.1 (34826499)|HEAP_ALLOCATE|[EXTERNAL]|Bytes:4
21:07:55.1 (34831079)|STATEMENT_EXECUTE|[70]
21:07:55.1 (34852454)|HEAP_ALLOCATE|[70]|Bytes:8
21:07:55.1 (34872942)|HEAP_ALLOCATE|[70]|Bytes:12
21:07:55.1 (34891433)|HEAP_ALLOCATE|[70]|Bytes:8
21:07:55.1 (34899801)|VARIABLE_SCOPE_BEGIN|[70]|dataType|String|false|false
21:07:55.1 (34909507)|VARIABLE_ASSIGNMENT|[70]|dataType|"DATETIME"
21:07:55.1 (34914177)|STATEMENT_EXECUTE|[71]
21:07:55.1 (34916157)|VARIABLE_SCOPE_BEGIN|[71]|objName|String|false|false
21:07:55.1 (34922994)|VARIABLE_ASSIGNMENT|[71]|objName|""
21:07:55.1 (34933285)|STATEMENT_EXECUTE|[78]
21:07:55.1 (34937341)|HEAP_ALLOCATE|[78]|Bytes:29
21:07:55.1 (34944354)|HEAP_ALLOCATE|[EXTERNAL]|Bytes:4
21:07:55.1 (34948214)|STATEMENT_EXECUTE|[79]
21:07:55.1 (34965853)|HEAP_ALLOCATE|[EXTERNAL]|Bytes:4
21:07:55.1 (34977593)|HEAP_ALLOCATE|[64]|Bytes:5
21:07:55.1 (34989390)|VARIABLE_SCOPE_BEGIN|[64]|s1|Schema.SObjectField|true|false
21:07:55.1 (35039925)|VARIABLE_ASSIGNMENT|[64]|s1|"common.apex.runtime.impl.ApexFieldToken@543ca7a0"|0x543ca7a0
21:07:55.1 (35048087)|STATEMENT_EXECUTE|[64]
21:07:55.1 (35049009)|STATEMENT_EXECUTE|[65]
21:07:55.1 (35052791)|HEAP_ALLOCATE|[65]|Bytes:4
21:07:55.1 (35062794)|VARIABLE_SCOPE_BEGIN|[65]|l|List<String>|true|false
21:07:55.1 (35079473)|HEAP_ALLOCATE|[EXTERNAL]|Bytes:4
21:07:55.1 (35086223)|VARIABLE_ASSIGNMENT|[65]|l|[]|0xede74ba
21:07:55.1 (35091157)|STATEMENT_EXECUTE|[66]
21:07:55.1 (35113910)|HEAP_ALLOCATE|[66]|Bytes:16
21:07:55.1 (35123752)|VARIABLE_SCOPE_BEGIN|[66]|field|String|false|false
21:07:55.1 (35132467)|VARIABLE_ASSIGNMENT|[66]|field|"LastModifiedById"
21:07:55.1 (35135973)|STATEMENT_EXECUTE|[68]
21:07:55.1 (35230027)|HEAP_ALLOCATE|[68]|Bytes:8
21:07:55.1 (35242494)|HEAP_ALLOCATE|[68]|Bytes:16
21:07:55.1 (35254930)|HEAP_ALLOCATE|[68]|Bytes:16
21:07:55.1 (35264865)|HEAP_ALLOCATE|[EXTERNAL]|Bytes:4
21:07:55.1 (35269628)|STATEMENT_EXECUTE|[70]
21:07:55.1 (35291856)|HEAP_ALLOCATE|[70]|Bytes:8
21:07:55.1 (35312826)|HEAP_ALLOCATE|[70]|Bytes:12
21:07:55.1 (35327204)|HEAP_ALLOCATE|[70]|Bytes:9
21:07:55.1 (35334789)|VARIABLE_SCOPE_BEGIN|[70]|dataType|String|false|false
21:07:55.1 (35344188)|VARIABLE_ASSIGNMENT|[70]|dataType|"REFERENCE"
21:07:55.1 (35348225)|STATEMENT_EXECUTE|[71]
21:07:55.1 (35350387)|VARIABLE_SCOPE_BEGIN|[71]|objName|String|false|false
21:07:55.1 (35356994)|VARIABLE_ASSIGNMENT|[71]|objName|""
21:07:55.1 (35369155)|STATEMENT_EXECUTE|[73]
21:07:55.1 (35370065)|STATEMENT_EXECUTE|[74]
21:07:55.1 (35393237)|HEAP_ALLOCATE|[74]|Bytes:8
21:07:55.1 (35411975)|HEAP_ALLOCATE|[EXTERNAL]|Bytes:8
21:07:55.1 (35421984)|HEAP_ALLOCATE|[74]|Bytes:8
21:07:55.1 (35436891)|HEAP_ALLOCATE|[74]|Bytes:4
21:07:55.1 (35444291)|HEAP_ALLOCATE|[74]|Bytes:4
21:07:55.1 (35454501)|HEAP_ALLOCATE|[74]|Bytes:4
21:07:55.1 (35463437)|VARIABLE_ASSIGNMENT|[74]|objName|"User"
21:07:55.1 (35467685)|STATEMENT_EXECUTE|[75]
21:07:55.1 (35472060)|HEAP_ALLOCATE|[75]|Bytes:34
21:07:55.1 (35478221)|HEAP_ALLOCATE|[EXTERNAL]|Bytes:4
21:07:55.1 (35482536)|STATEMENT_EXECUTE|[79]
21:07:55.1 (35497293)|HEAP_ALLOCATE|[EXTERNAL]|Bytes:4
21:07:55.1 (35508221)|HEAP_ALLOCATE|[64]|Bytes:5
21:07:55.1 (35519622)|VARIABLE_SCOPE_BEGIN|[64]|s1|Schema.SObjectField|true|false
21:07:55.1 (35570100)|VARIABLE_ASSIGNMENT|[64]|s1|"common.apex.runtime.impl.ApexFieldToken@2e951cba"|0x2e951cba
21:07:55.1 (35577361)|STATEMENT_EXECUTE|[64]
21:07:55.1 (35578303)|STATEMENT_EXECUTE|[65]
21:07:55.1 (35581823)|HEAP_ALLOCATE|[65]|Bytes:4
21:07:55.1 (35591747)|VARIABLE_SCOPE_BEGIN|[65]|l|List<String>|true|false
21:07:55.1 (35608245)|HEAP_ALLOCATE|[EXTERNAL]|Bytes:4
21:07:55.1 (35614899)|VARIABLE_ASSIGNMENT|[65]|l|[]|0x21320ebe
21:07:55.1 (35620378)|STATEMENT_EXECUTE|[66]
21:07:55.1 (35644369)|HEAP_ALLOCATE|[66]|Bytes:14
21:07:55.1 (35653834)|VARIABLE_SCOPE_BEGIN|[66]|field|String|false|false
21:07:55.1 (35666045)|VARIABLE_ASSIGNMENT|[66]|field|"SystemModstamp"
21:07:55.1 (35669890)|STATEMENT_EXECUTE|[68]
21:07:55.1 (35738931)|HEAP_ALLOCATE|[68]|Bytes:8
21:07:55.1 (35749903)|HEAP_ALLOCATE|[68]|Bytes:14
21:07:55.1 (35761506)|HEAP_ALLOCATE|[68]|Bytes:14
21:07:55.1 (35770881)|HEAP_ALLOCATE|[EXTERNAL]|Bytes:4
21:07:55.1 (35775204)|STATEMENT_EXECUTE|[70]
21:07:55.1 (35796639)|HEAP_ALLOCATE|[70]|Bytes:8
21:07:55.1 (35816392)|HEAP_ALLOCATE|[70]|Bytes:12
21:07:55.1 (35830291)|HEAP_ALLOCATE|[70]|Bytes:8
21:07:55.1 (35838538)|VARIABLE_SCOPE_BEGIN|[70]|dataType|String|false|false
21:07:55.1 (35848249)|VARIABLE_ASSIGNMENT|[70]|dataType|"DATETIME"
21:07:55.1 (35852327)|STATEMENT_EXECUTE|[71]
21:07:55.1 (35854341)|VARIABLE_SCOPE_BEGIN|[71]|objName|String|false|false
21:07:55.1 (35861336)|VARIABLE_ASSIGNMENT|[71]|objName|""
21:07:55.1 (35871640)|STATEMENT_EXECUTE|[78]
21:07:55.1 (35875826)|HEAP_ALLOCATE|[78]|Bytes:27
21:07:55.1 (35886967)|HEAP_ALLOCATE|[EXTERNAL]|Bytes:4
21:07:55.1 (35891278)|STATEMENT_EXECUTE|[79]
21:07:55.1 (35907360)|HEAP_ALLOCATE|[EXTERNAL]|Bytes:4
21:07:55.1 (35918312)|HEAP_ALLOCATE|[64]|Bytes:5
21:07:55.1 (35930279)|VARIABLE_SCOPE_BEGIN|[64]|s1|Schema.SObjectField|true|false
21:07:55.1 (35984274)|VARIABLE_ASSIGNMENT|[64]|s1|"common.apex.runtime.impl.ApexFieldToken@5e3c6654"|0x5e3c6654
21:07:55.1 (35991566)|STATEMENT_EXECUTE|[64]
21:07:55.1 (35992576)|STATEMENT_EXECUTE|[65]
21:07:55.1 (35996000)|HEAP_ALLOCATE|[65]|Bytes:4
21:07:55.1 (36007447)|VARIABLE_SCOPE_BEGIN|[65]|l|List<String>|true|false
21:07:55.1 (36025169)|HEAP_ALLOCATE|[EXTERNAL]|Bytes:4
21:07:55.1 (36031778)|VARIABLE_ASSIGNMENT|[65]|l|[]|0x4599ea27
21:07:55.1 (36036912)|STATEMENT_EXECUTE|[66]
21:07:55.1 (36059669)|HEAP_ALLOCATE|[66]|Bytes:16
21:07:55.1 (36069040)|VARIABLE_SCOPE_BEGIN|[66]|field|String|false|false
21:07:55.1 (36077783)|VARIABLE_ASSIGNMENT|[66]|field|"LastActivityDate"
21:07:55.1 (36081508)|STATEMENT_EXECUTE|[68]
21:07:55.1 (36151679)|HEAP_ALLOCATE|[68]|Bytes:8
21:07:55.1 (36162128)|HEAP_ALLOCATE|[68]|Bytes:16
21:07:55.1 (36174006)|HEAP_ALLOCATE|[68]|Bytes:16
21:07:55.1 (36185094)|HEAP_ALLOCATE|[EXTERNAL]|Bytes:4
21:07:55.1 (36191203)|STATEMENT_EXECUTE|[70]
21:07:55.1 (36212365)|HEAP_ALLOCATE|[70]|Bytes:8
21:07:55.1 (36233764)|HEAP_ALLOCATE|[70]|Bytes:12
21:07:55.1 (36247986)|HEAP_ALLOCATE|[70]|Bytes:4
21:07:55.1 (36255431)|VARIABLE_SCOPE_BEGIN|[70]|dataType|String|false|false
21:07:55.1 (36264498)|VARIABLE_ASSIGNMENT|[70]|dataType|"DATE"
21:07:55.1 (36268506)|STATEMENT_EXECUTE|[71]
21:07:55.1 (36270509)|VARIABLE_SCOPE_BEGIN|[71]|objName|String|false|false
21:07:55.1 (36277196)|VARIABLE_ASSIGNMENT|[71]|objName|""
21:07:55.1 (36286759)|STATEMENT_EXECUTE|[78]
21:07:55.1 (36290641)|HEAP_ALLOCATE|[78]|Bytes:25
21:07:55.1 (36297815)|HEAP_ALLOCATE|[EXTERNAL]|Bytes:4
21:07:55.1 (36301547)|STATEMENT_EXECUTE|[79]
21:07:55.1 (36318182)|HEAP_ALLOCATE|[EXTERNAL]|Bytes:4
21:07:55.1 (36329658)|HEAP_ALLOCATE|[64]|Bytes:5
21:07:55.1 (36341269)|VARIABLE_SCOPE_BEGIN|[64]|s1|Schema.SObjectField|true|false
21:07:55.1 (36390810)|VARIABLE_ASSIGNMENT|[64]|s1|"common.apex.runtime.impl.ApexFieldToken@1bb05f86"|0x1bb05f86
21:07:55.1 (36398758)|STATEMENT_EXECUTE|[64]
21:07:55.1 (36399757)|STATEMENT_EXECUTE|[65]
21:07:55.1 (36403130)|HEAP_ALLOCATE|[65]|Bytes:4
21:07:55.1 (36412929)|VARIABLE_SCOPE_BEGIN|[65]|l|List<String>|true|false
21:07:55.1 (36428134)|HEAP_ALLOCATE|[EXTERNAL]|Bytes:4
21:07:55.1 (36434968)|VARIABLE_ASSIGNMENT|[65]|l|[]|0x5473ef17
21:07:55.1 (36439515)|STATEMENT_EXECUTE|[66]
21:07:55.1 (36463674)|HEAP_ALLOCATE|[66]|Bytes:14
21:07:55.1 (36473502)|VARIABLE_SCOPE_BEGIN|[66]|field|String|false|false
21:07:55.1 (36482637)|VARIABLE_ASSIGNMENT|[66]|field|"LastViewedDate"
21:07:55.1 (36486536)|STATEMENT_EXECUTE|[68]
21:07:55.1 (36555176)|HEAP_ALLOCATE|[68]|Bytes:8
21:07:55.1 (36565820)|HEAP_ALLOCATE|[68]|Bytes:14
21:07:55.1 (36577899)|HEAP_ALLOCATE|[68]|Bytes:14
21:07:55.1 (36586998)|HEAP_ALLOCATE|[EXTERNAL]|Bytes:4
21:07:55.1 (36591661)|STATEMENT_EXECUTE|[70]
21:07:55.1 (36612226)|HEAP_ALLOCATE|[70]|Bytes:8
21:07:55.1 (36631601)|HEAP_ALLOCATE|[70]|Bytes:12
21:07:55.1 (36644691)|HEAP_ALLOCATE|[70]|Bytes:8
21:07:55.1 (36651940)|VARIABLE_SCOPE_BEGIN|[70]|dataType|String|false|false
21:07:55.1 (36660816)|VARIABLE_ASSIGNMENT|[70]|dataType|"DATETIME"
21:07:55.1 (36664521)|STATEMENT_EXECUTE|[71]
21:07:55.1 (36666518)|VARIABLE_SCOPE_BEGIN|[71]|objName|String|false|false
21:07:55.1 (36673749)|VARIABLE_ASSIGNMENT|[71]|objName|""
21:07:55.1 (36683408)|STATEMENT_EXECUTE|[78]
21:07:55.1 (36687205)|HEAP_ALLOCATE|[78]|Bytes:27
21:07:55.1 (36693931)|HEAP_ALLOCATE|[EXTERNAL]|Bytes:4
21:07:55.1 (36698125)|STATEMENT_EXECUTE|[79]
21:07:55.1 (36713052)|HEAP_ALLOCATE|[EXTERNAL]|Bytes:4
21:07:55.1 (36724065)|HEAP_ALLOCATE|[64]|Bytes:5
21:07:55.1 (36735808)|VARIABLE_SCOPE_BEGIN|[64]|s1|Schema.SObjectField|true|false
21:07:55.1 (36785906)|VARIABLE_ASSIGNMENT|[64]|s1|"common.apex.runtime.impl.ApexFieldToken@2a00faf7"|0x2a00faf7
21:07:55.1 (36793371)|STATEMENT_EXECUTE|[64]
21:07:55.1 (36794307)|STATEMENT_EXECUTE|[65]
21:07:55.1 (36797677)|HEAP_ALLOCATE|[65]|Bytes:4
21:07:55.1 (36806959)|VARIABLE_SCOPE_BEGIN|[65]|l|List<String>|true|false
21:07:55.1 (36823575)|HEAP_ALLOCATE|[EXTERNAL]|Bytes:4
21:07:55.1 (36830497)|VARIABLE_ASSIGNMENT|[65]|l|[]|0x37a58056
21:07:55.1 (36835668)|STATEMENT_EXECUTE|[66]
21:07:55.1 (36858803)|HEAP_ALLOCATE|[66]|Bytes:18
21:07:55.1 (36868573)|VARIABLE_SCOPE_BEGIN|[66]|field|String|false|false
21:07:55.1 (36877634)|VARIABLE_ASSIGNMENT|[66]|field|"LastReferencedDate"
21:07:55.1 (36886394)|STATEMENT_EXECUTE|[68]
21:07:55.1 (36956876)|HEAP_ALLOCATE|[68]|Bytes:8
21:07:55.1 (36967933)|HEAP_ALLOCATE|[68]|Bytes:18
21:07:55.1 (36980120)|HEAP_ALLOCATE|[68]|Bytes:18
21:07:55.1 (36989788)|HEAP_ALLOCATE|[EXTERNAL]|Bytes:4
21:07:55.1 (36994288)|STATEMENT_EXECUTE|[70]
21:07:55.1 (37015402)|HEAP_ALLOCATE|[70]|Bytes:8
21:07:55.1 (37036213)|HEAP_ALLOCATE|[70]|Bytes:12
21:07:55.1 (37049997)|HEAP_ALLOCATE|[70]|Bytes:8
21:07:55.1 (37057856)|VARIABLE_SCOPE_BEGIN|[70]|dataType|String|false|false
21:07:55.1 (37068293)|VARIABLE_ASSIGNMENT|[70]|dataType|"DATETIME"
21:07:55.1 (37072106)|STATEMENT_EXECUTE|[71]
21:07:55.1 (37074127)|VARIABLE_SCOPE_BEGIN|[71]|objName|String|false|false
21:07:55.1 (37081488)|VARIABLE_ASSIGNMENT|[71]|objName|""
21:07:55.1 (37091667)|STATEMENT_EXECUTE|[78]
21:07:55.1 (37095480)|HEAP_ALLOCATE|[78]|Bytes:31
21:07:55.1 (37101967)|HEAP_ALLOCATE|[EXTERNAL]|Bytes:4
21:07:55.1 (37105691)|STATEMENT_EXECUTE|[79]
21:07:55.1 (37121025)|HEAP_ALLOCATE|[EXTERNAL]|Bytes:4
21:07:55.1 (37132496)|HEAP_ALLOCATE|[64]|Bytes:5
21:07:55.1 (37143198)|VARIABLE_ASSIGNMENT|[64]|s1|null|
21:07:55.1 (37148384)|STATEMENT_EXECUTE|[82]
21:07:55.1 (37155470)|SYSTEM_MODE_EXIT|false
21:07:55.37 (37180350)|CUMULATIVE_LIMIT_USAGE
21:07:55.37 (37180350)|LIMIT_USAGE_FOR_NS|(default)|
  Number of SOQL queries: 0 out of 100
  Number of query rows: 0 out of 50000
  Number of SOSL queries: 0 out of 20
  Number of DML statements: 0 out of 150
  Number of DML rows: 0 out of 10000
  Maximum CPU time: 0 out of 10000
  Maximum heap size: 0 out of 6000000
  Number of callouts: 0 out of 100
  Number of Email Invocations: 0 out of 10
  Number of future calls: 0 out of 50
  Number of queueable jobs added to the queue: 0 out of 50
  Number of Mobile Apex push calls: 0 out of 10

21:07:55.37 (37180350)|CUMULATIVE_LIMIT_USAGE_END

21:07:55.1 (37209635)|CODE_UNIT_FINISHED|AdhocLightningScheduler.getObjFields
21:07:55.1 (38277267)|EXECUTION_FINISHED
