40.0 APEX_CODE,FINEST;APEX_PROFILING,INFO;CALLOUT,INFO;DB,INFO;SYSTEM,DEBUG;VALIDATION,INFO;VISUALFORCE,INFO;WAVE,INFO;WORKFLOW,INFO
21:08:09.0 (255112)|USER_INFO|[EXTERNAL]|00528000001JBjQ|ramu.veligeti@yahoo.co.in|Pacific Standard Time|GMT-07:00
21:08:09.0 (282118)|EXECUTION_STARTED
21:08:09.0 (284919)|CODE_UNIT_STARTED|[EXTERNAL]|06628000008K58R|VF: /apex/sessionid
21:08:09.9 (9605353)|CUMULATIVE_LIMIT_USAGE
21:08:09.9 (9605353)|LIMIT_USAGE_FOR_NS|(default)|
  Number of SOQL queries: 0 out of 100
  Number of query rows: 0 out of 50000
  Number of SOSL queries: 0 out of 20
  Number of DML statements: 0 out of 150
  Number of DML rows: 0 out of 10000
  Maximum CPU time: 6 out of 10000
  Maximum heap size: 0 out of 6000000
  Number of callouts: 0 out of 100
  Number of Email Invocations: 0 out of 10
  Number of future calls: 0 out of 50
  Number of queueable jobs added to the queue: 0 out of 50
  Number of Mobile Apex push calls: 0 out of 10

21:08:09.9 (9605353)|CUMULATIVE_LIMIT_USAGE_END

21:08:09.0 (9641512)|CODE_UNIT_FINISHED|VF: /apex/sessionid
21:08:09.0 (10517614)|EXECUTION_FINISHED
