40.0 APEX_CODE,FINEST;APEX_PROFILING,INFO;CALLOUT,INFO;DB,INFO;SYSTEM,DEBUG;VALIDATION,INFO;VISUALFORCE,INFO;WAVE,INFO;WORKFLOW,INFO
18:29:27.0 (52804)|USER_INFO|[EXTERNAL]|00528000001JBjQ|ramu.veligeti@yahoo.co.in|Pacific Standard Time|GMT-07:00
18:29:27.0 (96796)|EXECUTION_STARTED
18:29:27.0 (99825)|CODE_UNIT_STARTED|[EXTERNAL]|aura
18:29:27.0 (367275)|HEAP_ALLOCATE|[72]|Bytes:3
18:29:27.0 (396897)|HEAP_ALLOCATE|[77]|Bytes:152
18:29:27.0 (410063)|HEAP_ALLOCATE|[342]|Bytes:408
18:29:27.0 (423958)|HEAP_ALLOCATE|[355]|Bytes:408
18:29:27.0 (436165)|HEAP_ALLOCATE|[467]|Bytes:48
18:29:27.0 (463884)|HEAP_ALLOCATE|[139]|Bytes:6
18:29:27.0 (489859)|HEAP_ALLOCATE|[EXTERNAL]|Bytes:8
18:29:27.0 (497510)|HEAP_ALLOCATE|[EXTERNAL]|Bytes:8
18:29:27.0 (543476)|CODE_UNIT_FINISHED|aura
18:29:27.0 (1682266)|EXECUTION_FINISHED
18:29:27.2 (2729734)|USER_INFO|[EXTERNAL]|00528000001JBjQ|ramu.veligeti@yahoo.co.in|Pacific Standard Time|GMT-07:00
18:29:27.2 (2742889)|EXECUTION_STARTED
18:29:27.2 (2745290)|CODE_UNIT_STARTED|[EXTERNAL]|01p2800000FZDMn|AdhocLightningScheduler.getObjFields
18:29:27.2 (2774417)|VARIABLE_SCOPE_BEGIN|[3]|AdhocLightningScheduler.showFields|Boolean|false|true
18:29:27.2 (2856504)|HEAP_ALLOCATE|[EXTERNAL]|Bytes:26
18:29:27.2 (2866346)|HEAP_ALLOCATE|[EXTERNAL]|Bytes:88
18:29:27.2 (2872153)|HEAP_ALLOCATE|[EXTERNAL]|Bytes:26
18:29:27.2 (2878438)|HEAP_ALLOCATE|[EXTERNAL]|Bytes:28
18:29:27.2 (2895591)|METHOD_ENTRY|[1]|01p2800000FZDMn|AdhocLightningScheduler.AdhocLightningScheduler()
18:29:27.2 (2905288)|STATEMENT_EXECUTE|[1]
18:29:27.2 (2911815)|STATEMENT_EXECUTE|[1]
18:29:27.2 (2913051)|STATEMENT_EXECUTE|[172]
18:29:27.2 (2914214)|STATEMENT_EXECUTE|[188]
18:29:27.2 (2918455)|METHOD_EXIT|[1]|AdhocLightningScheduler
18:29:27.2 (2923972)|HEAP_ALLOCATE|[EXTERNAL]|Bytes:8
18:29:27.2 (2932647)|SYSTEM_MODE_ENTER|false
18:29:27.2 (2939561)|VARIABLE_SCOPE_BEGIN|[51]|so|String|false|false
18:29:27.2 (2961068)|VARIABLE_ASSIGNMENT|[51]|so|"Contract"
18:29:27.2 (2969778)|STATEMENT_EXECUTE|[51]
18:29:27.2 (2970993)|STATEMENT_EXECUTE|[52]
18:29:27.2 (2973366)|HEAP_ALLOCATE|[52]|Bytes:3
18:29:27.2 (2985088)|HEAP_ALLOCATE|[52]|Bytes:11
18:29:27.2 (3014939)|HEAP_ALLOCATE|[50]|Bytes:5
18:29:27.2 (3034235)|HEAP_ALLOCATE|[56]|Bytes:5
18:29:27.2 (3041211)|HEAP_ALLOCATE|[64]|Bytes:7
18:29:27.2 (3082913)|USER_DEBUG|[52]|DEBUG|s==Contract
18:29:27.2 (3091692)|STATEMENT_EXECUTE|[53]
18:29:27.2 (14835301)|HEAP_ALLOCATE|[53]|Bytes:1624
18:29:27.2 (14881146)|VARIABLE_SCOPE_BEGIN|[53]|objSchema|Schema.SObjectType|true|false
18:29:27.2 (14998939)|VARIABLE_ASSIGNMENT|[53]|objSchema|"common.apex.runtime.impl.ApexSObjectTypeToken@95a2763"|0x95a2763
18:29:27.2 (15009209)|STATEMENT_EXECUTE|[54]
18:29:27.2 (15238088)|HEAP_ALLOCATE|[54]|Bytes:4
18:29:27.2 (15672512)|HEAP_ALLOCATE|[54]|Bytes:200
18:29:27.2 (15684568)|VARIABLE_SCOPE_BEGIN|[54]|fieldMap|Map<String,Schema.SObjectField>|true|false
18:29:27.2 (15828953)|VARIABLE_ASSIGNMENT|[54]|fieldMap|"{accountid=AccountId, activatedbyid=ActivatedById, activateddate=ActivatedDate, billingaddress=BillingAddress, billingcity=BillingCity, billingcountry=BillingCountry, billinggeocodeaccuracy=BillingGeocodeAccuracy, billinglatitude=BillingLatitude, billinglongitude=BillingLongitude, billingpostalcode=BillingPostalCode, ...}"|0x4a509e7d
18:29:27.2 (15842903)|STATEMENT_EXECUTE|[55]
18:29:27.2 (15849762)|HEAP_ALLOCATE|[55]|Bytes:4
18:29:27.2 (15879038)|VARIABLE_SCOPE_BEGIN|[55]|options|List<List<String>>|true|false
18:29:27.2 (15908342)|HEAP_ALLOCATE|[EXTERNAL]|Bytes:4
18:29:27.2 (15919270)|VARIABLE_ASSIGNMENT|[55]|options|[]|0x77c994be
18:29:27.2 (15924264)|STATEMENT_EXECUTE|[56]
18:29:27.2 (15928988)|HEAP_ALLOCATE|[56]|Bytes:4
18:29:27.2 (15943682)|VARIABLE_SCOPE_BEGIN|[56]|l1|List<String>|true|false
18:29:27.2 (15962273)|HEAP_ALLOCATE|[EXTERNAL]|Bytes:4
18:29:27.2 (15968010)|VARIABLE_ASSIGNMENT|[56]|l1|[]|0x6aa72a24
18:29:27.2 (15972931)|STATEMENT_EXECUTE|[57]
18:29:27.2 (15976936)|HEAP_ALLOCATE|[57]|Bytes:8
18:29:27.2 (16012695)|HEAP_ALLOCATE|[EXTERNAL]|Bytes:4
18:29:27.2 (16020818)|STATEMENT_EXECUTE|[58]
18:29:27.2 (16035521)|HEAP_ALLOCATE|[EXTERNAL]|Bytes:4
18:29:27.2 (16040662)|STATEMENT_EXECUTE|[59]
18:29:27.2 (16064155)|HEAP_ALLOCATE|[EXTERNAL]|Bytes:4
18:29:27.2 (16099941)|STATEMENT_EXECUTE|[60]
18:29:27.2 (16137485)|HEAP_ALLOCATE|[EXTERNAL]|Bytes:200
18:29:27.2 (16157055)|HEAP_ALLOCATE|[64]|Bytes:200
18:29:27.2 (16223811)|HEAP_ALLOCATE|[64]|Bytes:5
18:29:27.2 (16245179)|VARIABLE_SCOPE_BEGIN|[64]|s1|Schema.SObjectField|true|false
18:29:27.2 (16300132)|VARIABLE_ASSIGNMENT|[64]|s1|"common.apex.runtime.impl.ApexFieldToken@4389b427"|0x4389b427
18:29:27.2 (16307941)|STATEMENT_EXECUTE|[64]
18:29:27.2 (16309063)|STATEMENT_EXECUTE|[65]
18:29:27.2 (16312721)|HEAP_ALLOCATE|[65]|Bytes:4
18:29:27.2 (16329847)|VARIABLE_SCOPE_BEGIN|[65]|l|List<String>|true|false
18:29:27.2 (16348618)|HEAP_ALLOCATE|[EXTERNAL]|Bytes:4
18:29:27.2 (16355503)|VARIABLE_ASSIGNMENT|[65]|l|[]|0x2755f64d
18:29:27.2 (16361148)|STATEMENT_EXECUTE|[66]
18:29:27.2 (16406672)|HEAP_ALLOCATE|[66]|Bytes:2
18:29:27.2 (16419489)|VARIABLE_SCOPE_BEGIN|[66]|field|String|false|false
18:29:27.2 (16430013)|VARIABLE_ASSIGNMENT|[66]|field|"Id"
18:29:27.2 (16434381)|STATEMENT_EXECUTE|[67]
18:29:27.2 (16636799)|HEAP_ALLOCATE|[67]|Bytes:8
18:29:27.2 (16658966)|HEAP_ALLOCATE|[67]|Bytes:2
18:29:27.2 (16675021)|HEAP_ALLOCATE|[67]|Bytes:2
18:29:27.2 (16688259)|HEAP_ALLOCATE|[EXTERNAL]|Bytes:4
18:29:27.2 (16693727)|STATEMENT_EXECUTE|[68]
18:29:27.2 (16696533)|HEAP_ALLOCATE|[68]|Bytes:2
18:29:27.2 (16746516)|HEAP_ALLOCATE|[68]|Bytes:8
18:29:27.2 (17450909)|HEAP_ALLOCATE|[68]|Bytes:12
18:29:27.2 (17481014)|HEAP_ALLOCATE|[68]|Bytes:2
18:29:27.2 (17496606)|HEAP_ALLOCATE|[68]|Bytes:6
18:29:27.2 (17505923)|HEAP_ALLOCATE|[EXTERNAL]|Bytes:4
18:29:27.2 (17511689)|STATEMENT_EXECUTE|[69]
18:29:27.2 (17545970)|HEAP_ALLOCATE|[EXTERNAL]|Bytes:4
18:29:27.2 (17560041)|HEAP_ALLOCATE|[64]|Bytes:5
18:29:27.2 (17574161)|VARIABLE_SCOPE_BEGIN|[64]|s1|Schema.SObjectField|true|false
18:29:27.2 (17628452)|VARIABLE_ASSIGNMENT|[64]|s1|"common.apex.runtime.impl.ApexFieldToken@78deb48c"|0x78deb48c
18:29:27.2 (17635955)|STATEMENT_EXECUTE|[64]
18:29:27.2 (17637095)|STATEMENT_EXECUTE|[65]
18:29:27.2 (17640406)|HEAP_ALLOCATE|[65]|Bytes:4
18:29:27.2 (17651637)|VARIABLE_SCOPE_BEGIN|[65]|l|List<String>|true|false
18:29:27.2 (17668611)|HEAP_ALLOCATE|[EXTERNAL]|Bytes:4
18:29:27.2 (17675769)|VARIABLE_ASSIGNMENT|[65]|l|[]|0x84566e7
18:29:27.2 (17680997)|STATEMENT_EXECUTE|[66]
18:29:27.2 (17709786)|HEAP_ALLOCATE|[66]|Bytes:9
18:29:27.2 (17720332)|VARIABLE_SCOPE_BEGIN|[66]|field|String|false|false
18:29:27.2 (17729509)|VARIABLE_ASSIGNMENT|[66]|field|"AccountId"
18:29:27.2 (17733222)|STATEMENT_EXECUTE|[67]
18:29:27.2 (17868820)|HEAP_ALLOCATE|[67]|Bytes:8
18:29:27.2 (17881968)|HEAP_ALLOCATE|[67]|Bytes:9
18:29:27.2 (17896174)|HEAP_ALLOCATE|[67]|Bytes:9
18:29:27.2 (17907001)|HEAP_ALLOCATE|[EXTERNAL]|Bytes:4
18:29:27.2 (17912210)|STATEMENT_EXECUTE|[68]
18:29:27.2 (17936662)|HEAP_ALLOCATE|[68]|Bytes:8
18:29:27.2 (17961508)|HEAP_ALLOCATE|[68]|Bytes:12
18:29:27.2 (17978385)|HEAP_ALLOCATE|[68]|Bytes:9
18:29:27.2 (17987780)|HEAP_ALLOCATE|[68]|Bytes:20
18:29:27.2 (17993843)|HEAP_ALLOCATE|[EXTERNAL]|Bytes:4
18:29:27.2 (17998188)|STATEMENT_EXECUTE|[69]
18:29:27.2 (18012787)|HEAP_ALLOCATE|[EXTERNAL]|Bytes:4
18:29:27.2 (18024617)|HEAP_ALLOCATE|[64]|Bytes:5
18:29:27.2 (18036950)|VARIABLE_SCOPE_BEGIN|[64]|s1|Schema.SObjectField|true|false
18:29:27.2 (18088686)|VARIABLE_ASSIGNMENT|[64]|s1|"common.apex.runtime.impl.ApexFieldToken@2b7b47b9"|0x2b7b47b9
18:29:27.2 (18096160)|STATEMENT_EXECUTE|[64]
18:29:27.2 (18097248)|STATEMENT_EXECUTE|[65]
18:29:27.2 (18100392)|HEAP_ALLOCATE|[65]|Bytes:4
18:29:27.2 (18119761)|VARIABLE_SCOPE_BEGIN|[65]|l|List<String>|true|false
18:29:27.2 (18136920)|HEAP_ALLOCATE|[EXTERNAL]|Bytes:4
18:29:27.2 (18144246)|VARIABLE_ASSIGNMENT|[65]|l|[]|0x1952245c
18:29:27.2 (18149365)|STATEMENT_EXECUTE|[66]
18:29:27.2 (18183501)|HEAP_ALLOCATE|[66]|Bytes:12
18:29:27.2 (18194653)|VARIABLE_SCOPE_BEGIN|[66]|field|String|false|false
18:29:27.2 (18204942)|VARIABLE_ASSIGNMENT|[66]|field|"Pricebook2Id"
18:29:27.2 (18208987)|STATEMENT_EXECUTE|[67]
18:29:27.2 (18451941)|HEAP_ALLOCATE|[67]|Bytes:8
18:29:27.2 (18465626)|HEAP_ALLOCATE|[67]|Bytes:12
18:29:27.2 (18480846)|HEAP_ALLOCATE|[67]|Bytes:12
18:29:27.2 (18492208)|HEAP_ALLOCATE|[EXTERNAL]|Bytes:4
18:29:27.2 (18497606)|STATEMENT_EXECUTE|[68]
18:29:27.2 (18522182)|HEAP_ALLOCATE|[68]|Bytes:8
18:29:27.2 (18545499)|HEAP_ALLOCATE|[68]|Bytes:12
18:29:27.2 (18562202)|HEAP_ALLOCATE|[68]|Bytes:9
18:29:27.2 (18571677)|HEAP_ALLOCATE|[68]|Bytes:23
18:29:27.2 (18576903)|HEAP_ALLOCATE|[EXTERNAL]|Bytes:4
18:29:27.2 (18580969)|STATEMENT_EXECUTE|[69]
18:29:27.2 (18596330)|HEAP_ALLOCATE|[EXTERNAL]|Bytes:4
18:29:27.2 (18607800)|HEAP_ALLOCATE|[64]|Bytes:5
18:29:27.2 (18620608)|VARIABLE_SCOPE_BEGIN|[64]|s1|Schema.SObjectField|true|false
18:29:27.2 (18673550)|VARIABLE_ASSIGNMENT|[64]|s1|"common.apex.runtime.impl.ApexFieldToken@5354236"|0x5354236
18:29:27.2 (18680366)|STATEMENT_EXECUTE|[64]
18:29:27.2 (18681970)|STATEMENT_EXECUTE|[65]
18:29:27.2 (18685480)|HEAP_ALLOCATE|[65]|Bytes:4
18:29:27.2 (18695025)|VARIABLE_SCOPE_BEGIN|[65]|l|List<String>|true|false
18:29:27.2 (18712201)|HEAP_ALLOCATE|[EXTERNAL]|Bytes:4
18:29:27.2 (18719544)|VARIABLE_ASSIGNMENT|[65]|l|[]|0x2346f8f0
18:29:27.2 (18724367)|STATEMENT_EXECUTE|[66]
18:29:27.2 (18749856)|HEAP_ALLOCATE|[66]|Bytes:21
18:29:27.2 (18760784)|VARIABLE_SCOPE_BEGIN|[66]|field|String|false|false
18:29:27.2 (18771637)|VARIABLE_ASSIGNMENT|[66]|field|"OwnerExpirationNotic (1 more) ..."
18:29:27.2 (18775778)|STATEMENT_EXECUTE|[67]
18:29:27.2 (18878922)|HEAP_ALLOCATE|[67]|Bytes:8
18:29:27.2 (18891203)|HEAP_ALLOCATE|[67]|Bytes:21
18:29:27.2 (18904353)|HEAP_ALLOCATE|[67]|Bytes:21
18:29:27.2 (18914999)|HEAP_ALLOCATE|[EXTERNAL]|Bytes:4
18:29:27.2 (18920217)|STATEMENT_EXECUTE|[68]
18:29:27.2 (18943024)|HEAP_ALLOCATE|[68]|Bytes:8
18:29:27.2 (18965322)|HEAP_ALLOCATE|[68]|Bytes:12
18:29:27.2 (18980989)|HEAP_ALLOCATE|[68]|Bytes:8
18:29:27.2 (18989963)|HEAP_ALLOCATE|[68]|Bytes:31
18:29:27.2 (18995988)|HEAP_ALLOCATE|[EXTERNAL]|Bytes:4
18:29:27.2 (19000563)|STATEMENT_EXECUTE|[69]
18:29:27.2 (19015242)|HEAP_ALLOCATE|[EXTERNAL]|Bytes:4
18:29:27.2 (19026539)|HEAP_ALLOCATE|[64]|Bytes:5
18:29:27.2 (19038860)|VARIABLE_SCOPE_BEGIN|[64]|s1|Schema.SObjectField|true|false
18:29:27.2 (19090848)|VARIABLE_ASSIGNMENT|[64]|s1|"common.apex.runtime.impl.ApexFieldToken@b13e63b"|0xb13e63b
18:29:27.2 (19098817)|STATEMENT_EXECUTE|[64]
18:29:27.2 (19099805)|STATEMENT_EXECUTE|[65]
18:29:27.2 (19102908)|HEAP_ALLOCATE|[65]|Bytes:4
18:29:27.2 (19116471)|VARIABLE_SCOPE_BEGIN|[65]|l|List<String>|true|false
18:29:27.2 (19133644)|HEAP_ALLOCATE|[EXTERNAL]|Bytes:4
18:29:27.2 (19141345)|VARIABLE_ASSIGNMENT|[65]|l|[]|0x78605ba5
18:29:27.2 (19146540)|STATEMENT_EXECUTE|[66]
18:29:27.2 (19170769)|HEAP_ALLOCATE|[66]|Bytes:9
18:29:27.2 (19183686)|VARIABLE_SCOPE_BEGIN|[66]|field|String|false|false
18:29:27.2 (19192716)|VARIABLE_ASSIGNMENT|[66]|field|"StartDate"
18:29:27.2 (19196820)|STATEMENT_EXECUTE|[67]
18:29:27.2 (19293273)|HEAP_ALLOCATE|[67]|Bytes:8
18:29:27.2 (19304904)|HEAP_ALLOCATE|[67]|Bytes:9
18:29:27.2 (19318349)|HEAP_ALLOCATE|[67]|Bytes:9
18:29:27.2 (19328683)|HEAP_ALLOCATE|[EXTERNAL]|Bytes:4
18:29:27.2 (19333476)|STATEMENT_EXECUTE|[68]
18:29:27.2 (19356798)|HEAP_ALLOCATE|[68]|Bytes:8
18:29:27.2 (19378389)|HEAP_ALLOCATE|[68]|Bytes:12
18:29:27.2 (19393760)|HEAP_ALLOCATE|[68]|Bytes:4
18:29:27.2 (19402711)|HEAP_ALLOCATE|[68]|Bytes:15
18:29:27.2 (19408124)|HEAP_ALLOCATE|[EXTERNAL]|Bytes:4
18:29:27.2 (19412123)|STATEMENT_EXECUTE|[69]
18:29:27.2 (19425967)|HEAP_ALLOCATE|[EXTERNAL]|Bytes:4
18:29:27.2 (19436936)|HEAP_ALLOCATE|[64]|Bytes:5
18:29:27.2 (19449138)|VARIABLE_SCOPE_BEGIN|[64]|s1|Schema.SObjectField|true|false
18:29:27.2 (19499659)|VARIABLE_ASSIGNMENT|[64]|s1|"common.apex.runtime.impl.ApexFieldToken@6e44901"|0x6e44901
18:29:27.2 (19507404)|STATEMENT_EXECUTE|[64]
18:29:27.2 (19508405)|STATEMENT_EXECUTE|[65]
18:29:27.2 (19511222)|HEAP_ALLOCATE|[65]|Bytes:4
18:29:27.2 (19520250)|VARIABLE_SCOPE_BEGIN|[65]|l|List<String>|true|false
18:29:27.2 (19536395)|HEAP_ALLOCATE|[EXTERNAL]|Bytes:4
18:29:27.2 (19542870)|VARIABLE_ASSIGNMENT|[65]|l|[]|0x378f64bd
18:29:27.2 (19547755)|STATEMENT_EXECUTE|[66]
18:29:27.2 (19571603)|HEAP_ALLOCATE|[66]|Bytes:7
18:29:27.2 (19581814)|VARIABLE_SCOPE_BEGIN|[66]|field|String|false|false
18:29:27.2 (19590169)|VARIABLE_ASSIGNMENT|[66]|field|"EndDate"
18:29:27.2 (19594021)|STATEMENT_EXECUTE|[67]
18:29:27.2 (19671495)|HEAP_ALLOCATE|[67]|Bytes:8
18:29:27.2 (19683530)|HEAP_ALLOCATE|[67]|Bytes:7
18:29:27.2 (19695458)|HEAP_ALLOCATE|[67]|Bytes:7
18:29:27.2 (19706180)|HEAP_ALLOCATE|[EXTERNAL]|Bytes:4
18:29:27.2 (19710850)|STATEMENT_EXECUTE|[68]
18:29:27.2 (19732945)|HEAP_ALLOCATE|[68]|Bytes:8
18:29:27.2 (19754128)|HEAP_ALLOCATE|[68]|Bytes:12
18:29:27.2 (19769154)|HEAP_ALLOCATE|[68]|Bytes:4
18:29:27.2 (19777874)|HEAP_ALLOCATE|[68]|Bytes:13
18:29:27.2 (19783129)|HEAP_ALLOCATE|[EXTERNAL]|Bytes:4
18:29:27.2 (19787695)|STATEMENT_EXECUTE|[69]
18:29:27.2 (19801255)|HEAP_ALLOCATE|[EXTERNAL]|Bytes:4
18:29:27.2 (19812395)|HEAP_ALLOCATE|[64]|Bytes:5
18:29:27.2 (19824195)|VARIABLE_SCOPE_BEGIN|[64]|s1|Schema.SObjectField|true|false
18:29:27.2 (19874629)|VARIABLE_ASSIGNMENT|[64]|s1|"common.apex.runtime.impl.ApexFieldToken@775390eb"|0x775390eb
18:29:27.2 (19882443)|STATEMENT_EXECUTE|[64]
18:29:27.2 (19883440)|STATEMENT_EXECUTE|[65]
18:29:27.2 (19886595)|HEAP_ALLOCATE|[65]|Bytes:4
18:29:27.2 (19896258)|VARIABLE_SCOPE_BEGIN|[65]|l|List<String>|true|false
18:29:27.2 (19912351)|HEAP_ALLOCATE|[EXTERNAL]|Bytes:4
18:29:27.2 (19919343)|VARIABLE_ASSIGNMENT|[65]|l|[]|0x2dd1c6fc
18:29:27.2 (19924493)|STATEMENT_EXECUTE|[66]
18:29:27.2 (19945990)|HEAP_ALLOCATE|[66]|Bytes:13
18:29:27.2 (19955844)|VARIABLE_SCOPE_BEGIN|[66]|field|String|false|false
18:29:27.2 (19964487)|VARIABLE_ASSIGNMENT|[66]|field|"BillingStreet"
18:29:27.2 (19968168)|STATEMENT_EXECUTE|[67]
18:29:27.2 (20061597)|HEAP_ALLOCATE|[67]|Bytes:8
18:29:27.2 (20074050)|HEAP_ALLOCATE|[67]|Bytes:13
18:29:27.2 (20087240)|HEAP_ALLOCATE|[67]|Bytes:13
18:29:27.2 (20097922)|HEAP_ALLOCATE|[EXTERNAL]|Bytes:4
18:29:27.2 (20106896)|STATEMENT_EXECUTE|[68]
18:29:27.2 (20130974)|HEAP_ALLOCATE|[68]|Bytes:8
18:29:27.2 (20152702)|HEAP_ALLOCATE|[68]|Bytes:12
18:29:27.2 (20167879)|HEAP_ALLOCATE|[68]|Bytes:8
18:29:27.2 (20176399)|HEAP_ALLOCATE|[68]|Bytes:23
18:29:27.2 (20184769)|HEAP_ALLOCATE|[EXTERNAL]|Bytes:4
18:29:27.2 (20190567)|STATEMENT_EXECUTE|[69]
18:29:27.2 (20204996)|HEAP_ALLOCATE|[EXTERNAL]|Bytes:4
18:29:27.2 (20216235)|HEAP_ALLOCATE|[64]|Bytes:5
18:29:27.2 (20228044)|VARIABLE_SCOPE_BEGIN|[64]|s1|Schema.SObjectField|true|false
18:29:27.2 (20278681)|VARIABLE_ASSIGNMENT|[64]|s1|"common.apex.runtime.impl.ApexFieldToken@58d848c5"|0x58d848c5
18:29:27.2 (20286565)|STATEMENT_EXECUTE|[64]
18:29:27.2 (20287576)|STATEMENT_EXECUTE|[65]
18:29:27.2 (20290587)|HEAP_ALLOCATE|[65]|Bytes:4
18:29:27.2 (20299568)|VARIABLE_SCOPE_BEGIN|[65]|l|List<String>|true|false
18:29:27.2 (20315122)|HEAP_ALLOCATE|[EXTERNAL]|Bytes:4
18:29:27.2 (20321734)|VARIABLE_ASSIGNMENT|[65]|l|[]|0x4d47f086
18:29:27.2 (20327257)|STATEMENT_EXECUTE|[66]
18:29:27.2 (20349245)|HEAP_ALLOCATE|[66]|Bytes:11
18:29:27.2 (20358831)|VARIABLE_SCOPE_BEGIN|[66]|field|String|false|false
18:29:27.2 (20367545)|VARIABLE_ASSIGNMENT|[66]|field|"BillingCity"
18:29:27.2 (20371599)|STATEMENT_EXECUTE|[67]
18:29:27.2 (20456782)|HEAP_ALLOCATE|[67]|Bytes:8
18:29:27.2 (20468013)|HEAP_ALLOCATE|[67]|Bytes:11
18:29:27.2 (20480194)|HEAP_ALLOCATE|[67]|Bytes:11
18:29:27.2 (20489679)|HEAP_ALLOCATE|[EXTERNAL]|Bytes:4
18:29:27.2 (20494457)|STATEMENT_EXECUTE|[68]
18:29:27.2 (20516994)|HEAP_ALLOCATE|[68]|Bytes:8
18:29:27.2 (20538500)|HEAP_ALLOCATE|[68]|Bytes:12
18:29:27.2 (20554088)|HEAP_ALLOCATE|[68]|Bytes:6
18:29:27.2 (20563043)|HEAP_ALLOCATE|[68]|Bytes:19
18:29:27.2 (20567902)|HEAP_ALLOCATE|[EXTERNAL]|Bytes:4
18:29:27.2 (20572313)|STATEMENT_EXECUTE|[69]
18:29:27.2 (20585981)|HEAP_ALLOCATE|[EXTERNAL]|Bytes:4
18:29:27.2 (20597209)|HEAP_ALLOCATE|[64]|Bytes:5
18:29:27.2 (20609255)|VARIABLE_SCOPE_BEGIN|[64]|s1|Schema.SObjectField|true|false
18:29:27.2 (20659485)|VARIABLE_ASSIGNMENT|[64]|s1|"common.apex.runtime.impl.ApexFieldToken@4c6e4fdb"|0x4c6e4fdb
18:29:27.2 (20666195)|STATEMENT_EXECUTE|[64]
18:29:27.2 (20667215)|STATEMENT_EXECUTE|[65]
18:29:27.2 (20670009)|HEAP_ALLOCATE|[65]|Bytes:4
18:29:27.2 (20679239)|VARIABLE_SCOPE_BEGIN|[65]|l|List<String>|true|false
18:29:27.2 (20695841)|HEAP_ALLOCATE|[EXTERNAL]|Bytes:4
18:29:27.2 (20702478)|VARIABLE_ASSIGNMENT|[65]|l|[]|0x406e2c30
18:29:27.2 (20707741)|STATEMENT_EXECUTE|[66]
18:29:27.2 (20729524)|HEAP_ALLOCATE|[66]|Bytes:12
18:29:27.2 (20739168)|VARIABLE_SCOPE_BEGIN|[66]|field|String|false|false
18:29:27.2 (20747914)|VARIABLE_ASSIGNMENT|[66]|field|"BillingState"
18:29:27.2 (20751482)|STATEMENT_EXECUTE|[67]
18:29:27.2 (20836900)|HEAP_ALLOCATE|[67]|Bytes:8
18:29:27.2 (20847473)|HEAP_ALLOCATE|[67]|Bytes:12
18:29:27.2 (20859998)|HEAP_ALLOCATE|[67]|Bytes:12
18:29:27.2 (20869657)|HEAP_ALLOCATE|[EXTERNAL]|Bytes:4
18:29:27.2 (20874343)|STATEMENT_EXECUTE|[68]
18:29:27.2 (20896034)|HEAP_ALLOCATE|[68]|Bytes:8
18:29:27.2 (20916379)|HEAP_ALLOCATE|[68]|Bytes:12
18:29:27.2 (20932002)|HEAP_ALLOCATE|[68]|Bytes:6
18:29:27.2 (20940392)|HEAP_ALLOCATE|[68]|Bytes:20
18:29:27.2 (20945625)|HEAP_ALLOCATE|[EXTERNAL]|Bytes:4
18:29:27.2 (20950175)|STATEMENT_EXECUTE|[69]
18:29:27.2 (20963522)|HEAP_ALLOCATE|[EXTERNAL]|Bytes:4
18:29:27.2 (20974264)|HEAP_ALLOCATE|[64]|Bytes:5
18:29:27.2 (20985497)|VARIABLE_SCOPE_BEGIN|[64]|s1|Schema.SObjectField|true|false
18:29:27.2 (21034971)|VARIABLE_ASSIGNMENT|[64]|s1|"common.apex.runtime.impl.ApexFieldToken@6866ab16"|0x6866ab16
18:29:27.2 (21042583)|STATEMENT_EXECUTE|[64]
18:29:27.2 (21043626)|STATEMENT_EXECUTE|[65]
18:29:27.2 (21046673)|HEAP_ALLOCATE|[65]|Bytes:4
18:29:27.2 (21056330)|VARIABLE_SCOPE_BEGIN|[65]|l|List<String>|true|false
18:29:27.2 (21072734)|HEAP_ALLOCATE|[EXTERNAL]|Bytes:4
18:29:27.2 (21079328)|VARIABLE_ASSIGNMENT|[65]|l|[]|0x7e36816b
18:29:27.2 (21084324)|STATEMENT_EXECUTE|[66]
18:29:27.2 (21109295)|HEAP_ALLOCATE|[66]|Bytes:17
18:29:27.2 (21119250)|VARIABLE_SCOPE_BEGIN|[66]|field|String|false|false
18:29:27.2 (21128359)|VARIABLE_ASSIGNMENT|[66]|field|"BillingPostalCode"
18:29:27.2 (21132190)|STATEMENT_EXECUTE|[67]
18:29:27.2 (21220164)|HEAP_ALLOCATE|[67]|Bytes:8
18:29:27.2 (21231630)|HEAP_ALLOCATE|[67]|Bytes:17
18:29:27.2 (21244525)|HEAP_ALLOCATE|[67]|Bytes:17
18:29:27.2 (21255001)|HEAP_ALLOCATE|[EXTERNAL]|Bytes:4
18:29:27.2 (21259899)|STATEMENT_EXECUTE|[68]
18:29:27.2 (21283595)|HEAP_ALLOCATE|[68]|Bytes:8
18:29:27.2 (21304497)|HEAP_ALLOCATE|[68]|Bytes:12
18:29:27.2 (21319864)|HEAP_ALLOCATE|[68]|Bytes:6
18:29:27.2 (21329130)|HEAP_ALLOCATE|[68]|Bytes:25
18:29:27.2 (21334974)|HEAP_ALLOCATE|[EXTERNAL]|Bytes:4
18:29:27.2 (21339021)|STATEMENT_EXECUTE|[69]
18:29:27.2 (21352355)|HEAP_ALLOCATE|[EXTERNAL]|Bytes:4
18:29:27.2 (21363592)|HEAP_ALLOCATE|[64]|Bytes:5
18:29:27.2 (21374990)|VARIABLE_SCOPE_BEGIN|[64]|s1|Schema.SObjectField|true|false
18:29:27.2 (21425178)|VARIABLE_ASSIGNMENT|[64]|s1|"common.apex.runtime.impl.ApexFieldToken@359aa39"|0x359aa39
18:29:27.2 (21432375)|STATEMENT_EXECUTE|[64]
18:29:27.2 (21433829)|STATEMENT_EXECUTE|[65]
18:29:27.2 (21436960)|HEAP_ALLOCATE|[65]|Bytes:4
18:29:27.2 (21446491)|VARIABLE_SCOPE_BEGIN|[65]|l|List<String>|true|false
18:29:27.2 (21461850)|HEAP_ALLOCATE|[EXTERNAL]|Bytes:4
18:29:27.2 (21468293)|VARIABLE_ASSIGNMENT|[65]|l|[]|0x26427510
18:29:27.2 (21473389)|STATEMENT_EXECUTE|[66]
18:29:27.2 (21494629)|HEAP_ALLOCATE|[66]|Bytes:14
18:29:27.2 (21504383)|VARIABLE_SCOPE_BEGIN|[66]|field|String|false|false
18:29:27.2 (21513866)|VARIABLE_ASSIGNMENT|[66]|field|"BillingCountry"
18:29:27.2 (21518004)|STATEMENT_EXECUTE|[67]
18:29:27.2 (21601932)|HEAP_ALLOCATE|[67]|Bytes:8
18:29:27.2 (21613511)|HEAP_ALLOCATE|[67]|Bytes:14
18:29:27.2 (21626138)|HEAP_ALLOCATE|[67]|Bytes:14
18:29:27.2 (21636192)|HEAP_ALLOCATE|[EXTERNAL]|Bytes:4
18:29:27.2 (21641284)|STATEMENT_EXECUTE|[68]
18:29:27.2 (21663736)|HEAP_ALLOCATE|[68]|Bytes:8
18:29:27.2 (21684268)|HEAP_ALLOCATE|[68]|Bytes:12
18:29:27.2 (21699595)|HEAP_ALLOCATE|[68]|Bytes:6
18:29:27.2 (21708264)|HEAP_ALLOCATE|[68]|Bytes:22
18:29:27.2 (21714133)|HEAP_ALLOCATE|[EXTERNAL]|Bytes:4
18:29:27.2 (21718920)|STATEMENT_EXECUTE|[69]
18:29:27.2 (21732100)|HEAP_ALLOCATE|[EXTERNAL]|Bytes:4
18:29:27.2 (21743312)|HEAP_ALLOCATE|[64]|Bytes:5
18:29:27.2 (21755023)|VARIABLE_SCOPE_BEGIN|[64]|s1|Schema.SObjectField|true|false
18:29:27.2 (21803759)|VARIABLE_ASSIGNMENT|[64]|s1|"common.apex.runtime.impl.ApexFieldToken@19dd54f7"|0x19dd54f7
18:29:27.2 (21813365)|STATEMENT_EXECUTE|[64]
18:29:27.2 (21814377)|STATEMENT_EXECUTE|[65]
18:29:27.2 (21817549)|HEAP_ALLOCATE|[65]|Bytes:4
18:29:27.2 (21826586)|VARIABLE_SCOPE_BEGIN|[65]|l|List<String>|true|false
18:29:27.2 (21842345)|HEAP_ALLOCATE|[EXTERNAL]|Bytes:4
18:29:27.2 (21849554)|VARIABLE_ASSIGNMENT|[65]|l|[]|0x5fba92e8
18:29:27.2 (21854800)|STATEMENT_EXECUTE|[66]
18:29:27.2 (21876017)|HEAP_ALLOCATE|[66]|Bytes:15
18:29:27.2 (21885612)|VARIABLE_SCOPE_BEGIN|[66]|field|String|false|false
18:29:27.2 (21894522)|VARIABLE_ASSIGNMENT|[66]|field|"BillingLatitude"
18:29:27.2 (21898382)|STATEMENT_EXECUTE|[67]
18:29:27.2 (21981820)|HEAP_ALLOCATE|[67]|Bytes:8
18:29:27.2 (21994841)|HEAP_ALLOCATE|[67]|Bytes:15
18:29:27.2 (22006855)|HEAP_ALLOCATE|[67]|Bytes:15
18:29:27.2 (22022315)|HEAP_ALLOCATE|[EXTERNAL]|Bytes:4
18:29:27.2 (22028083)|STATEMENT_EXECUTE|[68]
18:29:27.2 (22051649)|HEAP_ALLOCATE|[68]|Bytes:8
18:29:27.2 (22072944)|HEAP_ALLOCATE|[68]|Bytes:12
18:29:27.2 (22088097)|HEAP_ALLOCATE|[68]|Bytes:6
18:29:27.2 (22096476)|HEAP_ALLOCATE|[68]|Bytes:23
18:29:27.2 (22101676)|HEAP_ALLOCATE|[EXTERNAL]|Bytes:4
18:29:27.2 (22110720)|STATEMENT_EXECUTE|[69]
18:29:27.2 (22124282)|HEAP_ALLOCATE|[EXTERNAL]|Bytes:4
18:29:27.2 (22135475)|HEAP_ALLOCATE|[64]|Bytes:5
18:29:27.2 (22147606)|VARIABLE_SCOPE_BEGIN|[64]|s1|Schema.SObjectField|true|false
18:29:27.2 (22200782)|VARIABLE_ASSIGNMENT|[64]|s1|"common.apex.runtime.impl.ApexFieldToken@27f3d080"|0x27f3d080
18:29:27.2 (22208323)|STATEMENT_EXECUTE|[64]
18:29:27.2 (22209300)|STATEMENT_EXECUTE|[65]
18:29:27.2 (22212175)|HEAP_ALLOCATE|[65]|Bytes:4
18:29:27.2 (22221823)|VARIABLE_SCOPE_BEGIN|[65]|l|List<String>|true|false
18:29:27.2 (22244140)|HEAP_ALLOCATE|[EXTERNAL]|Bytes:4
18:29:27.2 (22251558)|VARIABLE_ASSIGNMENT|[65]|l|[]|0x1ab2702a
18:29:27.2 (22256935)|STATEMENT_EXECUTE|[66]
18:29:27.2 (22279612)|HEAP_ALLOCATE|[66]|Bytes:16
18:29:27.2 (22289730)|VARIABLE_SCOPE_BEGIN|[66]|field|String|false|false
18:29:27.2 (22301231)|VARIABLE_ASSIGNMENT|[66]|field|"BillingLongitude"
18:29:27.2 (22305402)|STATEMENT_EXECUTE|[67]
18:29:27.2 (22394627)|HEAP_ALLOCATE|[67]|Bytes:8
18:29:27.2 (22405950)|HEAP_ALLOCATE|[67]|Bytes:16
18:29:27.2 (22418745)|HEAP_ALLOCATE|[67]|Bytes:16
18:29:27.2 (22428688)|HEAP_ALLOCATE|[EXTERNAL]|Bytes:4
18:29:27.2 (22433843)|STATEMENT_EXECUTE|[68]
18:29:27.2 (22456505)|HEAP_ALLOCATE|[68]|Bytes:8
18:29:27.2 (22476980)|HEAP_ALLOCATE|[68]|Bytes:12
18:29:27.2 (22492387)|HEAP_ALLOCATE|[68]|Bytes:6
18:29:27.2 (22500910)|HEAP_ALLOCATE|[68]|Bytes:24
18:29:27.2 (22506915)|HEAP_ALLOCATE|[EXTERNAL]|Bytes:4
18:29:27.2 (22511376)|STATEMENT_EXECUTE|[69]
18:29:27.2 (22525074)|HEAP_ALLOCATE|[EXTERNAL]|Bytes:4
18:29:27.2 (22536270)|HEAP_ALLOCATE|[64]|Bytes:5
18:29:27.2 (22554994)|VARIABLE_SCOPE_BEGIN|[64]|s1|Schema.SObjectField|true|false
18:29:27.2 (22608238)|VARIABLE_ASSIGNMENT|[64]|s1|"common.apex.runtime.impl.ApexFieldToken@7a10f173"|0x7a10f173
18:29:27.2 (22616254)|STATEMENT_EXECUTE|[64]
18:29:27.2 (22617555)|STATEMENT_EXECUTE|[65]
18:29:27.2 (22621013)|HEAP_ALLOCATE|[65]|Bytes:4
18:29:27.2 (22630713)|VARIABLE_SCOPE_BEGIN|[65]|l|List<String>|true|false
18:29:27.2 (22646610)|HEAP_ALLOCATE|[EXTERNAL]|Bytes:4
18:29:27.2 (22658356)|VARIABLE_ASSIGNMENT|[65]|l|[]|0x274ba3a9
18:29:27.2 (22663344)|STATEMENT_EXECUTE|[66]
18:29:27.2 (22687077)|HEAP_ALLOCATE|[66]|Bytes:22
18:29:27.2 (22698589)|VARIABLE_SCOPE_BEGIN|[66]|field|String|false|false
18:29:27.2 (22709629)|VARIABLE_ASSIGNMENT|[66]|field|"BillingGeocodeAccura (2 more) ..."
18:29:27.2 (22714577)|STATEMENT_EXECUTE|[67]
18:29:27.2 (22801956)|HEAP_ALLOCATE|[67]|Bytes:8
18:29:27.2 (22815055)|HEAP_ALLOCATE|[67]|Bytes:22
18:29:27.2 (22827471)|HEAP_ALLOCATE|[67]|Bytes:22
18:29:27.2 (22842956)|HEAP_ALLOCATE|[EXTERNAL]|Bytes:4
18:29:27.2 (22848477)|STATEMENT_EXECUTE|[68]
18:29:27.2 (22874131)|HEAP_ALLOCATE|[68]|Bytes:8
18:29:27.2 (22896335)|HEAP_ALLOCATE|[68]|Bytes:12
18:29:27.2 (22912408)|HEAP_ALLOCATE|[68]|Bytes:8
18:29:27.2 (22926337)|HEAP_ALLOCATE|[68]|Bytes:32
18:29:27.2 (22932294)|HEAP_ALLOCATE|[EXTERNAL]|Bytes:4
18:29:27.2 (22936633)|STATEMENT_EXECUTE|[69]
18:29:27.2 (22951815)|HEAP_ALLOCATE|[EXTERNAL]|Bytes:4
18:29:27.2 (22963680)|HEAP_ALLOCATE|[64]|Bytes:5
18:29:27.2 (22975642)|VARIABLE_SCOPE_BEGIN|[64]|s1|Schema.SObjectField|true|false
18:29:27.2 (23029862)|VARIABLE_ASSIGNMENT|[64]|s1|"common.apex.runtime.impl.ApexFieldToken@34d6846a"|0x34d6846a
18:29:27.2 (23039899)|STATEMENT_EXECUTE|[64]
18:29:27.2 (23040938)|STATEMENT_EXECUTE|[65]
18:29:27.2 (23044205)|HEAP_ALLOCATE|[65]|Bytes:4
18:29:27.2 (23054040)|VARIABLE_SCOPE_BEGIN|[65]|l|List<String>|true|false
18:29:27.2 (23071080)|HEAP_ALLOCATE|[EXTERNAL]|Bytes:4
18:29:27.2 (23077677)|VARIABLE_ASSIGNMENT|[65]|l|[]|0x4c33649a
18:29:27.2 (23087242)|STATEMENT_EXECUTE|[66]
18:29:27.2 (23116450)|HEAP_ALLOCATE|[66]|Bytes:14
18:29:27.2 (23128810)|VARIABLE_SCOPE_BEGIN|[66]|field|String|false|false
18:29:27.2 (23138724)|VARIABLE_ASSIGNMENT|[66]|field|"BillingAddress"
18:29:27.2 (23142967)|STATEMENT_EXECUTE|[67]
18:29:27.2 (23214272)|HEAP_ALLOCATE|[67]|Bytes:8
18:29:27.2 (23224878)|HEAP_ALLOCATE|[67]|Bytes:14
18:29:27.2 (23237312)|HEAP_ALLOCATE|[67]|Bytes:14
18:29:27.2 (23251592)|HEAP_ALLOCATE|[EXTERNAL]|Bytes:4
18:29:27.2 (23256216)|STATEMENT_EXECUTE|[68]
18:29:27.2 (23280867)|HEAP_ALLOCATE|[68]|Bytes:8
18:29:27.2 (23302879)|HEAP_ALLOCATE|[68]|Bytes:12
18:29:27.2 (23319089)|HEAP_ALLOCATE|[68]|Bytes:7
18:29:27.2 (23331945)|HEAP_ALLOCATE|[68]|Bytes:23
18:29:27.2 (23337994)|HEAP_ALLOCATE|[EXTERNAL]|Bytes:4
18:29:27.2 (23342382)|STATEMENT_EXECUTE|[69]
18:29:27.2 (23356745)|HEAP_ALLOCATE|[EXTERNAL]|Bytes:4
18:29:27.2 (23370050)|HEAP_ALLOCATE|[64]|Bytes:5
18:29:27.2 (23382308)|VARIABLE_SCOPE_BEGIN|[64]|s1|Schema.SObjectField|true|false
18:29:27.2 (23435391)|VARIABLE_ASSIGNMENT|[64]|s1|"common.apex.runtime.impl.ApexFieldToken@475f14eb"|0x475f14eb
18:29:27.2 (23444740)|STATEMENT_EXECUTE|[64]
18:29:27.2 (23446226)|STATEMENT_EXECUTE|[65]
18:29:27.2 (23449071)|HEAP_ALLOCATE|[65]|Bytes:4
18:29:27.2 (23458223)|VARIABLE_SCOPE_BEGIN|[65]|l|List<String>|true|false
18:29:27.2 (23474397)|HEAP_ALLOCATE|[EXTERNAL]|Bytes:4
18:29:27.2 (23481608)|VARIABLE_ASSIGNMENT|[65]|l|[]|0x190a917b
18:29:27.2 (23491222)|STATEMENT_EXECUTE|[66]
18:29:27.2 (23517745)|HEAP_ALLOCATE|[66]|Bytes:14
18:29:27.2 (23529127)|VARIABLE_SCOPE_BEGIN|[66]|field|String|false|false
18:29:27.2 (23537887)|VARIABLE_ASSIGNMENT|[66]|field|"ShippingStreet"
18:29:27.2 (23542294)|STATEMENT_EXECUTE|[67]
18:29:27.2 (23626864)|HEAP_ALLOCATE|[67]|Bytes:8
18:29:27.2 (23642456)|HEAP_ALLOCATE|[67]|Bytes:14
18:29:27.2 (23655744)|HEAP_ALLOCATE|[67]|Bytes:14
18:29:27.2 (23666836)|HEAP_ALLOCATE|[EXTERNAL]|Bytes:4
18:29:27.2 (23673519)|STATEMENT_EXECUTE|[68]
18:29:27.2 (23695817)|HEAP_ALLOCATE|[68]|Bytes:8
18:29:27.2 (23729013)|HEAP_ALLOCATE|[68]|Bytes:12
18:29:27.2 (23753568)|HEAP_ALLOCATE|[68]|Bytes:8
18:29:27.2 (23763494)|HEAP_ALLOCATE|[68]|Bytes:24
18:29:27.2 (23770744)|HEAP_ALLOCATE|[EXTERNAL]|Bytes:4
18:29:27.2 (23775812)|STATEMENT_EXECUTE|[69]
18:29:27.2 (23796368)|HEAP_ALLOCATE|[EXTERNAL]|Bytes:4
18:29:27.2 (23809103)|HEAP_ALLOCATE|[64]|Bytes:5
18:29:27.2 (23823607)|VARIABLE_SCOPE_BEGIN|[64]|s1|Schema.SObjectField|true|false
18:29:27.2 (23876105)|VARIABLE_ASSIGNMENT|[64]|s1|"common.apex.runtime.impl.ApexFieldToken@7e91ab50"|0x7e91ab50
18:29:27.2 (23883446)|STATEMENT_EXECUTE|[64]
18:29:27.2 (23884482)|STATEMENT_EXECUTE|[65]
18:29:27.2 (23887841)|HEAP_ALLOCATE|[65]|Bytes:4
18:29:27.2 (23898054)|VARIABLE_SCOPE_BEGIN|[65]|l|List<String>|true|false
18:29:27.2 (23914847)|HEAP_ALLOCATE|[EXTERNAL]|Bytes:4
18:29:27.2 (23926602)|VARIABLE_ASSIGNMENT|[65]|l|[]|0x68978ada
18:29:27.2 (23932323)|STATEMENT_EXECUTE|[66]
18:29:27.2 (23957957)|HEAP_ALLOCATE|[66]|Bytes:12
18:29:27.2 (23968709)|VARIABLE_SCOPE_BEGIN|[66]|field|String|false|false
18:29:27.2 (23977950)|VARIABLE_ASSIGNMENT|[66]|field|"ShippingCity"
18:29:27.2 (23982496)|STATEMENT_EXECUTE|[67]
18:29:27.2 (24061444)|HEAP_ALLOCATE|[67]|Bytes:8
18:29:27.2 (24078454)|HEAP_ALLOCATE|[67]|Bytes:12
18:29:27.2 (24092421)|HEAP_ALLOCATE|[67]|Bytes:12
18:29:27.2 (24110191)|HEAP_ALLOCATE|[EXTERNAL]|Bytes:4
18:29:27.2 (24115708)|STATEMENT_EXECUTE|[68]
18:29:27.2 (24139967)|HEAP_ALLOCATE|[68]|Bytes:8
18:29:27.2 (24166624)|HEAP_ALLOCATE|[68]|Bytes:12
18:29:27.2 (24185748)|HEAP_ALLOCATE|[68]|Bytes:6
18:29:27.2 (24195314)|HEAP_ALLOCATE|[68]|Bytes:20
18:29:27.2 (24201179)|HEAP_ALLOCATE|[EXTERNAL]|Bytes:4
18:29:27.2 (24205593)|STATEMENT_EXECUTE|[69]
18:29:27.2 (24219863)|HEAP_ALLOCATE|[EXTERNAL]|Bytes:4
18:29:27.2 (24235457)|HEAP_ALLOCATE|[64]|Bytes:5
18:29:27.2 (24247780)|VARIABLE_SCOPE_BEGIN|[64]|s1|Schema.SObjectField|true|false
18:29:27.2 (24299954)|VARIABLE_ASSIGNMENT|[64]|s1|"common.apex.runtime.impl.ApexFieldToken@3775698"|0x3775698
18:29:27.2 (24310635)|STATEMENT_EXECUTE|[64]
18:29:27.2 (24311662)|STATEMENT_EXECUTE|[65]
18:29:27.2 (24315315)|HEAP_ALLOCATE|[65]|Bytes:4
18:29:27.2 (24324920)|VARIABLE_SCOPE_BEGIN|[65]|l|List<String>|true|false
18:29:27.2 (24343366)|HEAP_ALLOCATE|[EXTERNAL]|Bytes:4
18:29:27.2 (24350731)|VARIABLE_ASSIGNMENT|[65]|l|[]|0x404e202a
18:29:27.2 (24355949)|STATEMENT_EXECUTE|[66]
18:29:27.2 (24382048)|HEAP_ALLOCATE|[66]|Bytes:13
18:29:27.2 (24392624)|VARIABLE_SCOPE_BEGIN|[66]|field|String|false|false
18:29:27.2 (24402523)|VARIABLE_ASSIGNMENT|[66]|field|"ShippingState"
18:29:27.2 (24407581)|STATEMENT_EXECUTE|[67]
18:29:27.2 (24483142)|HEAP_ALLOCATE|[67]|Bytes:8
18:29:27.2 (24495675)|HEAP_ALLOCATE|[67]|Bytes:13
18:29:27.2 (24508772)|HEAP_ALLOCATE|[67]|Bytes:13
18:29:27.2 (24519232)|HEAP_ALLOCATE|[EXTERNAL]|Bytes:4
18:29:27.2 (24523968)|STATEMENT_EXECUTE|[68]
18:29:27.2 (24546406)|HEAP_ALLOCATE|[68]|Bytes:8
18:29:27.2 (24568326)|HEAP_ALLOCATE|[68]|Bytes:12
18:29:27.2 (24584654)|HEAP_ALLOCATE|[68]|Bytes:6
18:29:27.2 (24593866)|HEAP_ALLOCATE|[68]|Bytes:21
18:29:27.2 (24599392)|HEAP_ALLOCATE|[EXTERNAL]|Bytes:4
18:29:27.2 (24604592)|STATEMENT_EXECUTE|[69]
18:29:27.2 (24618052)|HEAP_ALLOCATE|[EXTERNAL]|Bytes:4
18:29:27.2 (24628636)|HEAP_ALLOCATE|[64]|Bytes:5
18:29:27.2 (24640024)|VARIABLE_SCOPE_BEGIN|[64]|s1|Schema.SObjectField|true|false
18:29:27.2 (24689448)|VARIABLE_ASSIGNMENT|[64]|s1|"common.apex.runtime.impl.ApexFieldToken@3027748"|0x3027748
18:29:27.2 (24696799)|STATEMENT_EXECUTE|[64]
18:29:27.2 (24697787)|STATEMENT_EXECUTE|[65]
18:29:27.2 (24700915)|HEAP_ALLOCATE|[65]|Bytes:4
18:29:27.2 (24710747)|VARIABLE_SCOPE_BEGIN|[65]|l|List<String>|true|false
18:29:27.2 (24726488)|HEAP_ALLOCATE|[EXTERNAL]|Bytes:4
18:29:27.2 (24733057)|VARIABLE_ASSIGNMENT|[65]|l|[]|0x7d4e74b2
18:29:27.2 (24738212)|STATEMENT_EXECUTE|[66]
18:29:27.2 (24760072)|HEAP_ALLOCATE|[66]|Bytes:18
18:29:27.2 (24770031)|VARIABLE_SCOPE_BEGIN|[66]|field|String|false|false
18:29:27.2 (24778716)|VARIABLE_ASSIGNMENT|[66]|field|"ShippingPostalCode"
18:29:27.2 (24782927)|STATEMENT_EXECUTE|[67]
18:29:27.2 (24850506)|HEAP_ALLOCATE|[67]|Bytes:8
18:29:27.2 (24862336)|HEAP_ALLOCATE|[67]|Bytes:18
18:29:27.2 (24874708)|HEAP_ALLOCATE|[67]|Bytes:18
18:29:27.2 (24884821)|HEAP_ALLOCATE|[EXTERNAL]|Bytes:4
18:29:27.2 (24889913)|STATEMENT_EXECUTE|[68]
18:29:27.2 (24911933)|HEAP_ALLOCATE|[68]|Bytes:8
18:29:27.2 (24932339)|HEAP_ALLOCATE|[68]|Bytes:12
18:29:27.2 (24947749)|HEAP_ALLOCATE|[68]|Bytes:6
18:29:27.2 (24956831)|HEAP_ALLOCATE|[68]|Bytes:26
18:29:27.2 (24962320)|HEAP_ALLOCATE|[EXTERNAL]|Bytes:4
18:29:27.2 (24967027)|STATEMENT_EXECUTE|[69]
18:29:27.2 (24980498)|HEAP_ALLOCATE|[EXTERNAL]|Bytes:4
18:29:27.2 (24992004)|HEAP_ALLOCATE|[64]|Bytes:5
18:29:27.2 (25003761)|VARIABLE_SCOPE_BEGIN|[64]|s1|Schema.SObjectField|true|false
18:29:27.2 (25053804)|VARIABLE_ASSIGNMENT|[64]|s1|"common.apex.runtime.impl.ApexFieldToken@3cc5d38f"|0x3cc5d38f
18:29:27.2 (25061214)|STATEMENT_EXECUTE|[64]
18:29:27.2 (25062174)|STATEMENT_EXECUTE|[65]
18:29:27.2 (25065074)|HEAP_ALLOCATE|[65]|Bytes:4
18:29:27.2 (25074101)|VARIABLE_SCOPE_BEGIN|[65]|l|List<String>|true|false
18:29:27.2 (25089721)|HEAP_ALLOCATE|[EXTERNAL]|Bytes:4
18:29:27.2 (25096497)|VARIABLE_ASSIGNMENT|[65]|l|[]|0x6a0200d7
18:29:27.2 (25101768)|STATEMENT_EXECUTE|[66]
18:29:27.2 (25129511)|HEAP_ALLOCATE|[66]|Bytes:15
18:29:27.2 (25140663)|VARIABLE_SCOPE_BEGIN|[66]|field|String|false|false
18:29:27.2 (25149300)|VARIABLE_ASSIGNMENT|[66]|field|"ShippingCountry"
18:29:27.2 (25153749)|STATEMENT_EXECUTE|[67]
18:29:27.2 (25223663)|HEAP_ALLOCATE|[67]|Bytes:8
18:29:27.2 (25235394)|HEAP_ALLOCATE|[67]|Bytes:15
18:29:27.2 (25247784)|HEAP_ALLOCATE|[67]|Bytes:15
18:29:27.2 (25257763)|HEAP_ALLOCATE|[EXTERNAL]|Bytes:4
18:29:27.2 (25262765)|STATEMENT_EXECUTE|[68]
18:29:27.2 (25284525)|HEAP_ALLOCATE|[68]|Bytes:8
18:29:27.2 (25308893)|HEAP_ALLOCATE|[68]|Bytes:12
18:29:27.2 (25324768)|HEAP_ALLOCATE|[68]|Bytes:6
18:29:27.2 (25333823)|HEAP_ALLOCATE|[68]|Bytes:23
18:29:27.2 (25342456)|HEAP_ALLOCATE|[EXTERNAL]|Bytes:4
18:29:27.2 (25347333)|STATEMENT_EXECUTE|[69]
18:29:27.2 (25361211)|HEAP_ALLOCATE|[EXTERNAL]|Bytes:4
18:29:27.2 (25372352)|HEAP_ALLOCATE|[64]|Bytes:5
18:29:27.2 (25385611)|VARIABLE_SCOPE_BEGIN|[64]|s1|Schema.SObjectField|true|false
18:29:27.2 (25450856)|VARIABLE_ASSIGNMENT|[64]|s1|"common.apex.runtime.impl.ApexFieldToken@4ffd246c"|0x4ffd246c
18:29:27.2 (25461873)|STATEMENT_EXECUTE|[64]
18:29:27.2 (25463172)|STATEMENT_EXECUTE|[65]
18:29:27.2 (25467199)|HEAP_ALLOCATE|[65]|Bytes:4
18:29:27.2 (25482505)|VARIABLE_SCOPE_BEGIN|[65]|l|List<String>|true|false
18:29:27.2 (25511074)|HEAP_ALLOCATE|[EXTERNAL]|Bytes:4
18:29:27.2 (25521259)|VARIABLE_ASSIGNMENT|[65]|l|[]|0x52fa3400
18:29:27.2 (25529924)|STATEMENT_EXECUTE|[66]
18:29:27.2 (25563308)|HEAP_ALLOCATE|[66]|Bytes:16
18:29:27.2 (25584929)|VARIABLE_SCOPE_BEGIN|[66]|field|String|false|false
18:29:27.2 (25601420)|VARIABLE_ASSIGNMENT|[66]|field|"ShippingLatitude"
18:29:27.2 (25608008)|STATEMENT_EXECUTE|[67]
18:29:27.2 (25712487)|HEAP_ALLOCATE|[67]|Bytes:8
18:29:27.2 (25729282)|HEAP_ALLOCATE|[67]|Bytes:16
18:29:27.2 (25748585)|HEAP_ALLOCATE|[67]|Bytes:16
18:29:27.2 (25766042)|HEAP_ALLOCATE|[EXTERNAL]|Bytes:4
18:29:27.2 (25774262)|STATEMENT_EXECUTE|[68]
18:29:27.2 (25809755)|HEAP_ALLOCATE|[68]|Bytes:8
18:29:27.2 (25834696)|HEAP_ALLOCATE|[68]|Bytes:12
18:29:27.2 (25852335)|HEAP_ALLOCATE|[68]|Bytes:6
18:29:27.2 (25861552)|HEAP_ALLOCATE|[68]|Bytes:24
18:29:27.2 (25867811)|HEAP_ALLOCATE|[EXTERNAL]|Bytes:4
18:29:27.2 (25872309)|STATEMENT_EXECUTE|[69]
18:29:27.2 (25887127)|HEAP_ALLOCATE|[EXTERNAL]|Bytes:4
18:29:27.2 (25898552)|HEAP_ALLOCATE|[64]|Bytes:5
18:29:27.2 (25911158)|VARIABLE_SCOPE_BEGIN|[64]|s1|Schema.SObjectField|true|false
18:29:27.2 (25979522)|VARIABLE_ASSIGNMENT|[64]|s1|"common.apex.runtime.impl.ApexFieldToken@7687789d"|0x7687789d
18:29:27.2 (25991266)|STATEMENT_EXECUTE|[64]
18:29:27.2 (25992620)|STATEMENT_EXECUTE|[65]
18:29:27.2 (25996937)|HEAP_ALLOCATE|[65]|Bytes:4
18:29:27.2 (26012058)|VARIABLE_SCOPE_BEGIN|[65]|l|List<String>|true|false
18:29:27.2 (26038238)|HEAP_ALLOCATE|[EXTERNAL]|Bytes:4
18:29:27.2 (26047954)|VARIABLE_ASSIGNMENT|[65]|l|[]|0x648b6e
18:29:27.2 (26056136)|STATEMENT_EXECUTE|[66]
18:29:27.2 (26092739)|HEAP_ALLOCATE|[66]|Bytes:17
18:29:27.2 (26109355)|VARIABLE_SCOPE_BEGIN|[66]|field|String|false|false
18:29:27.2 (26119446)|VARIABLE_ASSIGNMENT|[66]|field|"ShippingLongitude"
18:29:27.2 (26123621)|STATEMENT_EXECUTE|[67]
18:29:27.2 (26204461)|HEAP_ALLOCATE|[67]|Bytes:8
18:29:27.2 (26216760)|HEAP_ALLOCATE|[67]|Bytes:17
18:29:27.2 (26229919)|HEAP_ALLOCATE|[67]|Bytes:17
18:29:27.2 (26240750)|HEAP_ALLOCATE|[EXTERNAL]|Bytes:4
18:29:27.2 (26245930)|STATEMENT_EXECUTE|[68]
18:29:27.2 (26269467)|HEAP_ALLOCATE|[68]|Bytes:8
18:29:27.2 (26291001)|HEAP_ALLOCATE|[68]|Bytes:12
18:29:27.2 (26306430)|HEAP_ALLOCATE|[68]|Bytes:6
18:29:27.2 (26315433)|HEAP_ALLOCATE|[68]|Bytes:25
18:29:27.2 (26321508)|HEAP_ALLOCATE|[EXTERNAL]|Bytes:4
18:29:27.2 (26326022)|STATEMENT_EXECUTE|[69]
18:29:27.2 (26340745)|HEAP_ALLOCATE|[EXTERNAL]|Bytes:4
18:29:27.2 (26353005)|HEAP_ALLOCATE|[64]|Bytes:5
18:29:27.2 (26365585)|VARIABLE_SCOPE_BEGIN|[64]|s1|Schema.SObjectField|true|false
18:29:27.2 (26419863)|VARIABLE_ASSIGNMENT|[64]|s1|"common.apex.runtime.impl.ApexFieldToken@66afe932"|0x66afe932
18:29:27.2 (26427647)|STATEMENT_EXECUTE|[64]
18:29:27.2 (26428710)|STATEMENT_EXECUTE|[65]
18:29:27.2 (26431822)|HEAP_ALLOCATE|[65]|Bytes:4
18:29:27.2 (26441964)|VARIABLE_SCOPE_BEGIN|[65]|l|List<String>|true|false
18:29:27.2 (26458484)|HEAP_ALLOCATE|[EXTERNAL]|Bytes:4
18:29:27.2 (26465735)|VARIABLE_ASSIGNMENT|[65]|l|[]|0x30d51928
18:29:27.2 (26471155)|STATEMENT_EXECUTE|[66]
18:29:27.2 (26494354)|HEAP_ALLOCATE|[66]|Bytes:23
18:29:27.2 (26504337)|VARIABLE_SCOPE_BEGIN|[66]|field|String|false|false
18:29:27.2 (26514811)|VARIABLE_ASSIGNMENT|[66]|field|"ShippingGeocodeAccur (3 more) ..."
18:29:27.2 (26519003)|STATEMENT_EXECUTE|[67]
18:29:27.2 (26586303)|HEAP_ALLOCATE|[67]|Bytes:8
18:29:27.2 (26597201)|HEAP_ALLOCATE|[67]|Bytes:23
18:29:27.2 (26609211)|HEAP_ALLOCATE|[67]|Bytes:23
18:29:27.2 (26619562)|HEAP_ALLOCATE|[EXTERNAL]|Bytes:4
18:29:27.2 (26624483)|STATEMENT_EXECUTE|[68]
18:29:27.2 (26647345)|HEAP_ALLOCATE|[68]|Bytes:8
18:29:27.2 (26668780)|HEAP_ALLOCATE|[68]|Bytes:12
18:29:27.2 (26685190)|HEAP_ALLOCATE|[68]|Bytes:8
18:29:27.2 (26694124)|HEAP_ALLOCATE|[68]|Bytes:33
18:29:27.2 (26699938)|HEAP_ALLOCATE|[EXTERNAL]|Bytes:4
18:29:27.2 (26704930)|STATEMENT_EXECUTE|[69]
18:29:27.2 (26718724)|HEAP_ALLOCATE|[EXTERNAL]|Bytes:4
18:29:27.2 (26730886)|HEAP_ALLOCATE|[64]|Bytes:5
18:29:27.2 (26744029)|VARIABLE_SCOPE_BEGIN|[64]|s1|Schema.SObjectField|true|false
18:29:27.2 (26794679)|VARIABLE_ASSIGNMENT|[64]|s1|"common.apex.runtime.impl.ApexFieldToken@746417c3"|0x746417c3
18:29:27.2 (26801748)|STATEMENT_EXECUTE|[64]
18:29:27.2 (26802719)|STATEMENT_EXECUTE|[65]
18:29:27.2 (26805662)|HEAP_ALLOCATE|[65]|Bytes:4
18:29:27.2 (26815541)|VARIABLE_SCOPE_BEGIN|[65]|l|List<String>|true|false
18:29:27.2 (26831948)|HEAP_ALLOCATE|[EXTERNAL]|Bytes:4
18:29:27.2 (26839251)|VARIABLE_ASSIGNMENT|[65]|l|[]|0x50294a52
18:29:27.2 (26844850)|STATEMENT_EXECUTE|[66]
18:29:27.2 (26867183)|HEAP_ALLOCATE|[66]|Bytes:15
18:29:27.2 (26877827)|VARIABLE_SCOPE_BEGIN|[66]|field|String|false|false
18:29:27.2 (26887111)|VARIABLE_ASSIGNMENT|[66]|field|"ShippingAddress"
18:29:27.2 (26891300)|STATEMENT_EXECUTE|[67]
18:29:27.2 (26961507)|HEAP_ALLOCATE|[67]|Bytes:8
18:29:27.2 (26972963)|HEAP_ALLOCATE|[67]|Bytes:15
18:29:27.2 (26985041)|HEAP_ALLOCATE|[67]|Bytes:15
18:29:27.2 (26995064)|HEAP_ALLOCATE|[EXTERNAL]|Bytes:4
18:29:27.2 (26999821)|STATEMENT_EXECUTE|[68]
18:29:27.2 (27022164)|HEAP_ALLOCATE|[68]|Bytes:8
18:29:27.2 (27043457)|HEAP_ALLOCATE|[68]|Bytes:12
18:29:27.2 (27059501)|HEAP_ALLOCATE|[68]|Bytes:7
18:29:27.2 (27068410)|HEAP_ALLOCATE|[68]|Bytes:24
18:29:27.2 (27073988)|HEAP_ALLOCATE|[EXTERNAL]|Bytes:4
18:29:27.2 (27078619)|STATEMENT_EXECUTE|[69]
18:29:27.2 (27092654)|HEAP_ALLOCATE|[EXTERNAL]|Bytes:4
18:29:27.2 (27107635)|HEAP_ALLOCATE|[64]|Bytes:5
18:29:27.2 (27120645)|VARIABLE_SCOPE_BEGIN|[64]|s1|Schema.SObjectField|true|false
18:29:27.2 (27171146)|VARIABLE_ASSIGNMENT|[64]|s1|"common.apex.runtime.impl.ApexFieldToken@521c9367"|0x521c9367
18:29:27.2 (27179446)|STATEMENT_EXECUTE|[64]
18:29:27.2 (27180871)|STATEMENT_EXECUTE|[65]
18:29:27.2 (27185299)|HEAP_ALLOCATE|[65]|Bytes:4
18:29:27.2 (27197331)|VARIABLE_SCOPE_BEGIN|[65]|l|List<String>|true|false
18:29:27.2 (27213537)|HEAP_ALLOCATE|[EXTERNAL]|Bytes:4
18:29:27.2 (27220360)|VARIABLE_ASSIGNMENT|[65]|l|[]|0x7e646662
18:29:27.2 (27225420)|STATEMENT_EXECUTE|[66]
18:29:27.2 (27254696)|HEAP_ALLOCATE|[66]|Bytes:12
18:29:27.2 (27266034)|VARIABLE_SCOPE_BEGIN|[66]|field|String|false|false
18:29:27.2 (27275584)|VARIABLE_ASSIGNMENT|[66]|field|"ContractTerm"
18:29:27.2 (27279653)|STATEMENT_EXECUTE|[67]
18:29:27.2 (27387483)|HEAP_ALLOCATE|[67]|Bytes:8
18:29:27.2 (27400206)|HEAP_ALLOCATE|[67]|Bytes:12
18:29:27.2 (27413432)|HEAP_ALLOCATE|[67]|Bytes:12
18:29:27.2 (27424284)|HEAP_ALLOCATE|[EXTERNAL]|Bytes:4
18:29:27.2 (27428870)|STATEMENT_EXECUTE|[68]
18:29:27.2 (27452235)|HEAP_ALLOCATE|[68]|Bytes:8
18:29:27.2 (27473570)|HEAP_ALLOCATE|[68]|Bytes:12
18:29:27.2 (27489267)|HEAP_ALLOCATE|[68]|Bytes:7
18:29:27.2 (27498335)|HEAP_ALLOCATE|[68]|Bytes:21
18:29:27.2 (27503918)|HEAP_ALLOCATE|[EXTERNAL]|Bytes:4
18:29:27.2 (27509166)|STATEMENT_EXECUTE|[69]
18:29:27.2 (27525224)|HEAP_ALLOCATE|[EXTERNAL]|Bytes:4
18:29:27.2 (27536918)|HEAP_ALLOCATE|[64]|Bytes:5
18:29:27.2 (27549215)|VARIABLE_SCOPE_BEGIN|[64]|s1|Schema.SObjectField|true|false
18:29:27.2 (27600978)|VARIABLE_ASSIGNMENT|[64]|s1|"common.apex.runtime.impl.ApexFieldToken@1f924a29"|0x1f924a29
18:29:27.2 (27607856)|STATEMENT_EXECUTE|[64]
18:29:27.2 (27608885)|STATEMENT_EXECUTE|[65]
18:29:27.2 (27612203)|HEAP_ALLOCATE|[65]|Bytes:4
18:29:27.2 (27622215)|VARIABLE_SCOPE_BEGIN|[65]|l|List<String>|true|false
18:29:27.2 (27638181)|HEAP_ALLOCATE|[EXTERNAL]|Bytes:4
18:29:27.2 (27645381)|VARIABLE_ASSIGNMENT|[65]|l|[]|0x9d39612
18:29:27.2 (27650937)|STATEMENT_EXECUTE|[66]
18:29:27.2 (27675721)|HEAP_ALLOCATE|[66]|Bytes:7
18:29:27.2 (27686338)|VARIABLE_SCOPE_BEGIN|[66]|field|String|false|false
18:29:27.2 (27694818)|VARIABLE_ASSIGNMENT|[66]|field|"OwnerId"
18:29:27.2 (27698467)|STATEMENT_EXECUTE|[67]
18:29:27.2 (27796736)|HEAP_ALLOCATE|[67]|Bytes:8
18:29:27.2 (27809318)|HEAP_ALLOCATE|[67]|Bytes:7
18:29:27.2 (27822173)|HEAP_ALLOCATE|[67]|Bytes:7
18:29:27.2 (27832341)|HEAP_ALLOCATE|[EXTERNAL]|Bytes:4
18:29:27.2 (27837422)|STATEMENT_EXECUTE|[68]
18:29:27.2 (27860794)|HEAP_ALLOCATE|[68]|Bytes:8
18:29:27.2 (27882292)|HEAP_ALLOCATE|[68]|Bytes:12
18:29:27.2 (27897615)|HEAP_ALLOCATE|[68]|Bytes:9
18:29:27.2 (27906589)|HEAP_ALLOCATE|[68]|Bytes:18
18:29:27.2 (27912521)|HEAP_ALLOCATE|[EXTERNAL]|Bytes:4
18:29:27.2 (27917121)|STATEMENT_EXECUTE|[69]
18:29:27.2 (27930683)|HEAP_ALLOCATE|[EXTERNAL]|Bytes:4
18:29:27.2 (27941794)|HEAP_ALLOCATE|[64]|Bytes:5
18:29:27.2 (27953691)|VARIABLE_SCOPE_BEGIN|[64]|s1|Schema.SObjectField|true|false
18:29:27.2 (28003583)|VARIABLE_ASSIGNMENT|[64]|s1|"common.apex.runtime.impl.ApexFieldToken@66dc690"|0x66dc690
18:29:27.2 (28011495)|STATEMENT_EXECUTE|[64]
18:29:27.2 (28012510)|STATEMENT_EXECUTE|[65]
18:29:27.2 (28016039)|HEAP_ALLOCATE|[65]|Bytes:4
18:29:27.2 (28025660)|VARIABLE_SCOPE_BEGIN|[65]|l|List<String>|true|false
18:29:27.2 (28041234)|HEAP_ALLOCATE|[EXTERNAL]|Bytes:4
18:29:27.2 (28048529)|VARIABLE_ASSIGNMENT|[65]|l|[]|0x5194d2db
18:29:27.2 (28053596)|STATEMENT_EXECUTE|[66]
18:29:27.2 (28077421)|HEAP_ALLOCATE|[66]|Bytes:6
18:29:27.2 (28087737)|VARIABLE_SCOPE_BEGIN|[66]|field|String|false|false
18:29:27.2 (28096694)|VARIABLE_ASSIGNMENT|[66]|field|"Status"
18:29:27.2 (28101701)|STATEMENT_EXECUTE|[67]
18:29:27.2 (28213690)|HEAP_ALLOCATE|[67]|Bytes:8
18:29:27.2 (28226163)|HEAP_ALLOCATE|[67]|Bytes:6
18:29:27.2 (28239009)|HEAP_ALLOCATE|[67]|Bytes:6
18:29:27.2 (28249745)|HEAP_ALLOCATE|[EXTERNAL]|Bytes:4
18:29:27.2 (28254363)|STATEMENT_EXECUTE|[68]
18:29:27.2 (28277673)|HEAP_ALLOCATE|[68]|Bytes:8
18:29:27.2 (28299445)|HEAP_ALLOCATE|[68]|Bytes:12
18:29:27.2 (28314404)|HEAP_ALLOCATE|[68]|Bytes:8
18:29:27.2 (28323077)|HEAP_ALLOCATE|[68]|Bytes:16
18:29:27.2 (28328762)|HEAP_ALLOCATE|[EXTERNAL]|Bytes:4
18:29:27.2 (28333465)|STATEMENT_EXECUTE|[69]
18:29:27.2 (28347540)|HEAP_ALLOCATE|[EXTERNAL]|Bytes:4
18:29:27.2 (28359190)|HEAP_ALLOCATE|[64]|Bytes:5
18:29:27.2 (28371225)|VARIABLE_SCOPE_BEGIN|[64]|s1|Schema.SObjectField|true|false
18:29:27.2 (28422508)|VARIABLE_ASSIGNMENT|[64]|s1|"common.apex.runtime.impl.ApexFieldToken@52630391"|0x52630391
18:29:27.2 (28430363)|STATEMENT_EXECUTE|[64]
18:29:27.2 (28431393)|STATEMENT_EXECUTE|[65]
18:29:27.2 (28434609)|HEAP_ALLOCATE|[65]|Bytes:4
18:29:27.2 (28444409)|VARIABLE_SCOPE_BEGIN|[65]|l|List<String>|true|false
18:29:27.2 (28460345)|HEAP_ALLOCATE|[EXTERNAL]|Bytes:4
18:29:27.2 (28467113)|VARIABLE_ASSIGNMENT|[65]|l|[]|0x7f651c98
18:29:27.2 (28472520)|STATEMENT_EXECUTE|[66]
18:29:27.2 (28503259)|HEAP_ALLOCATE|[66]|Bytes:15
18:29:27.2 (28513751)|VARIABLE_SCOPE_BEGIN|[66]|field|String|false|false
18:29:27.2 (28522501)|VARIABLE_ASSIGNMENT|[66]|field|"CompanySignedId"
18:29:27.2 (28526600)|STATEMENT_EXECUTE|[67]
18:29:27.2 (28639696)|HEAP_ALLOCATE|[67]|Bytes:8
18:29:27.2 (28651449)|HEAP_ALLOCATE|[67]|Bytes:15
18:29:27.2 (28664426)|HEAP_ALLOCATE|[67]|Bytes:15
18:29:27.2 (28674963)|HEAP_ALLOCATE|[EXTERNAL]|Bytes:4
18:29:27.2 (28680162)|STATEMENT_EXECUTE|[68]
18:29:27.2 (28704211)|HEAP_ALLOCATE|[68]|Bytes:8
18:29:27.2 (28726148)|HEAP_ALLOCATE|[68]|Bytes:12
18:29:27.2 (28741634)|HEAP_ALLOCATE|[68]|Bytes:9
18:29:27.2 (28750668)|HEAP_ALLOCATE|[68]|Bytes:26
18:29:27.2 (28756229)|HEAP_ALLOCATE|[EXTERNAL]|Bytes:4
18:29:27.2 (28760689)|STATEMENT_EXECUTE|[69]
18:29:27.2 (28774672)|HEAP_ALLOCATE|[EXTERNAL]|Bytes:4
18:29:27.2 (28785893)|HEAP_ALLOCATE|[64]|Bytes:5
18:29:27.2 (28797447)|VARIABLE_SCOPE_BEGIN|[64]|s1|Schema.SObjectField|true|false
18:29:27.2 (28848071)|VARIABLE_ASSIGNMENT|[64]|s1|"common.apex.runtime.impl.ApexFieldToken@64522511"|0x64522511
18:29:27.2 (28855920)|STATEMENT_EXECUTE|[64]
18:29:27.2 (28857179)|STATEMENT_EXECUTE|[65]
18:29:27.2 (28860268)|HEAP_ALLOCATE|[65]|Bytes:4
18:29:27.2 (28870790)|VARIABLE_SCOPE_BEGIN|[65]|l|List<String>|true|false
18:29:27.2 (28888398)|HEAP_ALLOCATE|[EXTERNAL]|Bytes:4
18:29:27.2 (28895059)|VARIABLE_ASSIGNMENT|[65]|l|[]|0x1cc251fe
18:29:27.2 (28900155)|STATEMENT_EXECUTE|[66]
18:29:27.2 (28924440)|HEAP_ALLOCATE|[66]|Bytes:17
18:29:27.2 (28935537)|VARIABLE_SCOPE_BEGIN|[66]|field|String|false|false
18:29:27.2 (28944131)|VARIABLE_ASSIGNMENT|[66]|field|"CompanySignedDate"
18:29:27.2 (28948254)|STATEMENT_EXECUTE|[67]
18:29:27.2 (29042112)|HEAP_ALLOCATE|[67]|Bytes:8
18:29:27.2 (29055312)|HEAP_ALLOCATE|[67]|Bytes:17
18:29:27.2 (29068629)|HEAP_ALLOCATE|[67]|Bytes:17
18:29:27.2 (29078722)|HEAP_ALLOCATE|[EXTERNAL]|Bytes:4
18:29:27.2 (29083211)|STATEMENT_EXECUTE|[68]
18:29:27.2 (29111063)|HEAP_ALLOCATE|[68]|Bytes:8
18:29:27.2 (29133321)|HEAP_ALLOCATE|[68]|Bytes:12
18:29:27.2 (29149105)|HEAP_ALLOCATE|[68]|Bytes:4
18:29:27.2 (29158238)|HEAP_ALLOCATE|[68]|Bytes:23
18:29:27.2 (29164164)|HEAP_ALLOCATE|[EXTERNAL]|Bytes:4
18:29:27.2 (29168584)|STATEMENT_EXECUTE|[69]
18:29:27.2 (29184381)|HEAP_ALLOCATE|[EXTERNAL]|Bytes:4
18:29:27.2 (29196357)|HEAP_ALLOCATE|[64]|Bytes:5
18:29:27.2 (29208590)|VARIABLE_SCOPE_BEGIN|[64]|s1|Schema.SObjectField|true|false
18:29:27.2 (29260050)|VARIABLE_ASSIGNMENT|[64]|s1|"common.apex.runtime.impl.ApexFieldToken@699cf8b0"|0x699cf8b0
18:29:27.2 (29268854)|STATEMENT_EXECUTE|[64]
18:29:27.2 (29269917)|STATEMENT_EXECUTE|[65]
18:29:27.2 (29273167)|HEAP_ALLOCATE|[65]|Bytes:4
18:29:27.2 (29283033)|VARIABLE_SCOPE_BEGIN|[65]|l|List<String>|true|false
18:29:27.2 (29298965)|HEAP_ALLOCATE|[EXTERNAL]|Bytes:4
18:29:27.2 (29306923)|VARIABLE_ASSIGNMENT|[65]|l|[]|0x7c320689
18:29:27.2 (29311705)|STATEMENT_EXECUTE|[66]
18:29:27.2 (29343117)|HEAP_ALLOCATE|[66]|Bytes:16
18:29:27.2 (29353839)|VARIABLE_SCOPE_BEGIN|[66]|field|String|false|false
18:29:27.2 (29363248)|VARIABLE_ASSIGNMENT|[66]|field|"CustomerSignedId"
18:29:27.2 (29367931)|STATEMENT_EXECUTE|[67]
18:29:27.2 (29479988)|HEAP_ALLOCATE|[67]|Bytes:8
18:29:27.2 (29492301)|HEAP_ALLOCATE|[67]|Bytes:16
18:29:27.2 (29505400)|HEAP_ALLOCATE|[67]|Bytes:16
18:29:27.2 (29515934)|HEAP_ALLOCATE|[EXTERNAL]|Bytes:4
18:29:27.2 (29520899)|STATEMENT_EXECUTE|[68]
18:29:27.2 (29543996)|HEAP_ALLOCATE|[68]|Bytes:8
18:29:27.2 (29565084)|HEAP_ALLOCATE|[68]|Bytes:12
18:29:27.2 (29580810)|HEAP_ALLOCATE|[68]|Bytes:9
18:29:27.2 (29593475)|HEAP_ALLOCATE|[68]|Bytes:27
18:29:27.2 (29599672)|HEAP_ALLOCATE|[EXTERNAL]|Bytes:4
18:29:27.2 (29604049)|STATEMENT_EXECUTE|[69]
18:29:27.2 (29618179)|HEAP_ALLOCATE|[EXTERNAL]|Bytes:4
18:29:27.2 (29629207)|HEAP_ALLOCATE|[64]|Bytes:5
18:29:27.2 (29641752)|VARIABLE_SCOPE_BEGIN|[64]|s1|Schema.SObjectField|true|false
18:29:27.2 (29692324)|VARIABLE_ASSIGNMENT|[64]|s1|"common.apex.runtime.impl.ApexFieldToken@12dfa55"|0x12dfa55
18:29:27.2 (29699339)|STATEMENT_EXECUTE|[64]
18:29:27.2 (29700296)|STATEMENT_EXECUTE|[65]
18:29:27.2 (29703333)|HEAP_ALLOCATE|[65]|Bytes:4
18:29:27.2 (29713262)|VARIABLE_SCOPE_BEGIN|[65]|l|List<String>|true|false
18:29:27.2 (29730003)|HEAP_ALLOCATE|[EXTERNAL]|Bytes:4
18:29:27.2 (29737103)|VARIABLE_ASSIGNMENT|[65]|l|[]|0x51a8d503
18:29:27.2 (29742424)|STATEMENT_EXECUTE|[66]
18:29:27.2 (29766849)|HEAP_ALLOCATE|[66]|Bytes:19
18:29:27.2 (29777346)|VARIABLE_SCOPE_BEGIN|[66]|field|String|false|false
18:29:27.2 (29786689)|VARIABLE_ASSIGNMENT|[66]|field|"CustomerSignedTitle"
18:29:27.2 (29791401)|STATEMENT_EXECUTE|[67]
18:29:27.2 (29885425)|HEAP_ALLOCATE|[67]|Bytes:8
18:29:27.2 (29899991)|HEAP_ALLOCATE|[67]|Bytes:19
18:29:27.2 (29920013)|HEAP_ALLOCATE|[67]|Bytes:19
18:29:27.2 (29937373)|HEAP_ALLOCATE|[EXTERNAL]|Bytes:4
18:29:27.2 (29943019)|STATEMENT_EXECUTE|[68]
18:29:27.2 (29968089)|HEAP_ALLOCATE|[68]|Bytes:8
18:29:27.2 (29994017)|HEAP_ALLOCATE|[68]|Bytes:12
18:29:27.2 (30010730)|HEAP_ALLOCATE|[68]|Bytes:6
18:29:27.2 (30021165)|HEAP_ALLOCATE|[68]|Bytes:27
18:29:27.2 (30026525)|HEAP_ALLOCATE|[EXTERNAL]|Bytes:4
18:29:27.2 (30031605)|STATEMENT_EXECUTE|[69]
18:29:27.2 (30046257)|HEAP_ALLOCATE|[EXTERNAL]|Bytes:4
18:29:27.2 (30057865)|HEAP_ALLOCATE|[64]|Bytes:5
18:29:27.2 (30072014)|VARIABLE_SCOPE_BEGIN|[64]|s1|Schema.SObjectField|true|false
18:29:27.2 (30129161)|VARIABLE_ASSIGNMENT|[64]|s1|"common.apex.runtime.impl.ApexFieldToken@4b180e6a"|0x4b180e6a
18:29:27.2 (30136538)|STATEMENT_EXECUTE|[64]
18:29:27.2 (30137552)|STATEMENT_EXECUTE|[65]
18:29:27.2 (30140922)|HEAP_ALLOCATE|[65]|Bytes:4
18:29:27.2 (30151666)|VARIABLE_SCOPE_BEGIN|[65]|l|List<String>|true|false
18:29:27.2 (30169308)|HEAP_ALLOCATE|[EXTERNAL]|Bytes:4
18:29:27.2 (30176559)|VARIABLE_ASSIGNMENT|[65]|l|[]|0x65ff09d2
18:29:27.2 (30183507)|STATEMENT_EXECUTE|[66]
18:29:27.2 (30209459)|HEAP_ALLOCATE|[66]|Bytes:18
18:29:27.2 (30220072)|VARIABLE_SCOPE_BEGIN|[66]|field|String|false|false
18:29:27.2 (30229236)|VARIABLE_ASSIGNMENT|[66]|field|"CustomerSignedDate"
18:29:27.2 (30233846)|STATEMENT_EXECUTE|[67]
18:29:27.2 (30328149)|HEAP_ALLOCATE|[67]|Bytes:8
18:29:27.2 (30339638)|HEAP_ALLOCATE|[67]|Bytes:18
18:29:27.2 (30353043)|HEAP_ALLOCATE|[67]|Bytes:18
18:29:27.2 (30365479)|HEAP_ALLOCATE|[EXTERNAL]|Bytes:4
18:29:27.2 (30370559)|STATEMENT_EXECUTE|[68]
18:29:27.2 (30393138)|HEAP_ALLOCATE|[68]|Bytes:8
18:29:27.2 (30414619)|HEAP_ALLOCATE|[68]|Bytes:12
18:29:27.2 (30429879)|HEAP_ALLOCATE|[68]|Bytes:4
18:29:27.2 (30438757)|HEAP_ALLOCATE|[68]|Bytes:24
18:29:27.2 (30444337)|HEAP_ALLOCATE|[EXTERNAL]|Bytes:4
18:29:27.2 (30448577)|STATEMENT_EXECUTE|[69]
18:29:27.2 (30463584)|HEAP_ALLOCATE|[EXTERNAL]|Bytes:4
18:29:27.2 (30474868)|HEAP_ALLOCATE|[64]|Bytes:5
18:29:27.2 (30486736)|VARIABLE_SCOPE_BEGIN|[64]|s1|Schema.SObjectField|true|false
18:29:27.2 (30538403)|VARIABLE_ASSIGNMENT|[64]|s1|"common.apex.runtime.impl.ApexFieldToken@3e17d0b5"|0x3e17d0b5
18:29:27.2 (30545609)|STATEMENT_EXECUTE|[64]
18:29:27.2 (30546563)|STATEMENT_EXECUTE|[65]
18:29:27.2 (30549614)|HEAP_ALLOCATE|[65]|Bytes:4
18:29:27.2 (30559582)|VARIABLE_SCOPE_BEGIN|[65]|l|List<String>|true|false
18:29:27.2 (30575788)|HEAP_ALLOCATE|[EXTERNAL]|Bytes:4
18:29:27.2 (30582745)|VARIABLE_ASSIGNMENT|[65]|l|[]|0x3ecef6d5
18:29:27.2 (30587763)|STATEMENT_EXECUTE|[66]
18:29:27.2 (30612241)|HEAP_ALLOCATE|[66]|Bytes:12
18:29:27.2 (30622580)|VARIABLE_SCOPE_BEGIN|[66]|field|String|false|false
18:29:27.2 (30631285)|VARIABLE_ASSIGNMENT|[66]|field|"SpecialTerms"
18:29:27.2 (30636156)|STATEMENT_EXECUTE|[67]
18:29:27.2 (30731127)|HEAP_ALLOCATE|[67]|Bytes:8
18:29:27.2 (30742679)|HEAP_ALLOCATE|[67]|Bytes:12
18:29:27.2 (30755868)|HEAP_ALLOCATE|[67]|Bytes:12
18:29:27.2 (30766142)|HEAP_ALLOCATE|[EXTERNAL]|Bytes:4
18:29:27.2 (30770915)|STATEMENT_EXECUTE|[68]
18:29:27.2 (30793668)|HEAP_ALLOCATE|[68]|Bytes:8
18:29:27.2 (30815024)|HEAP_ALLOCATE|[68]|Bytes:12
18:29:27.2 (30830122)|HEAP_ALLOCATE|[68]|Bytes:8
18:29:27.2 (30839384)|HEAP_ALLOCATE|[68]|Bytes:22
18:29:27.2 (30844966)|HEAP_ALLOCATE|[EXTERNAL]|Bytes:4
18:29:27.2 (30849331)|STATEMENT_EXECUTE|[69]
18:29:27.2 (30862790)|HEAP_ALLOCATE|[EXTERNAL]|Bytes:4
18:29:27.2 (30874232)|HEAP_ALLOCATE|[64]|Bytes:5
18:29:27.2 (30886702)|VARIABLE_SCOPE_BEGIN|[64]|s1|Schema.SObjectField|true|false
18:29:27.2 (30937204)|VARIABLE_ASSIGNMENT|[64]|s1|"common.apex.runtime.impl.ApexFieldToken@3040f6bf"|0x3040f6bf
18:29:27.2 (30944834)|STATEMENT_EXECUTE|[64]
18:29:27.2 (30945793)|STATEMENT_EXECUTE|[65]
18:29:27.2 (30949148)|HEAP_ALLOCATE|[65]|Bytes:4
18:29:27.2 (30958648)|VARIABLE_SCOPE_BEGIN|[65]|l|List<String>|true|false
18:29:27.2 (30974889)|HEAP_ALLOCATE|[EXTERNAL]|Bytes:4
18:29:27.2 (30981991)|VARIABLE_ASSIGNMENT|[65]|l|[]|0x2ddd8a13
18:29:27.2 (30986810)|STATEMENT_EXECUTE|[66]
18:29:27.2 (31009556)|HEAP_ALLOCATE|[66]|Bytes:13
18:29:27.2 (31020562)|VARIABLE_SCOPE_BEGIN|[66]|field|String|false|false
18:29:27.2 (31029486)|VARIABLE_ASSIGNMENT|[66]|field|"ActivatedById"
18:29:27.2 (31033534)|STATEMENT_EXECUTE|[67]
18:29:27.2 (31131415)|HEAP_ALLOCATE|[67]|Bytes:8
18:29:27.2 (31143038)|HEAP_ALLOCATE|[67]|Bytes:13
18:29:27.2 (31156232)|HEAP_ALLOCATE|[67]|Bytes:13
18:29:27.2 (31166964)|HEAP_ALLOCATE|[EXTERNAL]|Bytes:4
18:29:27.2 (31171598)|STATEMENT_EXECUTE|[68]
18:29:27.2 (31197656)|HEAP_ALLOCATE|[68]|Bytes:8
18:29:27.2 (31219337)|HEAP_ALLOCATE|[68]|Bytes:12
18:29:27.2 (31234678)|HEAP_ALLOCATE|[68]|Bytes:9
18:29:27.2 (31243174)|HEAP_ALLOCATE|[68]|Bytes:24
18:29:27.2 (31248720)|HEAP_ALLOCATE|[EXTERNAL]|Bytes:4
18:29:27.2 (31253293)|STATEMENT_EXECUTE|[69]
18:29:27.2 (31267598)|HEAP_ALLOCATE|[EXTERNAL]|Bytes:4
18:29:27.2 (31279249)|HEAP_ALLOCATE|[64]|Bytes:5
18:29:27.2 (31291026)|VARIABLE_SCOPE_BEGIN|[64]|s1|Schema.SObjectField|true|false
18:29:27.2 (31342395)|VARIABLE_ASSIGNMENT|[64]|s1|"common.apex.runtime.impl.ApexFieldToken@5ed15db0"|0x5ed15db0
18:29:27.2 (31350263)|STATEMENT_EXECUTE|[64]
18:29:27.2 (31351220)|STATEMENT_EXECUTE|[65]
18:29:27.2 (31354241)|HEAP_ALLOCATE|[65]|Bytes:4
18:29:27.2 (31364183)|VARIABLE_SCOPE_BEGIN|[65]|l|List<String>|true|false
18:29:27.2 (31380230)|HEAP_ALLOCATE|[EXTERNAL]|Bytes:4
18:29:27.2 (31386814)|VARIABLE_ASSIGNMENT|[65]|l|[]|0x1bc2ff9e
18:29:27.2 (31391733)|STATEMENT_EXECUTE|[66]
18:29:27.2 (31414711)|HEAP_ALLOCATE|[66]|Bytes:13
18:29:27.2 (31424754)|VARIABLE_SCOPE_BEGIN|[66]|field|String|false|false
18:29:27.2 (31434769)|VARIABLE_ASSIGNMENT|[66]|field|"ActivatedDate"
18:29:27.2 (31440398)|STATEMENT_EXECUTE|[67]
18:29:27.2 (31531339)|HEAP_ALLOCATE|[67]|Bytes:8
18:29:27.2 (31543793)|HEAP_ALLOCATE|[67]|Bytes:13
18:29:27.2 (31556768)|HEAP_ALLOCATE|[67]|Bytes:13
18:29:27.2 (31568128)|HEAP_ALLOCATE|[EXTERNAL]|Bytes:4
18:29:27.2 (31573351)|STATEMENT_EXECUTE|[68]
18:29:27.2 (31597426)|HEAP_ALLOCATE|[68]|Bytes:8
18:29:27.2 (31618681)|HEAP_ALLOCATE|[68]|Bytes:12
18:29:27.2 (31634766)|HEAP_ALLOCATE|[68]|Bytes:8
18:29:27.2 (31644558)|HEAP_ALLOCATE|[68]|Bytes:23
18:29:27.2 (31650101)|HEAP_ALLOCATE|[EXTERNAL]|Bytes:4
18:29:27.2 (31655289)|STATEMENT_EXECUTE|[69]
18:29:27.2 (31669701)|HEAP_ALLOCATE|[EXTERNAL]|Bytes:4
18:29:27.2 (31681338)|HEAP_ALLOCATE|[64]|Bytes:5
18:29:27.2 (31694174)|VARIABLE_SCOPE_BEGIN|[64]|s1|Schema.SObjectField|true|false
18:29:27.2 (31745738)|VARIABLE_ASSIGNMENT|[64]|s1|"common.apex.runtime.impl.ApexFieldToken@5531635e"|0x5531635e
18:29:27.2 (31753102)|STATEMENT_EXECUTE|[64]
18:29:27.2 (31754067)|STATEMENT_EXECUTE|[65]
18:29:27.2 (31757217)|HEAP_ALLOCATE|[65]|Bytes:4
18:29:27.2 (31766529)|VARIABLE_SCOPE_BEGIN|[65]|l|List<String>|true|false
18:29:27.2 (31782680)|HEAP_ALLOCATE|[EXTERNAL]|Bytes:4
18:29:27.2 (31789581)|VARIABLE_ASSIGNMENT|[65]|l|[]|0x5e55a75
18:29:27.2 (31794530)|STATEMENT_EXECUTE|[66]
18:29:27.2 (31818627)|HEAP_ALLOCATE|[66]|Bytes:10
18:29:27.2 (31829820)|VARIABLE_SCOPE_BEGIN|[66]|field|String|false|false
18:29:27.2 (31838664)|VARIABLE_ASSIGNMENT|[66]|field|"StatusCode"
18:29:27.2 (31842978)|STATEMENT_EXECUTE|[67]
18:29:27.2 (31914690)|HEAP_ALLOCATE|[67]|Bytes:8
18:29:27.2 (31926109)|HEAP_ALLOCATE|[67]|Bytes:10
18:29:27.2 (31938415)|HEAP_ALLOCATE|[67]|Bytes:10
18:29:27.2 (31948661)|HEAP_ALLOCATE|[EXTERNAL]|Bytes:4
18:29:27.2 (31953341)|STATEMENT_EXECUTE|[68]
18:29:27.2 (31974639)|HEAP_ALLOCATE|[68]|Bytes:8
18:29:27.2 (31994972)|HEAP_ALLOCATE|[68]|Bytes:12
18:29:27.2 (32010253)|HEAP_ALLOCATE|[68]|Bytes:8
18:29:27.2 (32020112)|HEAP_ALLOCATE|[68]|Bytes:20
18:29:27.2 (32025868)|HEAP_ALLOCATE|[EXTERNAL]|Bytes:4
18:29:27.2 (32030223)|STATEMENT_EXECUTE|[69]
18:29:27.2 (32043576)|HEAP_ALLOCATE|[EXTERNAL]|Bytes:4
18:29:27.2 (32054626)|HEAP_ALLOCATE|[64]|Bytes:5
18:29:27.2 (32066543)|VARIABLE_SCOPE_BEGIN|[64]|s1|Schema.SObjectField|true|false
18:29:27.2 (32119795)|VARIABLE_ASSIGNMENT|[64]|s1|"common.apex.runtime.impl.ApexFieldToken@55239335"|0x55239335
18:29:27.2 (32127912)|STATEMENT_EXECUTE|[64]
18:29:27.2 (32129326)|STATEMENT_EXECUTE|[65]
18:29:27.2 (32132399)|HEAP_ALLOCATE|[65]|Bytes:4
18:29:27.2 (32141824)|VARIABLE_SCOPE_BEGIN|[65]|l|List<String>|true|false
18:29:27.2 (32158003)|HEAP_ALLOCATE|[EXTERNAL]|Bytes:4
18:29:27.2 (32165330)|VARIABLE_ASSIGNMENT|[65]|l|[]|0x2ca8332b
18:29:27.2 (32170625)|STATEMENT_EXECUTE|[66]
18:29:27.2 (32197022)|HEAP_ALLOCATE|[66]|Bytes:11
18:29:27.2 (32208044)|VARIABLE_SCOPE_BEGIN|[66]|field|String|false|false
18:29:27.2 (32216675)|VARIABLE_ASSIGNMENT|[66]|field|"Description"
18:29:27.2 (32220603)|STATEMENT_EXECUTE|[67]
18:29:27.2 (32315729)|HEAP_ALLOCATE|[67]|Bytes:8
18:29:27.2 (32327868)|HEAP_ALLOCATE|[67]|Bytes:11
18:29:27.2 (32340435)|HEAP_ALLOCATE|[67]|Bytes:11
18:29:27.2 (32351301)|HEAP_ALLOCATE|[EXTERNAL]|Bytes:4
18:29:27.2 (32356166)|STATEMENT_EXECUTE|[68]
18:29:27.2 (32379623)|HEAP_ALLOCATE|[68]|Bytes:8
18:29:27.2 (32400638)|HEAP_ALLOCATE|[68]|Bytes:12
18:29:27.2 (32416187)|HEAP_ALLOCATE|[68]|Bytes:8
18:29:27.2 (32426091)|HEAP_ALLOCATE|[68]|Bytes:21
18:29:27.2 (32431315)|HEAP_ALLOCATE|[EXTERNAL]|Bytes:4
18:29:27.2 (32436046)|STATEMENT_EXECUTE|[69]
18:29:27.2 (32450080)|HEAP_ALLOCATE|[EXTERNAL]|Bytes:4
18:29:27.2 (32461180)|HEAP_ALLOCATE|[64]|Bytes:5
18:29:27.2 (32473235)|VARIABLE_SCOPE_BEGIN|[64]|s1|Schema.SObjectField|true|false
18:29:27.2 (32523050)|VARIABLE_ASSIGNMENT|[64]|s1|"common.apex.runtime.impl.ApexFieldToken@62e16220"|0x62e16220
18:29:27.2 (32530503)|STATEMENT_EXECUTE|[64]
18:29:27.2 (32531480)|STATEMENT_EXECUTE|[65]
18:29:27.2 (32534561)|HEAP_ALLOCATE|[65]|Bytes:4
18:29:27.2 (32544076)|VARIABLE_SCOPE_BEGIN|[65]|l|List<String>|true|false
18:29:27.2 (32559863)|HEAP_ALLOCATE|[EXTERNAL]|Bytes:4
18:29:27.2 (32567082)|VARIABLE_ASSIGNMENT|[65]|l|[]|0x6cba6b03
18:29:27.2 (32572167)|STATEMENT_EXECUTE|[66]
18:29:27.2 (32596330)|HEAP_ALLOCATE|[66]|Bytes:4
18:29:27.2 (32606375)|VARIABLE_SCOPE_BEGIN|[66]|field|String|false|false
18:29:27.2 (32614885)|VARIABLE_ASSIGNMENT|[66]|field|"Name"
18:29:27.2 (32618699)|STATEMENT_EXECUTE|[67]
18:29:27.2 (32693376)|HEAP_ALLOCATE|[67]|Bytes:8
18:29:27.2 (32704336)|HEAP_ALLOCATE|[67]|Bytes:4
18:29:27.2 (32717109)|HEAP_ALLOCATE|[67]|Bytes:4
18:29:27.2 (32726920)|HEAP_ALLOCATE|[EXTERNAL]|Bytes:4
18:29:27.2 (32731943)|STATEMENT_EXECUTE|[68]
18:29:27.2 (32754873)|HEAP_ALLOCATE|[68]|Bytes:8
18:29:27.2 (32775757)|HEAP_ALLOCATE|[68]|Bytes:12
18:29:27.2 (32792015)|HEAP_ALLOCATE|[68]|Bytes:6
18:29:27.2 (32801914)|HEAP_ALLOCATE|[68]|Bytes:12
18:29:27.2 (32808981)|HEAP_ALLOCATE|[EXTERNAL]|Bytes:4
18:29:27.2 (32813588)|STATEMENT_EXECUTE|[69]
18:29:27.2 (32827535)|HEAP_ALLOCATE|[EXTERNAL]|Bytes:4
18:29:27.2 (32841718)|HEAP_ALLOCATE|[64]|Bytes:5
18:29:27.2 (32854340)|VARIABLE_SCOPE_BEGIN|[64]|s1|Schema.SObjectField|true|false
18:29:27.2 (32904411)|VARIABLE_ASSIGNMENT|[64]|s1|"common.apex.runtime.impl.ApexFieldToken@36098f11"|0x36098f11
18:29:27.2 (32912013)|STATEMENT_EXECUTE|[64]
18:29:27.2 (32912940)|STATEMENT_EXECUTE|[65]
18:29:27.2 (32916113)|HEAP_ALLOCATE|[65]|Bytes:4
18:29:27.2 (32925878)|VARIABLE_SCOPE_BEGIN|[65]|l|List<String>|true|false
18:29:27.2 (32942010)|HEAP_ALLOCATE|[EXTERNAL]|Bytes:4
18:29:27.2 (32949138)|VARIABLE_ASSIGNMENT|[65]|l|[]|0x4aa6b8da
18:29:27.2 (32954005)|STATEMENT_EXECUTE|[66]
18:29:27.2 (32978551)|HEAP_ALLOCATE|[66]|Bytes:9
18:29:27.2 (32988980)|VARIABLE_SCOPE_BEGIN|[66]|field|String|false|false
18:29:27.2 (32998181)|VARIABLE_ASSIGNMENT|[66]|field|"IsDeleted"
18:29:27.2 (33002443)|STATEMENT_EXECUTE|[67]
18:29:27.2 (33075606)|HEAP_ALLOCATE|[67]|Bytes:8
18:29:27.2 (33086027)|HEAP_ALLOCATE|[67]|Bytes:9
18:29:27.2 (33098655)|HEAP_ALLOCATE|[67]|Bytes:9
18:29:27.2 (33113226)|HEAP_ALLOCATE|[EXTERNAL]|Bytes:4
18:29:27.2 (33118600)|STATEMENT_EXECUTE|[68]
18:29:27.2 (33140978)|HEAP_ALLOCATE|[68]|Bytes:8
18:29:27.2 (33161685)|HEAP_ALLOCATE|[68]|Bytes:12
18:29:27.2 (33177675)|HEAP_ALLOCATE|[68]|Bytes:7
18:29:27.2 (33188726)|HEAP_ALLOCATE|[68]|Bytes:18
18:29:27.2 (33195319)|HEAP_ALLOCATE|[EXTERNAL]|Bytes:4
18:29:27.2 (33199734)|STATEMENT_EXECUTE|[69]
18:29:27.2 (33213121)|HEAP_ALLOCATE|[EXTERNAL]|Bytes:4
18:29:27.2 (33224794)|HEAP_ALLOCATE|[64]|Bytes:5
18:29:27.2 (33236455)|VARIABLE_SCOPE_BEGIN|[64]|s1|Schema.SObjectField|true|false
18:29:27.2 (33285951)|VARIABLE_ASSIGNMENT|[64]|s1|"common.apex.runtime.impl.ApexFieldToken@687c211d"|0x687c211d
18:29:27.2 (33293372)|STATEMENT_EXECUTE|[64]
18:29:27.2 (33294349)|STATEMENT_EXECUTE|[65]
18:29:27.2 (33297140)|HEAP_ALLOCATE|[65]|Bytes:4
18:29:27.2 (33306848)|VARIABLE_SCOPE_BEGIN|[65]|l|List<String>|true|false
18:29:27.2 (33322844)|HEAP_ALLOCATE|[EXTERNAL]|Bytes:4
18:29:27.2 (33329532)|VARIABLE_ASSIGNMENT|[65]|l|[]|0x1deea9b5
18:29:27.2 (33335416)|STATEMENT_EXECUTE|[66]
18:29:27.2 (33359592)|HEAP_ALLOCATE|[66]|Bytes:14
18:29:27.2 (33370930)|VARIABLE_SCOPE_BEGIN|[66]|field|String|false|false
18:29:27.2 (33379916)|VARIABLE_ASSIGNMENT|[66]|field|"ContractNumber"
18:29:27.2 (33383721)|STATEMENT_EXECUTE|[67]
18:29:27.2 (33462041)|HEAP_ALLOCATE|[67]|Bytes:8
18:29:27.2 (33473580)|HEAP_ALLOCATE|[67]|Bytes:14
18:29:27.2 (33486201)|HEAP_ALLOCATE|[67]|Bytes:14
18:29:27.2 (33497404)|HEAP_ALLOCATE|[EXTERNAL]|Bytes:4
18:29:27.2 (33502549)|STATEMENT_EXECUTE|[68]
18:29:27.2 (33524375)|HEAP_ALLOCATE|[68]|Bytes:8
18:29:27.2 (33545247)|HEAP_ALLOCATE|[68]|Bytes:12
18:29:27.2 (33560280)|HEAP_ALLOCATE|[68]|Bytes:6
18:29:27.2 (33569177)|HEAP_ALLOCATE|[68]|Bytes:22
18:29:27.2 (33574590)|HEAP_ALLOCATE|[EXTERNAL]|Bytes:4
18:29:27.2 (33578882)|STATEMENT_EXECUTE|[69]
18:29:27.2 (33592177)|HEAP_ALLOCATE|[EXTERNAL]|Bytes:4
18:29:27.2 (33603353)|HEAP_ALLOCATE|[64]|Bytes:5
18:29:27.2 (33615250)|VARIABLE_SCOPE_BEGIN|[64]|s1|Schema.SObjectField|true|false
18:29:27.2 (33668831)|VARIABLE_ASSIGNMENT|[64]|s1|"common.apex.runtime.impl.ApexFieldToken@218fbd1c"|0x218fbd1c
18:29:27.2 (33675657)|STATEMENT_EXECUTE|[64]
18:29:27.2 (33676617)|STATEMENT_EXECUTE|[65]
18:29:27.2 (33679731)|HEAP_ALLOCATE|[65]|Bytes:4
18:29:27.2 (33689792)|VARIABLE_SCOPE_BEGIN|[65]|l|List<String>|true|false
18:29:27.2 (33706083)|HEAP_ALLOCATE|[EXTERNAL]|Bytes:4
18:29:27.2 (33713119)|VARIABLE_ASSIGNMENT|[65]|l|[]|0x5662aaed
18:29:27.2 (33718572)|STATEMENT_EXECUTE|[66]
18:29:27.2 (33742593)|HEAP_ALLOCATE|[66]|Bytes:16
18:29:27.2 (33753110)|VARIABLE_SCOPE_BEGIN|[66]|field|String|false|false
18:29:27.2 (33761815)|VARIABLE_ASSIGNMENT|[66]|field|"LastApprovedDate"
18:29:27.2 (33765798)|STATEMENT_EXECUTE|[67]
18:29:27.2 (33832899)|HEAP_ALLOCATE|[67]|Bytes:8
18:29:27.2 (33843594)|HEAP_ALLOCATE|[67]|Bytes:16
18:29:27.2 (33856227)|HEAP_ALLOCATE|[67]|Bytes:16
18:29:27.2 (33865796)|HEAP_ALLOCATE|[EXTERNAL]|Bytes:4
18:29:27.2 (33870355)|STATEMENT_EXECUTE|[68]
18:29:27.2 (33892396)|HEAP_ALLOCATE|[68]|Bytes:8
18:29:27.2 (33913231)|HEAP_ALLOCATE|[68]|Bytes:12
18:29:27.2 (33928461)|HEAP_ALLOCATE|[68]|Bytes:8
18:29:27.2 (33937349)|HEAP_ALLOCATE|[68]|Bytes:26
18:29:27.2 (33942969)|HEAP_ALLOCATE|[EXTERNAL]|Bytes:4
18:29:27.2 (33947039)|STATEMENT_EXECUTE|[69]
18:29:27.2 (33960566)|HEAP_ALLOCATE|[EXTERNAL]|Bytes:4
18:29:27.2 (33971702)|HEAP_ALLOCATE|[64]|Bytes:5
18:29:27.2 (33983407)|VARIABLE_SCOPE_BEGIN|[64]|s1|Schema.SObjectField|true|false
18:29:27.2 (34035361)|VARIABLE_ASSIGNMENT|[64]|s1|"common.apex.runtime.impl.ApexFieldToken@48163b6f"|0x48163b6f
18:29:27.2 (34043279)|STATEMENT_EXECUTE|[64]
18:29:27.2 (34044351)|STATEMENT_EXECUTE|[65]
18:29:27.2 (34047530)|HEAP_ALLOCATE|[65]|Bytes:4
18:29:27.2 (34057578)|VARIABLE_SCOPE_BEGIN|[65]|l|List<String>|true|false
18:29:27.2 (34072990)|HEAP_ALLOCATE|[EXTERNAL]|Bytes:4
18:29:27.2 (34079388)|VARIABLE_ASSIGNMENT|[65]|l|[]|0x1753fc24
18:29:27.2 (34084689)|STATEMENT_EXECUTE|[66]
18:29:27.2 (34112371)|HEAP_ALLOCATE|[66]|Bytes:11
18:29:27.2 (34122902)|VARIABLE_SCOPE_BEGIN|[66]|field|String|false|false
18:29:27.2 (34132788)|VARIABLE_ASSIGNMENT|[66]|field|"CreatedDate"
18:29:27.2 (34136645)|STATEMENT_EXECUTE|[67]
18:29:27.2 (34229072)|HEAP_ALLOCATE|[67]|Bytes:8
18:29:27.2 (34240868)|HEAP_ALLOCATE|[67]|Bytes:11
18:29:27.2 (34253604)|HEAP_ALLOCATE|[67]|Bytes:11
18:29:27.2 (34263765)|HEAP_ALLOCATE|[EXTERNAL]|Bytes:4
18:29:27.2 (34268792)|STATEMENT_EXECUTE|[68]
18:29:27.2 (34291709)|HEAP_ALLOCATE|[68]|Bytes:8
18:29:27.2 (34312376)|HEAP_ALLOCATE|[68]|Bytes:12
18:29:27.2 (34328050)|HEAP_ALLOCATE|[68]|Bytes:8
18:29:27.2 (34337113)|HEAP_ALLOCATE|[68]|Bytes:21
18:29:27.2 (34343575)|HEAP_ALLOCATE|[EXTERNAL]|Bytes:4
18:29:27.2 (34347582)|STATEMENT_EXECUTE|[69]
18:29:27.2 (34361158)|HEAP_ALLOCATE|[EXTERNAL]|Bytes:4
18:29:27.2 (34372417)|HEAP_ALLOCATE|[64]|Bytes:5
18:29:27.2 (34384166)|VARIABLE_SCOPE_BEGIN|[64]|s1|Schema.SObjectField|true|false
18:29:27.2 (34433465)|VARIABLE_ASSIGNMENT|[64]|s1|"common.apex.runtime.impl.ApexFieldToken@329d547b"|0x329d547b
18:29:27.2 (34441054)|STATEMENT_EXECUTE|[64]
18:29:27.2 (34442010)|STATEMENT_EXECUTE|[65]
18:29:27.2 (34444969)|HEAP_ALLOCATE|[65]|Bytes:4
18:29:27.2 (34454035)|VARIABLE_SCOPE_BEGIN|[65]|l|List<String>|true|false
18:29:27.2 (34470565)|HEAP_ALLOCATE|[EXTERNAL]|Bytes:4
18:29:27.2 (34477299)|VARIABLE_ASSIGNMENT|[65]|l|[]|0x67156d4c
18:29:27.2 (34482898)|STATEMENT_EXECUTE|[66]
18:29:27.2 (34506464)|HEAP_ALLOCATE|[66]|Bytes:11
18:29:27.2 (34516556)|VARIABLE_SCOPE_BEGIN|[66]|field|String|false|false
18:29:27.2 (34526107)|VARIABLE_ASSIGNMENT|[66]|field|"CreatedById"
18:29:27.2 (34530376)|STATEMENT_EXECUTE|[67]
18:29:27.2 (34625665)|HEAP_ALLOCATE|[67]|Bytes:8
18:29:27.2 (34637590)|HEAP_ALLOCATE|[67]|Bytes:11
18:29:27.2 (34650141)|HEAP_ALLOCATE|[67]|Bytes:11
18:29:27.2 (34661253)|HEAP_ALLOCATE|[EXTERNAL]|Bytes:4
18:29:27.2 (34666289)|STATEMENT_EXECUTE|[68]
18:29:27.2 (34689373)|HEAP_ALLOCATE|[68]|Bytes:8
18:29:27.2 (34710553)|HEAP_ALLOCATE|[68]|Bytes:12
18:29:27.2 (34728143)|HEAP_ALLOCATE|[68]|Bytes:9
18:29:27.2 (34737257)|HEAP_ALLOCATE|[68]|Bytes:22
18:29:27.2 (34743244)|HEAP_ALLOCATE|[EXTERNAL]|Bytes:4
18:29:27.2 (34748050)|STATEMENT_EXECUTE|[69]
18:29:27.2 (34761989)|HEAP_ALLOCATE|[EXTERNAL]|Bytes:4
18:29:27.2 (34773275)|HEAP_ALLOCATE|[64]|Bytes:5
18:29:27.2 (34786491)|VARIABLE_SCOPE_BEGIN|[64]|s1|Schema.SObjectField|true|false
18:29:27.2 (34837181)|VARIABLE_ASSIGNMENT|[64]|s1|"common.apex.runtime.impl.ApexFieldToken@3be0effc"|0x3be0effc
18:29:27.2 (34844304)|STATEMENT_EXECUTE|[64]
18:29:27.2 (34845800)|STATEMENT_EXECUTE|[65]
18:29:27.2 (34849002)|HEAP_ALLOCATE|[65]|Bytes:4
18:29:27.2 (34858021)|VARIABLE_SCOPE_BEGIN|[65]|l|List<String>|true|false
18:29:27.2 (34873757)|HEAP_ALLOCATE|[EXTERNAL]|Bytes:4
18:29:27.2 (34880676)|VARIABLE_ASSIGNMENT|[65]|l|[]|0x45a3e33a
18:29:27.2 (34886090)|STATEMENT_EXECUTE|[66]
18:29:27.2 (34910512)|HEAP_ALLOCATE|[66]|Bytes:16
18:29:27.2 (34920444)|VARIABLE_SCOPE_BEGIN|[66]|field|String|false|false
18:29:27.2 (34929296)|VARIABLE_ASSIGNMENT|[66]|field|"LastModifiedDate"
18:29:27.2 (34933364)|STATEMENT_EXECUTE|[67]
18:29:27.2 (35017724)|HEAP_ALLOCATE|[67]|Bytes:8
18:29:27.2 (35029764)|HEAP_ALLOCATE|[67]|Bytes:16
18:29:27.2 (35042609)|HEAP_ALLOCATE|[67]|Bytes:16
18:29:27.2 (35052853)|HEAP_ALLOCATE|[EXTERNAL]|Bytes:4
18:29:27.2 (35057648)|STATEMENT_EXECUTE|[68]
18:29:27.2 (35080068)|HEAP_ALLOCATE|[68]|Bytes:8
18:29:27.2 (35100629)|HEAP_ALLOCATE|[68]|Bytes:12
18:29:27.2 (35121131)|HEAP_ALLOCATE|[68]|Bytes:8
18:29:27.2 (35130212)|HEAP_ALLOCATE|[68]|Bytes:26
18:29:27.2 (35136415)|HEAP_ALLOCATE|[EXTERNAL]|Bytes:4
18:29:27.2 (35141064)|STATEMENT_EXECUTE|[69]
18:29:27.2 (35155171)|HEAP_ALLOCATE|[EXTERNAL]|Bytes:4
18:29:27.2 (35166093)|HEAP_ALLOCATE|[64]|Bytes:5
18:29:27.2 (35178798)|VARIABLE_SCOPE_BEGIN|[64]|s1|Schema.SObjectField|true|false
18:29:27.2 (35229743)|VARIABLE_ASSIGNMENT|[64]|s1|"common.apex.runtime.impl.ApexFieldToken@675bd2c1"|0x675bd2c1
18:29:27.2 (35236761)|STATEMENT_EXECUTE|[64]
18:29:27.2 (35237747)|STATEMENT_EXECUTE|[65]
18:29:27.2 (35240829)|HEAP_ALLOCATE|[65]|Bytes:4
18:29:27.2 (35250766)|VARIABLE_SCOPE_BEGIN|[65]|l|List<String>|true|false
18:29:27.2 (35267759)|HEAP_ALLOCATE|[EXTERNAL]|Bytes:4
18:29:27.2 (35274500)|VARIABLE_ASSIGNMENT|[65]|l|[]|0x4679e37c
18:29:27.2 (35279903)|STATEMENT_EXECUTE|[66]
18:29:27.2 (35303737)|HEAP_ALLOCATE|[66]|Bytes:16
18:29:27.2 (35313684)|VARIABLE_SCOPE_BEGIN|[66]|field|String|false|false
18:29:27.2 (35322887)|VARIABLE_ASSIGNMENT|[66]|field|"LastModifiedById"
18:29:27.2 (35326434)|STATEMENT_EXECUTE|[67]
18:29:27.2 (35421759)|HEAP_ALLOCATE|[67]|Bytes:8
18:29:27.2 (35436026)|HEAP_ALLOCATE|[67]|Bytes:16
18:29:27.2 (35449549)|HEAP_ALLOCATE|[67]|Bytes:16
18:29:27.2 (35459652)|HEAP_ALLOCATE|[EXTERNAL]|Bytes:4
18:29:27.2 (35464623)|STATEMENT_EXECUTE|[68]
18:29:27.2 (35487860)|HEAP_ALLOCATE|[68]|Bytes:8
18:29:27.2 (35511132)|HEAP_ALLOCATE|[68]|Bytes:12
18:29:27.2 (35531177)|HEAP_ALLOCATE|[68]|Bytes:9
18:29:27.2 (35541041)|HEAP_ALLOCATE|[68]|Bytes:27
18:29:27.2 (35546924)|HEAP_ALLOCATE|[EXTERNAL]|Bytes:4
18:29:27.2 (35551120)|STATEMENT_EXECUTE|[69]
18:29:27.2 (35564828)|HEAP_ALLOCATE|[EXTERNAL]|Bytes:4
18:29:27.2 (35576559)|HEAP_ALLOCATE|[64]|Bytes:5
18:29:27.2 (35594160)|VARIABLE_SCOPE_BEGIN|[64]|s1|Schema.SObjectField|true|false
18:29:27.2 (35645283)|VARIABLE_ASSIGNMENT|[64]|s1|"common.apex.runtime.impl.ApexFieldToken@1eef4006"|0x1eef4006
18:29:27.2 (35652497)|STATEMENT_EXECUTE|[64]
18:29:27.2 (35653527)|STATEMENT_EXECUTE|[65]
18:29:27.2 (35656759)|HEAP_ALLOCATE|[65]|Bytes:4
18:29:27.2 (35666724)|VARIABLE_SCOPE_BEGIN|[65]|l|List<String>|true|false
18:29:27.2 (35683683)|HEAP_ALLOCATE|[EXTERNAL]|Bytes:4
18:29:27.2 (35690403)|VARIABLE_ASSIGNMENT|[65]|l|[]|0x1c05dc68
18:29:27.2 (35695290)|STATEMENT_EXECUTE|[66]
18:29:27.2 (35719702)|HEAP_ALLOCATE|[66]|Bytes:14
18:29:27.2 (35729746)|VARIABLE_SCOPE_BEGIN|[66]|field|String|false|false
18:29:27.2 (35738844)|VARIABLE_ASSIGNMENT|[66]|field|"SystemModstamp"
18:29:27.2 (35742618)|STATEMENT_EXECUTE|[67]
18:29:27.2 (35813911)|HEAP_ALLOCATE|[67]|Bytes:8
18:29:27.2 (35824535)|HEAP_ALLOCATE|[67]|Bytes:14
18:29:27.2 (35839824)|HEAP_ALLOCATE|[67]|Bytes:14
18:29:27.2 (35850597)|HEAP_ALLOCATE|[EXTERNAL]|Bytes:4
18:29:27.2 (35855418)|STATEMENT_EXECUTE|[68]
18:29:27.2 (35878294)|HEAP_ALLOCATE|[68]|Bytes:8
18:29:27.2 (35898798)|HEAP_ALLOCATE|[68]|Bytes:12
18:29:27.2 (35914696)|HEAP_ALLOCATE|[68]|Bytes:8
18:29:27.2 (35924457)|HEAP_ALLOCATE|[68]|Bytes:24
18:29:27.2 (35930047)|HEAP_ALLOCATE|[EXTERNAL]|Bytes:4
18:29:27.2 (35934808)|STATEMENT_EXECUTE|[69]
18:29:27.2 (35948379)|HEAP_ALLOCATE|[EXTERNAL]|Bytes:4
18:29:27.2 (35959506)|HEAP_ALLOCATE|[64]|Bytes:5
18:29:27.2 (35971353)|VARIABLE_SCOPE_BEGIN|[64]|s1|Schema.SObjectField|true|false
18:29:27.2 (36021704)|VARIABLE_ASSIGNMENT|[64]|s1|"common.apex.runtime.impl.ApexFieldToken@4609e12c"|0x4609e12c
18:29:27.2 (36029439)|STATEMENT_EXECUTE|[64]
18:29:27.2 (36030446)|STATEMENT_EXECUTE|[65]
18:29:27.2 (36033688)|HEAP_ALLOCATE|[65]|Bytes:4
18:29:27.2 (36043278)|VARIABLE_SCOPE_BEGIN|[65]|l|List<String>|true|false
18:29:27.2 (36059659)|HEAP_ALLOCATE|[EXTERNAL]|Bytes:4
18:29:27.2 (36066374)|VARIABLE_ASSIGNMENT|[65]|l|[]|0x5c84685
18:29:27.2 (36071632)|STATEMENT_EXECUTE|[66]
18:29:27.2 (36095265)|HEAP_ALLOCATE|[66]|Bytes:16
18:29:27.2 (36111044)|VARIABLE_SCOPE_BEGIN|[66]|field|String|false|false
18:29:27.2 (36121457)|VARIABLE_ASSIGNMENT|[66]|field|"LastActivityDate"
18:29:27.2 (36125195)|STATEMENT_EXECUTE|[67]
18:29:27.2 (36202908)|HEAP_ALLOCATE|[67]|Bytes:8
18:29:27.2 (36214692)|HEAP_ALLOCATE|[67]|Bytes:16
18:29:27.2 (36227028)|HEAP_ALLOCATE|[67]|Bytes:16
18:29:27.2 (36237390)|HEAP_ALLOCATE|[EXTERNAL]|Bytes:4
18:29:27.2 (36242635)|STATEMENT_EXECUTE|[68]
18:29:27.2 (36266181)|HEAP_ALLOCATE|[68]|Bytes:8
18:29:27.2 (36288171)|HEAP_ALLOCATE|[68]|Bytes:12
18:29:27.2 (36304286)|HEAP_ALLOCATE|[68]|Bytes:4
18:29:27.2 (36313641)|HEAP_ALLOCATE|[68]|Bytes:22
18:29:27.2 (36319484)|HEAP_ALLOCATE|[EXTERNAL]|Bytes:4
18:29:27.2 (36323849)|STATEMENT_EXECUTE|[69]
18:29:27.2 (36337442)|HEAP_ALLOCATE|[EXTERNAL]|Bytes:4
18:29:27.2 (36348326)|HEAP_ALLOCATE|[64]|Bytes:5
18:29:27.2 (36361230)|VARIABLE_SCOPE_BEGIN|[64]|s1|Schema.SObjectField|true|false
18:29:27.2 (36410960)|VARIABLE_ASSIGNMENT|[64]|s1|"common.apex.runtime.impl.ApexFieldToken@7aaa791e"|0x7aaa791e
18:29:27.2 (36418371)|STATEMENT_EXECUTE|[64]
18:29:27.2 (36419324)|STATEMENT_EXECUTE|[65]
18:29:27.2 (36422530)|HEAP_ALLOCATE|[65]|Bytes:4
18:29:27.2 (36432295)|VARIABLE_SCOPE_BEGIN|[65]|l|List<String>|true|false
18:29:27.2 (36449875)|HEAP_ALLOCATE|[EXTERNAL]|Bytes:4
18:29:27.2 (36456805)|VARIABLE_ASSIGNMENT|[65]|l|[]|0x3da80a66
18:29:27.2 (36461657)|STATEMENT_EXECUTE|[66]
18:29:27.2 (36487930)|HEAP_ALLOCATE|[66]|Bytes:14
18:29:27.2 (36498761)|VARIABLE_SCOPE_BEGIN|[66]|field|String|false|false
18:29:27.2 (36507912)|VARIABLE_ASSIGNMENT|[66]|field|"LastViewedDate"
18:29:27.2 (36512294)|STATEMENT_EXECUTE|[67]
18:29:27.2 (36582390)|HEAP_ALLOCATE|[67]|Bytes:8
18:29:27.2 (36593014)|HEAP_ALLOCATE|[67]|Bytes:14
18:29:27.2 (36605336)|HEAP_ALLOCATE|[67]|Bytes:14
18:29:27.2 (36615856)|HEAP_ALLOCATE|[EXTERNAL]|Bytes:4
18:29:27.2 (36620797)|STATEMENT_EXECUTE|[68]
18:29:27.2 (36644145)|HEAP_ALLOCATE|[68]|Bytes:8
18:29:27.2 (36664296)|HEAP_ALLOCATE|[68]|Bytes:12
18:29:27.2 (36679752)|HEAP_ALLOCATE|[68]|Bytes:8
18:29:27.2 (36688729)|HEAP_ALLOCATE|[68]|Bytes:24
18:29:27.2 (36694498)|HEAP_ALLOCATE|[EXTERNAL]|Bytes:4
18:29:27.2 (36699456)|STATEMENT_EXECUTE|[69]
18:29:27.2 (36713953)|HEAP_ALLOCATE|[EXTERNAL]|Bytes:4
18:29:27.2 (36724589)|HEAP_ALLOCATE|[64]|Bytes:5
18:29:27.2 (36735705)|VARIABLE_SCOPE_BEGIN|[64]|s1|Schema.SObjectField|true|false
18:29:27.2 (36788703)|VARIABLE_ASSIGNMENT|[64]|s1|"common.apex.runtime.impl.ApexFieldToken@435e6150"|0x435e6150
18:29:27.2 (36796922)|STATEMENT_EXECUTE|[64]
18:29:27.2 (36797924)|STATEMENT_EXECUTE|[65]
18:29:27.2 (36801209)|HEAP_ALLOCATE|[65]|Bytes:4
18:29:27.2 (36810750)|VARIABLE_SCOPE_BEGIN|[65]|l|List<String>|true|false
18:29:27.2 (36826763)|HEAP_ALLOCATE|[EXTERNAL]|Bytes:4
18:29:27.2 (36833688)|VARIABLE_ASSIGNMENT|[65]|l|[]|0x4e8eb685
18:29:27.2 (36839005)|STATEMENT_EXECUTE|[66]
18:29:27.2 (36863101)|HEAP_ALLOCATE|[66]|Bytes:18
18:29:27.2 (36873332)|VARIABLE_SCOPE_BEGIN|[66]|field|String|false|false
18:29:27.2 (36882587)|VARIABLE_ASSIGNMENT|[66]|field|"LastReferencedDate"
18:29:27.2 (36887186)|STATEMENT_EXECUTE|[67]
18:29:27.2 (36955168)|HEAP_ALLOCATE|[67]|Bytes:8
18:29:27.2 (36965671)|HEAP_ALLOCATE|[67]|Bytes:18
18:29:27.2 (36977620)|HEAP_ALLOCATE|[67]|Bytes:18
18:29:27.2 (36987952)|HEAP_ALLOCATE|[EXTERNAL]|Bytes:4
18:29:27.2 (36992612)|STATEMENT_EXECUTE|[68]
18:29:27.2 (37014466)|HEAP_ALLOCATE|[68]|Bytes:8
18:29:27.2 (37034981)|HEAP_ALLOCATE|[68]|Bytes:12
18:29:27.2 (37050705)|HEAP_ALLOCATE|[68]|Bytes:8
18:29:27.2 (37059180)|HEAP_ALLOCATE|[68]|Bytes:28
18:29:27.2 (37065272)|HEAP_ALLOCATE|[EXTERNAL]|Bytes:4
18:29:27.2 (37070028)|STATEMENT_EXECUTE|[69]
18:29:27.2 (37083414)|HEAP_ALLOCATE|[EXTERNAL]|Bytes:4
18:29:27.2 (37094293)|HEAP_ALLOCATE|[64]|Bytes:5
18:29:27.2 (37109321)|VARIABLE_ASSIGNMENT|[64]|s1|null|
18:29:27.2 (37114392)|STATEMENT_EXECUTE|[72]
18:29:27.2 (37122345)|SYSTEM_MODE_EXIT|false
18:29:27.37 (37147926)|CUMULATIVE_LIMIT_USAGE
18:29:27.37 (37147926)|LIMIT_USAGE_FOR_NS|(default)|
  Number of SOQL queries: 0 out of 100
  Number of query rows: 0 out of 50000
  Number of SOSL queries: 0 out of 20
  Number of DML statements: 0 out of 150
  Number of DML rows: 0 out of 10000
  Maximum CPU time: 0 out of 10000
  Maximum heap size: 0 out of 6000000
  Number of callouts: 0 out of 100
  Number of Email Invocations: 0 out of 10
  Number of future calls: 0 out of 50
  Number of queueable jobs added to the queue: 0 out of 50
  Number of Mobile Apex push calls: 0 out of 10

18:29:27.37 (37147926)|CUMULATIVE_LIMIT_USAGE_END

18:29:27.2 (37180284)|CODE_UNIT_FINISHED|AdhocLightningScheduler.getObjFields
18:29:27.2 (38299369)|EXECUTION_FINISHED
